ARM GAS  /var/folders/w9/l2kswtfn3fs2kslkvv5vg9sh0000gn/T//cc1FNn87.s 			page 1


   1              		.cpu cortex-m4
   2              		.arch armv7e-m
   3              		.fpu fpv4-sp-d16
   4              		.eabi_attribute 27, 1
   5              		.eabi_attribute 28, 1
   6              		.eabi_attribute 20, 1
   7              		.eabi_attribute 21, 1
   8              		.eabi_attribute 23, 3
   9              		.eabi_attribute 24, 1
  10              		.eabi_attribute 25, 1
  11              		.eabi_attribute 26, 1
  12              		.eabi_attribute 30, 1
  13              		.eabi_attribute 34, 1
  14              		.eabi_attribute 18, 4
  15              		.file	"BMI088driver.c"
  16              		.text
  17              	.Ltext0:
  18              		.cfi_sections	.debug_frame
  19              		.file 1 "Core/Src/BMI088driver.c"
  20              		.section	.text.BMI088_write_single_reg,"ax",%progbits
  21              		.align	1
  22              		.syntax unified
  23              		.thumb
  24              		.thumb_func
  26              	BMI088_write_single_reg:
  27              	.LVL0:
  28              	.LFB166:
   1:Core/Src/BMI088driver.c **** #include "headfile.h"
   2:Core/Src/BMI088driver.c **** 
   3:Core/Src/BMI088driver.c **** 
   4:Core/Src/BMI088driver.c **** fp32 BMI088_ACCEL_SEN = BMI088_ACCEL_3G_SEN;
   5:Core/Src/BMI088driver.c **** fp32 BMI088_GYRO_SEN = BMI088_GYRO_2000_SEN;
   6:Core/Src/BMI088driver.c **** 
   7:Core/Src/BMI088driver.c **** 
   8:Core/Src/BMI088driver.c **** 
   9:Core/Src/BMI088driver.c **** #if defined(BMI088_USE_SPI)
  10:Core/Src/BMI088driver.c **** 
  11:Core/Src/BMI088driver.c **** #define BMI088_accel_write_single_reg(reg, data) \
  12:Core/Src/BMI088driver.c ****     {                                            \
  13:Core/Src/BMI088driver.c ****         BMI088_ACCEL_NS_L();                     \
  14:Core/Src/BMI088driver.c ****         BMI088_write_single_reg((reg), (data));  \
  15:Core/Src/BMI088driver.c ****         BMI088_ACCEL_NS_H();                     \
  16:Core/Src/BMI088driver.c ****     }
  17:Core/Src/BMI088driver.c **** #define BMI088_accel_read_single_reg(reg, data) \
  18:Core/Src/BMI088driver.c ****     {                                           \
  19:Core/Src/BMI088driver.c ****         BMI088_ACCEL_NS_L();                    \
  20:Core/Src/BMI088driver.c ****         BMI088_read_write_byte((reg) | 0x80);   \
  21:Core/Src/BMI088driver.c ****         BMI088_read_write_byte(0x55);           \
  22:Core/Src/BMI088driver.c ****         (data) = BMI088_read_write_byte(0x55);  \
  23:Core/Src/BMI088driver.c ****         BMI088_ACCEL_NS_H();                    \
  24:Core/Src/BMI088driver.c ****     }
  25:Core/Src/BMI088driver.c **** //#define BMI088_accel_write_muli_reg( reg,  data, len) { BMI088_ACCEL_NS_L(); BMI088_write_muli_re
  26:Core/Src/BMI088driver.c **** #define BMI088_accel_read_muli_reg(reg, data, len) \
  27:Core/Src/BMI088driver.c ****     {                                              \
  28:Core/Src/BMI088driver.c ****         BMI088_ACCEL_NS_L();                       \
  29:Core/Src/BMI088driver.c ****         BMI088_read_write_byte((reg) | 0x80);      \
  30:Core/Src/BMI088driver.c ****         BMI088_read_muli_reg(reg, data, len);      \
ARM GAS  /var/folders/w9/l2kswtfn3fs2kslkvv5vg9sh0000gn/T//cc1FNn87.s 			page 2


  31:Core/Src/BMI088driver.c ****         BMI088_ACCEL_NS_H();                       \
  32:Core/Src/BMI088driver.c ****     }
  33:Core/Src/BMI088driver.c **** 
  34:Core/Src/BMI088driver.c **** #define BMI088_gyro_write_single_reg(reg, data) \
  35:Core/Src/BMI088driver.c ****     {                                           \
  36:Core/Src/BMI088driver.c ****         BMI088_GYRO_NS_L();                     \
  37:Core/Src/BMI088driver.c ****         BMI088_write_single_reg((reg), (data)); \
  38:Core/Src/BMI088driver.c ****         BMI088_GYRO_NS_H();                     \
  39:Core/Src/BMI088driver.c ****     }
  40:Core/Src/BMI088driver.c **** #define BMI088_gyro_read_single_reg(reg, data)  \
  41:Core/Src/BMI088driver.c ****     {                                           \
  42:Core/Src/BMI088driver.c ****         BMI088_GYRO_NS_L();                     \
  43:Core/Src/BMI088driver.c ****         BMI088_read_single_reg((reg), &(data)); \
  44:Core/Src/BMI088driver.c ****         BMI088_GYRO_NS_H();                     \
  45:Core/Src/BMI088driver.c ****     }
  46:Core/Src/BMI088driver.c **** //#define BMI088_gyro_write_muli_reg( reg,  data, len) { BMI088_GYRO_NS_L(); BMI088_write_muli_reg(
  47:Core/Src/BMI088driver.c **** #define BMI088_gyro_read_muli_reg(reg, data, len)   \
  48:Core/Src/BMI088driver.c ****     {                                               \
  49:Core/Src/BMI088driver.c ****         BMI088_GYRO_NS_L();                         \
  50:Core/Src/BMI088driver.c ****         BMI088_read_muli_reg((reg), (data), (len)); \
  51:Core/Src/BMI088driver.c ****         BMI088_GYRO_NS_H();                         \
  52:Core/Src/BMI088driver.c ****     }
  53:Core/Src/BMI088driver.c **** 
  54:Core/Src/BMI088driver.c **** static void BMI088_write_single_reg(uint8_t reg, uint8_t data);
  55:Core/Src/BMI088driver.c **** static void BMI088_read_single_reg(uint8_t reg, uint8_t *return_data);
  56:Core/Src/BMI088driver.c **** //static void BMI088_write_muli_reg(uint8_t reg, uint8_t* buf, uint8_t len );
  57:Core/Src/BMI088driver.c **** static void BMI088_read_muli_reg(uint8_t reg, uint8_t *buf, uint8_t len);
  58:Core/Src/BMI088driver.c **** 
  59:Core/Src/BMI088driver.c **** #elif defined(BMI088_USE_IIC)
  60:Core/Src/BMI088driver.c **** 
  61:Core/Src/BMI088driver.c **** 
  62:Core/Src/BMI088driver.c **** #endif
  63:Core/Src/BMI088driver.c **** 
  64:Core/Src/BMI088driver.c **** static uint8_t write_BMI088_accel_reg_data_error[BMI088_WRITE_ACCEL_REG_NUM][3] =
  65:Core/Src/BMI088driver.c ****     {
  66:Core/Src/BMI088driver.c ****         {BMI088_ACC_PWR_CTRL, BMI088_ACC_ENABLE_ACC_ON, BMI088_ACC_PWR_CTRL_ERROR},
  67:Core/Src/BMI088driver.c ****         {BMI088_ACC_PWR_CONF, BMI088_ACC_PWR_ACTIVE_MODE, BMI088_ACC_PWR_CONF_ERROR},
  68:Core/Src/BMI088driver.c ****         {BMI088_ACC_CONF,  BMI088_ACC_NORMAL| BMI088_ACC_800_HZ | BMI088_ACC_CONF_MUST_Set, BMI088_
  69:Core/Src/BMI088driver.c ****         {BMI088_ACC_RANGE, BMI088_ACC_RANGE_3G, BMI088_ACC_RANGE_ERROR},
  70:Core/Src/BMI088driver.c ****         {BMI088_INT1_IO_CTRL, BMI088_ACC_INT1_IO_ENABLE | BMI088_ACC_INT1_GPIO_PP | BMI088_ACC_INT1
  71:Core/Src/BMI088driver.c ****         {BMI088_INT_MAP_DATA, BMI088_ACC_INT1_DRDY_INTERRUPT, BMI088_INT_MAP_DATA_ERROR}
  72:Core/Src/BMI088driver.c **** 
  73:Core/Src/BMI088driver.c **** };
  74:Core/Src/BMI088driver.c **** 
  75:Core/Src/BMI088driver.c **** static uint8_t write_BMI088_gyro_reg_data_error[BMI088_WRITE_GYRO_REG_NUM][3] =
  76:Core/Src/BMI088driver.c ****     {
  77:Core/Src/BMI088driver.c ****         {BMI088_GYRO_RANGE, BMI088_GYRO_2000, BMI088_GYRO_RANGE_ERROR},
  78:Core/Src/BMI088driver.c ****         {BMI088_GYRO_BANDWIDTH, BMI088_GYRO_1000_116_HZ | BMI088_GYRO_BANDWIDTH_MUST_Set, BMI088_GY
  79:Core/Src/BMI088driver.c ****         {BMI088_GYRO_LPM1, BMI088_GYRO_NORMAL_MODE, BMI088_GYRO_LPM1_ERROR},
  80:Core/Src/BMI088driver.c ****         {BMI088_GYRO_CTRL, BMI088_DRDY_ON, BMI088_GYRO_CTRL_ERROR},
  81:Core/Src/BMI088driver.c ****         {BMI088_GYRO_INT3_INT4_IO_CONF, BMI088_GYRO_INT3_GPIO_PP | BMI088_GYRO_INT3_GPIO_LOW, BMI08
  82:Core/Src/BMI088driver.c ****         {BMI088_GYRO_INT3_INT4_IO_MAP, BMI088_GYRO_DRDY_IO_INT3, BMI088_GYRO_INT3_INT4_IO_MAP_ERROR
  83:Core/Src/BMI088driver.c **** 
  84:Core/Src/BMI088driver.c **** };
  85:Core/Src/BMI088driver.c **** 
  86:Core/Src/BMI088driver.c **** uint8_t BMI088_init(void)
  87:Core/Src/BMI088driver.c **** {
ARM GAS  /var/folders/w9/l2kswtfn3fs2kslkvv5vg9sh0000gn/T//cc1FNn87.s 			page 3


  88:Core/Src/BMI088driver.c ****     uint8_t error = BMI088_NO_ERROR;
  89:Core/Src/BMI088driver.c ****     // GPIO and SPI  Init .
  90:Core/Src/BMI088driver.c ****     BMI088_GPIO_init();
  91:Core/Src/BMI088driver.c ****     BMI088_com_init();
  92:Core/Src/BMI088driver.c **** 
  93:Core/Src/BMI088driver.c ****     error |= bmi088_accel_init();
  94:Core/Src/BMI088driver.c ****     error |= bmi088_gyro_init();
  95:Core/Src/BMI088driver.c **** 
  96:Core/Src/BMI088driver.c ****     return error;
  97:Core/Src/BMI088driver.c **** }
  98:Core/Src/BMI088driver.c **** 
  99:Core/Src/BMI088driver.c **** bool_t bmi088_accel_init(void)
 100:Core/Src/BMI088driver.c **** {
 101:Core/Src/BMI088driver.c ****     uint8_t res = 0;
 102:Core/Src/BMI088driver.c ****     uint8_t write_reg_num = 0;
 103:Core/Src/BMI088driver.c **** 
 104:Core/Src/BMI088driver.c ****     //check commiunication
 105:Core/Src/BMI088driver.c ****     BMI088_accel_read_single_reg(BMI088_ACC_CHIP_ID, res);
 106:Core/Src/BMI088driver.c ****     BMI088_delay_us(BMI088_COM_WAIT_SENSOR_TIME);
 107:Core/Src/BMI088driver.c ****     BMI088_accel_read_single_reg(BMI088_ACC_CHIP_ID, res);
 108:Core/Src/BMI088driver.c ****     BMI088_delay_us(BMI088_COM_WAIT_SENSOR_TIME);
 109:Core/Src/BMI088driver.c **** 
 110:Core/Src/BMI088driver.c ****     //accel software reset
 111:Core/Src/BMI088driver.c ****     BMI088_accel_write_single_reg(BMI088_ACC_SOFTRESET, BMI088_ACC_SOFTRESET_VALUE);
 112:Core/Src/BMI088driver.c ****     BMI088_delay_ms(BMI088_LONG_DELAY_TIME);
 113:Core/Src/BMI088driver.c **** 
 114:Core/Src/BMI088driver.c ****     //check commiunication is normal after reset
 115:Core/Src/BMI088driver.c ****     BMI088_accel_read_single_reg(BMI088_ACC_CHIP_ID, res);
 116:Core/Src/BMI088driver.c ****     BMI088_delay_us(BMI088_COM_WAIT_SENSOR_TIME);
 117:Core/Src/BMI088driver.c ****     BMI088_accel_read_single_reg(BMI088_ACC_CHIP_ID, res);
 118:Core/Src/BMI088driver.c ****     BMI088_delay_us(BMI088_COM_WAIT_SENSOR_TIME);
 119:Core/Src/BMI088driver.c **** 
 120:Core/Src/BMI088driver.c ****     // check the "who am I"
 121:Core/Src/BMI088driver.c ****     if (res != BMI088_ACC_CHIP_ID_VALUE)
 122:Core/Src/BMI088driver.c ****     {
 123:Core/Src/BMI088driver.c ****         return BMI088_NO_SENSOR;
 124:Core/Src/BMI088driver.c ****     }
 125:Core/Src/BMI088driver.c **** 
 126:Core/Src/BMI088driver.c ****     //set accel sonsor config and check
 127:Core/Src/BMI088driver.c ****     for (write_reg_num = 0; write_reg_num < BMI088_WRITE_ACCEL_REG_NUM; write_reg_num++)
 128:Core/Src/BMI088driver.c ****     {
 129:Core/Src/BMI088driver.c **** 
 130:Core/Src/BMI088driver.c ****         BMI088_accel_write_single_reg(write_BMI088_accel_reg_data_error[write_reg_num][0], write_BM
 131:Core/Src/BMI088driver.c ****         BMI088_delay_us(BMI088_COM_WAIT_SENSOR_TIME);
 132:Core/Src/BMI088driver.c **** 
 133:Core/Src/BMI088driver.c ****         BMI088_accel_read_single_reg(write_BMI088_accel_reg_data_error[write_reg_num][0], res);
 134:Core/Src/BMI088driver.c ****         BMI088_delay_us(BMI088_COM_WAIT_SENSOR_TIME);
 135:Core/Src/BMI088driver.c **** 
 136:Core/Src/BMI088driver.c ****         if (res != write_BMI088_accel_reg_data_error[write_reg_num][1])
 137:Core/Src/BMI088driver.c ****         {
 138:Core/Src/BMI088driver.c ****             return write_BMI088_accel_reg_data_error[write_reg_num][2];
 139:Core/Src/BMI088driver.c ****         }
 140:Core/Src/BMI088driver.c ****     }
 141:Core/Src/BMI088driver.c ****     return BMI088_NO_ERROR;
 142:Core/Src/BMI088driver.c **** }
 143:Core/Src/BMI088driver.c **** 
 144:Core/Src/BMI088driver.c **** bool_t bmi088_gyro_init(void)
ARM GAS  /var/folders/w9/l2kswtfn3fs2kslkvv5vg9sh0000gn/T//cc1FNn87.s 			page 4


 145:Core/Src/BMI088driver.c **** {
 146:Core/Src/BMI088driver.c ****     uint8_t write_reg_num = 0;
 147:Core/Src/BMI088driver.c ****     uint8_t res = 0;
 148:Core/Src/BMI088driver.c **** 
 149:Core/Src/BMI088driver.c ****     //check commiunication
 150:Core/Src/BMI088driver.c ****     BMI088_gyro_read_single_reg(BMI088_GYRO_CHIP_ID, res);
 151:Core/Src/BMI088driver.c ****     BMI088_delay_us(BMI088_COM_WAIT_SENSOR_TIME);
 152:Core/Src/BMI088driver.c ****     BMI088_gyro_read_single_reg(BMI088_GYRO_CHIP_ID, res);
 153:Core/Src/BMI088driver.c ****     BMI088_delay_us(BMI088_COM_WAIT_SENSOR_TIME);
 154:Core/Src/BMI088driver.c **** 
 155:Core/Src/BMI088driver.c ****     //reset the gyro sensor
 156:Core/Src/BMI088driver.c ****     BMI088_gyro_write_single_reg(BMI088_GYRO_SOFTRESET, BMI088_GYRO_SOFTRESET_VALUE);
 157:Core/Src/BMI088driver.c ****     BMI088_delay_ms(BMI088_LONG_DELAY_TIME);
 158:Core/Src/BMI088driver.c ****     //check commiunication is normal after reset
 159:Core/Src/BMI088driver.c ****     BMI088_gyro_read_single_reg(BMI088_GYRO_CHIP_ID, res);
 160:Core/Src/BMI088driver.c ****     BMI088_delay_us(BMI088_COM_WAIT_SENSOR_TIME);
 161:Core/Src/BMI088driver.c ****     BMI088_gyro_read_single_reg(BMI088_GYRO_CHIP_ID, res);
 162:Core/Src/BMI088driver.c ****     BMI088_delay_us(BMI088_COM_WAIT_SENSOR_TIME);
 163:Core/Src/BMI088driver.c **** 
 164:Core/Src/BMI088driver.c ****     // check the "who am I"
 165:Core/Src/BMI088driver.c ****     if (res != BMI088_GYRO_CHIP_ID_VALUE)
 166:Core/Src/BMI088driver.c ****     {
 167:Core/Src/BMI088driver.c ****         return BMI088_NO_SENSOR;
 168:Core/Src/BMI088driver.c ****     }
 169:Core/Src/BMI088driver.c **** 
 170:Core/Src/BMI088driver.c ****     //set gyro sonsor config and check
 171:Core/Src/BMI088driver.c ****     for (write_reg_num = 0; write_reg_num < BMI088_WRITE_GYRO_REG_NUM; write_reg_num++)
 172:Core/Src/BMI088driver.c ****     {
 173:Core/Src/BMI088driver.c **** 
 174:Core/Src/BMI088driver.c ****         BMI088_gyro_write_single_reg(write_BMI088_gyro_reg_data_error[write_reg_num][0], write_BMI0
 175:Core/Src/BMI088driver.c ****         BMI088_delay_us(BMI088_COM_WAIT_SENSOR_TIME);
 176:Core/Src/BMI088driver.c **** 
 177:Core/Src/BMI088driver.c ****         BMI088_gyro_read_single_reg(write_BMI088_gyro_reg_data_error[write_reg_num][0], res);
 178:Core/Src/BMI088driver.c ****         BMI088_delay_us(BMI088_COM_WAIT_SENSOR_TIME);
 179:Core/Src/BMI088driver.c **** 
 180:Core/Src/BMI088driver.c ****         if (res != write_BMI088_gyro_reg_data_error[write_reg_num][1])
 181:Core/Src/BMI088driver.c ****         {
 182:Core/Src/BMI088driver.c ****             return write_BMI088_gyro_reg_data_error[write_reg_num][2];
 183:Core/Src/BMI088driver.c ****         }
 184:Core/Src/BMI088driver.c ****     }
 185:Core/Src/BMI088driver.c **** 
 186:Core/Src/BMI088driver.c ****     return BMI088_NO_ERROR;
 187:Core/Src/BMI088driver.c **** }
 188:Core/Src/BMI088driver.c **** 
 189:Core/Src/BMI088driver.c **** 
 190:Core/Src/BMI088driver.c **** 
 191:Core/Src/BMI088driver.c **** 
 192:Core/Src/BMI088driver.c **** 
 193:Core/Src/BMI088driver.c **** void BMI088_read(fp32 gyro[3], fp32 accel[3], fp32 *temperate)
 194:Core/Src/BMI088driver.c **** {
 195:Core/Src/BMI088driver.c ****     uint8_t buf[8] = {0, 0, 0, 0, 0, 0};
 196:Core/Src/BMI088driver.c ****     int16_t bmi088_raw_temp;
 197:Core/Src/BMI088driver.c **** 
 198:Core/Src/BMI088driver.c ****     BMI088_accel_read_muli_reg(BMI088_ACCEL_XOUT_L, buf, 6);
 199:Core/Src/BMI088driver.c **** 
 200:Core/Src/BMI088driver.c ****     bmi088_raw_temp = (int16_t)((buf[1]) << 8) | buf[0];
 201:Core/Src/BMI088driver.c ****     accel[0] = bmi088_raw_temp * BMI088_ACCEL_SEN;
ARM GAS  /var/folders/w9/l2kswtfn3fs2kslkvv5vg9sh0000gn/T//cc1FNn87.s 			page 5


 202:Core/Src/BMI088driver.c ****     bmi088_raw_temp = (int16_t)((buf[3]) << 8) | buf[2];
 203:Core/Src/BMI088driver.c ****     accel[1] = bmi088_raw_temp * BMI088_ACCEL_SEN;
 204:Core/Src/BMI088driver.c ****     bmi088_raw_temp = (int16_t)((buf[5]) << 8) | buf[4];
 205:Core/Src/BMI088driver.c ****     accel[2] = bmi088_raw_temp * BMI088_ACCEL_SEN;
 206:Core/Src/BMI088driver.c **** 
 207:Core/Src/BMI088driver.c ****     BMI088_gyro_read_muli_reg(BMI088_GYRO_CHIP_ID, buf, 8);
 208:Core/Src/BMI088driver.c ****     if(buf[0] == BMI088_GYRO_CHIP_ID_VALUE)
 209:Core/Src/BMI088driver.c ****     {
 210:Core/Src/BMI088driver.c ****         bmi088_raw_temp = (int16_t)((buf[3]) << 8) | buf[2];
 211:Core/Src/BMI088driver.c ****         gyro[0] = bmi088_raw_temp * BMI088_GYRO_SEN;
 212:Core/Src/BMI088driver.c ****         bmi088_raw_temp = (int16_t)((buf[5]) << 8) | buf[4];
 213:Core/Src/BMI088driver.c ****         gyro[1] = bmi088_raw_temp * BMI088_GYRO_SEN;
 214:Core/Src/BMI088driver.c ****         bmi088_raw_temp = (int16_t)((buf[7]) << 8) | buf[6];
 215:Core/Src/BMI088driver.c ****         gyro[2] = bmi088_raw_temp * BMI088_GYRO_SEN;
 216:Core/Src/BMI088driver.c ****     }
 217:Core/Src/BMI088driver.c ****     BMI088_accel_read_muli_reg(BMI088_TEMP_M, buf, 2);
 218:Core/Src/BMI088driver.c **** 
 219:Core/Src/BMI088driver.c ****     bmi088_raw_temp = (int16_t)((buf[0] << 3) | (buf[1] >> 5));
 220:Core/Src/BMI088driver.c **** 
 221:Core/Src/BMI088driver.c ****     if (bmi088_raw_temp > 1023)
 222:Core/Src/BMI088driver.c ****     {
 223:Core/Src/BMI088driver.c ****         bmi088_raw_temp -= 2048;
 224:Core/Src/BMI088driver.c ****     }
 225:Core/Src/BMI088driver.c **** 
 226:Core/Src/BMI088driver.c ****     *temperate = bmi088_raw_temp * BMI088_TEMP_FACTOR + BMI088_TEMP_OFFSET;
 227:Core/Src/BMI088driver.c **** }
 228:Core/Src/BMI088driver.c **** 
 229:Core/Src/BMI088driver.c **** #if defined(BMI088_USE_SPI)
 230:Core/Src/BMI088driver.c **** 
 231:Core/Src/BMI088driver.c **** static void BMI088_write_single_reg(uint8_t reg, uint8_t data)
 232:Core/Src/BMI088driver.c **** {
  29              		.loc 1 232 1 view -0
  30              		.cfi_startproc
  31              		@ args = 0, pretend = 0, frame = 0
  32              		@ frame_needed = 0, uses_anonymous_args = 0
  33              		.loc 1 232 1 is_stmt 0 view .LVU1
  34 0000 10B5     		push	{r4, lr}
  35              	.LCFI0:
  36              		.cfi_def_cfa_offset 8
  37              		.cfi_offset 4, -8
  38              		.cfi_offset 14, -4
  39 0002 0C46     		mov	r4, r1
 233:Core/Src/BMI088driver.c ****     BMI088_read_write_byte(reg);
  40              		.loc 1 233 5 is_stmt 1 view .LVU2
  41 0004 FFF7FEFF 		bl	BMI088_read_write_byte
  42              	.LVL1:
 234:Core/Src/BMI088driver.c ****     BMI088_read_write_byte(data);
  43              		.loc 1 234 5 view .LVU3
  44 0008 2046     		mov	r0, r4
  45 000a FFF7FEFF 		bl	BMI088_read_write_byte
  46              	.LVL2:
 235:Core/Src/BMI088driver.c **** }
  47              		.loc 1 235 1 is_stmt 0 view .LVU4
  48 000e 10BD     		pop	{r4, pc}
  49              		.loc 1 235 1 view .LVU5
  50              		.cfi_endproc
  51              	.LFE166:
ARM GAS  /var/folders/w9/l2kswtfn3fs2kslkvv5vg9sh0000gn/T//cc1FNn87.s 			page 6


  53              		.section	.text.BMI088_read_single_reg,"ax",%progbits
  54              		.align	1
  55              		.syntax unified
  56              		.thumb
  57              		.thumb_func
  59              	BMI088_read_single_reg:
  60              	.LVL3:
  61              	.LFB167:
 236:Core/Src/BMI088driver.c **** 
 237:Core/Src/BMI088driver.c **** static void BMI088_read_single_reg(uint8_t reg, uint8_t *return_data)
 238:Core/Src/BMI088driver.c **** {
  62              		.loc 1 238 1 is_stmt 1 view -0
  63              		.cfi_startproc
  64              		@ args = 0, pretend = 0, frame = 0
  65              		@ frame_needed = 0, uses_anonymous_args = 0
  66              		.loc 1 238 1 is_stmt 0 view .LVU7
  67 0000 10B5     		push	{r4, lr}
  68              	.LCFI1:
  69              		.cfi_def_cfa_offset 8
  70              		.cfi_offset 4, -8
  71              		.cfi_offset 14, -4
  72 0002 0C46     		mov	r4, r1
 239:Core/Src/BMI088driver.c ****     BMI088_read_write_byte(reg | 0x80);
  73              		.loc 1 239 5 is_stmt 1 view .LVU8
  74 0004 40F08000 		orr	r0, r0, #128
  75              	.LVL4:
  76              		.loc 1 239 5 is_stmt 0 view .LVU9
  77 0008 FFF7FEFF 		bl	BMI088_read_write_byte
  78              	.LVL5:
 240:Core/Src/BMI088driver.c ****     *return_data = BMI088_read_write_byte(0x55);
  79              		.loc 1 240 5 is_stmt 1 view .LVU10
  80              		.loc 1 240 20 is_stmt 0 view .LVU11
  81 000c 5520     		movs	r0, #85
  82 000e FFF7FEFF 		bl	BMI088_read_write_byte
  83              	.LVL6:
  84              		.loc 1 240 18 discriminator 1 view .LVU12
  85 0012 2070     		strb	r0, [r4]
 241:Core/Src/BMI088driver.c **** }
  86              		.loc 1 241 1 view .LVU13
  87 0014 10BD     		pop	{r4, pc}
  88              		.loc 1 241 1 view .LVU14
  89              		.cfi_endproc
  90              	.LFE167:
  92              		.section	.text.BMI088_read_muli_reg,"ax",%progbits
  93              		.align	1
  94              		.syntax unified
  95              		.thumb
  96              		.thumb_func
  98              	BMI088_read_muli_reg:
  99              	.LVL7:
 100              	.LFB168:
 242:Core/Src/BMI088driver.c **** 
 243:Core/Src/BMI088driver.c **** //static void BMI088_write_muli_reg(uint8_t reg, uint8_t* buf, uint8_t len )
 244:Core/Src/BMI088driver.c **** //{
 245:Core/Src/BMI088driver.c **** //    BMI088_read_write_byte( reg );
 246:Core/Src/BMI088driver.c **** //    while( len != 0 )
 247:Core/Src/BMI088driver.c **** //    {
ARM GAS  /var/folders/w9/l2kswtfn3fs2kslkvv5vg9sh0000gn/T//cc1FNn87.s 			page 7


 248:Core/Src/BMI088driver.c **** 
 249:Core/Src/BMI088driver.c **** //        BMI088_read_write_byte( *buf );
 250:Core/Src/BMI088driver.c **** //        buf ++;
 251:Core/Src/BMI088driver.c **** //        len --;
 252:Core/Src/BMI088driver.c **** //    }
 253:Core/Src/BMI088driver.c **** 
 254:Core/Src/BMI088driver.c **** //}
 255:Core/Src/BMI088driver.c **** 
 256:Core/Src/BMI088driver.c **** static void BMI088_read_muli_reg(uint8_t reg, uint8_t *buf, uint8_t len)
 257:Core/Src/BMI088driver.c **** {
 101              		.loc 1 257 1 is_stmt 1 view -0
 102              		.cfi_startproc
 103              		@ args = 0, pretend = 0, frame = 0
 104              		@ frame_needed = 0, uses_anonymous_args = 0
 105              		.loc 1 257 1 is_stmt 0 view .LVU16
 106 0000 38B5     		push	{r3, r4, r5, lr}
 107              	.LCFI2:
 108              		.cfi_def_cfa_offset 16
 109              		.cfi_offset 3, -16
 110              		.cfi_offset 4, -12
 111              		.cfi_offset 5, -8
 112              		.cfi_offset 14, -4
 113 0002 0D46     		mov	r5, r1
 114 0004 1446     		mov	r4, r2
 258:Core/Src/BMI088driver.c ****     BMI088_read_write_byte(reg | 0x80);
 115              		.loc 1 258 5 is_stmt 1 view .LVU17
 116 0006 40F08000 		orr	r0, r0, #128
 117              	.LVL8:
 118              		.loc 1 258 5 is_stmt 0 view .LVU18
 119 000a FFF7FEFF 		bl	BMI088_read_write_byte
 120              	.LVL9:
 259:Core/Src/BMI088driver.c **** 
 260:Core/Src/BMI088driver.c ****     while (len != 0)
 121              		.loc 1 260 5 is_stmt 1 view .LVU19
 122              		.loc 1 260 11 is_stmt 0 view .LVU20
 123 000e 06E0     		b	.L6
 124              	.L7:
 261:Core/Src/BMI088driver.c ****     {
 262:Core/Src/BMI088driver.c **** 
 263:Core/Src/BMI088driver.c ****         *buf = BMI088_read_write_byte(0x55);
 125              		.loc 1 263 9 is_stmt 1 view .LVU21
 126              		.loc 1 263 16 is_stmt 0 view .LVU22
 127 0010 5520     		movs	r0, #85
 128 0012 FFF7FEFF 		bl	BMI088_read_write_byte
 129              	.LVL10:
 130              		.loc 1 263 14 discriminator 1 view .LVU23
 131 0016 05F8010B 		strb	r0, [r5], #1
 132              	.LVL11:
 264:Core/Src/BMI088driver.c ****         buf++;
 133              		.loc 1 264 9 is_stmt 1 view .LVU24
 265:Core/Src/BMI088driver.c ****         len--;
 134              		.loc 1 265 9 view .LVU25
 135              		.loc 1 265 12 is_stmt 0 view .LVU26
 136 001a 013C     		subs	r4, r4, #1
 137              	.LVL12:
 138              		.loc 1 265 12 view .LVU27
 139 001c E4B2     		uxtb	r4, r4
ARM GAS  /var/folders/w9/l2kswtfn3fs2kslkvv5vg9sh0000gn/T//cc1FNn87.s 			page 8


 140              	.LVL13:
 141              	.L6:
 260:Core/Src/BMI088driver.c ****     {
 142              		.loc 1 260 16 is_stmt 1 view .LVU28
 143 001e 002C     		cmp	r4, #0
 144 0020 F6D1     		bne	.L7
 266:Core/Src/BMI088driver.c ****     }
 267:Core/Src/BMI088driver.c **** }
 145              		.loc 1 267 1 is_stmt 0 view .LVU29
 146 0022 38BD     		pop	{r3, r4, r5, pc}
 147              		.loc 1 267 1 view .LVU30
 148              		.cfi_endproc
 149              	.LFE168:
 151              		.section	.text.bmi088_accel_init,"ax",%progbits
 152              		.align	1
 153              		.global	bmi088_accel_init
 154              		.syntax unified
 155              		.thumb
 156              		.thumb_func
 158              	bmi088_accel_init:
 159              	.LFB163:
 100:Core/Src/BMI088driver.c ****     uint8_t res = 0;
 160              		.loc 1 100 1 is_stmt 1 view -0
 161              		.cfi_startproc
 162              		@ args = 0, pretend = 0, frame = 0
 163              		@ frame_needed = 0, uses_anonymous_args = 0
 164 0000 70B5     		push	{r4, r5, r6, lr}
 165              	.LCFI3:
 166              		.cfi_def_cfa_offset 16
 167              		.cfi_offset 4, -16
 168              		.cfi_offset 5, -12
 169              		.cfi_offset 6, -8
 170              		.cfi_offset 14, -4
 101:Core/Src/BMI088driver.c ****     uint8_t write_reg_num = 0;
 171              		.loc 1 101 5 view .LVU32
 172              	.LVL14:
 102:Core/Src/BMI088driver.c **** 
 173              		.loc 1 102 5 view .LVU33
 105:Core/Src/BMI088driver.c ****     BMI088_delay_us(BMI088_COM_WAIT_SENSOR_TIME);
 174              		.loc 1 105 5 view .LVU34
 175 0002 FFF7FEFF 		bl	BMI088_ACCEL_NS_L
 176              	.LVL15:
 105:Core/Src/BMI088driver.c ****     BMI088_delay_us(BMI088_COM_WAIT_SENSOR_TIME);
 177              		.loc 1 105 5 discriminator 1 view .LVU35
 178 0006 8020     		movs	r0, #128
 179 0008 FFF7FEFF 		bl	BMI088_read_write_byte
 180              	.LVL16:
 105:Core/Src/BMI088driver.c ****     BMI088_delay_us(BMI088_COM_WAIT_SENSOR_TIME);
 181              		.loc 1 105 5 discriminator 2 view .LVU36
 182 000c 5520     		movs	r0, #85
 183 000e FFF7FEFF 		bl	BMI088_read_write_byte
 184              	.LVL17:
 105:Core/Src/BMI088driver.c ****     BMI088_delay_us(BMI088_COM_WAIT_SENSOR_TIME);
 185              		.loc 1 105 5 discriminator 3 view .LVU37
 186 0012 5520     		movs	r0, #85
 187 0014 FFF7FEFF 		bl	BMI088_read_write_byte
 188              	.LVL18:
ARM GAS  /var/folders/w9/l2kswtfn3fs2kslkvv5vg9sh0000gn/T//cc1FNn87.s 			page 9


 105:Core/Src/BMI088driver.c ****     BMI088_delay_us(BMI088_COM_WAIT_SENSOR_TIME);
 189              		.loc 1 105 5 discriminator 4 view .LVU38
 190 0018 FFF7FEFF 		bl	BMI088_ACCEL_NS_H
 191              	.LVL19:
 105:Core/Src/BMI088driver.c ****     BMI088_delay_us(BMI088_COM_WAIT_SENSOR_TIME);
 192              		.loc 1 105 58 discriminator 5 view .LVU39
 106:Core/Src/BMI088driver.c ****     BMI088_accel_read_single_reg(BMI088_ACC_CHIP_ID, res);
 193              		.loc 1 106 5 view .LVU40
 194 001c 9620     		movs	r0, #150
 195 001e FFF7FEFF 		bl	BMI088_delay_us
 196              	.LVL20:
 107:Core/Src/BMI088driver.c ****     BMI088_delay_us(BMI088_COM_WAIT_SENSOR_TIME);
 197              		.loc 1 107 5 view .LVU41
 198 0022 FFF7FEFF 		bl	BMI088_ACCEL_NS_L
 199              	.LVL21:
 107:Core/Src/BMI088driver.c ****     BMI088_delay_us(BMI088_COM_WAIT_SENSOR_TIME);
 200              		.loc 1 107 5 discriminator 1 view .LVU42
 201 0026 8020     		movs	r0, #128
 202 0028 FFF7FEFF 		bl	BMI088_read_write_byte
 203              	.LVL22:
 107:Core/Src/BMI088driver.c ****     BMI088_delay_us(BMI088_COM_WAIT_SENSOR_TIME);
 204              		.loc 1 107 5 discriminator 2 view .LVU43
 205 002c 5520     		movs	r0, #85
 206 002e FFF7FEFF 		bl	BMI088_read_write_byte
 207              	.LVL23:
 107:Core/Src/BMI088driver.c ****     BMI088_delay_us(BMI088_COM_WAIT_SENSOR_TIME);
 208              		.loc 1 107 5 discriminator 3 view .LVU44
 209 0032 5520     		movs	r0, #85
 210 0034 FFF7FEFF 		bl	BMI088_read_write_byte
 211              	.LVL24:
 107:Core/Src/BMI088driver.c ****     BMI088_delay_us(BMI088_COM_WAIT_SENSOR_TIME);
 212              		.loc 1 107 5 discriminator 4 view .LVU45
 213 0038 FFF7FEFF 		bl	BMI088_ACCEL_NS_H
 214              	.LVL25:
 107:Core/Src/BMI088driver.c ****     BMI088_delay_us(BMI088_COM_WAIT_SENSOR_TIME);
 215              		.loc 1 107 58 discriminator 5 view .LVU46
 108:Core/Src/BMI088driver.c **** 
 216              		.loc 1 108 5 view .LVU47
 217 003c 9620     		movs	r0, #150
 218 003e FFF7FEFF 		bl	BMI088_delay_us
 219              	.LVL26:
 111:Core/Src/BMI088driver.c ****     BMI088_delay_ms(BMI088_LONG_DELAY_TIME);
 220              		.loc 1 111 5 view .LVU48
 221 0042 FFF7FEFF 		bl	BMI088_ACCEL_NS_L
 222              	.LVL27:
 111:Core/Src/BMI088driver.c ****     BMI088_delay_ms(BMI088_LONG_DELAY_TIME);
 223              		.loc 1 111 5 discriminator 1 view .LVU49
 224 0046 B621     		movs	r1, #182
 225 0048 7E20     		movs	r0, #126
 226 004a FFF7FEFF 		bl	BMI088_write_single_reg
 227              	.LVL28:
 111:Core/Src/BMI088driver.c ****     BMI088_delay_ms(BMI088_LONG_DELAY_TIME);
 228              		.loc 1 111 5 discriminator 2 view .LVU50
 229 004e FFF7FEFF 		bl	BMI088_ACCEL_NS_H
 230              	.LVL29:
 111:Core/Src/BMI088driver.c ****     BMI088_delay_ms(BMI088_LONG_DELAY_TIME);
 231              		.loc 1 111 84 discriminator 3 view .LVU51
ARM GAS  /var/folders/w9/l2kswtfn3fs2kslkvv5vg9sh0000gn/T//cc1FNn87.s 			page 10


 112:Core/Src/BMI088driver.c **** 
 232              		.loc 1 112 5 view .LVU52
 233 0052 5020     		movs	r0, #80
 234 0054 FFF7FEFF 		bl	BMI088_delay_ms
 235              	.LVL30:
 115:Core/Src/BMI088driver.c ****     BMI088_delay_us(BMI088_COM_WAIT_SENSOR_TIME);
 236              		.loc 1 115 5 view .LVU53
 237 0058 FFF7FEFF 		bl	BMI088_ACCEL_NS_L
 238              	.LVL31:
 115:Core/Src/BMI088driver.c ****     BMI088_delay_us(BMI088_COM_WAIT_SENSOR_TIME);
 239              		.loc 1 115 5 discriminator 1 view .LVU54
 240 005c 8020     		movs	r0, #128
 241 005e FFF7FEFF 		bl	BMI088_read_write_byte
 242              	.LVL32:
 115:Core/Src/BMI088driver.c ****     BMI088_delay_us(BMI088_COM_WAIT_SENSOR_TIME);
 243              		.loc 1 115 5 discriminator 2 view .LVU55
 244 0062 5520     		movs	r0, #85
 245 0064 FFF7FEFF 		bl	BMI088_read_write_byte
 246              	.LVL33:
 115:Core/Src/BMI088driver.c ****     BMI088_delay_us(BMI088_COM_WAIT_SENSOR_TIME);
 247              		.loc 1 115 5 discriminator 3 view .LVU56
 248 0068 5520     		movs	r0, #85
 249 006a FFF7FEFF 		bl	BMI088_read_write_byte
 250              	.LVL34:
 115:Core/Src/BMI088driver.c ****     BMI088_delay_us(BMI088_COM_WAIT_SENSOR_TIME);
 251              		.loc 1 115 5 discriminator 4 view .LVU57
 252 006e FFF7FEFF 		bl	BMI088_ACCEL_NS_H
 253              	.LVL35:
 115:Core/Src/BMI088driver.c ****     BMI088_delay_us(BMI088_COM_WAIT_SENSOR_TIME);
 254              		.loc 1 115 58 discriminator 5 view .LVU58
 116:Core/Src/BMI088driver.c ****     BMI088_accel_read_single_reg(BMI088_ACC_CHIP_ID, res);
 255              		.loc 1 116 5 view .LVU59
 256 0072 9620     		movs	r0, #150
 257 0074 FFF7FEFF 		bl	BMI088_delay_us
 258              	.LVL36:
 117:Core/Src/BMI088driver.c ****     BMI088_delay_us(BMI088_COM_WAIT_SENSOR_TIME);
 259              		.loc 1 117 5 view .LVU60
 260 0078 FFF7FEFF 		bl	BMI088_ACCEL_NS_L
 261              	.LVL37:
 117:Core/Src/BMI088driver.c ****     BMI088_delay_us(BMI088_COM_WAIT_SENSOR_TIME);
 262              		.loc 1 117 5 discriminator 1 view .LVU61
 263 007c 8020     		movs	r0, #128
 264 007e FFF7FEFF 		bl	BMI088_read_write_byte
 265              	.LVL38:
 117:Core/Src/BMI088driver.c ****     BMI088_delay_us(BMI088_COM_WAIT_SENSOR_TIME);
 266              		.loc 1 117 5 discriminator 2 view .LVU62
 267 0082 5520     		movs	r0, #85
 268 0084 FFF7FEFF 		bl	BMI088_read_write_byte
 269              	.LVL39:
 117:Core/Src/BMI088driver.c ****     BMI088_delay_us(BMI088_COM_WAIT_SENSOR_TIME);
 270              		.loc 1 117 5 discriminator 3 view .LVU63
 271 0088 5520     		movs	r0, #85
 272 008a FFF7FEFF 		bl	BMI088_read_write_byte
 273              	.LVL40:
 274 008e 0446     		mov	r4, r0
 275              	.LVL41:
 117:Core/Src/BMI088driver.c ****     BMI088_delay_us(BMI088_COM_WAIT_SENSOR_TIME);
ARM GAS  /var/folders/w9/l2kswtfn3fs2kslkvv5vg9sh0000gn/T//cc1FNn87.s 			page 11


 276              		.loc 1 117 5 discriminator 4 view .LVU64
 277 0090 FFF7FEFF 		bl	BMI088_ACCEL_NS_H
 278              	.LVL42:
 117:Core/Src/BMI088driver.c ****     BMI088_delay_us(BMI088_COM_WAIT_SENSOR_TIME);
 279              		.loc 1 117 58 discriminator 5 view .LVU65
 118:Core/Src/BMI088driver.c **** 
 280              		.loc 1 118 5 view .LVU66
 281 0094 9620     		movs	r0, #150
 282 0096 FFF7FEFF 		bl	BMI088_delay_us
 283              	.LVL43:
 121:Core/Src/BMI088driver.c ****     {
 284              		.loc 1 121 5 view .LVU67
 121:Core/Src/BMI088driver.c ****     {
 285              		.loc 1 121 8 is_stmt 0 view .LVU68
 286 009a 1E2C     		cmp	r4, #30
 287 009c 32D1     		bne	.L14
 127:Core/Src/BMI088driver.c ****     {
 288              		.loc 1 127 24 view .LVU69
 289 009e 0024     		movs	r4, #0
 290              	.LVL44:
 291              	.L11:
 127:Core/Src/BMI088driver.c ****     {
 292              		.loc 1 127 43 is_stmt 1 discriminator 1 view .LVU70
 293 00a0 052C     		cmp	r4, #5
 294 00a2 2DD8     		bhi	.L16
 130:Core/Src/BMI088driver.c ****         BMI088_delay_us(BMI088_COM_WAIT_SENSOR_TIME);
 295              		.loc 1 130 9 view .LVU71
 296 00a4 FFF7FEFF 		bl	BMI088_ACCEL_NS_L
 297              	.LVL45:
 130:Core/Src/BMI088driver.c ****         BMI088_delay_us(BMI088_COM_WAIT_SENSOR_TIME);
 298              		.loc 1 130 9 discriminator 1 view .LVU72
 299 00a8 174A     		ldr	r2, .L18
 300 00aa 04EB4403 		add	r3, r4, r4, lsl #1
 301 00ae D118     		adds	r1, r2, r3
 302 00b0 4E78     		ldrb	r6, [r1, #1]	@ zero_extendqisi2
 303 00b2 D55C     		ldrb	r5, [r2, r3]	@ zero_extendqisi2
 304 00b4 3146     		mov	r1, r6
 305 00b6 2846     		mov	r0, r5
 306 00b8 FFF7FEFF 		bl	BMI088_write_single_reg
 307              	.LVL46:
 130:Core/Src/BMI088driver.c ****         BMI088_delay_us(BMI088_COM_WAIT_SENSOR_TIME);
 308              		.loc 1 130 9 discriminator 2 view .LVU73
 309 00bc FFF7FEFF 		bl	BMI088_ACCEL_NS_H
 310              	.LVL47:
 130:Core/Src/BMI088driver.c ****         BMI088_delay_us(BMI088_COM_WAIT_SENSOR_TIME);
 311              		.loc 1 130 144 discriminator 3 view .LVU74
 131:Core/Src/BMI088driver.c **** 
 312              		.loc 1 131 9 view .LVU75
 313 00c0 9620     		movs	r0, #150
 314 00c2 FFF7FEFF 		bl	BMI088_delay_us
 315              	.LVL48:
 133:Core/Src/BMI088driver.c ****         BMI088_delay_us(BMI088_COM_WAIT_SENSOR_TIME);
 316              		.loc 1 133 9 view .LVU76
 317 00c6 FFF7FEFF 		bl	BMI088_ACCEL_NS_L
 318              	.LVL49:
 133:Core/Src/BMI088driver.c ****         BMI088_delay_us(BMI088_COM_WAIT_SENSOR_TIME);
 319              		.loc 1 133 9 discriminator 1 view .LVU77
ARM GAS  /var/folders/w9/l2kswtfn3fs2kslkvv5vg9sh0000gn/T//cc1FNn87.s 			page 12


 320 00ca 45F08000 		orr	r0, r5, #128
 321 00ce FFF7FEFF 		bl	BMI088_read_write_byte
 322              	.LVL50:
 133:Core/Src/BMI088driver.c ****         BMI088_delay_us(BMI088_COM_WAIT_SENSOR_TIME);
 323              		.loc 1 133 9 discriminator 2 view .LVU78
 324 00d2 5520     		movs	r0, #85
 325 00d4 FFF7FEFF 		bl	BMI088_read_write_byte
 326              	.LVL51:
 133:Core/Src/BMI088driver.c ****         BMI088_delay_us(BMI088_COM_WAIT_SENSOR_TIME);
 327              		.loc 1 133 9 discriminator 3 view .LVU79
 328 00d8 5520     		movs	r0, #85
 329 00da FFF7FEFF 		bl	BMI088_read_write_byte
 330              	.LVL52:
 331 00de 0546     		mov	r5, r0
 332              	.LVL53:
 133:Core/Src/BMI088driver.c ****         BMI088_delay_us(BMI088_COM_WAIT_SENSOR_TIME);
 333              		.loc 1 133 9 discriminator 4 view .LVU80
 334 00e0 FFF7FEFF 		bl	BMI088_ACCEL_NS_H
 335              	.LVL54:
 133:Core/Src/BMI088driver.c ****         BMI088_delay_us(BMI088_COM_WAIT_SENSOR_TIME);
 336              		.loc 1 133 95 discriminator 5 view .LVU81
 134:Core/Src/BMI088driver.c **** 
 337              		.loc 1 134 9 view .LVU82
 338 00e4 9620     		movs	r0, #150
 339 00e6 FFF7FEFF 		bl	BMI088_delay_us
 340              	.LVL55:
 136:Core/Src/BMI088driver.c ****         {
 341              		.loc 1 136 9 view .LVU83
 136:Core/Src/BMI088driver.c ****         {
 342              		.loc 1 136 12 is_stmt 0 view .LVU84
 343 00ea AE42     		cmp	r6, r5
 344 00ec 02D1     		bne	.L17
 127:Core/Src/BMI088driver.c ****     {
 345              		.loc 1 127 86 is_stmt 1 discriminator 2 view .LVU85
 346 00ee 0134     		adds	r4, r4, #1
 347              	.LVL56:
 127:Core/Src/BMI088driver.c ****     {
 348              		.loc 1 127 86 is_stmt 0 discriminator 2 view .LVU86
 349 00f0 E4B2     		uxtb	r4, r4
 350              	.LVL57:
 127:Core/Src/BMI088driver.c ****     {
 351              		.loc 1 127 86 discriminator 2 view .LVU87
 352 00f2 D5E7     		b	.L11
 353              	.LVL58:
 354              	.L17:
 138:Core/Src/BMI088driver.c ****         }
 355              		.loc 1 138 13 is_stmt 1 view .LVU88
 138:Core/Src/BMI088driver.c ****         }
 356              		.loc 1 138 68 is_stmt 0 view .LVU89
 357 00f4 04EB4404 		add	r4, r4, r4, lsl #1
 358              	.LVL59:
 138:Core/Src/BMI088driver.c ****         }
 359              		.loc 1 138 68 view .LVU90
 360 00f8 034B     		ldr	r3, .L18
 361 00fa 2344     		add	r3, r3, r4
 362 00fc 9878     		ldrb	r0, [r3, #2]	@ zero_extendqisi2
 363 00fe 00E0     		b	.L10
ARM GAS  /var/folders/w9/l2kswtfn3fs2kslkvv5vg9sh0000gn/T//cc1FNn87.s 			page 13


 364              	.LVL60:
 365              	.L16:
 141:Core/Src/BMI088driver.c **** }
 366              		.loc 1 141 12 view .LVU91
 367 0100 0020     		movs	r0, #0
 368              	.LVL61:
 369              	.L10:
 142:Core/Src/BMI088driver.c **** 
 370              		.loc 1 142 1 view .LVU92
 371 0102 70BD     		pop	{r4, r5, r6, pc}
 372              	.LVL62:
 373              	.L14:
 123:Core/Src/BMI088driver.c ****     }
 374              		.loc 1 123 16 view .LVU93
 375 0104 FF20     		movs	r0, #255
 376 0106 FCE7     		b	.L10
 377              	.L19:
 378              		.align	2
 379              	.L18:
 380 0108 00000000 		.word	write_BMI088_accel_reg_data_error
 381              		.cfi_endproc
 382              	.LFE163:
 384              		.section	.text.bmi088_gyro_init,"ax",%progbits
 385              		.align	1
 386              		.global	bmi088_gyro_init
 387              		.syntax unified
 388              		.thumb
 389              		.thumb_func
 391              	bmi088_gyro_init:
 392              	.LFB164:
 145:Core/Src/BMI088driver.c ****     uint8_t write_reg_num = 0;
 393              		.loc 1 145 1 is_stmt 1 view -0
 394              		.cfi_startproc
 395              		@ args = 0, pretend = 0, frame = 8
 396              		@ frame_needed = 0, uses_anonymous_args = 0
 397 0000 70B5     		push	{r4, r5, r6, lr}
 398              	.LCFI4:
 399              		.cfi_def_cfa_offset 16
 400              		.cfi_offset 4, -16
 401              		.cfi_offset 5, -12
 402              		.cfi_offset 6, -8
 403              		.cfi_offset 14, -4
 404 0002 82B0     		sub	sp, sp, #8
 405              	.LCFI5:
 406              		.cfi_def_cfa_offset 24
 146:Core/Src/BMI088driver.c ****     uint8_t res = 0;
 407              		.loc 1 146 5 view .LVU95
 408              	.LVL63:
 147:Core/Src/BMI088driver.c **** 
 409              		.loc 1 147 5 view .LVU96
 147:Core/Src/BMI088driver.c **** 
 410              		.loc 1 147 13 is_stmt 0 view .LVU97
 411 0004 0024     		movs	r4, #0
 412 0006 8DF80740 		strb	r4, [sp, #7]
 150:Core/Src/BMI088driver.c ****     BMI088_delay_us(BMI088_COM_WAIT_SENSOR_TIME);
 413              		.loc 1 150 5 is_stmt 1 view .LVU98
 414 000a FFF7FEFF 		bl	BMI088_GYRO_NS_L
ARM GAS  /var/folders/w9/l2kswtfn3fs2kslkvv5vg9sh0000gn/T//cc1FNn87.s 			page 14


 415              	.LVL64:
 150:Core/Src/BMI088driver.c ****     BMI088_delay_us(BMI088_COM_WAIT_SENSOR_TIME);
 416              		.loc 1 150 5 discriminator 1 view .LVU99
 417 000e 0DF10705 		add	r5, sp, #7
 418 0012 2946     		mov	r1, r5
 419 0014 2046     		mov	r0, r4
 420 0016 FFF7FEFF 		bl	BMI088_read_single_reg
 421              	.LVL65:
 150:Core/Src/BMI088driver.c ****     BMI088_delay_us(BMI088_COM_WAIT_SENSOR_TIME);
 422              		.loc 1 150 5 discriminator 2 view .LVU100
 423 001a FFF7FEFF 		bl	BMI088_GYRO_NS_H
 424              	.LVL66:
 150:Core/Src/BMI088driver.c ****     BMI088_delay_us(BMI088_COM_WAIT_SENSOR_TIME);
 425              		.loc 1 150 58 discriminator 3 view .LVU101
 151:Core/Src/BMI088driver.c ****     BMI088_gyro_read_single_reg(BMI088_GYRO_CHIP_ID, res);
 426              		.loc 1 151 5 view .LVU102
 427 001e 9620     		movs	r0, #150
 428 0020 FFF7FEFF 		bl	BMI088_delay_us
 429              	.LVL67:
 152:Core/Src/BMI088driver.c ****     BMI088_delay_us(BMI088_COM_WAIT_SENSOR_TIME);
 430              		.loc 1 152 5 view .LVU103
 431 0024 FFF7FEFF 		bl	BMI088_GYRO_NS_L
 432              	.LVL68:
 152:Core/Src/BMI088driver.c ****     BMI088_delay_us(BMI088_COM_WAIT_SENSOR_TIME);
 433              		.loc 1 152 5 discriminator 1 view .LVU104
 434 0028 2946     		mov	r1, r5
 435 002a 2046     		mov	r0, r4
 436 002c FFF7FEFF 		bl	BMI088_read_single_reg
 437              	.LVL69:
 152:Core/Src/BMI088driver.c ****     BMI088_delay_us(BMI088_COM_WAIT_SENSOR_TIME);
 438              		.loc 1 152 5 discriminator 2 view .LVU105
 439 0030 FFF7FEFF 		bl	BMI088_GYRO_NS_H
 440              	.LVL70:
 152:Core/Src/BMI088driver.c ****     BMI088_delay_us(BMI088_COM_WAIT_SENSOR_TIME);
 441              		.loc 1 152 58 discriminator 3 view .LVU106
 153:Core/Src/BMI088driver.c **** 
 442              		.loc 1 153 5 view .LVU107
 443 0034 9620     		movs	r0, #150
 444 0036 FFF7FEFF 		bl	BMI088_delay_us
 445              	.LVL71:
 156:Core/Src/BMI088driver.c ****     BMI088_delay_ms(BMI088_LONG_DELAY_TIME);
 446              		.loc 1 156 5 view .LVU108
 447 003a FFF7FEFF 		bl	BMI088_GYRO_NS_L
 448              	.LVL72:
 156:Core/Src/BMI088driver.c ****     BMI088_delay_ms(BMI088_LONG_DELAY_TIME);
 449              		.loc 1 156 5 discriminator 1 view .LVU109
 450 003e B621     		movs	r1, #182
 451 0040 1420     		movs	r0, #20
 452 0042 FFF7FEFF 		bl	BMI088_write_single_reg
 453              	.LVL73:
 156:Core/Src/BMI088driver.c ****     BMI088_delay_ms(BMI088_LONG_DELAY_TIME);
 454              		.loc 1 156 5 discriminator 2 view .LVU110
 455 0046 FFF7FEFF 		bl	BMI088_GYRO_NS_H
 456              	.LVL74:
 156:Core/Src/BMI088driver.c ****     BMI088_delay_ms(BMI088_LONG_DELAY_TIME);
 457              		.loc 1 156 85 discriminator 3 view .LVU111
 157:Core/Src/BMI088driver.c ****     //check commiunication is normal after reset
ARM GAS  /var/folders/w9/l2kswtfn3fs2kslkvv5vg9sh0000gn/T//cc1FNn87.s 			page 15


 458              		.loc 1 157 5 view .LVU112
 459 004a 5020     		movs	r0, #80
 460 004c FFF7FEFF 		bl	BMI088_delay_ms
 461              	.LVL75:
 159:Core/Src/BMI088driver.c ****     BMI088_delay_us(BMI088_COM_WAIT_SENSOR_TIME);
 462              		.loc 1 159 5 view .LVU113
 463 0050 FFF7FEFF 		bl	BMI088_GYRO_NS_L
 464              	.LVL76:
 159:Core/Src/BMI088driver.c ****     BMI088_delay_us(BMI088_COM_WAIT_SENSOR_TIME);
 465              		.loc 1 159 5 discriminator 1 view .LVU114
 466 0054 2946     		mov	r1, r5
 467 0056 2046     		mov	r0, r4
 468 0058 FFF7FEFF 		bl	BMI088_read_single_reg
 469              	.LVL77:
 159:Core/Src/BMI088driver.c ****     BMI088_delay_us(BMI088_COM_WAIT_SENSOR_TIME);
 470              		.loc 1 159 5 discriminator 2 view .LVU115
 471 005c FFF7FEFF 		bl	BMI088_GYRO_NS_H
 472              	.LVL78:
 159:Core/Src/BMI088driver.c ****     BMI088_delay_us(BMI088_COM_WAIT_SENSOR_TIME);
 473              		.loc 1 159 58 discriminator 3 view .LVU116
 160:Core/Src/BMI088driver.c ****     BMI088_gyro_read_single_reg(BMI088_GYRO_CHIP_ID, res);
 474              		.loc 1 160 5 view .LVU117
 475 0060 9620     		movs	r0, #150
 476 0062 FFF7FEFF 		bl	BMI088_delay_us
 477              	.LVL79:
 161:Core/Src/BMI088driver.c ****     BMI088_delay_us(BMI088_COM_WAIT_SENSOR_TIME);
 478              		.loc 1 161 5 view .LVU118
 479 0066 FFF7FEFF 		bl	BMI088_GYRO_NS_L
 480              	.LVL80:
 161:Core/Src/BMI088driver.c ****     BMI088_delay_us(BMI088_COM_WAIT_SENSOR_TIME);
 481              		.loc 1 161 5 discriminator 1 view .LVU119
 482 006a 2946     		mov	r1, r5
 483 006c 2046     		mov	r0, r4
 484 006e FFF7FEFF 		bl	BMI088_read_single_reg
 485              	.LVL81:
 161:Core/Src/BMI088driver.c ****     BMI088_delay_us(BMI088_COM_WAIT_SENSOR_TIME);
 486              		.loc 1 161 5 discriminator 2 view .LVU120
 487 0072 FFF7FEFF 		bl	BMI088_GYRO_NS_H
 488              	.LVL82:
 161:Core/Src/BMI088driver.c ****     BMI088_delay_us(BMI088_COM_WAIT_SENSOR_TIME);
 489              		.loc 1 161 58 discriminator 3 view .LVU121
 162:Core/Src/BMI088driver.c **** 
 490              		.loc 1 162 5 view .LVU122
 491 0076 9620     		movs	r0, #150
 492 0078 FFF7FEFF 		bl	BMI088_delay_us
 493              	.LVL83:
 165:Core/Src/BMI088driver.c ****     {
 494              		.loc 1 165 5 view .LVU123
 165:Core/Src/BMI088driver.c ****     {
 495              		.loc 1 165 13 is_stmt 0 view .LVU124
 496 007c 9DF80730 		ldrb	r3, [sp, #7]	@ zero_extendqisi2
 165:Core/Src/BMI088driver.c ****     {
 497              		.loc 1 165 8 view .LVU125
 498 0080 0F2B     		cmp	r3, #15
 499 0082 2ED1     		bne	.L25
 500              	.LVL84:
 501              	.L22:
ARM GAS  /var/folders/w9/l2kswtfn3fs2kslkvv5vg9sh0000gn/T//cc1FNn87.s 			page 16


 171:Core/Src/BMI088driver.c ****     {
 502              		.loc 1 171 43 is_stmt 1 discriminator 1 view .LVU126
 503 0084 052C     		cmp	r4, #5
 504 0086 29D8     		bhi	.L27
 174:Core/Src/BMI088driver.c ****         BMI088_delay_us(BMI088_COM_WAIT_SENSOR_TIME);
 505              		.loc 1 174 9 view .LVU127
 506 0088 FFF7FEFF 		bl	BMI088_GYRO_NS_L
 507              	.LVL85:
 174:Core/Src/BMI088driver.c ****         BMI088_delay_us(BMI088_COM_WAIT_SENSOR_TIME);
 508              		.loc 1 174 9 discriminator 1 view .LVU128
 509 008c 164A     		ldr	r2, .L29
 510 008e 04EB4403 		add	r3, r4, r4, lsl #1
 511 0092 D118     		adds	r1, r2, r3
 512 0094 4D78     		ldrb	r5, [r1, #1]	@ zero_extendqisi2
 513 0096 D65C     		ldrb	r6, [r2, r3]	@ zero_extendqisi2
 514 0098 2946     		mov	r1, r5
 515 009a 3046     		mov	r0, r6
 516 009c FFF7FEFF 		bl	BMI088_write_single_reg
 517              	.LVL86:
 174:Core/Src/BMI088driver.c ****         BMI088_delay_us(BMI088_COM_WAIT_SENSOR_TIME);
 518              		.loc 1 174 9 discriminator 2 view .LVU129
 519 00a0 FFF7FEFF 		bl	BMI088_GYRO_NS_H
 520              	.LVL87:
 174:Core/Src/BMI088driver.c ****         BMI088_delay_us(BMI088_COM_WAIT_SENSOR_TIME);
 521              		.loc 1 174 141 discriminator 3 view .LVU130
 175:Core/Src/BMI088driver.c **** 
 522              		.loc 1 175 9 view .LVU131
 523 00a4 9620     		movs	r0, #150
 524 00a6 FFF7FEFF 		bl	BMI088_delay_us
 525              	.LVL88:
 177:Core/Src/BMI088driver.c ****         BMI088_delay_us(BMI088_COM_WAIT_SENSOR_TIME);
 526              		.loc 1 177 9 view .LVU132
 527 00aa FFF7FEFF 		bl	BMI088_GYRO_NS_L
 528              	.LVL89:
 177:Core/Src/BMI088driver.c ****         BMI088_delay_us(BMI088_COM_WAIT_SENSOR_TIME);
 529              		.loc 1 177 9 discriminator 1 view .LVU133
 530 00ae 0DF10701 		add	r1, sp, #7
 531 00b2 3046     		mov	r0, r6
 532 00b4 FFF7FEFF 		bl	BMI088_read_single_reg
 533              	.LVL90:
 177:Core/Src/BMI088driver.c ****         BMI088_delay_us(BMI088_COM_WAIT_SENSOR_TIME);
 534              		.loc 1 177 9 discriminator 2 view .LVU134
 535 00b8 FFF7FEFF 		bl	BMI088_GYRO_NS_H
 536              	.LVL91:
 177:Core/Src/BMI088driver.c ****         BMI088_delay_us(BMI088_COM_WAIT_SENSOR_TIME);
 537              		.loc 1 177 93 discriminator 3 view .LVU135
 178:Core/Src/BMI088driver.c **** 
 538              		.loc 1 178 9 view .LVU136
 539 00bc 9620     		movs	r0, #150
 540 00be FFF7FEFF 		bl	BMI088_delay_us
 541              	.LVL92:
 180:Core/Src/BMI088driver.c ****         {
 542              		.loc 1 180 9 view .LVU137
 180:Core/Src/BMI088driver.c ****         {
 543              		.loc 1 180 17 is_stmt 0 view .LVU138
 544 00c2 9DF80730 		ldrb	r3, [sp, #7]	@ zero_extendqisi2
 180:Core/Src/BMI088driver.c ****         {
ARM GAS  /var/folders/w9/l2kswtfn3fs2kslkvv5vg9sh0000gn/T//cc1FNn87.s 			page 17


 545              		.loc 1 180 12 view .LVU139
 546 00c6 9D42     		cmp	r5, r3
 547 00c8 02D1     		bne	.L28
 171:Core/Src/BMI088driver.c ****     {
 548              		.loc 1 171 85 is_stmt 1 discriminator 2 view .LVU140
 549 00ca 0134     		adds	r4, r4, #1
 550              	.LVL93:
 171:Core/Src/BMI088driver.c ****     {
 551              		.loc 1 171 85 is_stmt 0 discriminator 2 view .LVU141
 552 00cc E4B2     		uxtb	r4, r4
 553              	.LVL94:
 171:Core/Src/BMI088driver.c ****     {
 554              		.loc 1 171 85 discriminator 2 view .LVU142
 555 00ce D9E7     		b	.L22
 556              	.LVL95:
 557              	.L28:
 182:Core/Src/BMI088driver.c ****         }
 558              		.loc 1 182 13 is_stmt 1 view .LVU143
 182:Core/Src/BMI088driver.c ****         }
 559              		.loc 1 182 67 is_stmt 0 view .LVU144
 560 00d0 04EB4404 		add	r4, r4, r4, lsl #1
 561              	.LVL96:
 182:Core/Src/BMI088driver.c ****         }
 562              		.loc 1 182 67 view .LVU145
 563 00d4 044B     		ldr	r3, .L29
 564 00d6 2344     		add	r3, r3, r4
 565 00d8 9878     		ldrb	r0, [r3, #2]	@ zero_extendqisi2
 566 00da 00E0     		b	.L21
 567              	.LVL97:
 568              	.L27:
 186:Core/Src/BMI088driver.c **** }
 569              		.loc 1 186 12 view .LVU146
 570 00dc 0020     		movs	r0, #0
 571              	.LVL98:
 572              	.L21:
 187:Core/Src/BMI088driver.c **** 
 573              		.loc 1 187 1 view .LVU147
 574 00de 02B0     		add	sp, sp, #8
 575              	.LCFI6:
 576              		.cfi_remember_state
 577              		.cfi_def_cfa_offset 16
 578              		@ sp needed
 579 00e0 70BD     		pop	{r4, r5, r6, pc}
 580              	.LVL99:
 581              	.L25:
 582              	.LCFI7:
 583              		.cfi_restore_state
 167:Core/Src/BMI088driver.c ****     }
 584              		.loc 1 167 16 view .LVU148
 585 00e2 FF20     		movs	r0, #255
 586 00e4 FBE7     		b	.L21
 587              	.L30:
 588 00e6 00BF     		.align	2
 589              	.L29:
 590 00e8 00000000 		.word	write_BMI088_gyro_reg_data_error
 591              		.cfi_endproc
 592              	.LFE164:
ARM GAS  /var/folders/w9/l2kswtfn3fs2kslkvv5vg9sh0000gn/T//cc1FNn87.s 			page 18


 594              		.section	.text.BMI088_init,"ax",%progbits
 595              		.align	1
 596              		.global	BMI088_init
 597              		.syntax unified
 598              		.thumb
 599              		.thumb_func
 601              	BMI088_init:
 602              	.LFB162:
  87:Core/Src/BMI088driver.c ****     uint8_t error = BMI088_NO_ERROR;
 603              		.loc 1 87 1 is_stmt 1 view -0
 604              		.cfi_startproc
 605              		@ args = 0, pretend = 0, frame = 0
 606              		@ frame_needed = 0, uses_anonymous_args = 0
 607 0000 10B5     		push	{r4, lr}
 608              	.LCFI8:
 609              		.cfi_def_cfa_offset 8
 610              		.cfi_offset 4, -8
 611              		.cfi_offset 14, -4
  88:Core/Src/BMI088driver.c ****     // GPIO and SPI  Init .
 612              		.loc 1 88 5 view .LVU150
 613              	.LVL100:
  90:Core/Src/BMI088driver.c ****     BMI088_com_init();
 614              		.loc 1 90 5 view .LVU151
 615 0002 FFF7FEFF 		bl	BMI088_GPIO_init
 616              	.LVL101:
  91:Core/Src/BMI088driver.c **** 
 617              		.loc 1 91 5 view .LVU152
 618 0006 FFF7FEFF 		bl	BMI088_com_init
 619              	.LVL102:
  93:Core/Src/BMI088driver.c ****     error |= bmi088_gyro_init();
 620              		.loc 1 93 5 view .LVU153
  93:Core/Src/BMI088driver.c ****     error |= bmi088_gyro_init();
 621              		.loc 1 93 14 is_stmt 0 view .LVU154
 622 000a FFF7FEFF 		bl	bmi088_accel_init
 623              	.LVL103:
 624 000e 0446     		mov	r4, r0
 625              	.LVL104:
  94:Core/Src/BMI088driver.c **** 
 626              		.loc 1 94 5 is_stmt 1 view .LVU155
  94:Core/Src/BMI088driver.c **** 
 627              		.loc 1 94 14 is_stmt 0 view .LVU156
 628 0010 FFF7FEFF 		bl	bmi088_gyro_init
 629              	.LVL105:
  94:Core/Src/BMI088driver.c **** 
 630              		.loc 1 94 11 discriminator 1 view .LVU157
 631 0014 2043     		orrs	r0, r0, r4
 632              	.LVL106:
  96:Core/Src/BMI088driver.c **** }
 633              		.loc 1 96 5 is_stmt 1 view .LVU158
  97:Core/Src/BMI088driver.c **** 
 634              		.loc 1 97 1 is_stmt 0 view .LVU159
 635 0016 C0B2     		uxtb	r0, r0
  97:Core/Src/BMI088driver.c **** 
 636              		.loc 1 97 1 view .LVU160
 637 0018 10BD     		pop	{r4, pc}
 638              		.cfi_endproc
 639              	.LFE162:
ARM GAS  /var/folders/w9/l2kswtfn3fs2kslkvv5vg9sh0000gn/T//cc1FNn87.s 			page 19


 641              		.section	.text.BMI088_read,"ax",%progbits
 642              		.align	1
 643              		.global	BMI088_read
 644              		.syntax unified
 645              		.thumb
 646              		.thumb_func
 648              	BMI088_read:
 649              	.LVL107:
 650              	.LFB165:
 194:Core/Src/BMI088driver.c ****     uint8_t buf[8] = {0, 0, 0, 0, 0, 0};
 651              		.loc 1 194 1 is_stmt 1 view -0
 652              		.cfi_startproc
 653              		@ args = 0, pretend = 0, frame = 8
 654              		@ frame_needed = 0, uses_anonymous_args = 0
 194:Core/Src/BMI088driver.c ****     uint8_t buf[8] = {0, 0, 0, 0, 0, 0};
 655              		.loc 1 194 1 is_stmt 0 view .LVU162
 656 0000 2DE9F041 		push	{r4, r5, r6, r7, r8, lr}
 657              	.LCFI9:
 658              		.cfi_def_cfa_offset 24
 659              		.cfi_offset 4, -24
 660              		.cfi_offset 5, -20
 661              		.cfi_offset 6, -16
 662              		.cfi_offset 7, -12
 663              		.cfi_offset 8, -8
 664              		.cfi_offset 14, -4
 665 0004 82B0     		sub	sp, sp, #8
 666              	.LCFI10:
 667              		.cfi_def_cfa_offset 32
 668 0006 0646     		mov	r6, r0
 669 0008 0C46     		mov	r4, r1
 670 000a 1546     		mov	r5, r2
 195:Core/Src/BMI088driver.c ****     int16_t bmi088_raw_temp;
 671              		.loc 1 195 5 is_stmt 1 view .LVU163
 195:Core/Src/BMI088driver.c ****     int16_t bmi088_raw_temp;
 672              		.loc 1 195 13 is_stmt 0 view .LVU164
 673 000c 0027     		movs	r7, #0
 674 000e 0097     		str	r7, [sp]
 675 0010 0197     		str	r7, [sp, #4]
 196:Core/Src/BMI088driver.c **** 
 676              		.loc 1 196 5 is_stmt 1 view .LVU165
 198:Core/Src/BMI088driver.c **** 
 677              		.loc 1 198 5 view .LVU166
 678 0012 FFF7FEFF 		bl	BMI088_ACCEL_NS_L
 679              	.LVL108:
 198:Core/Src/BMI088driver.c **** 
 680              		.loc 1 198 5 discriminator 1 view .LVU167
 681 0016 9220     		movs	r0, #146
 682 0018 FFF7FEFF 		bl	BMI088_read_write_byte
 683              	.LVL109:
 198:Core/Src/BMI088driver.c **** 
 684              		.loc 1 198 5 discriminator 2 view .LVU168
 685 001c 0622     		movs	r2, #6
 686 001e 6946     		mov	r1, sp
 687 0020 1220     		movs	r0, #18
 688 0022 FFF7FEFF 		bl	BMI088_read_muli_reg
 689              	.LVL110:
 198:Core/Src/BMI088driver.c **** 
ARM GAS  /var/folders/w9/l2kswtfn3fs2kslkvv5vg9sh0000gn/T//cc1FNn87.s 			page 20


 690              		.loc 1 198 5 discriminator 3 view .LVU169
 691 0026 FFF7FEFF 		bl	BMI088_ACCEL_NS_H
 692              	.LVL111:
 198:Core/Src/BMI088driver.c **** 
 693              		.loc 1 198 60 discriminator 4 view .LVU170
 200:Core/Src/BMI088driver.c ****     accel[0] = bmi088_raw_temp * BMI088_ACCEL_SEN;
 694              		.loc 1 200 5 view .LVU171
 200:Core/Src/BMI088driver.c ****     accel[0] = bmi088_raw_temp * BMI088_ACCEL_SEN;
 695              		.loc 1 200 37 is_stmt 0 view .LVU172
 696 002a 9DF80130 		ldrb	r3, [sp, #1]	@ zero_extendqisi2
 200:Core/Src/BMI088driver.c ****     accel[0] = bmi088_raw_temp * BMI088_ACCEL_SEN;
 697              		.loc 1 200 23 view .LVU173
 698 002e 1B02     		lsls	r3, r3, #8
 699 0030 1BB2     		sxth	r3, r3
 200:Core/Src/BMI088driver.c ****     accel[0] = bmi088_raw_temp * BMI088_ACCEL_SEN;
 700              		.loc 1 200 53 view .LVU174
 701 0032 9DF80020 		ldrb	r2, [sp]	@ zero_extendqisi2
 200:Core/Src/BMI088driver.c ****     accel[0] = bmi088_raw_temp * BMI088_ACCEL_SEN;
 702              		.loc 1 200 21 view .LVU175
 703 0036 1343     		orrs	r3, r3, r2
 704 0038 07EE903A 		vmov	s15, r3	@ int
 705              	.LVL112:
 201:Core/Src/BMI088driver.c ****     bmi088_raw_temp = (int16_t)((buf[3]) << 8) | buf[2];
 706              		.loc 1 201 5 is_stmt 1 view .LVU176
 201:Core/Src/BMI088driver.c ****     bmi088_raw_temp = (int16_t)((buf[3]) << 8) | buf[2];
 707              		.loc 1 201 32 is_stmt 0 view .LVU177
 708 003c F8EEE77A 		vcvt.f32.s32	s15, s15
 709              	.LVL113:
 201:Core/Src/BMI088driver.c ****     bmi088_raw_temp = (int16_t)((buf[3]) << 8) | buf[2];
 710              		.loc 1 201 32 view .LVU178
 711 0040 474A     		ldr	r2, .L38
 712 0042 92ED007A 		vldr.32	s14, [r2]
 713 0046 67EE877A 		vmul.f32	s15, s15, s14
 201:Core/Src/BMI088driver.c ****     bmi088_raw_temp = (int16_t)((buf[3]) << 8) | buf[2];
 714              		.loc 1 201 14 view .LVU179
 715 004a C4ED007A 		vstr.32	s15, [r4]
 202:Core/Src/BMI088driver.c ****     accel[1] = bmi088_raw_temp * BMI088_ACCEL_SEN;
 716              		.loc 1 202 5 is_stmt 1 view .LVU180
 202:Core/Src/BMI088driver.c ****     accel[1] = bmi088_raw_temp * BMI088_ACCEL_SEN;
 717              		.loc 1 202 37 is_stmt 0 view .LVU181
 718 004e 9DF80330 		ldrb	r3, [sp, #3]	@ zero_extendqisi2
 719              	.LVL114:
 202:Core/Src/BMI088driver.c ****     accel[1] = bmi088_raw_temp * BMI088_ACCEL_SEN;
 720              		.loc 1 202 23 view .LVU182
 721 0052 1B02     		lsls	r3, r3, #8
 722 0054 1BB2     		sxth	r3, r3
 202:Core/Src/BMI088driver.c ****     accel[1] = bmi088_raw_temp * BMI088_ACCEL_SEN;
 723              		.loc 1 202 53 view .LVU183
 724 0056 9DF80210 		ldrb	r1, [sp, #2]	@ zero_extendqisi2
 202:Core/Src/BMI088driver.c ****     accel[1] = bmi088_raw_temp * BMI088_ACCEL_SEN;
 725              		.loc 1 202 21 view .LVU184
 726 005a 0B43     		orrs	r3, r3, r1
 727 005c 07EE903A 		vmov	s15, r3	@ int
 728              	.LVL115:
 203:Core/Src/BMI088driver.c ****     bmi088_raw_temp = (int16_t)((buf[5]) << 8) | buf[4];
 729              		.loc 1 203 5 is_stmt 1 view .LVU185
 203:Core/Src/BMI088driver.c ****     bmi088_raw_temp = (int16_t)((buf[5]) << 8) | buf[4];
ARM GAS  /var/folders/w9/l2kswtfn3fs2kslkvv5vg9sh0000gn/T//cc1FNn87.s 			page 21


 730              		.loc 1 203 32 is_stmt 0 view .LVU186
 731 0060 92ED007A 		vldr.32	s14, [r2]
 732 0064 F8EEE77A 		vcvt.f32.s32	s15, s15
 733              	.LVL116:
 203:Core/Src/BMI088driver.c ****     bmi088_raw_temp = (int16_t)((buf[5]) << 8) | buf[4];
 734              		.loc 1 203 32 view .LVU187
 735 0068 67EE877A 		vmul.f32	s15, s15, s14
 203:Core/Src/BMI088driver.c ****     bmi088_raw_temp = (int16_t)((buf[5]) << 8) | buf[4];
 736              		.loc 1 203 14 view .LVU188
 737 006c C4ED017A 		vstr.32	s15, [r4, #4]
 204:Core/Src/BMI088driver.c ****     accel[2] = bmi088_raw_temp * BMI088_ACCEL_SEN;
 738              		.loc 1 204 5 is_stmt 1 view .LVU189
 204:Core/Src/BMI088driver.c ****     accel[2] = bmi088_raw_temp * BMI088_ACCEL_SEN;
 739              		.loc 1 204 37 is_stmt 0 view .LVU190
 740 0070 9DF80530 		ldrb	r3, [sp, #5]	@ zero_extendqisi2
 741              	.LVL117:
 204:Core/Src/BMI088driver.c ****     accel[2] = bmi088_raw_temp * BMI088_ACCEL_SEN;
 742              		.loc 1 204 23 view .LVU191
 743 0074 1B02     		lsls	r3, r3, #8
 744 0076 1BB2     		sxth	r3, r3
 204:Core/Src/BMI088driver.c ****     accel[2] = bmi088_raw_temp * BMI088_ACCEL_SEN;
 745              		.loc 1 204 53 view .LVU192
 746 0078 9DF80420 		ldrb	r2, [sp, #4]	@ zero_extendqisi2
 204:Core/Src/BMI088driver.c ****     accel[2] = bmi088_raw_temp * BMI088_ACCEL_SEN;
 747              		.loc 1 204 21 view .LVU193
 748 007c 1343     		orrs	r3, r3, r2
 749 007e 07EE903A 		vmov	s15, r3	@ int
 750              	.LVL118:
 205:Core/Src/BMI088driver.c **** 
 751              		.loc 1 205 5 is_stmt 1 view .LVU194
 205:Core/Src/BMI088driver.c **** 
 752              		.loc 1 205 32 is_stmt 0 view .LVU195
 753 0082 F8EEE77A 		vcvt.f32.s32	s15, s15
 754              	.LVL119:
 205:Core/Src/BMI088driver.c **** 
 755              		.loc 1 205 32 view .LVU196
 756 0086 67EE877A 		vmul.f32	s15, s15, s14
 205:Core/Src/BMI088driver.c **** 
 757              		.loc 1 205 14 view .LVU197
 758 008a C4ED027A 		vstr.32	s15, [r4, #8]
 207:Core/Src/BMI088driver.c ****     if(buf[0] == BMI088_GYRO_CHIP_ID_VALUE)
 759              		.loc 1 207 5 is_stmt 1 view .LVU198
 760 008e FFF7FEFF 		bl	BMI088_GYRO_NS_L
 761              	.LVL120:
 207:Core/Src/BMI088driver.c ****     if(buf[0] == BMI088_GYRO_CHIP_ID_VALUE)
 762              		.loc 1 207 5 discriminator 1 view .LVU199
 763 0092 0822     		movs	r2, #8
 764 0094 6946     		mov	r1, sp
 765 0096 3846     		mov	r0, r7
 766 0098 FFF7FEFF 		bl	BMI088_read_muli_reg
 767              	.LVL121:
 207:Core/Src/BMI088driver.c ****     if(buf[0] == BMI088_GYRO_CHIP_ID_VALUE)
 768              		.loc 1 207 5 discriminator 2 view .LVU200
 769 009c FFF7FEFF 		bl	BMI088_GYRO_NS_H
 770              	.LVL122:
 207:Core/Src/BMI088driver.c ****     if(buf[0] == BMI088_GYRO_CHIP_ID_VALUE)
 771              		.loc 1 207 59 discriminator 3 view .LVU201
ARM GAS  /var/folders/w9/l2kswtfn3fs2kslkvv5vg9sh0000gn/T//cc1FNn87.s 			page 22


 208:Core/Src/BMI088driver.c ****     {
 772              		.loc 1 208 5 view .LVU202
 208:Core/Src/BMI088driver.c ****     {
 773              		.loc 1 208 11 is_stmt 0 view .LVU203
 774 00a0 9DF80030 		ldrb	r3, [sp]	@ zero_extendqisi2
 208:Core/Src/BMI088driver.c ****     {
 775              		.loc 1 208 7 view .LVU204
 776 00a4 0F2B     		cmp	r3, #15
 777 00a6 28D0     		beq	.L37
 778              	.LVL123:
 779              	.L34:
 217:Core/Src/BMI088driver.c **** 
 780              		.loc 1 217 5 is_stmt 1 view .LVU205
 781 00a8 FFF7FEFF 		bl	BMI088_ACCEL_NS_L
 782              	.LVL124:
 217:Core/Src/BMI088driver.c **** 
 783              		.loc 1 217 5 discriminator 1 view .LVU206
 784 00ac A220     		movs	r0, #162
 785 00ae FFF7FEFF 		bl	BMI088_read_write_byte
 786              	.LVL125:
 217:Core/Src/BMI088driver.c **** 
 787              		.loc 1 217 5 discriminator 2 view .LVU207
 788 00b2 0222     		movs	r2, #2
 789 00b4 6946     		mov	r1, sp
 790 00b6 2220     		movs	r0, #34
 791 00b8 FFF7FEFF 		bl	BMI088_read_muli_reg
 792              	.LVL126:
 217:Core/Src/BMI088driver.c **** 
 793              		.loc 1 217 5 discriminator 3 view .LVU208
 794 00bc FFF7FEFF 		bl	BMI088_ACCEL_NS_H
 795              	.LVL127:
 217:Core/Src/BMI088driver.c **** 
 796              		.loc 1 217 54 discriminator 4 view .LVU209
 219:Core/Src/BMI088driver.c **** 
 797              		.loc 1 219 5 view .LVU210
 219:Core/Src/BMI088driver.c **** 
 798              		.loc 1 219 37 is_stmt 0 view .LVU211
 799 00c0 9DF80020 		ldrb	r2, [sp]	@ zero_extendqisi2
 219:Core/Src/BMI088driver.c **** 
 800              		.loc 1 219 53 view .LVU212
 801 00c4 9DF80130 		ldrb	r3, [sp, #1]	@ zero_extendqisi2
 219:Core/Src/BMI088driver.c **** 
 802              		.loc 1 219 23 view .LVU213
 803 00c8 5B09     		lsrs	r3, r3, #5
 219:Core/Src/BMI088driver.c **** 
 804              		.loc 1 219 21 view .LVU214
 805 00ca 43EAC203 		orr	r3, r3, r2, lsl #3
 806              	.LVL128:
 221:Core/Src/BMI088driver.c ****     {
 807              		.loc 1 221 5 is_stmt 1 view .LVU215
 221:Core/Src/BMI088driver.c ****     {
 808              		.loc 1 221 8 is_stmt 0 view .LVU216
 809 00ce B3F5806F 		cmp	r3, #1024
 810 00d2 01DB     		blt	.L35
 223:Core/Src/BMI088driver.c ****     }
 811              		.loc 1 223 9 is_stmt 1 view .LVU217
 223:Core/Src/BMI088driver.c ****     }
ARM GAS  /var/folders/w9/l2kswtfn3fs2kslkvv5vg9sh0000gn/T//cc1FNn87.s 			page 23


 812              		.loc 1 223 25 is_stmt 0 view .LVU218
 813 00d4 A3F50063 		sub	r3, r3, #2048
 814              	.LVL129:
 815              	.L35:
 226:Core/Src/BMI088driver.c **** }
 816              		.loc 1 226 5 is_stmt 1 view .LVU219
 226:Core/Src/BMI088driver.c **** }
 817              		.loc 1 226 34 is_stmt 0 view .LVU220
 818 00d8 07EE903A 		vmov	s15, r3	@ int
 819 00dc F8EEE77A 		vcvt.f32.s32	s15, s15
 820 00e0 B4EE007A 		vmov.f32	s14, #1.25e-1
 821 00e4 67EE877A 		vmul.f32	s15, s15, s14
 226:Core/Src/BMI088driver.c **** }
 822              		.loc 1 226 55 view .LVU221
 823 00e8 B3EE077A 		vmov.f32	s14, #2.3e+1
 824 00ec 77EE877A 		vadd.f32	s15, s15, s14
 226:Core/Src/BMI088driver.c **** }
 825              		.loc 1 226 16 view .LVU222
 826 00f0 C5ED007A 		vstr.32	s15, [r5]
 227:Core/Src/BMI088driver.c **** 
 827              		.loc 1 227 1 view .LVU223
 828 00f4 02B0     		add	sp, sp, #8
 829              	.LCFI11:
 830              		.cfi_remember_state
 831              		.cfi_def_cfa_offset 24
 832              		@ sp needed
 833 00f6 BDE8F081 		pop	{r4, r5, r6, r7, r8, pc}
 834              	.LVL130:
 835              	.L37:
 836              	.LCFI12:
 837              		.cfi_restore_state
 210:Core/Src/BMI088driver.c ****         gyro[0] = bmi088_raw_temp * BMI088_GYRO_SEN;
 838              		.loc 1 210 9 is_stmt 1 view .LVU224
 210:Core/Src/BMI088driver.c ****         gyro[0] = bmi088_raw_temp * BMI088_GYRO_SEN;
 839              		.loc 1 210 41 is_stmt 0 view .LVU225
 840 00fa 9DF80330 		ldrb	r3, [sp, #3]	@ zero_extendqisi2
 210:Core/Src/BMI088driver.c ****         gyro[0] = bmi088_raw_temp * BMI088_GYRO_SEN;
 841              		.loc 1 210 27 view .LVU226
 842 00fe 1B02     		lsls	r3, r3, #8
 843 0100 1BB2     		sxth	r3, r3
 210:Core/Src/BMI088driver.c ****         gyro[0] = bmi088_raw_temp * BMI088_GYRO_SEN;
 844              		.loc 1 210 57 view .LVU227
 845 0102 9DF80220 		ldrb	r2, [sp, #2]	@ zero_extendqisi2
 210:Core/Src/BMI088driver.c ****         gyro[0] = bmi088_raw_temp * BMI088_GYRO_SEN;
 846              		.loc 1 210 25 view .LVU228
 847 0106 1343     		orrs	r3, r3, r2
 848 0108 07EE903A 		vmov	s15, r3	@ int
 849              	.LVL131:
 211:Core/Src/BMI088driver.c ****         bmi088_raw_temp = (int16_t)((buf[5]) << 8) | buf[4];
 850              		.loc 1 211 9 is_stmt 1 view .LVU229
 211:Core/Src/BMI088driver.c ****         bmi088_raw_temp = (int16_t)((buf[5]) << 8) | buf[4];
 851              		.loc 1 211 35 is_stmt 0 view .LVU230
 852 010c F8EEE77A 		vcvt.f32.s32	s15, s15
 853              	.LVL132:
 211:Core/Src/BMI088driver.c ****         bmi088_raw_temp = (int16_t)((buf[5]) << 8) | buf[4];
 854              		.loc 1 211 35 view .LVU231
 855 0110 144A     		ldr	r2, .L38+4
ARM GAS  /var/folders/w9/l2kswtfn3fs2kslkvv5vg9sh0000gn/T//cc1FNn87.s 			page 24


 856 0112 92ED007A 		vldr.32	s14, [r2]
 857 0116 67EE877A 		vmul.f32	s15, s15, s14
 211:Core/Src/BMI088driver.c ****         bmi088_raw_temp = (int16_t)((buf[5]) << 8) | buf[4];
 858              		.loc 1 211 17 view .LVU232
 859 011a C6ED007A 		vstr.32	s15, [r6]
 212:Core/Src/BMI088driver.c ****         gyro[1] = bmi088_raw_temp * BMI088_GYRO_SEN;
 860              		.loc 1 212 9 is_stmt 1 view .LVU233
 212:Core/Src/BMI088driver.c ****         gyro[1] = bmi088_raw_temp * BMI088_GYRO_SEN;
 861              		.loc 1 212 41 is_stmt 0 view .LVU234
 862 011e 9DF80530 		ldrb	r3, [sp, #5]	@ zero_extendqisi2
 863              	.LVL133:
 212:Core/Src/BMI088driver.c ****         gyro[1] = bmi088_raw_temp * BMI088_GYRO_SEN;
 864              		.loc 1 212 27 view .LVU235
 865 0122 1B02     		lsls	r3, r3, #8
 866 0124 1BB2     		sxth	r3, r3
 212:Core/Src/BMI088driver.c ****         gyro[1] = bmi088_raw_temp * BMI088_GYRO_SEN;
 867              		.loc 1 212 57 view .LVU236
 868 0126 9DF80410 		ldrb	r1, [sp, #4]	@ zero_extendqisi2
 212:Core/Src/BMI088driver.c ****         gyro[1] = bmi088_raw_temp * BMI088_GYRO_SEN;
 869              		.loc 1 212 25 view .LVU237
 870 012a 0B43     		orrs	r3, r3, r1
 871 012c 07EE903A 		vmov	s15, r3	@ int
 872              	.LVL134:
 213:Core/Src/BMI088driver.c ****         bmi088_raw_temp = (int16_t)((buf[7]) << 8) | buf[6];
 873              		.loc 1 213 9 is_stmt 1 view .LVU238
 213:Core/Src/BMI088driver.c ****         bmi088_raw_temp = (int16_t)((buf[7]) << 8) | buf[6];
 874              		.loc 1 213 35 is_stmt 0 view .LVU239
 875 0130 92ED007A 		vldr.32	s14, [r2]
 876 0134 F8EEE77A 		vcvt.f32.s32	s15, s15
 877              	.LVL135:
 213:Core/Src/BMI088driver.c ****         bmi088_raw_temp = (int16_t)((buf[7]) << 8) | buf[6];
 878              		.loc 1 213 35 view .LVU240
 879 0138 67EE877A 		vmul.f32	s15, s15, s14
 213:Core/Src/BMI088driver.c ****         bmi088_raw_temp = (int16_t)((buf[7]) << 8) | buf[6];
 880              		.loc 1 213 17 view .LVU241
 881 013c C6ED017A 		vstr.32	s15, [r6, #4]
 214:Core/Src/BMI088driver.c ****         gyro[2] = bmi088_raw_temp * BMI088_GYRO_SEN;
 882              		.loc 1 214 9 is_stmt 1 view .LVU242
 214:Core/Src/BMI088driver.c ****         gyro[2] = bmi088_raw_temp * BMI088_GYRO_SEN;
 883              		.loc 1 214 41 is_stmt 0 view .LVU243
 884 0140 9DF80730 		ldrb	r3, [sp, #7]	@ zero_extendqisi2
 885              	.LVL136:
 214:Core/Src/BMI088driver.c ****         gyro[2] = bmi088_raw_temp * BMI088_GYRO_SEN;
 886              		.loc 1 214 27 view .LVU244
 887 0144 1B02     		lsls	r3, r3, #8
 888 0146 1BB2     		sxth	r3, r3
 214:Core/Src/BMI088driver.c ****         gyro[2] = bmi088_raw_temp * BMI088_GYRO_SEN;
 889              		.loc 1 214 57 view .LVU245
 890 0148 9DF80620 		ldrb	r2, [sp, #6]	@ zero_extendqisi2
 214:Core/Src/BMI088driver.c ****         gyro[2] = bmi088_raw_temp * BMI088_GYRO_SEN;
 891              		.loc 1 214 25 view .LVU246
 892 014c 1343     		orrs	r3, r3, r2
 893 014e 07EE903A 		vmov	s15, r3	@ int
 894              	.LVL137:
 215:Core/Src/BMI088driver.c ****     }
 895              		.loc 1 215 9 is_stmt 1 view .LVU247
 215:Core/Src/BMI088driver.c ****     }
ARM GAS  /var/folders/w9/l2kswtfn3fs2kslkvv5vg9sh0000gn/T//cc1FNn87.s 			page 25


 896              		.loc 1 215 35 is_stmt 0 view .LVU248
 897 0152 F8EEE77A 		vcvt.f32.s32	s15, s15
 898              	.LVL138:
 215:Core/Src/BMI088driver.c ****     }
 899              		.loc 1 215 35 view .LVU249
 900 0156 67EE877A 		vmul.f32	s15, s15, s14
 215:Core/Src/BMI088driver.c ****     }
 901              		.loc 1 215 17 view .LVU250
 902 015a C6ED027A 		vstr.32	s15, [r6, #8]
 903 015e A3E7     		b	.L34
 904              	.L39:
 905              		.align	2
 906              	.L38:
 907 0160 00000000 		.word	BMI088_ACCEL_SEN
 908 0164 00000000 		.word	BMI088_GYRO_SEN
 909              		.cfi_endproc
 910              	.LFE165:
 912              		.section	.rodata.write_BMI088_gyro_reg_data_error,"a"
 913              		.align	2
 916              	write_BMI088_gyro_reg_data_error:
 917 0000 0F0008   		.ascii	"\017\000\010"
 918 0003 108209   		.ascii	"\020\202\011"
 919 0006 11000A   		.ascii	"\021\000\012"
 920 0009 15800B   		.ascii	"\025\200\013"
 921 000c 16000C   		.ascii	"\026\000\014"
 922 000f 18010D   		.ascii	"\030\001\015"
 923              		.section	.rodata.write_BMI088_accel_reg_data_error,"a"
 924              		.align	2
 927              	write_BMI088_accel_reg_data_error:
 928 0000 7D0401   		.ascii	"}\004\001"
 929 0003 7C0002   		.ascii	"|\000\002"
 930 0006 40AB03   		.ascii	"@\253\003"
 931 0009 410005   		.ascii	"A\000\005"
 932 000c 530806   		.ascii	"S\010\006"
 933 000f 580407   		.ascii	"X\004\007"
 934              		.global	BMI088_GYRO_SEN
 935              		.section	.data.BMI088_GYRO_SEN,"aw"
 936              		.align	2
 939              	BMI088_GYRO_SEN:
 940 0000 58A08B3A 		.word	982229080
 941              		.global	BMI088_ACCEL_SEN
 942              		.section	.data.BMI088_ACCEL_SEN,"aw"
 943              		.align	2
 946              	BMI088_ACCEL_SEN:
 947 0000 E7416B3A 		.word	980107751
 948              		.text
 949              	.Letext0:
 950              		.file 2 "/opt/ST/STM32CubeCLT_1.21.0/GNU-tools-for-STM32/arm-none-eabi/include/machine/_default_ty
 951              		.file 3 "/opt/ST/STM32CubeCLT_1.21.0/GNU-tools-for-STM32/arm-none-eabi/include/sys/_stdint.h"
 952              		.file 4 "Core/Inc/struct_typedef.h"
 953              		.file 5 "Core/Inc/BMI088Middleware.h"
 954              		.file 6 "Core/Inc/BMI088driver.h"
ARM GAS  /var/folders/w9/l2kswtfn3fs2kslkvv5vg9sh0000gn/T//cc1FNn87.s 			page 26


DEFINED SYMBOLS
                            *ABS*:00000000 BMI088driver.c
/var/folders/w9/l2kswtfn3fs2kslkvv5vg9sh0000gn/T//cc1FNn87.s:21     .text.BMI088_write_single_reg:00000000 $t
/var/folders/w9/l2kswtfn3fs2kslkvv5vg9sh0000gn/T//cc1FNn87.s:26     .text.BMI088_write_single_reg:00000000 BMI088_write_single_reg
/var/folders/w9/l2kswtfn3fs2kslkvv5vg9sh0000gn/T//cc1FNn87.s:54     .text.BMI088_read_single_reg:00000000 $t
/var/folders/w9/l2kswtfn3fs2kslkvv5vg9sh0000gn/T//cc1FNn87.s:59     .text.BMI088_read_single_reg:00000000 BMI088_read_single_reg
/var/folders/w9/l2kswtfn3fs2kslkvv5vg9sh0000gn/T//cc1FNn87.s:93     .text.BMI088_read_muli_reg:00000000 $t
/var/folders/w9/l2kswtfn3fs2kslkvv5vg9sh0000gn/T//cc1FNn87.s:98     .text.BMI088_read_muli_reg:00000000 BMI088_read_muli_reg
/var/folders/w9/l2kswtfn3fs2kslkvv5vg9sh0000gn/T//cc1FNn87.s:152    .text.bmi088_accel_init:00000000 $t
/var/folders/w9/l2kswtfn3fs2kslkvv5vg9sh0000gn/T//cc1FNn87.s:158    .text.bmi088_accel_init:00000000 bmi088_accel_init
/var/folders/w9/l2kswtfn3fs2kslkvv5vg9sh0000gn/T//cc1FNn87.s:380    .text.bmi088_accel_init:00000108 $d
/var/folders/w9/l2kswtfn3fs2kslkvv5vg9sh0000gn/T//cc1FNn87.s:927    .rodata.write_BMI088_accel_reg_data_error:00000000 write_BMI088_accel_reg_data_error
/var/folders/w9/l2kswtfn3fs2kslkvv5vg9sh0000gn/T//cc1FNn87.s:385    .text.bmi088_gyro_init:00000000 $t
/var/folders/w9/l2kswtfn3fs2kslkvv5vg9sh0000gn/T//cc1FNn87.s:391    .text.bmi088_gyro_init:00000000 bmi088_gyro_init
/var/folders/w9/l2kswtfn3fs2kslkvv5vg9sh0000gn/T//cc1FNn87.s:590    .text.bmi088_gyro_init:000000e8 $d
/var/folders/w9/l2kswtfn3fs2kslkvv5vg9sh0000gn/T//cc1FNn87.s:916    .rodata.write_BMI088_gyro_reg_data_error:00000000 write_BMI088_gyro_reg_data_error
/var/folders/w9/l2kswtfn3fs2kslkvv5vg9sh0000gn/T//cc1FNn87.s:595    .text.BMI088_init:00000000 $t
/var/folders/w9/l2kswtfn3fs2kslkvv5vg9sh0000gn/T//cc1FNn87.s:601    .text.BMI088_init:00000000 BMI088_init
/var/folders/w9/l2kswtfn3fs2kslkvv5vg9sh0000gn/T//cc1FNn87.s:642    .text.BMI088_read:00000000 $t
/var/folders/w9/l2kswtfn3fs2kslkvv5vg9sh0000gn/T//cc1FNn87.s:648    .text.BMI088_read:00000000 BMI088_read
/var/folders/w9/l2kswtfn3fs2kslkvv5vg9sh0000gn/T//cc1FNn87.s:907    .text.BMI088_read:00000160 $d
/var/folders/w9/l2kswtfn3fs2kslkvv5vg9sh0000gn/T//cc1FNn87.s:946    .data.BMI088_ACCEL_SEN:00000000 BMI088_ACCEL_SEN
/var/folders/w9/l2kswtfn3fs2kslkvv5vg9sh0000gn/T//cc1FNn87.s:939    .data.BMI088_GYRO_SEN:00000000 BMI088_GYRO_SEN
/var/folders/w9/l2kswtfn3fs2kslkvv5vg9sh0000gn/T//cc1FNn87.s:913    .rodata.write_BMI088_gyro_reg_data_error:00000000 $d
/var/folders/w9/l2kswtfn3fs2kslkvv5vg9sh0000gn/T//cc1FNn87.s:924    .rodata.write_BMI088_accel_reg_data_error:00000000 $d
/var/folders/w9/l2kswtfn3fs2kslkvv5vg9sh0000gn/T//cc1FNn87.s:936    .data.BMI088_GYRO_SEN:00000000 $d
/var/folders/w9/l2kswtfn3fs2kslkvv5vg9sh0000gn/T//cc1FNn87.s:943    .data.BMI088_ACCEL_SEN:00000000 $d

UNDEFINED SYMBOLS
BMI088_read_write_byte
BMI088_ACCEL_NS_L
BMI088_ACCEL_NS_H
BMI088_delay_us
BMI088_delay_ms
BMI088_GYRO_NS_L
BMI088_GYRO_NS_H
BMI088_GPIO_init
BMI088_com_init
