ARM GAS  /var/folders/w9/l2kswtfn3fs2kslkvv5vg9sh0000gn/T//ccT5e2YZ.s 			page 1


   1              		.cpu cortex-m4
   2              		.arch armv7e-m
   3              		.fpu fpv4-sp-d16
   4              		.eabi_attribute 27, 1
   5              		.eabi_attribute 28, 1
   6              		.eabi_attribute 20, 1
   7              		.eabi_attribute 21, 1
   8              		.eabi_attribute 23, 3
   9              		.eabi_attribute 24, 1
  10              		.eabi_attribute 25, 1
  11              		.eabi_attribute 26, 1
  12              		.eabi_attribute 30, 1
  13              		.eabi_attribute 34, 1
  14              		.eabi_attribute 18, 4
  15              		.file	"CAN_receive.c"
  16              		.text
  17              	.Ltext0:
  18              		.cfi_sections	.debug_frame
  19              		.file 1 "Core/Src/CAN_receive.c"
  20              		.section	.text.HAL_CAN_RxFifo0MsgPendingCallback,"ax",%progbits
  21              		.align	1
  22              		.global	HAL_CAN_RxFifo0MsgPendingCallback
  23              		.syntax unified
  24              		.thumb
  25              		.thumb_func
  27              	HAL_CAN_RxFifo0MsgPendingCallback:
  28              	.LVL0:
  29              	.LFB162:
   1:Core/Src/CAN_receive.c **** 
   2:Core/Src/CAN_receive.c **** #include "CAN_receive.h"
   3:Core/Src/CAN_receive.c **** #include "main.h"
   4:Core/Src/CAN_receive.c **** 
   5:Core/Src/CAN_receive.c **** 
   6:Core/Src/CAN_receive.c **** 
   7:Core/Src/CAN_receive.c **** extern CAN_HandleTypeDef hcan1;
   8:Core/Src/CAN_receive.c **** extern CAN_HandleTypeDef hcan2;
   9:Core/Src/CAN_receive.c **** //motor data read
  10:Core/Src/CAN_receive.c **** #define get_motor_measure(ptr, data)                                    \
  11:Core/Src/CAN_receive.c ****     {                                                                   \
  12:Core/Src/CAN_receive.c ****         (ptr)->last_ecd = (ptr)->ecd;                                   \
  13:Core/Src/CAN_receive.c ****         (ptr)->ecd = (uint16_t)((data)[0] << 8 | (data)[1]);            \
  14:Core/Src/CAN_receive.c ****         (ptr)->speed_rpm = (int16_t)((data)[2] << 8 | (data)[3]);       \
  15:Core/Src/CAN_receive.c ****         (ptr)->given_current = (uint16_t)((data)[4] << 8 | (data)[5]);  \
  16:Core/Src/CAN_receive.c ****         (ptr)->temperate = (data)[6];                                   \
  17:Core/Src/CAN_receive.c ****     }
  18:Core/Src/CAN_receive.c **** /*
  19:Core/Src/CAN_receive.c **** motor data,  0:chassis motor1 3508;1:chassis motor3 3508;2:chassis motor3 3508;3:chassis motor4 350
  20:Core/Src/CAN_receive.c **** 4:yaw gimbal motor 6020;5:pitch gimbal motor 6020;6:trigger motor 2006;
  21:Core/Src/CAN_receive.c **** ďż˝ďż˝ďż˝ďż˝ďż˝ďż˝ďż˝, 0:ďż˝ďż˝ďż˝Ěµďż˝ďż˝1 3508ďż˝ďż˝ďż˝,  1:ďż˝ďż˝ďż˝Ěµďż˝ďż˝2 3508ďż˝ďż˝ďż˝,2:ďż
  22:Core/Src/CAN_receive.c **** 4:yawďż˝ďż˝Ě¨ďż˝ďż˝ďż˝ 6020ďż˝ďż˝ďż˝; 5:pitchďż˝ďż˝Ě¨ďż˝ďż˝ďż˝ 6020ďż˝ďż˝ďż˝; 6:ďż˝ďż˝ďż˝ďż˝ďż˝ďż˝ď
  23:Core/Src/CAN_receive.c **** 
  24:Core/Src/CAN_receive.c **** motor_measure_t motor_chassis[7];
  25:Core/Src/CAN_receive.c **** 		
  26:Core/Src/CAN_receive.c **** static CAN_TxHeaderTypeDef  gimbal_tx_message;
  27:Core/Src/CAN_receive.c **** static uint8_t              gimbal_can_send_data[8];
  28:Core/Src/CAN_receive.c **** static CAN_TxHeaderTypeDef  chassis_tx_message;
  29:Core/Src/CAN_receive.c **** static uint8_t              chassis_can_send_data[8];
ARM GAS  /var/folders/w9/l2kswtfn3fs2kslkvv5vg9sh0000gn/T//ccT5e2YZ.s 			page 2


  30:Core/Src/CAN_receive.c **** 
  31:Core/Src/CAN_receive.c **** /**
  32:Core/Src/CAN_receive.c ****   * @brief          hal CAN fifo call back, receive motor data
  33:Core/Src/CAN_receive.c ****   * @param[in]      hcan, the point to CAN handle
  34:Core/Src/CAN_receive.c ****   * @retval         none
  35:Core/Src/CAN_receive.c ****   */
  36:Core/Src/CAN_receive.c **** /**
  37:Core/Src/CAN_receive.c ****   * @brief          halďż˝ďż˝CANďż˝Řµďż˝ďż˝ďż˝ďż˝ďż˝,ďż˝ďż˝ďż˝Őµďż˝ďż˝ďż˝ďż˝ďż˝ďż˝
  38:Core/Src/CAN_receive.c ****   * @param[in]      hcan:CANďż˝ďż˝ďż˝Ö¸ďż˝ďż˝
  39:Core/Src/CAN_receive.c ****   * @retval         none
  40:Core/Src/CAN_receive.c ****   */
  41:Core/Src/CAN_receive.c **** void HAL_CAN_RxFifo0MsgPendingCallback(CAN_HandleTypeDef *hcan)
  42:Core/Src/CAN_receive.c **** {
  30              		.loc 1 42 1 view -0
  31              		.cfi_startproc
  32              		@ args = 0, pretend = 0, frame = 40
  33              		@ frame_needed = 0, uses_anonymous_args = 0
  34              		.loc 1 42 1 is_stmt 0 view .LVU1
  35 0000 00B5     		push	{lr}
  36              	.LCFI0:
  37              		.cfi_def_cfa_offset 4
  38              		.cfi_offset 14, -4
  39 0002 8BB0     		sub	sp, sp, #44
  40              	.LCFI1:
  41              		.cfi_def_cfa_offset 48
  43:Core/Src/CAN_receive.c ****     CAN_RxHeaderTypeDef rx_header;
  42              		.loc 1 43 5 is_stmt 1 view .LVU2
  44:Core/Src/CAN_receive.c ****     uint8_t rx_data[8];
  43              		.loc 1 44 5 view .LVU3
  45:Core/Src/CAN_receive.c **** 
  46:Core/Src/CAN_receive.c ****     HAL_CAN_GetRxMessage(hcan, CAN_RX_FIFO0, &rx_header, rx_data);
  44              		.loc 1 46 5 view .LVU4
  45 0004 01AB     		add	r3, sp, #4
  46 0006 03AA     		add	r2, sp, #12
  47 0008 0021     		movs	r1, #0
  48 000a FFF7FEFF 		bl	HAL_CAN_GetRxMessage
  49              	.LVL1:
  47:Core/Src/CAN_receive.c **** 
  48:Core/Src/CAN_receive.c ****     switch (rx_header.StdId)
  50              		.loc 1 48 5 view .LVU5
  51              		.loc 1 48 22 is_stmt 0 view .LVU6
  52 000e 039B     		ldr	r3, [sp, #12]
  53              		.loc 1 48 5 view .LVU7
  54 0010 A3F20122 		subw	r2, r3, #513
  55 0014 062A     		cmp	r2, #6
  56 0016 2BD8     		bhi	.L1
  57              	.LBB2:
  49:Core/Src/CAN_receive.c ****     {
  50:Core/Src/CAN_receive.c ****         case CAN_3508_M1_ID:
  51:Core/Src/CAN_receive.c ****         case CAN_3508_M2_ID:
  52:Core/Src/CAN_receive.c ****         case CAN_3508_M3_ID:
  53:Core/Src/CAN_receive.c ****         case CAN_3508_M4_ID:
  54:Core/Src/CAN_receive.c ****         case CAN_YAW_MOTOR_ID:
  55:Core/Src/CAN_receive.c ****         case CAN_PIT_MOTOR_ID:
  56:Core/Src/CAN_receive.c ****         case CAN_TRIGGER_MOTOR_ID:
  57:Core/Src/CAN_receive.c ****         {
  58:Core/Src/CAN_receive.c ****             static uint8_t i = 0;
ARM GAS  /var/folders/w9/l2kswtfn3fs2kslkvv5vg9sh0000gn/T//ccT5e2YZ.s 			page 3


  58              		.loc 1 58 13 is_stmt 1 view .LVU8
  59:Core/Src/CAN_receive.c ****             //get motor id
  60:Core/Src/CAN_receive.c ****             i = rx_header.StdId - CAN_3508_M1_ID; //ďż˝ÔĽďż˝ďż˝ďż˝ČĄďż˝ÔĽďż˝ÎŞ0ďż˝ďż˝ďż˝ďż˝ďż˝ďż˝ďż
  59              		.loc 1 60 13 view .LVU9
  60              		.loc 1 60 33 is_stmt 0 view .LVU10
  61 0018 013B     		subs	r3, r3, #1
  62 001a DBB2     		uxtb	r3, r3
  63              		.loc 1 60 15 view .LVU11
  64 001c 154A     		ldr	r2, .L4
  65 001e 1370     		strb	r3, [r2]
  61:Core/Src/CAN_receive.c ****             get_motor_measure(&motor_chassis[i], rx_data);
  66              		.loc 1 61 13 is_stmt 1 view .LVU12
  67 0020 1549     		ldr	r1, .L4+4
  68 0022 03EB8300 		add	r0, r3, r3, lsl #2
  69 0026 4200     		lsls	r2, r0, #1
  70 0028 8818     		adds	r0, r1, r2
  71 002a 31F902C0 		ldrsh	ip, [r1, r2]
  72 002e A0F808C0 		strh	ip, [r0, #8]	@ movhi
  73              		.loc 1 61 13 view .LVU13
  74 0032 9DF804E0 		ldrb	lr, [sp, #4]	@ zero_extendqisi2
  75 0036 9DF805C0 		ldrb	ip, [sp, #5]	@ zero_extendqisi2
  76 003a 4CEA0E2C 		orr	ip, ip, lr, lsl #8
  77 003e 21F802C0 		strh	ip, [r1, r2]	@ movhi
  78              		.loc 1 61 13 view .LVU14
  79 0042 9DF806C0 		ldrb	ip, [sp, #6]	@ zero_extendqisi2
  80 0046 9DF80720 		ldrb	r2, [sp, #7]	@ zero_extendqisi2
  81 004a 42EA0C22 		orr	r2, r2, ip, lsl #8
  82 004e 4280     		strh	r2, [r0, #2]	@ movhi
  83              		.loc 1 61 13 view .LVU15
  84 0050 9DF80820 		ldrb	r2, [sp, #8]	@ zero_extendqisi2
  85 0054 1202     		lsls	r2, r2, #8
  86 0056 12B2     		sxth	r2, r2
  87 0058 9DF809C0 		ldrb	ip, [sp, #9]	@ zero_extendqisi2
  88 005c 42EA0C02 		orr	r2, r2, ip
  89 0060 8280     		strh	r2, [r0, #4]	@ movhi
  90              		.loc 1 61 13 view .LVU16
  91 0062 9DF80A00 		ldrb	r0, [sp, #10]	@ zero_extendqisi2
  92 0066 03EB8303 		add	r3, r3, r3, lsl #2
  93 006a 5A00     		lsls	r2, r3, #1
  94 006c 8B18     		adds	r3, r1, r2
  95 006e 9871     		strb	r0, [r3, #6]
  96              		.loc 1 61 58 view .LVU17
  62:Core/Src/CAN_receive.c ****             break;
  97              		.loc 1 62 13 view .LVU18
  98              	.L1:
  99              	.LBE2:
  63:Core/Src/CAN_receive.c ****         }
  64:Core/Src/CAN_receive.c **** 
  65:Core/Src/CAN_receive.c ****         default:
  66:Core/Src/CAN_receive.c ****         {
  67:Core/Src/CAN_receive.c ****             break;
  68:Core/Src/CAN_receive.c ****         }
  69:Core/Src/CAN_receive.c ****     }
  70:Core/Src/CAN_receive.c **** }
 100              		.loc 1 70 1 is_stmt 0 view .LVU19
 101 0070 0BB0     		add	sp, sp, #44
 102              	.LCFI2:
ARM GAS  /var/folders/w9/l2kswtfn3fs2kslkvv5vg9sh0000gn/T//ccT5e2YZ.s 			page 4


 103              		.cfi_def_cfa_offset 4
 104              		@ sp needed
 105 0072 00BD     		pop	{pc}
 106              	.L5:
 107              		.align	2
 108              	.L4:
 109 0074 00000000 		.word	i.0
 110 0078 00000000 		.word	motor_chassis
 111              		.cfi_endproc
 112              	.LFE162:
 114              		.section	.text.CAN_cmd_gimbal,"ax",%progbits
 115              		.align	1
 116              		.global	CAN_cmd_gimbal
 117              		.syntax unified
 118              		.thumb
 119              		.thumb_func
 121              	CAN_cmd_gimbal:
 122              	.LVL2:
 123              	.LFB163:
  71:Core/Src/CAN_receive.c **** 
  72:Core/Src/CAN_receive.c **** 
  73:Core/Src/CAN_receive.c **** 
  74:Core/Src/CAN_receive.c **** /**
  75:Core/Src/CAN_receive.c ****   * @brief          send control current of motor (0x205, 0x206, 0x207, 0x208)
  76:Core/Src/CAN_receive.c ****   * @param[in]      yaw: (0x205) 6020 motor control current, range [-30000,30000] 
  77:Core/Src/CAN_receive.c ****   * @param[in]      pitch: (0x206) 6020 motor control current, range [-30000,30000]
  78:Core/Src/CAN_receive.c ****   * @param[in]      shoot: (0x207) 2006 motor control current, range [-10000,10000]
  79:Core/Src/CAN_receive.c ****   * @param[in]      rev: (0x208) reserve motor control current
  80:Core/Src/CAN_receive.c ****   * @retval         none
  81:Core/Src/CAN_receive.c ****   */
  82:Core/Src/CAN_receive.c **** /**
  83:Core/Src/CAN_receive.c ****   * @brief          ďż˝ďż˝ďż˝Íµďż˝ďż˝ďż˝ďż˝ďż˝Ćµďż˝ďż˝ďż˝(0x205,0x206,0x207,0x208)
  84:Core/Src/CAN_receive.c ****   * @param[in]      yaw: (0x205) 6020ďż˝ďż˝ďż˝ďż˝ďż˝ďż˝Ćµďż˝ďż˝ďż˝, ďż˝ďż˝Î§ [-30000,30000]
  85:Core/Src/CAN_receive.c ****   * @param[in]      pitch: (0x206) 6020ďż˝ďż˝ďż˝ďż˝ďż˝ďż˝Ćµďż˝ďż˝ďż˝, ďż˝ďż˝Î§ [-30000,30000]
  86:Core/Src/CAN_receive.c ****   * @param[in]      shoot: (0x207) 2006ďż˝ďż˝ďż˝ďż˝ďż˝ďż˝Ćµďż˝ďż˝ďż˝, ďż˝ďż˝Î§ [-10000,10000]
  87:Core/Src/CAN_receive.c ****   * @param[in]      rev: (0x208) ďż˝ďż˝ďż˝ďż˝ďż˝ďż˝ďż˝ďż˝ďż˝ďż˝ďż˝ďż˝Ćµďż˝ďż˝ďż˝
  88:Core/Src/CAN_receive.c ****   * @retval         none
  89:Core/Src/CAN_receive.c ****   */
  90:Core/Src/CAN_receive.c **** void CAN_cmd_gimbal(int16_t yaw, int16_t pitch, int16_t shoot, int16_t rev)
  91:Core/Src/CAN_receive.c **** {
 124              		.loc 1 91 1 is_stmt 1 view -0
 125              		.cfi_startproc
 126              		@ args = 0, pretend = 0, frame = 8
 127              		@ frame_needed = 0, uses_anonymous_args = 0
 128              		.loc 1 91 1 is_stmt 0 view .LVU21
 129 0000 10B5     		push	{r4, lr}
 130              	.LCFI3:
 131              		.cfi_def_cfa_offset 8
 132              		.cfi_offset 4, -8
 133              		.cfi_offset 14, -4
 134 0002 82B0     		sub	sp, sp, #8
 135              	.LCFI4:
 136              		.cfi_def_cfa_offset 16
 137 0004 8E46     		mov	lr, r1
 138 0006 9446     		mov	ip, r2
  92:Core/Src/CAN_receive.c ****     uint32_t send_mail_box;
 139              		.loc 1 92 5 is_stmt 1 view .LVU22
ARM GAS  /var/folders/w9/l2kswtfn3fs2kslkvv5vg9sh0000gn/T//ccT5e2YZ.s 			page 5


  93:Core/Src/CAN_receive.c ****     gimbal_tx_message.StdId = CAN_GIMBAL_ALL_ID;
 140              		.loc 1 93 5 view .LVU23
 141              		.loc 1 93 29 is_stmt 0 view .LVU24
 142 0008 0F49     		ldr	r1, .L8
 143              	.LVL3:
 144              		.loc 1 93 29 view .LVU25
 145 000a 40F2FF12 		movw	r2, #511
 146              	.LVL4:
 147              		.loc 1 93 29 view .LVU26
 148 000e 0A60     		str	r2, [r1]
  94:Core/Src/CAN_receive.c ****     gimbal_tx_message.IDE = CAN_ID_STD;
 149              		.loc 1 94 5 is_stmt 1 view .LVU27
 150              		.loc 1 94 27 is_stmt 0 view .LVU28
 151 0010 0022     		movs	r2, #0
 152 0012 8A60     		str	r2, [r1, #8]
  95:Core/Src/CAN_receive.c ****     gimbal_tx_message.RTR = CAN_RTR_DATA;
 153              		.loc 1 95 5 is_stmt 1 view .LVU29
 154              		.loc 1 95 27 is_stmt 0 view .LVU30
 155 0014 CA60     		str	r2, [r1, #12]
  96:Core/Src/CAN_receive.c ****     gimbal_tx_message.DLC = 0x08;
 156              		.loc 1 96 5 is_stmt 1 view .LVU31
 157              		.loc 1 96 27 is_stmt 0 view .LVU32
 158 0016 0822     		movs	r2, #8
 159 0018 0A61     		str	r2, [r1, #16]
  97:Core/Src/CAN_receive.c ****     gimbal_can_send_data[0] = (yaw >> 8);
 160              		.loc 1 97 5 is_stmt 1 view .LVU33
 161              		.loc 1 97 29 is_stmt 0 view .LVU34
 162 001a 0C4A     		ldr	r2, .L8+4
 163 001c 0412     		asrs	r4, r0, #8
 164 001e 1470     		strb	r4, [r2]
  98:Core/Src/CAN_receive.c ****     gimbal_can_send_data[1] = yaw;
 165              		.loc 1 98 5 is_stmt 1 view .LVU35
 166              		.loc 1 98 29 is_stmt 0 view .LVU36
 167 0020 5070     		strb	r0, [r2, #1]
  99:Core/Src/CAN_receive.c ****     gimbal_can_send_data[2] = (pitch >> 8);
 168              		.loc 1 99 5 is_stmt 1 view .LVU37
 169              		.loc 1 99 29 is_stmt 0 view .LVU38
 170 0022 4FEA2E20 		asr	r0, lr, #8
 171              	.LVL5:
 172              		.loc 1 99 29 view .LVU39
 173 0026 9070     		strb	r0, [r2, #2]
 100:Core/Src/CAN_receive.c ****     gimbal_can_send_data[3] = pitch;
 174              		.loc 1 100 5 is_stmt 1 view .LVU40
 175              		.loc 1 100 29 is_stmt 0 view .LVU41
 176 0028 82F803E0 		strb	lr, [r2, #3]
 101:Core/Src/CAN_receive.c ****     gimbal_can_send_data[4] = (shoot >> 8);
 177              		.loc 1 101 5 is_stmt 1 view .LVU42
 178              		.loc 1 101 29 is_stmt 0 view .LVU43
 179 002c 4FEA2C20 		asr	r0, ip, #8
 180 0030 1071     		strb	r0, [r2, #4]
 102:Core/Src/CAN_receive.c ****     gimbal_can_send_data[5] = shoot;
 181              		.loc 1 102 5 is_stmt 1 view .LVU44
 182              		.loc 1 102 29 is_stmt 0 view .LVU45
 183 0032 82F805C0 		strb	ip, [r2, #5]
 103:Core/Src/CAN_receive.c ****     gimbal_can_send_data[6] = (rev >> 8);
 184              		.loc 1 103 5 is_stmt 1 view .LVU46
 185              		.loc 1 103 29 is_stmt 0 view .LVU47
ARM GAS  /var/folders/w9/l2kswtfn3fs2kslkvv5vg9sh0000gn/T//ccT5e2YZ.s 			page 6


 186 0036 1812     		asrs	r0, r3, #8
 187 0038 9071     		strb	r0, [r2, #6]
 104:Core/Src/CAN_receive.c ****     gimbal_can_send_data[7] = rev;
 188              		.loc 1 104 5 is_stmt 1 view .LVU48
 189              		.loc 1 104 29 is_stmt 0 view .LVU49
 190 003a D371     		strb	r3, [r2, #7]
 105:Core/Src/CAN_receive.c ****     HAL_CAN_AddTxMessage(&GIMBAL_CAN, &gimbal_tx_message, gimbal_can_send_data, &send_mail_box);
 191              		.loc 1 105 5 is_stmt 1 view .LVU50
 192 003c 01AB     		add	r3, sp, #4
 193              	.LVL6:
 194              		.loc 1 105 5 is_stmt 0 view .LVU51
 195 003e 0448     		ldr	r0, .L8+8
 196 0040 FFF7FEFF 		bl	HAL_CAN_AddTxMessage
 197              	.LVL7:
 106:Core/Src/CAN_receive.c **** }
 198              		.loc 1 106 1 view .LVU52
 199 0044 02B0     		add	sp, sp, #8
 200              	.LCFI5:
 201              		.cfi_def_cfa_offset 8
 202              		@ sp needed
 203 0046 10BD     		pop	{r4, pc}
 204              	.L9:
 205              		.align	2
 206              	.L8:
 207 0048 00000000 		.word	gimbal_tx_message
 208 004c 00000000 		.word	gimbal_can_send_data
 209 0050 00000000 		.word	hcan2
 210              		.cfi_endproc
 211              	.LFE163:
 213              		.section	.text.CAN_cmd_chassis_reset_ID,"ax",%progbits
 214              		.align	1
 215              		.global	CAN_cmd_chassis_reset_ID
 216              		.syntax unified
 217              		.thumb
 218              		.thumb_func
 220              	CAN_cmd_chassis_reset_ID:
 221              	.LFB164:
 107:Core/Src/CAN_receive.c **** 
 108:Core/Src/CAN_receive.c **** /**
 109:Core/Src/CAN_receive.c ****   * @brief          send CAN packet of ID 0x700, it will set chassis motor 3508 to quick ID setting
 110:Core/Src/CAN_receive.c ****   * @param[in]      none
 111:Core/Src/CAN_receive.c ****   * @retval         none
 112:Core/Src/CAN_receive.c ****   */
 113:Core/Src/CAN_receive.c **** /**
 114:Core/Src/CAN_receive.c ****   * @brief          ďż˝ďż˝ďż˝ďż˝IDÎŞ0x700ďż˝ďż˝CANďż˝ďż˝,ďż˝ďż˝ďż˝ďż˝ďż˝ďż˝ďż˝ďż˝3508ďż˝ďż˝ďż˝ďż˝ďż
 115:Core/Src/CAN_receive.c ****   * @param[in]      none
 116:Core/Src/CAN_receive.c ****   * @retval         none
 117:Core/Src/CAN_receive.c ****   */
 118:Core/Src/CAN_receive.c **** void CAN_cmd_chassis_reset_ID(void)
 119:Core/Src/CAN_receive.c **** {
 222              		.loc 1 119 1 is_stmt 1 view -0
 223              		.cfi_startproc
 224              		@ args = 0, pretend = 0, frame = 8
 225              		@ frame_needed = 0, uses_anonymous_args = 0
 226 0000 00B5     		push	{lr}
 227              	.LCFI6:
 228              		.cfi_def_cfa_offset 4
ARM GAS  /var/folders/w9/l2kswtfn3fs2kslkvv5vg9sh0000gn/T//ccT5e2YZ.s 			page 7


 229              		.cfi_offset 14, -4
 230 0002 83B0     		sub	sp, sp, #12
 231              	.LCFI7:
 232              		.cfi_def_cfa_offset 16
 120:Core/Src/CAN_receive.c ****     uint32_t send_mail_box;
 233              		.loc 1 120 5 view .LVU54
 121:Core/Src/CAN_receive.c ****     chassis_tx_message.StdId = 0x700;
 234              		.loc 1 121 5 view .LVU55
 235              		.loc 1 121 30 is_stmt 0 view .LVU56
 236 0004 0B49     		ldr	r1, .L12
 237 0006 4FF4E063 		mov	r3, #1792
 238 000a 0B60     		str	r3, [r1]
 122:Core/Src/CAN_receive.c ****     chassis_tx_message.IDE = CAN_ID_STD;
 239              		.loc 1 122 5 is_stmt 1 view .LVU57
 240              		.loc 1 122 28 is_stmt 0 view .LVU58
 241 000c 0023     		movs	r3, #0
 242 000e 8B60     		str	r3, [r1, #8]
 123:Core/Src/CAN_receive.c ****     chassis_tx_message.RTR = CAN_RTR_DATA;
 243              		.loc 1 123 5 is_stmt 1 view .LVU59
 244              		.loc 1 123 28 is_stmt 0 view .LVU60
 245 0010 CB60     		str	r3, [r1, #12]
 124:Core/Src/CAN_receive.c ****     chassis_tx_message.DLC = 0x08;
 246              		.loc 1 124 5 is_stmt 1 view .LVU61
 247              		.loc 1 124 28 is_stmt 0 view .LVU62
 248 0012 0822     		movs	r2, #8
 249 0014 0A61     		str	r2, [r1, #16]
 125:Core/Src/CAN_receive.c ****     chassis_can_send_data[0] = 0;
 250              		.loc 1 125 5 is_stmt 1 view .LVU63
 251              		.loc 1 125 30 is_stmt 0 view .LVU64
 252 0016 084A     		ldr	r2, .L12+4
 253 0018 1370     		strb	r3, [r2]
 126:Core/Src/CAN_receive.c ****     chassis_can_send_data[1] = 0;
 254              		.loc 1 126 5 is_stmt 1 view .LVU65
 255              		.loc 1 126 30 is_stmt 0 view .LVU66
 256 001a 5370     		strb	r3, [r2, #1]
 127:Core/Src/CAN_receive.c ****     chassis_can_send_data[2] = 0;
 257              		.loc 1 127 5 is_stmt 1 view .LVU67
 258              		.loc 1 127 30 is_stmt 0 view .LVU68
 259 001c 9370     		strb	r3, [r2, #2]
 128:Core/Src/CAN_receive.c ****     chassis_can_send_data[3] = 0;
 260              		.loc 1 128 5 is_stmt 1 view .LVU69
 261              		.loc 1 128 30 is_stmt 0 view .LVU70
 262 001e D370     		strb	r3, [r2, #3]
 129:Core/Src/CAN_receive.c ****     chassis_can_send_data[4] = 0;
 263              		.loc 1 129 5 is_stmt 1 view .LVU71
 264              		.loc 1 129 30 is_stmt 0 view .LVU72
 265 0020 1371     		strb	r3, [r2, #4]
 130:Core/Src/CAN_receive.c ****     chassis_can_send_data[5] = 0;
 266              		.loc 1 130 5 is_stmt 1 view .LVU73
 267              		.loc 1 130 30 is_stmt 0 view .LVU74
 268 0022 5371     		strb	r3, [r2, #5]
 131:Core/Src/CAN_receive.c ****     chassis_can_send_data[6] = 0;
 269              		.loc 1 131 5 is_stmt 1 view .LVU75
 270              		.loc 1 131 30 is_stmt 0 view .LVU76
 271 0024 9371     		strb	r3, [r2, #6]
 132:Core/Src/CAN_receive.c ****     chassis_can_send_data[7] = 0;
 272              		.loc 1 132 5 is_stmt 1 view .LVU77
ARM GAS  /var/folders/w9/l2kswtfn3fs2kslkvv5vg9sh0000gn/T//ccT5e2YZ.s 			page 8


 273              		.loc 1 132 30 is_stmt 0 view .LVU78
 274 0026 D371     		strb	r3, [r2, #7]
 133:Core/Src/CAN_receive.c **** 
 134:Core/Src/CAN_receive.c ****     HAL_CAN_AddTxMessage(&CHASSIS_CAN, &chassis_tx_message, chassis_can_send_data, &send_mail_box);
 275              		.loc 1 134 5 is_stmt 1 view .LVU79
 276 0028 01AB     		add	r3, sp, #4
 277 002a 0448     		ldr	r0, .L12+8
 278 002c FFF7FEFF 		bl	HAL_CAN_AddTxMessage
 279              	.LVL8:
 135:Core/Src/CAN_receive.c **** }
 280              		.loc 1 135 1 is_stmt 0 view .LVU80
 281 0030 03B0     		add	sp, sp, #12
 282              	.LCFI8:
 283              		.cfi_def_cfa_offset 4
 284              		@ sp needed
 285 0032 00BD     		pop	{pc}
 286              	.L13:
 287              		.align	2
 288              	.L12:
 289 0034 00000000 		.word	chassis_tx_message
 290 0038 00000000 		.word	chassis_can_send_data
 291 003c 00000000 		.word	hcan1
 292              		.cfi_endproc
 293              	.LFE164:
 295              		.section	.text.CAN_cmd_chassis,"ax",%progbits
 296              		.align	1
 297              		.global	CAN_cmd_chassis
 298              		.syntax unified
 299              		.thumb
 300              		.thumb_func
 302              	CAN_cmd_chassis:
 303              	.LVL9:
 304              	.LFB165:
 136:Core/Src/CAN_receive.c **** 
 137:Core/Src/CAN_receive.c **** 
 138:Core/Src/CAN_receive.c **** /**
 139:Core/Src/CAN_receive.c ****   * @brief          send control current of motor (0x201, 0x202, 0x203, 0x204)
 140:Core/Src/CAN_receive.c ****   * @param[in]      motor1: (0x201) 3508 motor control current, range [-16384,16384] 
 141:Core/Src/CAN_receive.c ****   * @param[in]      motor2: (0x202) 3508 motor control current, range [-16384,16384] 
 142:Core/Src/CAN_receive.c ****   * @param[in]      motor3: (0x203) 3508 motor control current, range [-16384,16384] 
 143:Core/Src/CAN_receive.c ****   * @param[in]      motor4: (0x204) 3508 motor control current, range [-16384,16384] 
 144:Core/Src/CAN_receive.c ****   * @retval         none
 145:Core/Src/CAN_receive.c ****   */
 146:Core/Src/CAN_receive.c **** /**
 147:Core/Src/CAN_receive.c ****   * @brief          ďż˝ďż˝ďż˝Íµďż˝ďż˝ďż˝ďż˝ďż˝Ćµďż˝ďż˝ďż˝(0x201,0x202,0x203,0x204)
 148:Core/Src/CAN_receive.c ****   * @param[in]      motor1: (0x201) 3508ďż˝ďż˝ďż˝ďż˝ďż˝ďż˝Ćµďż˝ďż˝ďż˝, ďż˝ďż˝Î§ [-16384,16384]
 149:Core/Src/CAN_receive.c ****   * @param[in]      motor2: (0x202) 3508ďż˝ďż˝ďż˝ďż˝ďż˝ďż˝Ćµďż˝ďż˝ďż˝, ďż˝ďż˝Î§ [-16384,16384]
 150:Core/Src/CAN_receive.c ****   * @param[in]      motor3: (0x203) 3508ďż˝ďż˝ďż˝ďż˝ďż˝ďż˝Ćµďż˝ďż˝ďż˝, ďż˝ďż˝Î§ [-16384,16384]
 151:Core/Src/CAN_receive.c ****   * @param[in]      motor4: (0x204) 3508ďż˝ďż˝ďż˝ďż˝ďż˝ďż˝Ćµďż˝ďż˝ďż˝, ďż˝ďż˝Î§ [-16384,16384]
 152:Core/Src/CAN_receive.c ****   * @retval         none
 153:Core/Src/CAN_receive.c ****   */
 154:Core/Src/CAN_receive.c **** void CAN_cmd_chassis(int16_t motor1, int16_t motor2, int16_t motor3, int16_t motor4)
 155:Core/Src/CAN_receive.c **** {
 305              		.loc 1 155 1 is_stmt 1 view -0
 306              		.cfi_startproc
 307              		@ args = 0, pretend = 0, frame = 8
 308              		@ frame_needed = 0, uses_anonymous_args = 0
ARM GAS  /var/folders/w9/l2kswtfn3fs2kslkvv5vg9sh0000gn/T//ccT5e2YZ.s 			page 9


 309              		.loc 1 155 1 is_stmt 0 view .LVU82
 310 0000 10B5     		push	{r4, lr}
 311              	.LCFI9:
 312              		.cfi_def_cfa_offset 8
 313              		.cfi_offset 4, -8
 314              		.cfi_offset 14, -4
 315 0002 82B0     		sub	sp, sp, #8
 316              	.LCFI10:
 317              		.cfi_def_cfa_offset 16
 318 0004 8E46     		mov	lr, r1
 319 0006 9446     		mov	ip, r2
 156:Core/Src/CAN_receive.c ****     uint32_t send_mail_box;
 320              		.loc 1 156 5 is_stmt 1 view .LVU83
 157:Core/Src/CAN_receive.c ****     chassis_tx_message.StdId = CAN_CHASSIS_ALL_ID;
 321              		.loc 1 157 5 view .LVU84
 322              		.loc 1 157 30 is_stmt 0 view .LVU85
 323 0008 0F49     		ldr	r1, .L16
 324              	.LVL10:
 325              		.loc 1 157 30 view .LVU86
 326 000a 4FF40072 		mov	r2, #512
 327              	.LVL11:
 328              		.loc 1 157 30 view .LVU87
 329 000e 0A60     		str	r2, [r1]
 158:Core/Src/CAN_receive.c ****     chassis_tx_message.IDE = CAN_ID_STD;
 330              		.loc 1 158 5 is_stmt 1 view .LVU88
 331              		.loc 1 158 28 is_stmt 0 view .LVU89
 332 0010 0022     		movs	r2, #0
 333 0012 8A60     		str	r2, [r1, #8]
 159:Core/Src/CAN_receive.c ****     chassis_tx_message.RTR = CAN_RTR_DATA;
 334              		.loc 1 159 5 is_stmt 1 view .LVU90
 335              		.loc 1 159 28 is_stmt 0 view .LVU91
 336 0014 CA60     		str	r2, [r1, #12]
 160:Core/Src/CAN_receive.c ****     chassis_tx_message.DLC = 0x08;
 337              		.loc 1 160 5 is_stmt 1 view .LVU92
 338              		.loc 1 160 28 is_stmt 0 view .LVU93
 339 0016 0822     		movs	r2, #8
 340 0018 0A61     		str	r2, [r1, #16]
 161:Core/Src/CAN_receive.c ****     chassis_can_send_data[0] = motor1 >> 8;
 341              		.loc 1 161 5 is_stmt 1 view .LVU94
 342              		.loc 1 161 30 is_stmt 0 view .LVU95
 343 001a 0C4A     		ldr	r2, .L16+4
 344 001c 0412     		asrs	r4, r0, #8
 345 001e 1470     		strb	r4, [r2]
 162:Core/Src/CAN_receive.c ****     chassis_can_send_data[1] = motor1;
 346              		.loc 1 162 5 is_stmt 1 view .LVU96
 347              		.loc 1 162 30 is_stmt 0 view .LVU97
 348 0020 5070     		strb	r0, [r2, #1]
 163:Core/Src/CAN_receive.c ****     chassis_can_send_data[2] = motor2 >> 8;
 349              		.loc 1 163 5 is_stmt 1 view .LVU98
 350              		.loc 1 163 30 is_stmt 0 view .LVU99
 351 0022 4FEA2E20 		asr	r0, lr, #8
 352              	.LVL12:
 353              		.loc 1 163 30 view .LVU100
 354 0026 9070     		strb	r0, [r2, #2]
 164:Core/Src/CAN_receive.c ****     chassis_can_send_data[3] = motor2;
 355              		.loc 1 164 5 is_stmt 1 view .LVU101
 356              		.loc 1 164 30 is_stmt 0 view .LVU102
ARM GAS  /var/folders/w9/l2kswtfn3fs2kslkvv5vg9sh0000gn/T//ccT5e2YZ.s 			page 10


 357 0028 82F803E0 		strb	lr, [r2, #3]
 165:Core/Src/CAN_receive.c ****     chassis_can_send_data[4] = motor3 >> 8;
 358              		.loc 1 165 5 is_stmt 1 view .LVU103
 359              		.loc 1 165 30 is_stmt 0 view .LVU104
 360 002c 4FEA2C20 		asr	r0, ip, #8
 361 0030 1071     		strb	r0, [r2, #4]
 166:Core/Src/CAN_receive.c ****     chassis_can_send_data[5] = motor3;
 362              		.loc 1 166 5 is_stmt 1 view .LVU105
 363              		.loc 1 166 30 is_stmt 0 view .LVU106
 364 0032 82F805C0 		strb	ip, [r2, #5]
 167:Core/Src/CAN_receive.c ****     chassis_can_send_data[6] = motor4 >> 8;
 365              		.loc 1 167 5 is_stmt 1 view .LVU107
 366              		.loc 1 167 30 is_stmt 0 view .LVU108
 367 0036 1812     		asrs	r0, r3, #8
 368 0038 9071     		strb	r0, [r2, #6]
 168:Core/Src/CAN_receive.c ****     chassis_can_send_data[7] = motor4;
 369              		.loc 1 168 5 is_stmt 1 view .LVU109
 370              		.loc 1 168 30 is_stmt 0 view .LVU110
 371 003a D371     		strb	r3, [r2, #7]
 169:Core/Src/CAN_receive.c **** 
 170:Core/Src/CAN_receive.c ****     HAL_CAN_AddTxMessage(&CHASSIS_CAN, &chassis_tx_message, chassis_can_send_data, &send_mail_box);
 372              		.loc 1 170 5 is_stmt 1 view .LVU111
 373 003c 01AB     		add	r3, sp, #4
 374              	.LVL13:
 375              		.loc 1 170 5 is_stmt 0 view .LVU112
 376 003e 0448     		ldr	r0, .L16+8
 377 0040 FFF7FEFF 		bl	HAL_CAN_AddTxMessage
 378              	.LVL14:
 171:Core/Src/CAN_receive.c **** }
 379              		.loc 1 171 1 view .LVU113
 380 0044 02B0     		add	sp, sp, #8
 381              	.LCFI11:
 382              		.cfi_def_cfa_offset 8
 383              		@ sp needed
 384 0046 10BD     		pop	{r4, pc}
 385              	.L17:
 386              		.align	2
 387              	.L16:
 388 0048 00000000 		.word	chassis_tx_message
 389 004c 00000000 		.word	chassis_can_send_data
 390 0050 00000000 		.word	hcan1
 391              		.cfi_endproc
 392              	.LFE165:
 394              		.section	.text.get_yaw_gimbal_motor_measure_point,"ax",%progbits
 395              		.align	1
 396              		.global	get_yaw_gimbal_motor_measure_point
 397              		.syntax unified
 398              		.thumb
 399              		.thumb_func
 401              	get_yaw_gimbal_motor_measure_point:
 402              	.LFB166:
 172:Core/Src/CAN_receive.c **** 
 173:Core/Src/CAN_receive.c **** /**
 174:Core/Src/CAN_receive.c ****   * @brief          return the yaw 6020 motor data point
 175:Core/Src/CAN_receive.c ****   * @param[in]      none
 176:Core/Src/CAN_receive.c ****   * @retval         motor data point
 177:Core/Src/CAN_receive.c ****   */
ARM GAS  /var/folders/w9/l2kswtfn3fs2kslkvv5vg9sh0000gn/T//ccT5e2YZ.s 			page 11


 178:Core/Src/CAN_receive.c **** /**
 179:Core/Src/CAN_receive.c ****   * @brief          ďż˝ďż˝ďż˝ďż˝yaw 6020ďż˝ďż˝ďż˝ďż˝ďż˝ďż˝ďż˝Ö¸ďż˝ďż˝
 180:Core/Src/CAN_receive.c ****   * @param[in]      none
 181:Core/Src/CAN_receive.c ****   * @retval         ďż˝ďż˝ďż˝ďż˝ďż˝ďż˝ďż˝Ö¸ďż˝ďż˝
 182:Core/Src/CAN_receive.c ****   */
 183:Core/Src/CAN_receive.c **** const motor_measure_t *get_yaw_gimbal_motor_measure_point(void)
 184:Core/Src/CAN_receive.c **** {
 403              		.loc 1 184 1 is_stmt 1 view -0
 404              		.cfi_startproc
 405              		@ args = 0, pretend = 0, frame = 0
 406              		@ frame_needed = 0, uses_anonymous_args = 0
 407              		@ link register save eliminated.
 185:Core/Src/CAN_receive.c ****     return &motor_chassis[4];
 408              		.loc 1 185 5 view .LVU115
 186:Core/Src/CAN_receive.c **** }
 409              		.loc 1 186 1 is_stmt 0 view .LVU116
 410 0000 0048     		ldr	r0, .L19
 411 0002 7047     		bx	lr
 412              	.L20:
 413              		.align	2
 414              	.L19:
 415 0004 28000000 		.word	motor_chassis+40
 416              		.cfi_endproc
 417              	.LFE166:
 419              		.section	.text.get_pitch_gimbal_motor_measure_point,"ax",%progbits
 420              		.align	1
 421              		.global	get_pitch_gimbal_motor_measure_point
 422              		.syntax unified
 423              		.thumb
 424              		.thumb_func
 426              	get_pitch_gimbal_motor_measure_point:
 427              	.LFB167:
 187:Core/Src/CAN_receive.c **** 
 188:Core/Src/CAN_receive.c **** /**
 189:Core/Src/CAN_receive.c ****   * @brief          return the pitch 6020 motor data point
 190:Core/Src/CAN_receive.c ****   * @param[in]      none
 191:Core/Src/CAN_receive.c ****   * @retval         motor data point
 192:Core/Src/CAN_receive.c ****   */
 193:Core/Src/CAN_receive.c **** /**
 194:Core/Src/CAN_receive.c ****   * @brief          ďż˝ďż˝ďż˝ďż˝pitch 6020ďż˝ďż˝ďż˝ďż˝ďż˝ďż˝ďż˝Ö¸ďż˝ďż˝
 195:Core/Src/CAN_receive.c ****   * @param[in]      none
 196:Core/Src/CAN_receive.c ****   * @retval         ďż˝ďż˝ďż˝ďż˝ďż˝ďż˝ďż˝Ö¸ďż˝ďż˝
 197:Core/Src/CAN_receive.c ****   */
 198:Core/Src/CAN_receive.c **** const motor_measure_t *get_pitch_gimbal_motor_measure_point(void)
 199:Core/Src/CAN_receive.c **** {
 428              		.loc 1 199 1 is_stmt 1 view -0
 429              		.cfi_startproc
 430              		@ args = 0, pretend = 0, frame = 0
 431              		@ frame_needed = 0, uses_anonymous_args = 0
 432              		@ link register save eliminated.
 200:Core/Src/CAN_receive.c ****     return &motor_chassis[5];
 433              		.loc 1 200 5 view .LVU118
 201:Core/Src/CAN_receive.c **** }
 434              		.loc 1 201 1 is_stmt 0 view .LVU119
 435 0000 0048     		ldr	r0, .L22
 436 0002 7047     		bx	lr
 437              	.L23:
ARM GAS  /var/folders/w9/l2kswtfn3fs2kslkvv5vg9sh0000gn/T//ccT5e2YZ.s 			page 12


 438              		.align	2
 439              	.L22:
 440 0004 32000000 		.word	motor_chassis+50
 441              		.cfi_endproc
 442              	.LFE167:
 444              		.section	.text.get_trigger_motor_measure_point,"ax",%progbits
 445              		.align	1
 446              		.global	get_trigger_motor_measure_point
 447              		.syntax unified
 448              		.thumb
 449              		.thumb_func
 451              	get_trigger_motor_measure_point:
 452              	.LFB168:
 202:Core/Src/CAN_receive.c **** 
 203:Core/Src/CAN_receive.c **** 
 204:Core/Src/CAN_receive.c **** /**
 205:Core/Src/CAN_receive.c ****   * @brief          return the trigger 2006 motor data point
 206:Core/Src/CAN_receive.c ****   * @param[in]      none
 207:Core/Src/CAN_receive.c ****   * @retval         motor data point
 208:Core/Src/CAN_receive.c ****   */
 209:Core/Src/CAN_receive.c **** /**
 210:Core/Src/CAN_receive.c ****   * @brief          ďż˝ďż˝ďż˝Ř˛ďż˝ďż˝ďż˝ďż˝ďż˝ďż˝ 2006ďż˝ďż˝ďż˝ďż˝ďż˝ďż˝ďż˝Ö¸ďż˝ďż˝
 211:Core/Src/CAN_receive.c ****   * @param[in]      none
 212:Core/Src/CAN_receive.c ****   * @retval         ďż˝ďż˝ďż˝ďż˝ďż˝ďż˝ďż˝Ö¸ďż˝ďż˝
 213:Core/Src/CAN_receive.c ****   */
 214:Core/Src/CAN_receive.c **** const motor_measure_t *get_trigger_motor_measure_point(void)
 215:Core/Src/CAN_receive.c **** {
 453              		.loc 1 215 1 is_stmt 1 view -0
 454              		.cfi_startproc
 455              		@ args = 0, pretend = 0, frame = 0
 456              		@ frame_needed = 0, uses_anonymous_args = 0
 457              		@ link register save eliminated.
 216:Core/Src/CAN_receive.c ****     return &motor_chassis[6];
 458              		.loc 1 216 5 view .LVU121
 217:Core/Src/CAN_receive.c **** }
 459              		.loc 1 217 1 is_stmt 0 view .LVU122
 460 0000 0048     		ldr	r0, .L25
 461 0002 7047     		bx	lr
 462              	.L26:
 463              		.align	2
 464              	.L25:
 465 0004 3C000000 		.word	motor_chassis+60
 466              		.cfi_endproc
 467              	.LFE168:
 469              		.section	.text.get_chassis_motor_measure_point,"ax",%progbits
 470              		.align	1
 471              		.global	get_chassis_motor_measure_point
 472              		.syntax unified
 473              		.thumb
 474              		.thumb_func
 476              	get_chassis_motor_measure_point:
 477              	.LVL15:
 478              	.LFB169:
 218:Core/Src/CAN_receive.c **** 
 219:Core/Src/CAN_receive.c **** 
 220:Core/Src/CAN_receive.c **** /**
 221:Core/Src/CAN_receive.c ****   * @brief          return the chassis 3508 motor data point
ARM GAS  /var/folders/w9/l2kswtfn3fs2kslkvv5vg9sh0000gn/T//ccT5e2YZ.s 			page 13


 222:Core/Src/CAN_receive.c ****   * @param[in]      i: motor number,range [0,3]
 223:Core/Src/CAN_receive.c ****   * @retval         motor data point
 224:Core/Src/CAN_receive.c ****   */
 225:Core/Src/CAN_receive.c **** /**
 226:Core/Src/CAN_receive.c ****   * @brief          ďż˝ďż˝ďż˝Řµďż˝ďż˝Ěµďż˝ďż˝ 3508ďż˝ďż˝ďż˝ďż˝ďż˝ďż˝ďż˝Ö¸ďż˝ďż˝
 227:Core/Src/CAN_receive.c ****   * @param[in]      i: ďż˝ďż˝ďż˝ďż˝ďż˝ďż˝,ďż˝ďż˝Î§[0,3]
 228:Core/Src/CAN_receive.c ****   * @retval         ďż˝ďż˝ďż˝ďż˝ďż˝ďż˝ďż˝Ö¸ďż˝ďż˝
 229:Core/Src/CAN_receive.c ****   */
 230:Core/Src/CAN_receive.c **** const motor_measure_t *get_chassis_motor_measure_point(uint8_t i)
 231:Core/Src/CAN_receive.c **** {
 479              		.loc 1 231 1 is_stmt 1 view -0
 480              		.cfi_startproc
 481              		@ args = 0, pretend = 0, frame = 0
 482              		@ frame_needed = 0, uses_anonymous_args = 0
 483              		@ link register save eliminated.
 232:Core/Src/CAN_receive.c ****     return &motor_chassis[(i & 0x03)];
 484              		.loc 1 232 5 view .LVU124
 485              		.loc 1 232 30 is_stmt 0 view .LVU125
 486 0000 00F00300 		and	r0, r0, #3
 487              	.LVL16:
 488              		.loc 1 232 12 view .LVU126
 489 0004 00EB8000 		add	r0, r0, r0, lsl #2
 233:Core/Src/CAN_receive.c **** }
 490              		.loc 1 233 1 view .LVU127
 491 0008 014B     		ldr	r3, .L28
 492 000a 03EB4000 		add	r0, r3, r0, lsl #1
 493 000e 7047     		bx	lr
 494              	.L29:
 495              		.align	2
 496              	.L28:
 497 0010 00000000 		.word	motor_chassis
 498              		.cfi_endproc
 499              	.LFE169:
 501              		.section	.rodata.Motor_print.str1.4,"aMS",%progbits,1
 502              		.align	2
 503              	.LC0:
 504 0000 74656D70 		.ascii	"temp:%d rpm:%d given_current:%d \015\012\000"
 504      3A256420 
 504      72706D3A 
 504      25642067 
 504      6976656E 
 505              		.section	.text.Motor_print,"ax",%progbits
 506              		.align	1
 507              		.global	Motor_print
 508              		.syntax unified
 509              		.thumb
 510              		.thumb_func
 512              	Motor_print:
 513              	.LFB170:
 234:Core/Src/CAN_receive.c **** 
 235:Core/Src/CAN_receive.c **** void Motor_print()
 236:Core/Src/CAN_receive.c **** {
 514              		.loc 1 236 1 is_stmt 1 view -0
 515              		.cfi_startproc
 516              		@ args = 0, pretend = 0, frame = 0
 517              		@ frame_needed = 0, uses_anonymous_args = 0
 518 0000 08B5     		push	{r3, lr}
ARM GAS  /var/folders/w9/l2kswtfn3fs2kslkvv5vg9sh0000gn/T//ccT5e2YZ.s 			page 14


 519              	.LCFI12:
 520              		.cfi_def_cfa_offset 8
 521              		.cfi_offset 3, -8
 522              		.cfi_offset 14, -4
 237:Core/Src/CAN_receive.c **** 	usart_printf("temp:%d rpm:%d given_current:%d \r\n",motor_chassis[0].temperate,motor_chassis[0].sp
 523              		.loc 1 237 2 view .LVU129
 524              		.loc 1 237 70 is_stmt 0 view .LVU130
 525 0002 0549     		ldr	r1, .L32
 526              		.loc 1 237 2 view .LVU131
 527 0004 B1F90430 		ldrsh	r3, [r1, #4]
 528 0008 B1F90220 		ldrsh	r2, [r1, #2]
 529 000c 8979     		ldrb	r1, [r1, #6]	@ zero_extendqisi2
 530 000e 0348     		ldr	r0, .L32+4
 531 0010 FFF7FEFF 		bl	usart_printf
 532              	.LVL17:
 238:Core/Src/CAN_receive.c **** }
 533              		.loc 1 238 1 view .LVU132
 534 0014 08BD     		pop	{r3, pc}
 535              	.L33:
 536 0016 00BF     		.align	2
 537              	.L32:
 538 0018 00000000 		.word	motor_chassis
 539 001c 00000000 		.word	.LC0
 540              		.cfi_endproc
 541              	.LFE170:
 543              		.section	.rodata.Motor_Vofa_print.str1.4,"aMS",%progbits,1
 544              		.align	2
 545              	.LC1:
 546 0000 25642C25 		.ascii	"%d,%d,%d\012\000"
 546      642C2564 
 546      0A00
 547              		.section	.text.Motor_Vofa_print,"ax",%progbits
 548              		.align	1
 549              		.global	Motor_Vofa_print
 550              		.syntax unified
 551              		.thumb
 552              		.thumb_func
 554              	Motor_Vofa_print:
 555              	.LFB171:
 239:Core/Src/CAN_receive.c **** 
 240:Core/Src/CAN_receive.c **** void Motor_Vofa_print()
 241:Core/Src/CAN_receive.c **** {
 556              		.loc 1 241 1 is_stmt 1 view -0
 557              		.cfi_startproc
 558              		@ args = 0, pretend = 0, frame = 0
 559              		@ frame_needed = 0, uses_anonymous_args = 0
 560 0000 08B5     		push	{r3, lr}
 561              	.LCFI13:
 562              		.cfi_def_cfa_offset 8
 563              		.cfi_offset 3, -8
 564              		.cfi_offset 14, -4
 242:Core/Src/CAN_receive.c **** 	usart_printf("%d,%d,%d\n",motor_chassis[0].temperate,motor_chassis[0].speed_rpm,motor_chassis[0].g
 565              		.loc 1 242 2 view .LVU134
 566              		.loc 1 242 44 is_stmt 0 view .LVU135
 567 0002 0549     		ldr	r1, .L36
 568              		.loc 1 242 2 view .LVU136
 569 0004 B1F90430 		ldrsh	r3, [r1, #4]
ARM GAS  /var/folders/w9/l2kswtfn3fs2kslkvv5vg9sh0000gn/T//ccT5e2YZ.s 			page 15


 570 0008 B1F90220 		ldrsh	r2, [r1, #2]
 571 000c 8979     		ldrb	r1, [r1, #6]	@ zero_extendqisi2
 572 000e 0348     		ldr	r0, .L36+4
 573 0010 FFF7FEFF 		bl	usart_printf
 574              	.LVL18:
 243:Core/Src/CAN_receive.c **** }...
 575              		.loc 1 243 1 view .LVU137
 576 0014 08BD     		pop	{r3, pc}
 577              	.L37:
 578 0016 00BF     		.align	2
 579              	.L36:
 580 0018 00000000 		.word	motor_chassis
 581 001c 00000000 		.word	.LC1
 582              		.cfi_endproc
 583              	.LFE171:
 585              		.section	.bss.i.0,"aw",%nobits
 588              	i.0:
 589 0000 00       		.space	1
 590              		.section	.bss.chassis_can_send_data,"aw",%nobits
 591              		.align	2
 594              	chassis_can_send_data:
 595 0000 00000000 		.space	8
 595      00000000 
 596              		.section	.bss.chassis_tx_message,"aw",%nobits
 597              		.align	2
 600              	chassis_tx_message:
 601 0000 00000000 		.space	24
 601      00000000 
 601      00000000 
 601      00000000 
 601      00000000 
 602              		.section	.bss.gimbal_can_send_data,"aw",%nobits
 603              		.align	2
 606              	gimbal_can_send_data:
 607 0000 00000000 		.space	8
 607      00000000 
 608              		.section	.bss.gimbal_tx_message,"aw",%nobits
 609              		.align	2
 612              	gimbal_tx_message:
 613 0000 00000000 		.space	24
 613      00000000 
 613      00000000 
 613      00000000 
 613      00000000 
 614              		.global	motor_chassis
 615              		.section	.bss.motor_chassis,"aw",%nobits
 616              		.align	2
 619              	motor_chassis:
 620 0000 00000000 		.space	70
 620      00000000 
 620      00000000 
 620      00000000 
 620      00000000 
 621              		.text
 622              	.Letext0:
 623              		.file 2 "/opt/ST/STM32CubeCLT_1.21.0/GNU-tools-for-STM32/arm-none-eabi/include/machine/_default_ty
 624              		.file 3 "/opt/ST/STM32CubeCLT_1.21.0/GNU-tools-for-STM32/arm-none-eabi/include/sys/_stdint.h"
ARM GAS  /var/folders/w9/l2kswtfn3fs2kslkvv5vg9sh0000gn/T//ccT5e2YZ.s 			page 16


 625              		.file 4 "Drivers/CMSIS/Device/ST/STM32F4xx/Include/stm32f407xx.h"
 626              		.file 5 "Drivers/CMSIS/Device/ST/STM32F4xx/Include/stm32f4xx.h"
 627              		.file 6 "Drivers/STM32F4xx_HAL_Driver/Inc/stm32f4xx_hal_def.h"
 628              		.file 7 "Drivers/STM32F4xx_HAL_Driver/Inc/stm32f4xx_hal_can.h"
 629              		.file 8 "Core/Inc/can.h"
 630              		.file 9 "Core/Inc/CAN_receive.h"
 631              		.file 10 "Core/Inc/user_usart.h"
ARM GAS  /var/folders/w9/l2kswtfn3fs2kslkvv5vg9sh0000gn/T//ccT5e2YZ.s 			page 17


DEFINED SYMBOLS
                            *ABS*:00000000 CAN_receive.c
/var/folders/w9/l2kswtfn3fs2kslkvv5vg9sh0000gn/T//ccT5e2YZ.s:21     .text.HAL_CAN_RxFifo0MsgPendingCallback:00000000 $t
/var/folders/w9/l2kswtfn3fs2kslkvv5vg9sh0000gn/T//ccT5e2YZ.s:27     .text.HAL_CAN_RxFifo0MsgPendingCallback:00000000 HAL_CAN_RxFifo0MsgPendingCallback
/var/folders/w9/l2kswtfn3fs2kslkvv5vg9sh0000gn/T//ccT5e2YZ.s:109    .text.HAL_CAN_RxFifo0MsgPendingCallback:00000074 $d
/var/folders/w9/l2kswtfn3fs2kslkvv5vg9sh0000gn/T//ccT5e2YZ.s:588    .bss.i.0:00000000 i.0
/var/folders/w9/l2kswtfn3fs2kslkvv5vg9sh0000gn/T//ccT5e2YZ.s:619    .bss.motor_chassis:00000000 motor_chassis
/var/folders/w9/l2kswtfn3fs2kslkvv5vg9sh0000gn/T//ccT5e2YZ.s:115    .text.CAN_cmd_gimbal:00000000 $t
/var/folders/w9/l2kswtfn3fs2kslkvv5vg9sh0000gn/T//ccT5e2YZ.s:121    .text.CAN_cmd_gimbal:00000000 CAN_cmd_gimbal
/var/folders/w9/l2kswtfn3fs2kslkvv5vg9sh0000gn/T//ccT5e2YZ.s:207    .text.CAN_cmd_gimbal:00000048 $d
/var/folders/w9/l2kswtfn3fs2kslkvv5vg9sh0000gn/T//ccT5e2YZ.s:612    .bss.gimbal_tx_message:00000000 gimbal_tx_message
/var/folders/w9/l2kswtfn3fs2kslkvv5vg9sh0000gn/T//ccT5e2YZ.s:606    .bss.gimbal_can_send_data:00000000 gimbal_can_send_data
/var/folders/w9/l2kswtfn3fs2kslkvv5vg9sh0000gn/T//ccT5e2YZ.s:214    .text.CAN_cmd_chassis_reset_ID:00000000 $t
/var/folders/w9/l2kswtfn3fs2kslkvv5vg9sh0000gn/T//ccT5e2YZ.s:220    .text.CAN_cmd_chassis_reset_ID:00000000 CAN_cmd_chassis_reset_ID
/var/folders/w9/l2kswtfn3fs2kslkvv5vg9sh0000gn/T//ccT5e2YZ.s:289    .text.CAN_cmd_chassis_reset_ID:00000034 $d
/var/folders/w9/l2kswtfn3fs2kslkvv5vg9sh0000gn/T//ccT5e2YZ.s:600    .bss.chassis_tx_message:00000000 chassis_tx_message
/var/folders/w9/l2kswtfn3fs2kslkvv5vg9sh0000gn/T//ccT5e2YZ.s:594    .bss.chassis_can_send_data:00000000 chassis_can_send_data
/var/folders/w9/l2kswtfn3fs2kslkvv5vg9sh0000gn/T//ccT5e2YZ.s:296    .text.CAN_cmd_chassis:00000000 $t
/var/folders/w9/l2kswtfn3fs2kslkvv5vg9sh0000gn/T//ccT5e2YZ.s:302    .text.CAN_cmd_chassis:00000000 CAN_cmd_chassis
/var/folders/w9/l2kswtfn3fs2kslkvv5vg9sh0000gn/T//ccT5e2YZ.s:388    .text.CAN_cmd_chassis:00000048 $d
/var/folders/w9/l2kswtfn3fs2kslkvv5vg9sh0000gn/T//ccT5e2YZ.s:395    .text.get_yaw_gimbal_motor_measure_point:00000000 $t
/var/folders/w9/l2kswtfn3fs2kslkvv5vg9sh0000gn/T//ccT5e2YZ.s:401    .text.get_yaw_gimbal_motor_measure_point:00000000 get_yaw_gimbal_motor_measure_point
/var/folders/w9/l2kswtfn3fs2kslkvv5vg9sh0000gn/T//ccT5e2YZ.s:415    .text.get_yaw_gimbal_motor_measure_point:00000004 $d
/var/folders/w9/l2kswtfn3fs2kslkvv5vg9sh0000gn/T//ccT5e2YZ.s:420    .text.get_pitch_gimbal_motor_measure_point:00000000 $t
/var/folders/w9/l2kswtfn3fs2kslkvv5vg9sh0000gn/T//ccT5e2YZ.s:426    .text.get_pitch_gimbal_motor_measure_point:00000000 get_pitch_gimbal_motor_measure_point
/var/folders/w9/l2kswtfn3fs2kslkvv5vg9sh0000gn/T//ccT5e2YZ.s:440    .text.get_pitch_gimbal_motor_measure_point:00000004 $d
/var/folders/w9/l2kswtfn3fs2kslkvv5vg9sh0000gn/T//ccT5e2YZ.s:445    .text.get_trigger_motor_measure_point:00000000 $t
/var/folders/w9/l2kswtfn3fs2kslkvv5vg9sh0000gn/T//ccT5e2YZ.s:451    .text.get_trigger_motor_measure_point:00000000 get_trigger_motor_measure_point
/var/folders/w9/l2kswtfn3fs2kslkvv5vg9sh0000gn/T//ccT5e2YZ.s:465    .text.get_trigger_motor_measure_point:00000004 $d
/var/folders/w9/l2kswtfn3fs2kslkvv5vg9sh0000gn/T//ccT5e2YZ.s:470    .text.get_chassis_motor_measure_point:00000000 $t
/var/folders/w9/l2kswtfn3fs2kslkvv5vg9sh0000gn/T//ccT5e2YZ.s:476    .text.get_chassis_motor_measure_point:00000000 get_chassis_motor_measure_point
/var/folders/w9/l2kswtfn3fs2kslkvv5vg9sh0000gn/T//ccT5e2YZ.s:497    .text.get_chassis_motor_measure_point:00000010 $d
/var/folders/w9/l2kswtfn3fs2kslkvv5vg9sh0000gn/T//ccT5e2YZ.s:502    .rodata.Motor_print.str1.4:00000000 $d
/var/folders/w9/l2kswtfn3fs2kslkvv5vg9sh0000gn/T//ccT5e2YZ.s:506    .text.Motor_print:00000000 $t
/var/folders/w9/l2kswtfn3fs2kslkvv5vg9sh0000gn/T//ccT5e2YZ.s:512    .text.Motor_print:00000000 Motor_print
/var/folders/w9/l2kswtfn3fs2kslkvv5vg9sh0000gn/T//ccT5e2YZ.s:538    .text.Motor_print:00000018 $d
/var/folders/w9/l2kswtfn3fs2kslkvv5vg9sh0000gn/T//ccT5e2YZ.s:544    .rodata.Motor_Vofa_print.str1.4:00000000 $d
/var/folders/w9/l2kswtfn3fs2kslkvv5vg9sh0000gn/T//ccT5e2YZ.s:548    .text.Motor_Vofa_print:00000000 $t
/var/folders/w9/l2kswtfn3fs2kslkvv5vg9sh0000gn/T//ccT5e2YZ.s:554    .text.Motor_Vofa_print:00000000 Motor_Vofa_print
/var/folders/w9/l2kswtfn3fs2kslkvv5vg9sh0000gn/T//ccT5e2YZ.s:580    .text.Motor_Vofa_print:00000018 $d
/var/folders/w9/l2kswtfn3fs2kslkvv5vg9sh0000gn/T//ccT5e2YZ.s:589    .bss.i.0:00000000 $d
/var/folders/w9/l2kswtfn3fs2kslkvv5vg9sh0000gn/T//ccT5e2YZ.s:591    .bss.chassis_can_send_data:00000000 $d
/var/folders/w9/l2kswtfn3fs2kslkvv5vg9sh0000gn/T//ccT5e2YZ.s:597    .bss.chassis_tx_message:00000000 $d
/var/folders/w9/l2kswtfn3fs2kslkvv5vg9sh0000gn/T//ccT5e2YZ.s:603    .bss.gimbal_can_send_data:00000000 $d
/var/folders/w9/l2kswtfn3fs2kslkvv5vg9sh0000gn/T//ccT5e2YZ.s:609    .bss.gimbal_tx_message:00000000 $d
/var/folders/w9/l2kswtfn3fs2kslkvv5vg9sh0000gn/T//ccT5e2YZ.s:616    .bss.motor_chassis:00000000 $d

UNDEFINED SYMBOLS
HAL_CAN_GetRxMessage
HAL_CAN_AddTxMessage
hcan2
hcan1
usart_printf
