ARM GAS  /var/folders/w5/30yxzty101lfkjn94y0dlkk00000gn/T//ccAzOU2h.s 			page 1


   1              		.cpu cortex-m4
   2              		.arch armv7e-m
   3              		.fpu fpv4-sp-d16
   4              		.eabi_attribute 27, 1
   5              		.eabi_attribute 28, 1
   6              		.eabi_attribute 20, 1
   7              		.eabi_attribute 21, 1
   8              		.eabi_attribute 23, 3
   9              		.eabi_attribute 24, 1
  10              		.eabi_attribute 25, 1
  11              		.eabi_attribute 26, 1
  12              		.eabi_attribute 30, 1
  13              		.eabi_attribute 34, 1
  14              		.eabi_attribute 18, 4
  15              		.file	"dma.c"
  16              		.text
  17              	.Ltext0:
  18              		.cfi_sections	.debug_frame
  19              		.file 1 "Core/Src/dma.c"
  20              		.section	.text.MX_DMA_Init,"ax",%progbits
  21              		.align	1
  22              		.global	MX_DMA_Init
  23              		.syntax unified
  24              		.thumb
  25              		.thumb_func
  27              	MX_DMA_Init:
  28              	.LFB134:
   1:Core/Src/dma.c **** /* USER CODE BEGIN Header */
   2:Core/Src/dma.c **** /**
   3:Core/Src/dma.c ****   ******************************************************************************
   4:Core/Src/dma.c ****   * @file    dma.c
   5:Core/Src/dma.c ****   * @brief   This file provides code for the configuration
   6:Core/Src/dma.c ****   *          of all the requested memory to memory DMA transfers.
   7:Core/Src/dma.c ****   ******************************************************************************
   8:Core/Src/dma.c ****   * @attention
   9:Core/Src/dma.c ****   *
  10:Core/Src/dma.c ****   * Copyright (c) 2023 STMicroelectronics.
  11:Core/Src/dma.c ****   * All rights reserved.
  12:Core/Src/dma.c ****   *
  13:Core/Src/dma.c ****   * This software is licensed under terms that can be found in the LICENSE file
  14:Core/Src/dma.c ****   * in the root directory of this software component.
  15:Core/Src/dma.c ****   * If no LICENSE file comes with this software, it is provided AS-IS.
  16:Core/Src/dma.c ****   *
  17:Core/Src/dma.c ****   ******************************************************************************
  18:Core/Src/dma.c ****   */
  19:Core/Src/dma.c **** /* USER CODE END Header */
  20:Core/Src/dma.c **** 
  21:Core/Src/dma.c **** /* Includes ------------------------------------------------------------------*/
  22:Core/Src/dma.c **** #include "dma.h"
  23:Core/Src/dma.c **** 
  24:Core/Src/dma.c **** /* USER CODE BEGIN 0 */
  25:Core/Src/dma.c **** 
  26:Core/Src/dma.c **** /* USER CODE END 0 */
  27:Core/Src/dma.c **** 
  28:Core/Src/dma.c **** /*----------------------------------------------------------------------------*/
  29:Core/Src/dma.c **** /* Configure DMA                                                              */
  30:Core/Src/dma.c **** /*----------------------------------------------------------------------------*/
ARM GAS  /var/folders/w5/30yxzty101lfkjn94y0dlkk00000gn/T//ccAzOU2h.s 			page 2


  31:Core/Src/dma.c **** 
  32:Core/Src/dma.c **** /* USER CODE BEGIN 1 */
  33:Core/Src/dma.c **** 
  34:Core/Src/dma.c **** /* USER CODE END 1 */
  35:Core/Src/dma.c **** 
  36:Core/Src/dma.c **** /**
  37:Core/Src/dma.c ****   * Enable DMA controller clock
  38:Core/Src/dma.c ****   */
  39:Core/Src/dma.c **** void MX_DMA_Init(void)
  40:Core/Src/dma.c **** {
  29              		.loc 1 40 1 view -0
  30              		.cfi_startproc
  31              		@ args = 0, pretend = 0, frame = 8
  32              		@ frame_needed = 0, uses_anonymous_args = 0
  33 0000 10B5     		push	{r4, lr}
  34              	.LCFI0:
  35              		.cfi_def_cfa_offset 8
  36              		.cfi_offset 4, -8
  37              		.cfi_offset 14, -4
  38 0002 82B0     		sub	sp, sp, #8
  39              	.LCFI1:
  40              		.cfi_def_cfa_offset 16
  41:Core/Src/dma.c **** 
  42:Core/Src/dma.c ****   /* DMA controller clock enable */
  43:Core/Src/dma.c ****   __HAL_RCC_DMA2_CLK_ENABLE();
  41              		.loc 1 43 3 view .LVU1
  42              	.LBB2:
  43              		.loc 1 43 3 view .LVU2
  44 0004 0024     		movs	r4, #0
  45 0006 0194     		str	r4, [sp, #4]
  46              		.loc 1 43 3 view .LVU3
  47 0008 114B     		ldr	r3, .L3
  48 000a 1A6B     		ldr	r2, [r3, #48]
  49 000c 42F48002 		orr	r2, r2, #4194304
  50 0010 1A63     		str	r2, [r3, #48]
  51              		.loc 1 43 3 view .LVU4
  52 0012 1B6B     		ldr	r3, [r3, #48]
  53 0014 03F48003 		and	r3, r3, #4194304
  54 0018 0193     		str	r3, [sp, #4]
  55              		.loc 1 43 3 view .LVU5
  56 001a 019B     		ldr	r3, [sp, #4]
  57              	.LBE2:
  58              		.loc 1 43 3 view .LVU6
  44:Core/Src/dma.c **** 
  45:Core/Src/dma.c ****   /* DMA interrupt init */
  46:Core/Src/dma.c ****   /* DMA2_Stream2_IRQn interrupt configuration */
  47:Core/Src/dma.c ****   HAL_NVIC_SetPriority(DMA2_Stream2_IRQn, 0, 0);
  59              		.loc 1 47 3 view .LVU7
  60 001c 2246     		mov	r2, r4
  61 001e 2146     		mov	r1, r4
  62 0020 3A20     		movs	r0, #58
  63 0022 FFF7FEFF 		bl	HAL_NVIC_SetPriority
  64              	.LVL0:
  48:Core/Src/dma.c ****   HAL_NVIC_EnableIRQ(DMA2_Stream2_IRQn);
  65              		.loc 1 48 3 view .LVU8
  66 0026 3A20     		movs	r0, #58
  67 0028 FFF7FEFF 		bl	HAL_NVIC_EnableIRQ
ARM GAS  /var/folders/w5/30yxzty101lfkjn94y0dlkk00000gn/T//ccAzOU2h.s 			page 3


  68              	.LVL1:
  49:Core/Src/dma.c ****   /* DMA2_Stream6_IRQn interrupt configuration */
  50:Core/Src/dma.c ****   HAL_NVIC_SetPriority(DMA2_Stream6_IRQn, 0, 0);
  69              		.loc 1 50 3 view .LVU9
  70 002c 2246     		mov	r2, r4
  71 002e 2146     		mov	r1, r4
  72 0030 4520     		movs	r0, #69
  73 0032 FFF7FEFF 		bl	HAL_NVIC_SetPriority
  74              	.LVL2:
  51:Core/Src/dma.c ****   HAL_NVIC_EnableIRQ(DMA2_Stream6_IRQn);
  75              		.loc 1 51 3 view .LVU10
  76 0036 4520     		movs	r0, #69
  77 0038 FFF7FEFF 		bl	HAL_NVIC_EnableIRQ
  78              	.LVL3:
  52:Core/Src/dma.c ****   /* DMA2_Stream7_IRQn interrupt configuration */
  53:Core/Src/dma.c ****   HAL_NVIC_SetPriority(DMA2_Stream7_IRQn, 0, 0);
  79              		.loc 1 53 3 view .LVU11
  80 003c 2246     		mov	r2, r4
  81 003e 2146     		mov	r1, r4
  82 0040 4620     		movs	r0, #70
  83 0042 FFF7FEFF 		bl	HAL_NVIC_SetPriority
  84              	.LVL4:
  54:Core/Src/dma.c ****   HAL_NVIC_EnableIRQ(DMA2_Stream7_IRQn);
  85              		.loc 1 54 3 view .LVU12
  86 0046 4620     		movs	r0, #70
  87 0048 FFF7FEFF 		bl	HAL_NVIC_EnableIRQ
  88              	.LVL5:
  55:Core/Src/dma.c **** 
  56:Core/Src/dma.c **** }
  89              		.loc 1 56 1 is_stmt 0 view .LVU13
  90 004c 02B0     		add	sp, sp, #8
  91              	.LCFI2:
  92              		.cfi_def_cfa_offset 8
  93              		@ sp needed
  94 004e 10BD     		pop	{r4, pc}
  95              	.L4:
  96              		.align	2
  97              	.L3:
  98 0050 00380240 		.word	1073887232
  99              		.cfi_endproc
 100              	.LFE134:
 102              		.text
 103              	.Letext0:
 104              		.file 2 "Drivers/CMSIS/Device/ST/STM32F4xx/Include/stm32f407xx.h"
 105              		.file 3 "/Applications/ArmGNUToolchain/13.3.rel1/arm-none-eabi/arm-none-eabi/include/machine/_defa
 106              		.file 4 "/Applications/ArmGNUToolchain/13.3.rel1/arm-none-eabi/arm-none-eabi/include/sys/_stdint.h
 107              		.file 5 "Drivers/STM32F4xx_HAL_Driver/Inc/stm32f4xx_hal_cortex.h"
ARM GAS  /var/folders/w5/30yxzty101lfkjn94y0dlkk00000gn/T//ccAzOU2h.s 			page 4


DEFINED SYMBOLS
                            *ABS*:00000000 dma.c
/var/folders/w5/30yxzty101lfkjn94y0dlkk00000gn/T//ccAzOU2h.s:21     .text.MX_DMA_Init:00000000 $t
/var/folders/w5/30yxzty101lfkjn94y0dlkk00000gn/T//ccAzOU2h.s:27     .text.MX_DMA_Init:00000000 MX_DMA_Init
/var/folders/w5/30yxzty101lfkjn94y0dlkk00000gn/T//ccAzOU2h.s:98     .text.MX_DMA_Init:00000050 $d

UNDEFINED SYMBOLS
HAL_NVIC_SetPriority
HAL_NVIC_EnableIRQ
