ARM GAS  /var/folders/w9/l2kswtfn3fs2kslkvv5vg9sh0000gn/T//cc4gL9HL.s 			page 1


   1              		.cpu cortex-m4
   2              		.arch armv7e-m
   3              		.fpu fpv4-sp-d16
   4              		.eabi_attribute 27, 1
   5              		.eabi_attribute 28, 1
   6              		.eabi_attribute 20, 1
   7              		.eabi_attribute 21, 1
   8              		.eabi_attribute 23, 3
   9              		.eabi_attribute 24, 1
  10              		.eabi_attribute 25, 1
  11              		.eabi_attribute 26, 1
  12              		.eabi_attribute 30, 1
  13              		.eabi_attribute 34, 1
  14              		.eabi_attribute 18, 4
  15              		.file	"gps.c"
  16              		.text
  17              	.Ltext0:
  18              		.cfi_sections	.debug_frame
  19              		.file 1 "Core/Src/gps.c"
  20              		.section	.rodata.ErrorLog.str1.4,"aMS",%progbits,1
  21              		.align	2
  22              	.LC0:
  23 0000 4552524F 		.ascii	"ERROR%d\015\012\000"
  23      5225640D 
  23      0A00
  24              		.section	.text.ErrorLog,"ax",%progbits
  25              		.align	1
  26              		.global	ErrorLog
  27              		.syntax unified
  28              		.thumb
  29              		.thumb_func
  31              	ErrorLog:
  32              	.LVL0:
  33              	.LFB162:
   1:Core/Src/gps.c **** #include "gps.h"
   2:Core/Src/gps.c **** 
   3:Core/Src/gps.c **** double gps_X;
   4:Core/Src/gps.c **** double gps_Y;
   5:Core/Src/gps.c **** 
   6:Core/Src/gps.c **** double gps_X0;
   7:Core/Src/gps.c **** double gps_Y0;
   8:Core/Src/gps.c **** void ErrorLog(int num)
   9:Core/Src/gps.c **** {
  34              		.loc 1 9 1 view -0
  35              		.cfi_startproc
  36              		@ Volatile: function does not return.
  37              		@ args = 0, pretend = 0, frame = 0
  38              		@ frame_needed = 0, uses_anonymous_args = 0
  39              		.loc 1 9 1 is_stmt 0 view .LVU1
  40 0000 08B5     		push	{r3, lr}
  41              	.LCFI0:
  42              		.cfi_def_cfa_offset 8
  43              		.cfi_offset 3, -8
  44              		.cfi_offset 14, -4
  45 0002 0446     		mov	r4, r0
  46              	.LVL1:
  47              	.L2:
ARM GAS  /var/folders/w9/l2kswtfn3fs2kslkvv5vg9sh0000gn/T//cc4gL9HL.s 			page 2


  10:Core/Src/gps.c **** 	
  11:Core/Src/gps.c **** 	while (1)
  48              		.loc 1 11 2 is_stmt 1 view .LVU2
  12:Core/Src/gps.c **** 	{
  13:Core/Src/gps.c **** 	  	printf("ERROR%d\r\n",num);
  49              		.loc 1 13 5 discriminator 1 view .LVU3
  50 0004 2146     		mov	r1, r4
  51 0006 0248     		ldr	r0, .L4
  52 0008 FFF7FEFF 		bl	printf
  53              	.LVL2:
  11:Core/Src/gps.c **** 	{
  54              		.loc 1 11 8 view .LVU4
  55 000c FAE7     		b	.L2
  56              	.L5:
  57 000e 00BF     		.align	2
  58              	.L4:
  59 0010 00000000 		.word	.LC0
  60              		.cfi_endproc
  61              	.LFE162:
  63              		.section	.text.ParseGpsBuffer,"ax",%progbits
  64              		.align	1
  65              		.global	ParseGpsBuffer
  66              		.syntax unified
  67              		.thumb
  68              		.thumb_func
  70              	ParseGpsBuffer:
  71              	.LFB163:
  14:Core/Src/gps.c **** 	}
  15:Core/Src/gps.c **** }
  16:Core/Src/gps.c **** void ParseGpsBuffer(void)
  17:Core/Src/gps.c **** {
  72              		.loc 1 17 1 view -0
  73              		.cfi_startproc
  74              		@ args = 0, pretend = 0, frame = 8
  75              		@ frame_needed = 0, uses_anonymous_args = 0
  18:Core/Src/gps.c **** 	char *subString;
  76              		.loc 1 18 2 view .LVU6
  19:Core/Src/gps.c **** 	char *subStringNext;
  77              		.loc 1 19 2 view .LVU7
  20:Core/Src/gps.c **** 	char i = 0;
  78              		.loc 1 20 2 view .LVU8
  79              	.LVL3:
  21:Core/Src/gps.c **** 	if (Save_Data.isGetData)
  80              		.loc 1 21 2 view .LVU9
  81              		.loc 1 21 15 is_stmt 0 view .LVU10
  82 0000 334B     		ldr	r3, .L32
  83 0002 93F85030 		ldrb	r3, [r3, #80]	@ zero_extendqisi2
  84              		.loc 1 21 5 view .LVU11
  85 0006 002B     		cmp	r3, #0
  86 0008 60D0     		beq	.L25
  17:Core/Src/gps.c **** 	char *subString;
  87              		.loc 1 17 1 view .LVU12
  88 000a 70B5     		push	{r4, r5, r6, lr}
  89              	.LCFI1:
  90              		.cfi_def_cfa_offset 16
  91              		.cfi_offset 4, -16
  92              		.cfi_offset 5, -12
ARM GAS  /var/folders/w9/l2kswtfn3fs2kslkvv5vg9sh0000gn/T//cc4gL9HL.s 			page 3


  93              		.cfi_offset 6, -8
  94              		.cfi_offset 14, -4
  95 000c 82B0     		sub	sp, sp, #8
  96              	.LCFI2:
  97              		.cfi_def_cfa_offset 24
  22:Core/Src/gps.c **** 	{
  23:Core/Src/gps.c **** 		Save_Data.isGetData = false;
  98              		.loc 1 23 3 is_stmt 1 view .LVU13
  99              		.loc 1 23 23 is_stmt 0 view .LVU14
 100 000e 0024     		movs	r4, #0
 101 0010 2F4B     		ldr	r3, .L32
 102 0012 83F85040 		strb	r4, [r3, #80]
  24:Core/Src/gps.c **** //		printf("**************\r\n");
  25:Core/Src/gps.c **** //		printf("%s",Save_Data.GPS_Buffer);
  26:Core/Src/gps.c **** 		for (i = 0 ; i <= 6 ; i++)
 103              		.loc 1 26 3 is_stmt 1 view .LVU15
 104              		.loc 1 26 3 is_stmt 0 view .LVU16
 105 0016 07E0     		b	.L8
 106              	.LVL4:
 107              	.L30:
  27:Core/Src/gps.c **** 		{
  28:Core/Src/gps.c **** 			if (i == 0)
  29:Core/Src/gps.c **** 			{
  30:Core/Src/gps.c **** 				if ((subString = strstr(Save_Data.GPS_Buffer, ",")) == NULL)
 108              		.loc 1 30 5 is_stmt 1 view .LVU17
 109              		.loc 1 30 22 is_stmt 0 view .LVU18
 110 0018 2C21     		movs	r1, #44
 111 001a 2D48     		ldr	r0, .L32
 112 001c FFF7FEFF 		bl	strchr
 113              	.LVL5:
 114              		.loc 1 30 8 discriminator 1 view .LVU19
 115 0020 0646     		mov	r6, r0
 116 0022 A8B1     		cbz	r0, .L28
 117              	.LVL6:
 118              	.L10:
  26:Core/Src/gps.c **** 		{
 119              		.loc 1 26 26 is_stmt 1 discriminator 2 view .LVU20
 120 0024 0134     		adds	r4, r4, #1
 121              	.LVL7:
  26:Core/Src/gps.c **** 		{
 122              		.loc 1 26 26 is_stmt 0 discriminator 2 view .LVU21
 123 0026 E4B2     		uxtb	r4, r4
 124              	.LVL8:
 125              	.L8:
  26:Core/Src/gps.c **** 		{
 126              		.loc 1 26 18 is_stmt 1 discriminator 1 view .LVU22
 127 0028 062C     		cmp	r4, #6
 128 002a 4DD8     		bhi	.L29
  28:Core/Src/gps.c **** 			{
 129              		.loc 1 28 4 view .LVU23
  28:Core/Src/gps.c **** 			{
 130              		.loc 1 28 7 is_stmt 0 view .LVU24
 131 002c 002C     		cmp	r4, #0
 132 002e F3D0     		beq	.L30
  31:Core/Src/gps.c **** 					ErrorLog(1);	//آ½âژ¶آ´يژ³
  32:Core/Src/gps.c **** 			}
  33:Core/Src/gps.c **** 			else
ARM GAS  /var/folders/w9/l2kswtfn3fs2kslkvv5vg9sh0000gn/T//cc4gL9HL.s 			page 4


  34:Core/Src/gps.c **** 			{
  35:Core/Src/gps.c **** 				subString++;
 133              		.loc 1 35 5 is_stmt 1 view .LVU25
 134              		.loc 1 35 14 is_stmt 0 view .LVU26
 135 0030 751C     		adds	r5, r6, #1
 136              	.LVL9:
  36:Core/Src/gps.c **** 				if ((subStringNext = strstr(subString, ",")) != NULL)
 137              		.loc 1 36 5 is_stmt 1 view .LVU27
 138              		.loc 1 36 26 is_stmt 0 view .LVU28
 139 0032 2C21     		movs	r1, #44
 140 0034 2846     		mov	r0, r5
 141 0036 FFF7FEFF 		bl	strchr
 142              	.LVL10:
 143              		.loc 1 36 8 discriminator 1 view .LVU29
 144 003a 0646     		mov	r6, r0
 145 003c 0028     		cmp	r0, #0
 146 003e 40D0     		beq	.L11
 147              	.LBB2:
  37:Core/Src/gps.c **** 				{
  38:Core/Src/gps.c **** 					char usefullBuffer[2]; 
 148              		.loc 1 38 6 is_stmt 1 view .LVU30
  39:Core/Src/gps.c **** 					switch(i)
 149              		.loc 1 39 6 view .LVU31
 150 0040 631E     		subs	r3, r4, #1
 151 0042 052B     		cmp	r3, #5
 152 0044 0CD8     		bhi	.L12
 153 0046 DFE803F0 		tbb	[pc, r3]
 154              	.L14:
 155 004a 06       		.byte	(.L19-.L14)/2
 156 004b 1A       		.byte	(.L18-.L14)/2
 157 004c 20       		.byte	(.L17-.L14)/2
 158 004d 26       		.byte	(.L16-.L14)/2
 159 004e 2C       		.byte	(.L15-.L14)/2
 160 004f 32       		.byte	(.L13-.L14)/2
 161              	.LVL11:
 162              		.p2align 1
 163              	.L28:
 164              		.loc 1 39 6 is_stmt 0 view .LVU32
 165              	.LBE2:
  31:Core/Src/gps.c **** 			}
 166              		.loc 1 31 6 is_stmt 1 view .LVU33
 167 0050 0120     		movs	r0, #1
 168              	.LVL12:
  31:Core/Src/gps.c **** 			}
 169              		.loc 1 31 6 is_stmt 0 view .LVU34
 170 0052 FFF7FEFF 		bl	ErrorLog
 171              	.LVL13:
 172              	.L19:
 173              	.LBB3:
  40:Core/Src/gps.c **** 					{
  41:Core/Src/gps.c **** 						case 1:memcpy(Save_Data.UTCTime, subString, subStringNext - subString);break;	//آ»ٌˆ،•TCت±آ¼ن
 174              		.loc 1 41 14 is_stmt 1 view .LVU35
 175 0056 421B     		subs	r2, r0, r5
 176 0058 2946     		mov	r1, r5
 177 005a 1E48     		ldr	r0, .L32+4
 178              	.LVL14:
 179              		.loc 1 41 14 is_stmt 0 view .LVU36
ARM GAS  /var/folders/w9/l2kswtfn3fs2kslkvv5vg9sh0000gn/T//cc4gL9HL.s 			page 5


 180 005c FFF7FEFF 		bl	memcpy
 181              	.LVL15:
 182              		.loc 1 41 78 is_stmt 1 discriminator 1 view .LVU37
 183              	.L12:
  42:Core/Src/gps.c **** 						case 2:memcpy(usefullBuffer, subString, subStringNext - subString);break;	//آ»ٌˆ،•TCت±آ¼نچٹ		
  43:Core/Src/gps.c **** 						case 3:memcpy(Save_Data.latitude, subString, subStringNext - subString);break;	//آ»ٌˆ،ژآ³آ¶بگ
  44:Core/Src/gps.c **** 						case 4:memcpy(Save_Data.N_S, subString, subStringNext - subString);break;	//آ»ٌˆ،ژ/S
  45:Core/Src/gps.c **** 						case 5:memcpy(Save_Data.longitude, subString, subStringNext - subString);break;	//آ»ٌˆ،¾آ­آ¶ب
  46:Core/Src/gps.c **** 						case 6:memcpy(Save_Data.E_W, subString, subStringNext - subString);break;	//آ»ٌˆ،…/W
  47:Core/Src/gps.c **** 
  48:Core/Src/gps.c **** 						default:break;
  49:Core/Src/gps.c **** 					}
  50:Core/Src/gps.c **** 					subString = subStringNext;
 184              		.loc 1 50 6 view .LVU38
  51:Core/Src/gps.c **** 					Save_Data.isParseData = true;
 185              		.loc 1 51 6 view .LVU39
 186              		.loc 1 51 28 is_stmt 0 view .LVU40
 187 0060 1B4B     		ldr	r3, .L32
 188 0062 0122     		movs	r2, #1
 189 0064 83F85120 		strb	r2, [r3, #81]
  52:Core/Src/gps.c **** 					if(usefullBuffer[0] == 'A')
 190              		.loc 1 52 6 is_stmt 1 view .LVU41
 191              		.loc 1 52 22 is_stmt 0 view .LVU42
 192 0068 9DF80430 		ldrb	r3, [sp, #4]	@ zero_extendqisi2
 193              		.loc 1 52 8 view .LVU43
 194 006c 412B     		cmp	r3, #65
 195 006e 24D0     		beq	.L31
  53:Core/Src/gps.c **** 						Save_Data.isUsefull = true;
  54:Core/Src/gps.c **** 					else if(usefullBuffer[0] == 'V')
 196              		.loc 1 54 11 is_stmt 1 view .LVU44
 197              		.loc 1 54 13 is_stmt 0 view .LVU45
 198 0070 562B     		cmp	r3, #86
 199 0072 D7D1     		bne	.L10
  55:Core/Src/gps.c **** 						Save_Data.isUsefull = false;
 200              		.loc 1 55 7 is_stmt 1 view .LVU46
 201              		.loc 1 55 27 is_stmt 0 view .LVU47
 202 0074 164B     		ldr	r3, .L32
 203 0076 0022     		movs	r2, #0
 204 0078 83F87820 		strb	r2, [r3, #120]
 205 007c D2E7     		b	.L10
 206              	.LVL16:
 207              	.L18:
  42:Core/Src/gps.c **** 						case 3:memcpy(Save_Data.latitude, subString, subStringNext - subString);break;	//آ»ٌˆ،ژآ³آ¶بگ
 208              		.loc 1 42 14 is_stmt 1 view .LVU48
 209 007e 421B     		subs	r2, r0, r5
 210 0080 2946     		mov	r1, r5
 211 0082 01A8     		add	r0, sp, #4
 212              	.LVL17:
  42:Core/Src/gps.c **** 						case 3:memcpy(Save_Data.latitude, subString, subStringNext - subString);break;	//آ»ٌˆ،ژآ³آ¶بگ
 213              		.loc 1 42 14 is_stmt 0 view .LVU49
 214 0084 FFF7FEFF 		bl	memcpy
 215              	.LVL18:
  42:Core/Src/gps.c **** 						case 3:memcpy(Save_Data.latitude, subString, subStringNext - subString);break;	//آ»ٌˆ،ژآ³آ¶بگ
 216              		.loc 1 42 74 is_stmt 1 discriminator 1 view .LVU50
  42:Core/Src/gps.c **** 						case 3:memcpy(Save_Data.latitude, subString, subStringNext - subString);break;	//آ»ٌˆ،ژآ³آ¶بگ
 217              		.loc 1 42 74 is_stmt 0 view .LVU51
 218 0088 EAE7     		b	.L12
ARM GAS  /var/folders/w9/l2kswtfn3fs2kslkvv5vg9sh0000gn/T//cc4gL9HL.s 			page 6


 219              	.LVL19:
 220              	.L17:
  43:Core/Src/gps.c **** 						case 4:memcpy(Save_Data.N_S, subString, subStringNext - subString);break;	//آ»ٌˆ،ژ/S
 221              		.loc 1 43 14 is_stmt 1 view .LVU52
 222 008a 421B     		subs	r2, r0, r5
 223 008c 2946     		mov	r1, r5
 224 008e 1248     		ldr	r0, .L32+8
 225              	.LVL20:
  43:Core/Src/gps.c **** 						case 4:memcpy(Save_Data.N_S, subString, subStringNext - subString);break;	//آ»ٌˆ،ژ/S
 226              		.loc 1 43 14 is_stmt 0 view .LVU53
 227 0090 FFF7FEFF 		bl	memcpy
 228              	.LVL21:
  43:Core/Src/gps.c **** 						case 4:memcpy(Save_Data.N_S, subString, subStringNext - subString);break;	//آ»ٌˆ،ژ/S
 229              		.loc 1 43 79 is_stmt 1 discriminator 1 view .LVU54
  43:Core/Src/gps.c **** 						case 4:memcpy(Save_Data.N_S, subString, subStringNext - subString);break;	//آ»ٌˆ،ژ/S
 230              		.loc 1 43 79 is_stmt 0 view .LVU55
 231 0094 E4E7     		b	.L12
 232              	.LVL22:
 233              	.L16:
  44:Core/Src/gps.c **** 						case 5:memcpy(Save_Data.longitude, subString, subStringNext - subString);break;	//آ»ٌˆ،¾آ­آ¶ب
 234              		.loc 1 44 14 is_stmt 1 view .LVU56
 235 0096 421B     		subs	r2, r0, r5
 236 0098 2946     		mov	r1, r5
 237 009a 1048     		ldr	r0, .L32+12
 238              	.LVL23:
  44:Core/Src/gps.c **** 						case 5:memcpy(Save_Data.longitude, subString, subStringNext - subString);break;	//آ»ٌˆ،¾آ­آ¶ب
 239              		.loc 1 44 14 is_stmt 0 view .LVU57
 240 009c FFF7FEFF 		bl	memcpy
 241              	.LVL24:
  44:Core/Src/gps.c **** 						case 5:memcpy(Save_Data.longitude, subString, subStringNext - subString);break;	//آ»ٌˆ،¾آ­آ¶ب
 242              		.loc 1 44 74 is_stmt 1 discriminator 1 view .LVU58
  44:Core/Src/gps.c **** 						case 5:memcpy(Save_Data.longitude, subString, subStringNext - subString);break;	//آ»ٌˆ،¾آ­آ¶ب
 243              		.loc 1 44 74 is_stmt 0 view .LVU59
 244 00a0 DEE7     		b	.L12
 245              	.LVL25:
 246              	.L15:
  45:Core/Src/gps.c **** 						case 6:memcpy(Save_Data.E_W, subString, subStringNext - subString);break;	//آ»ٌˆ،…/W
 247              		.loc 1 45 14 is_stmt 1 view .LVU60
 248 00a2 421B     		subs	r2, r0, r5
 249 00a4 2946     		mov	r1, r5
 250 00a6 0E48     		ldr	r0, .L32+16
 251              	.LVL26:
  45:Core/Src/gps.c **** 						case 6:memcpy(Save_Data.E_W, subString, subStringNext - subString);break;	//آ»ٌˆ،…/W
 252              		.loc 1 45 14 is_stmt 0 view .LVU61
 253 00a8 FFF7FEFF 		bl	memcpy
 254              	.LVL27:
  45:Core/Src/gps.c **** 						case 6:memcpy(Save_Data.E_W, subString, subStringNext - subString);break;	//آ»ٌˆ،…/W
 255              		.loc 1 45 80 is_stmt 1 discriminator 1 view .LVU62
  45:Core/Src/gps.c **** 						case 6:memcpy(Save_Data.E_W, subString, subStringNext - subString);break;	//آ»ٌˆ،…/W
 256              		.loc 1 45 80 is_stmt 0 view .LVU63
 257 00ac D8E7     		b	.L12
 258              	.LVL28:
 259              	.L13:
  46:Core/Src/gps.c **** 
 260              		.loc 1 46 14 is_stmt 1 view .LVU64
 261 00ae 421B     		subs	r2, r0, r5
 262 00b0 2946     		mov	r1, r5
ARM GAS  /var/folders/w9/l2kswtfn3fs2kslkvv5vg9sh0000gn/T//cc4gL9HL.s 			page 7


 263 00b2 0C48     		ldr	r0, .L32+20
 264              	.LVL29:
  46:Core/Src/gps.c **** 
 265              		.loc 1 46 14 is_stmt 0 view .LVU65
 266 00b4 FFF7FEFF 		bl	memcpy
 267              	.LVL30:
  46:Core/Src/gps.c **** 
 268              		.loc 1 46 74 is_stmt 1 discriminator 1 view .LVU66
  46:Core/Src/gps.c **** 
 269              		.loc 1 46 74 is_stmt 0 view .LVU67
 270 00b8 D2E7     		b	.L12
 271              	.LVL31:
 272              	.L31:
  53:Core/Src/gps.c **** 					else if(usefullBuffer[0] == 'V')
 273              		.loc 1 53 7 is_stmt 1 view .LVU68
  53:Core/Src/gps.c **** 					else if(usefullBuffer[0] == 'V')
 274              		.loc 1 53 27 is_stmt 0 view .LVU69
 275 00ba 054B     		ldr	r3, .L32
 276 00bc 83F87820 		strb	r2, [r3, #120]
 277 00c0 B0E7     		b	.L10
 278              	.LVL32:
 279              	.L11:
  53:Core/Src/gps.c **** 					else if(usefullBuffer[0] == 'V')
 280              		.loc 1 53 27 view .LVU70
 281              	.LBE3:
  56:Core/Src/gps.c **** 				}
  57:Core/Src/gps.c **** 				else
  58:Core/Src/gps.c **** 				{
  59:Core/Src/gps.c **** 					ErrorLog(2);	//آ½âژ¶آ´يژ³
 282              		.loc 1 59 6 is_stmt 1 view .LVU71
 283 00c2 0220     		movs	r0, #2
 284              	.LVL33:
 285              		.loc 1 59 6 is_stmt 0 view .LVU72
 286 00c4 FFF7FEFF 		bl	ErrorLog
 287              	.LVL34:
 288              	.L29:
  60:Core/Src/gps.c **** 				}
  61:Core/Src/gps.c **** 			}
  62:Core/Src/gps.c **** 		}
  63:Core/Src/gps.c **** 	}
  64:Core/Src/gps.c **** 	
  65:Core/Src/gps.c **** }
 289              		.loc 1 65 1 view .LVU73
 290 00c8 02B0     		add	sp, sp, #8
 291              	.LCFI3:
 292              		.cfi_def_cfa_offset 16
 293              		@ sp needed
 294 00ca 70BD     		pop	{r4, r5, r6, pc}
 295              	.LVL35:
 296              	.L25:
 297              	.LCFI4:
 298              		.cfi_def_cfa_offset 0
 299              		.cfi_restore 4
 300              		.cfi_restore 5
 301              		.cfi_restore 6
 302              		.cfi_restore 14
 303              		.loc 1 65 1 view .LVU74
ARM GAS  /var/folders/w9/l2kswtfn3fs2kslkvv5vg9sh0000gn/T//cc4gL9HL.s 			page 8


 304 00cc 7047     		bx	lr
 305              	.L33:
 306 00ce 00BF     		.align	2
 307              	.L32:
 308 00d0 00000000 		.word	Save_Data
 309 00d4 52000000 		.word	Save_Data+82
 310 00d8 5D000000 		.word	Save_Data+93
 311 00dc 68000000 		.word	Save_Data+104
 312 00e0 6A000000 		.word	Save_Data+106
 313 00e4 76000000 		.word	Save_Data+118
 314              		.cfi_endproc
 315              	.LFE163:
 317              		.section	.text.Convert_to_degrees,"ax",%progbits
 318              		.align	1
 319              		.global	Convert_to_degrees
 320              		.syntax unified
 321              		.thumb
 322              		.thumb_func
 324              	Convert_to_degrees:
 325              	.LVL36:
 326              	.LFB164:
  66:Core/Src/gps.c **** 
  67:Core/Src/gps.c **** // GPSت½آ¾ف—آھآ»آ¯آµآ¥خ»خھآ¶ب،آ£
  68:Core/Src/gps.c **** double Convert_to_degrees(char* data)
  69:Core/Src/gps.c **** {
 327              		.loc 1 69 1 is_stmt 1 view -0
 328              		.cfi_startproc
 329              		@ args = 0, pretend = 0, frame = 0
 330              		@ frame_needed = 0, uses_anonymous_args = 0
 331              		.loc 1 69 1 is_stmt 0 view .LVU76
 332 0000 F8B5     		push	{r3, r4, r5, r6, r7, lr}
 333              	.LCFI5:
 334              		.cfi_def_cfa_offset 24
 335              		.cfi_offset 3, -24
 336              		.cfi_offset 4, -20
 337              		.cfi_offset 5, -16
 338              		.cfi_offset 6, -12
 339              		.cfi_offset 7, -8
 340              		.cfi_offset 14, -4
  70:Core/Src/gps.c **** 	double temp_data = atof(data);
 341              		.loc 1 70 2 is_stmt 1 view .LVU77
 342              		.loc 1 70 21 is_stmt 0 view .LVU78
 343 0002 FFF7FEFF 		bl	atof
 344              	.LVL37:
 345              		.loc 1 70 21 view .LVU79
 346 0006 51EC100B 		vmov	r0, r1, d0
 347              	.LVL38:
  71:Core/Src/gps.c **** 	int degree = (int)(temp_data / 100);
 348              		.loc 1 71 2 is_stmt 1 view .LVU80
 349              		.loc 1 71 31 is_stmt 0 view .LVU81
 350 000a 0022     		movs	r2, #0
 351 000c 104B     		ldr	r3, .L36
 352 000e FFF7FEFF 		bl	__aeabi_ddiv
 353              	.LVL39:
 354              		.loc 1 71 31 view .LVU82
 355 0012 0646     		mov	r6, r0
 356 0014 0F46     		mov	r7, r1
ARM GAS  /var/folders/w9/l2kswtfn3fs2kslkvv5vg9sh0000gn/T//cc4gL9HL.s 			page 9


 357              		.loc 1 71 6 view .LVU83
 358 0016 FFF7FEFF 		bl	__aeabi_d2iz
 359              	.LVL40:
  72:Core/Src/gps.c **** 	double f_degree = (temp_data / 100.0 - degree)*100/60.0;
 360              		.loc 1 72 2 is_stmt 1 view .LVU84
 361              		.loc 1 72 39 is_stmt 0 view .LVU85
 362 001a FFF7FEFF 		bl	__aeabi_i2d
 363              	.LVL41:
 364              		.loc 1 72 39 view .LVU86
 365 001e 0446     		mov	r4, r0
 366 0020 0D46     		mov	r5, r1
 367 0022 0246     		mov	r2, r0
 368 0024 0B46     		mov	r3, r1
 369 0026 3046     		mov	r0, r6
 370 0028 3946     		mov	r1, r7
 371 002a FFF7FEFF 		bl	__aeabi_dsub
 372              	.LVL42:
 373              		.loc 1 72 48 view .LVU87
 374 002e 0022     		movs	r2, #0
 375 0030 074B     		ldr	r3, .L36
 376 0032 FFF7FEFF 		bl	__aeabi_dmul
 377              	.LVL43:
 378              		.loc 1 72 9 view .LVU88
 379 0036 0022     		movs	r2, #0
 380 0038 064B     		ldr	r3, .L36+4
 381 003a FFF7FEFF 		bl	__aeabi_ddiv
 382              	.LVL44:
 383 003e 0246     		mov	r2, r0
 384 0040 0B46     		mov	r3, r1
 385              	.LVL45:
  73:Core/Src/gps.c **** 	double result = degree + f_degree;
 386              		.loc 1 73 2 is_stmt 1 view .LVU89
 387              		.loc 1 73 9 is_stmt 0 view .LVU90
 388 0042 2046     		mov	r0, r4
 389 0044 2946     		mov	r1, r5
 390 0046 FFF7FEFF 		bl	__aeabi_dadd
 391              	.LVL46:
  74:Core/Src/gps.c **** 	return result;
 392              		.loc 1 74 2 is_stmt 1 view .LVU91
  75:Core/Src/gps.c **** }
 393              		.loc 1 75 1 is_stmt 0 view .LVU92
 394 004a 41EC100B 		vmov	d0, r0, r1
 395 004e F8BD     		pop	{r3, r4, r5, r6, r7, pc}
 396              	.L37:
 397              		.align	2
 398              	.L36:
 399 0050 00005940 		.word	1079574528
 400 0054 00004E40 		.word	1078853632
 401              		.cfi_endproc
 402              	.LFE164:
 404              		.section	.rodata.PrintGpsBuffer.str1.4,"aMS",%progbits,1
 405              		.align	2
 406              	.LC1:
 407 0000 53617665 		.ascii	"Save_Data.UTCTime = \000"
 407      5F446174 
 407      612E5554 
 407      4354696D 
ARM GAS  /var/folders/w9/l2kswtfn3fs2kslkvv5vg9sh0000gn/T//cc4gL9HL.s 			page 10


 407      65203D20 
 408 0015 000000   		.align	2
 409              	.LC2:
 410 0018 257300   		.ascii	"%s\000"
 411 001b 00       		.align	2
 412              	.LC3:
 413 001c 0D00     		.ascii	"\015\000"
 414 001e 0000     		.align	2
 415              	.LC4:
 416 0020 53617665 		.ascii	"Save_Data.latitude = \000"
 416      5F446174 
 416      612E6C61 
 416      74697475 
 416      6465203D 
 417 0036 0000     		.align	2
 418              	.LC5:
 419 0038 256C6625 		.ascii	"%lf%s\000"
 419      7300
 420 003e 0000     		.align	2
 421              	.LC6:
 422 0040 53617665 		.ascii	"Save_Data.N_S = \000"
 422      5F446174 
 422      612E4E5F 
 422      53203D20 
 422      00
 423 0051 000000   		.align	2
 424              	.LC7:
 425 0054 53617665 		.ascii	"Save_Data.longitude = \000"
 425      5F446174 
 425      612E6C6F 
 425      6E676974 
 425      75646520 
 426 006b 00       		.align	2
 427              	.LC8:
 428 006c 53617665 		.ascii	"Save_Data.E_W = \000"
 428      5F446174 
 428      612E455F 
 428      57203D20 
 428      00
 429 007d 000000   		.align	2
 430              	.LC9:
 431 0080 47505320 		.ascii	"GPS DATA is not usefull!\015\000"
 431      44415441 
 431      20697320 
 431      6E6F7420 
 431      75736566 
 432              		.section	.text.PrintGpsBuffer,"ax",%progbits
 433              		.align	1
 434              		.global	PrintGpsBuffer
 435              		.syntax unified
 436              		.thumb
 437              		.thumb_func
 439              	PrintGpsBuffer:
 440              	.LFB165:
  76:Core/Src/gps.c **** 
  77:Core/Src/gps.c **** 
  78:Core/Src/gps.c **** void PrintGpsBuffer(void)
ARM GAS  /var/folders/w9/l2kswtfn3fs2kslkvv5vg9sh0000gn/T//cc4gL9HL.s 			page 11


  79:Core/Src/gps.c **** {
 441              		.loc 1 79 1 is_stmt 1 view -0
 442              		.cfi_startproc
 443              		@ args = 0, pretend = 0, frame = 0
 444              		@ frame_needed = 0, uses_anonymous_args = 0
  80:Core/Src/gps.c **** 	double f_latitude = 0.0;
 445              		.loc 1 80 2 view .LVU94
 446              	.LVL47:
  81:Core/Src/gps.c **** 	double f_longitude = 0.0;
 447              		.loc 1 81 2 view .LVU95
  82:Core/Src/gps.c **** 	if (Save_Data.isParseData)
 448              		.loc 1 82 2 view .LVU96
 449              		.loc 1 82 15 is_stmt 0 view .LVU97
 450 0000 2F4B     		ldr	r3, .L46
 451 0002 93F85130 		ldrb	r3, [r3, #81]	@ zero_extendqisi2
 452              		.loc 1 82 5 view .LVU98
 453 0006 03B9     		cbnz	r3, .L45
 454 0008 7047     		bx	lr
 455              	.L45:
  79:Core/Src/gps.c **** 	double f_latitude = 0.0;
 456              		.loc 1 79 1 view .LVU99
 457 000a 2DE9F041 		push	{r4, r5, r6, r7, r8, lr}
 458              	.LCFI6:
 459              		.cfi_def_cfa_offset 24
 460              		.cfi_offset 4, -24
 461              		.cfi_offset 5, -20
 462              		.cfi_offset 6, -16
 463              		.cfi_offset 7, -12
 464              		.cfi_offset 8, -8
 465              		.cfi_offset 14, -4
 466 000e 82B0     		sub	sp, sp, #8
 467              	.LCFI7:
 468              		.cfi_def_cfa_offset 32
  83:Core/Src/gps.c **** 	{
  84:Core/Src/gps.c **** 		Save_Data.isParseData = false;
 469              		.loc 1 84 3 is_stmt 1 view .LVU100
 470              		.loc 1 84 25 is_stmt 0 view .LVU101
 471 0010 2B4C     		ldr	r4, .L46
 472 0012 0023     		movs	r3, #0
 473 0014 84F85130 		strb	r3, [r4, #81]
  85:Core/Src/gps.c **** 		
  86:Core/Src/gps.c **** 		printf("Save_Data.UTCTime = ");
 474              		.loc 1 86 3 is_stmt 1 view .LVU102
 475 0018 2A48     		ldr	r0, .L46+4
 476 001a FFF7FEFF 		bl	printf
 477              	.LVL48:
  87:Core/Src/gps.c **** 		//printf(Save_Data.UTCTime);
  88:Core/Src/gps.c **** 		printf("%s",Save_Data.UTCTime);
 478              		.loc 1 88 3 view .LVU103
 479 001e 04F15201 		add	r1, r4, #82
 480 0022 2948     		ldr	r0, .L46+8
 481 0024 FFF7FEFF 		bl	printf
 482              	.LVL49:
  89:Core/Src/gps.c **** 		printf("\r\n");
 483              		.loc 1 89 3 view .LVU104
 484 0028 2848     		ldr	r0, .L46+12
 485 002a FFF7FEFF 		bl	puts
ARM GAS  /var/folders/w9/l2kswtfn3fs2kslkvv5vg9sh0000gn/T//cc4gL9HL.s 			page 12


 486              	.LVL50:
  90:Core/Src/gps.c **** 
  91:Core/Src/gps.c **** 		if(Save_Data.isUsefull)
 487              		.loc 1 91 3 view .LVU105
 488              		.loc 1 91 15 is_stmt 0 view .LVU106
 489 002e 94F87830 		ldrb	r3, [r4, #120]	@ zero_extendqisi2
 490              		.loc 1 91 5 view .LVU107
 491 0032 002B     		cmp	r3, #0
 492 0034 40D0     		beq	.L40
  92:Core/Src/gps.c **** 		{
  93:Core/Src/gps.c **** 			Save_Data.isUsefull = false;
 493              		.loc 1 93 4 is_stmt 1 view .LVU108
 494              		.loc 1 93 24 is_stmt 0 view .LVU109
 495 0036 0023     		movs	r3, #0
 496 0038 84F87830 		strb	r3, [r4, #120]
  94:Core/Src/gps.c **** 			printf("Save_Data.latitude = ");
 497              		.loc 1 94 4 is_stmt 1 view .LVU110
 498 003c 2448     		ldr	r0, .L46+16
 499 003e FFF7FEFF 		bl	printf
 500              	.LVL51:
  95:Core/Src/gps.c **** 			// printf(Save_Data.latitude);
  96:Core/Src/gps.c **** 			// printf("--");
  97:Core/Src/gps.c **** 			f_latitude = Convert_to_degrees(Save_Data.latitude);
 501              		.loc 1 97 4 view .LVU111
 502              		.loc 1 97 17 is_stmt 0 view .LVU112
 503 0042 04F15D00 		add	r0, r4, #93
 504 0046 FFF7FEFF 		bl	Convert_to_degrees
 505              	.LVL52:
 506 004a 53EC102B 		vmov	r2, r3, d0
 507              	.LVL53:
  98:Core/Src/gps.c **** 			printf("%lf%s", f_latitude, Save_Data.N_S);
 508              		.loc 1 98 4 is_stmt 1 view .LVU113
 509 004e 214F     		ldr	r7, .L46+20
 510 0050 04F16808 		add	r8, r4, #104
 511 0054 CDF80080 		str	r8, [sp]
 512 0058 3846     		mov	r0, r7
 513 005a FFF7FEFF 		bl	printf
 514              	.LVL54:
  99:Core/Src/gps.c **** 			printf("\r\n");
 515              		.loc 1 99 4 view .LVU114
 516 005e 1B4D     		ldr	r5, .L46+12
 517 0060 2846     		mov	r0, r5
 518 0062 FFF7FEFF 		bl	puts
 519              	.LVL55:
 100:Core/Src/gps.c **** 
 101:Core/Src/gps.c **** 			printf("Save_Data.N_S = ");
 520              		.loc 1 101 4 view .LVU115
 521 0066 1C48     		ldr	r0, .L46+24
 522 0068 FFF7FEFF 		bl	printf
 523              	.LVL56:
 102:Core/Src/gps.c **** 			//printf(Save_Data.N_S);
 103:Core/Src/gps.c **** 			printf("%s",Save_Data.N_S);
 524              		.loc 1 103 4 view .LVU116
 525 006c 164E     		ldr	r6, .L46+8
 526 006e 4146     		mov	r1, r8
 527 0070 3046     		mov	r0, r6
 528 0072 FFF7FEFF 		bl	printf
ARM GAS  /var/folders/w9/l2kswtfn3fs2kslkvv5vg9sh0000gn/T//cc4gL9HL.s 			page 13


 529              	.LVL57:
 104:Core/Src/gps.c **** 			printf("\r\n");
 530              		.loc 1 104 4 view .LVU117
 531 0076 2846     		mov	r0, r5
 532 0078 FFF7FEFF 		bl	puts
 533              	.LVL58:
 105:Core/Src/gps.c **** 
 106:Core/Src/gps.c **** 			printf("Save_Data.longitude = ");
 534              		.loc 1 106 4 view .LVU118
 535 007c 1748     		ldr	r0, .L46+28
 536 007e FFF7FEFF 		bl	printf
 537              	.LVL59:
 107:Core/Src/gps.c **** 			// printf(Save_Data.longitude);
 108:Core/Src/gps.c **** 			// printf("--");
 109:Core/Src/gps.c **** 			f_longitude = Convert_to_degrees(Save_Data.longitude);
 538              		.loc 1 109 4 view .LVU119
 539              		.loc 1 109 18 is_stmt 0 view .LVU120
 540 0082 04F16A00 		add	r0, r4, #106
 541 0086 FFF7FEFF 		bl	Convert_to_degrees
 542              	.LVL60:
 543 008a 53EC102B 		vmov	r2, r3, d0
 544              	.LVL61:
 110:Core/Src/gps.c **** 			printf("%lf%s", f_longitude, Save_Data.E_W);
 545              		.loc 1 110 4 is_stmt 1 view .LVU121
 546 008e 7634     		adds	r4, r4, #118
 547 0090 0094     		str	r4, [sp]
 548 0092 3846     		mov	r0, r7
 549 0094 FFF7FEFF 		bl	printf
 550              	.LVL62:
 111:Core/Src/gps.c **** 			printf("\r\n");
 551              		.loc 1 111 4 view .LVU122
 552 0098 2846     		mov	r0, r5
 553 009a FFF7FEFF 		bl	puts
 554              	.LVL63:
 112:Core/Src/gps.c **** 
 113:Core/Src/gps.c **** 			printf("Save_Data.E_W = ");
 555              		.loc 1 113 4 view .LVU123
 556 009e 1048     		ldr	r0, .L46+32
 557 00a0 FFF7FEFF 		bl	printf
 558              	.LVL64:
 114:Core/Src/gps.c **** 			//printf(Save_Data.E_W);
 115:Core/Src/gps.c **** 			printf("%s",Save_Data.E_W);
 559              		.loc 1 115 4 view .LVU124
 560 00a4 2146     		mov	r1, r4
 561 00a6 3046     		mov	r0, r6
 562 00a8 FFF7FEFF 		bl	printf
 563              	.LVL65:
 116:Core/Src/gps.c **** 			printf("\r\n");
 564              		.loc 1 116 4 view .LVU125
 565 00ac 2846     		mov	r0, r5
 566 00ae FFF7FEFF 		bl	puts
 567              	.LVL66:
 568              	.L38:
 117:Core/Src/gps.c **** 		}
 118:Core/Src/gps.c **** 		else
 119:Core/Src/gps.c **** 		{
 120:Core/Src/gps.c **** 			printf("GPS DATA is not usefull!\r\n");
ARM GAS  /var/folders/w9/l2kswtfn3fs2kslkvv5vg9sh0000gn/T//cc4gL9HL.s 			page 14


 121:Core/Src/gps.c **** 		}
 122:Core/Src/gps.c **** 		
 123:Core/Src/gps.c **** 	}
 124:Core/Src/gps.c **** }
 569              		.loc 1 124 1 is_stmt 0 view .LVU126
 570 00b2 02B0     		add	sp, sp, #8
 571              	.LCFI8:
 572              		.cfi_remember_state
 573              		.cfi_def_cfa_offset 24
 574              		@ sp needed
 575 00b4 BDE8F081 		pop	{r4, r5, r6, r7, r8, pc}
 576              	.LVL67:
 577              	.L40:
 578              	.LCFI9:
 579              		.cfi_restore_state
 120:Core/Src/gps.c **** 		}
 580              		.loc 1 120 4 is_stmt 1 view .LVU127
 581 00b8 0A48     		ldr	r0, .L46+36
 582 00ba FFF7FEFF 		bl	puts
 583              	.LVL68:
 584              		.loc 1 124 1 is_stmt 0 view .LVU128
 585 00be F8E7     		b	.L38
 586              	.L47:
 587              		.align	2
 588              	.L46:
 589 00c0 00000000 		.word	Save_Data
 590 00c4 00000000 		.word	.LC1
 591 00c8 18000000 		.word	.LC2
 592 00cc 1C000000 		.word	.LC3
 593 00d0 20000000 		.word	.LC4
 594 00d4 38000000 		.word	.LC5
 595 00d8 40000000 		.word	.LC6
 596 00dc 54000000 		.word	.LC7
 597 00e0 6C000000 		.word	.LC8
 598 00e4 80000000 		.word	.LC9
 599              		.cfi_endproc
 600              	.LFE165:
 602              		.section	.text.LongLat2XY,"ax",%progbits
 603              		.align	1
 604              		.global	LongLat2XY
 605              		.syntax unified
 606              		.thumb
 607              		.thumb_func
 609              	LongLat2XY:
 610              	.LVL69:
 611              	.LFB166:
 125:Core/Src/gps.c **** 
 126:Core/Src/gps.c **** 
 127:Core/Src/gps.c **** 
 128:Core/Src/gps.c **** //آ¾آ­خ³آ¶ب—أ¸آ±êڈµ×ھآ»آ»خھآµر؟آ¨آ¶أ»×¸آ±êڈµث£آ·آ¨ 
 129:Core/Src/gps.c **** int LongLat2XY(double longitude,double latitude,double *X,double *Y)
 130:Core/Src/gps.c **** {
 612              		.loc 1 130 1 is_stmt 1 view -0
 613              		.cfi_startproc
 614              		@ args = 0, pretend = 0, frame = 56
 615              		@ frame_needed = 0, uses_anonymous_args = 0
 616              		.loc 1 130 1 is_stmt 0 view .LVU130
ARM GAS  /var/folders/w9/l2kswtfn3fs2kslkvv5vg9sh0000gn/T//cc4gL9HL.s 			page 15


 617 0000 2DE9F04F 		push	{r4, r5, r6, r7, r8, r9, r10, fp, lr}
 618              	.LCFI10:
 619              		.cfi_def_cfa_offset 36
 620              		.cfi_offset 4, -36
 621              		.cfi_offset 5, -32
 622              		.cfi_offset 6, -28
 623              		.cfi_offset 7, -24
 624              		.cfi_offset 8, -20
 625              		.cfi_offset 9, -16
 626              		.cfi_offset 10, -12
 627              		.cfi_offset 11, -8
 628              		.cfi_offset 14, -4
 629 0004 2DED028B 		vpush.64	{d8}
 630              	.LCFI11:
 631              		.cfi_def_cfa_offset 44
 632              		.cfi_offset 80, -44
 633              		.cfi_offset 81, -40
 634 0008 8FB0     		sub	sp, sp, #60
 635              	.LCFI12:
 636              		.cfi_def_cfa_offset 104
 637 000a 57EC106B 		vmov	r6, r7, d0
 638 000e 55EC114B 		vmov	r4, r5, d1
 639 0012 0690     		str	r0, [sp, #24]
 640 0014 0791     		str	r1, [sp, #28]
 131:Core/Src/gps.c ****     int ProjNo=0; int ZoneWide; //ه¸¦ه®½
 641              		.loc 1 131 5 is_stmt 1 view .LVU131
 642              	.LVL70:
 643              		.loc 1 131 19 view .LVU132
 132:Core/Src/gps.c ****     double longitude1,latitude1, longitude0,latitude0, X0,Y0, xval,yval;
 644              		.loc 1 132 5 view .LVU133
 133:Core/Src/gps.c ****     double a, f, e2, ee, NN, T, C, A, M, iPI;
 645              		.loc 1 133 5 view .LVU134
 134:Core/Src/gps.c ****     iPI = 0.0174532925199433;  //3.1415926535898/180.0;
 646              		.loc 1 134 5 view .LVU135
 135:Core/Src/gps.c ****     ZoneWide = 3;  //3ه؛¦ه¸¦ه®½
 647              		.loc 1 135 5 view .LVU136
 136:Core/Src/gps.c ****     //ZoneWide = 6; 6ه؛¦ه¸¦ه®½
 137:Core/Src/gps.c ****     //a=6378245.0; f=1.0/298.3; //54ه¹´هŒ—ن؛¬ه‌گو ‡ç³»هڈ‚و•°
 138:Core/Src/gps.c ****     //a=6378140.0; f=1/298.257; //80ه¹´è¥؟ه®‰ه‌گو ‡ç³»هڈ‚و•°
 139:Core/Src/gps.c ****     a = 6378137.0; f = 1.0/298.257223563;//WGS84ه‌گو ‡ç³»هڈ‚و•°
 648              		.loc 1 139 5 view .LVU137
 649              		.loc 1 139 20 view .LVU138
 140:Core/Src/gps.c ****     //ProjNo = (int)(longitude / ZoneWide) ;      //6ه؛¦ه¸¦
 141:Core/Src/gps.c ****     //longitude0 = ProjNo * ZoneWide + ZoneWide / 2; //6ه؛¦ه¸¦
 142:Core/Src/gps.c ****     ProjNo = (int)(longitude / ZoneWide+0.5) ;
 650              		.loc 1 142 5 view .LVU139
 651              		.loc 1 142 30 is_stmt 0 view .LVU140
 652 0016 0022     		movs	r2, #0
 653 0018 E34B     		ldr	r3, .L50+72
 654 001a 3046     		mov	r0, r6
 655              	.LVL71:
 656              		.loc 1 142 30 view .LVU141
 657 001c 3946     		mov	r1, r7
 658              	.LVL72:
 659              		.loc 1 142 30 view .LVU142
 660 001e FFF7FEFF 		bl	__aeabi_ddiv
 661              	.LVL73:
ARM GAS  /var/folders/w9/l2kswtfn3fs2kslkvv5vg9sh0000gn/T//cc4gL9HL.s 			page 16


 662              		.loc 1 142 40 view .LVU143
 663 0022 0022     		movs	r2, #0
 664 0024 E14B     		ldr	r3, .L50+76
 665 0026 FFF7FEFF 		bl	__aeabi_dadd
 666              	.LVL74:
 667              		.loc 1 142 12 view .LVU144
 668 002a FFF7FEFF 		bl	__aeabi_d2iz
 669              	.LVL75:
 143:Core/Src/gps.c ****     // ProjNo = (int)(longitude / ZoneWide) ; //--ه¸¦هڈ·
 144:Core/Src/gps.c ****     longitude0 = ProjNo * ZoneWide ; //--ن¸­ه¤®ه­گهچˆç؛؟
 670              		.loc 1 144 5 is_stmt 1 view .LVU145
 671              		.loc 1 144 16 is_stmt 0 view .LVU146
 672 002e 0390     		str	r0, [sp, #12]
 673 0030 00EB4000 		add	r0, r0, r0, lsl #1
 674              	.LVL76:
 675              		.loc 1 144 16 view .LVU147
 676 0034 FFF7FEFF 		bl	__aeabi_i2d
 677              	.LVL77:
 145:Core/Src/gps.c ****     longitude0 = longitude0 * iPI ;//--ن¸­ه¤®ه­گهچˆç؛؟è½¬هŒ–ن¸؛ه¼§ه؛¦
 678              		.loc 1 145 5 is_stmt 1 view .LVU148
 679              		.loc 1 145 16 is_stmt 0 view .LVU149
 680 0038 C9A3     		adr	r3, .L50
 681 003a D3E90023 		ldrd	r2, [r3]
 682 003e FFF7FEFF 		bl	__aeabi_dmul
 683              	.LVL78:
 684              		.loc 1 145 16 view .LVU150
 685 0042 CDE90401 		strd	r0, [sp, #16]
 686              	.LVL79:
 146:Core/Src/gps.c ****     latitude0=0;
 687              		.loc 1 146 5 is_stmt 1 view .LVU151
 147:Core/Src/gps.c ****     longitude1 = longitude * iPI ; //ç»ڈه؛¦è½¬وچ¢ن¸؛ه¼§ه؛¦
 688              		.loc 1 147 5 view .LVU152
 689              		.loc 1 147 16 is_stmt 0 view .LVU153
 690 0046 C6A3     		adr	r3, .L50
 691 0048 D3E90023 		ldrd	r2, [r3]
 692 004c 3046     		mov	r0, r6
 693              	.LVL80:
 694              		.loc 1 147 16 view .LVU154
 695 004e 3946     		mov	r1, r7
 696 0050 FFF7FEFF 		bl	__aeabi_dmul
 697              	.LVL81:
 698 0054 0646     		mov	r6, r0
 699              	.LVL82:
 700              		.loc 1 147 16 view .LVU155
 701 0056 0F46     		mov	r7, r1
 702              	.LVL83:
 148:Core/Src/gps.c ****     latitude1 = latitude * iPI ; //ç؛¬ه؛¦è½¬وچ¢ن¸؛ه¼§ه؛¦
 703              		.loc 1 148 5 is_stmt 1 view .LVU156
 704              		.loc 1 148 15 is_stmt 0 view .LVU157
 705 0058 C1A3     		adr	r3, .L50
 706 005a D3E90023 		ldrd	r2, [r3]
 707 005e 2046     		mov	r0, r4
 708 0060 2946     		mov	r1, r5
 709 0062 FFF7FEFF 		bl	__aeabi_dmul
 710              	.LVL84:
 711 0066 41EC180B 		vmov	d8, r0, r1
 712              	.LVL85:
ARM GAS  /var/folders/w9/l2kswtfn3fs2kslkvv5vg9sh0000gn/T//cc4gL9HL.s 			page 17


 149:Core/Src/gps.c ****     e2=2*f-f*f;
 713              		.loc 1 149 5 is_stmt 1 view .LVU158
 150:Core/Src/gps.c ****     ee=e2*(1.0-e2);
 714              		.loc 1 150 5 view .LVU159
 151:Core/Src/gps.c ****     NN=a/sqrt(1.0-e2*sin(latitude1)*sin(latitude1));
 715              		.loc 1 151 5 view .LVU160
 716              		.loc 1 151 22 is_stmt 0 view .LVU161
 717 006a B0EE480A 		vmov.f32	s0, s16
 718 006e F0EE680A 		vmov.f32	s1, s17
 719 0072 FFF7FEFF 		bl	sin
 720              	.LVL86:
 721              		.loc 1 151 22 view .LVU162
 722 0076 55EC104B 		vmov	r4, r5, d0
 723              	.LVL87:
 724              		.loc 1 151 21 discriminator 1 view .LVU163
 725 007a BBA3     		adr	r3, .L50+8
 726 007c D3E90023 		ldrd	r2, [r3]
 727 0080 2046     		mov	r0, r4
 728 0082 2946     		mov	r1, r5
 729 0084 FFF7FEFF 		bl	__aeabi_dmul
 730              	.LVL88:
 731 0088 0246     		mov	r2, r0
 732 008a 0B46     		mov	r3, r1
 733              		.loc 1 151 36 discriminator 2 view .LVU164
 734 008c 2046     		mov	r0, r4
 735 008e 2946     		mov	r1, r5
 736 0090 FFF7FEFF 		bl	__aeabi_dmul
 737              	.LVL89:
 738 0094 0246     		mov	r2, r0
 739 0096 0B46     		mov	r3, r1
 740              		.loc 1 151 10 discriminator 2 view .LVU165
 741 0098 0020     		movs	r0, #0
 742 009a C549     		ldr	r1, .L50+80
 743 009c FFF7FEFF 		bl	__aeabi_dsub
 744              	.LVL90:
 745 00a0 41EC100B 		vmov	d0, r0, r1
 746 00a4 FFF7FEFF 		bl	sqrt
 747              	.LVL91:
 748 00a8 53EC102B 		vmov	r2, r3, d0
 749              		.loc 1 151 7 discriminator 3 view .LVU166
 750 00ac B0A1     		adr	r1, .L50+16
 751 00ae D1E90001 		ldrd	r0, [r1]
 752 00b2 FFF7FEFF 		bl	__aeabi_ddiv
 753              	.LVL92:
 754 00b6 CDE90801 		strd	r0, [sp, #32]
 755              	.LVL93:
 152:Core/Src/gps.c ****     T=tan(latitude1)*tan(latitude1);
 756              		.loc 1 152 5 is_stmt 1 view .LVU167
 757              		.loc 1 152 7 is_stmt 0 view .LVU168
 758 00ba B0EE480A 		vmov.f32	s0, s16
 759 00be F0EE680A 		vmov.f32	s1, s17
 760 00c2 FFF7FEFF 		bl	tan
 761              	.LVL94:
 762              		.loc 1 152 7 view .LVU169
 763 00c6 55EC104B 		vmov	r4, r5, d0
 764              		.loc 1 152 6 discriminator 2 view .LVU170
 765 00ca 2246     		mov	r2, r4
ARM GAS  /var/folders/w9/l2kswtfn3fs2kslkvv5vg9sh0000gn/T//cc4gL9HL.s 			page 18


 766 00cc 2B46     		mov	r3, r5
 767 00ce 8DED000B 		vstr.64	d0, [sp]
 768 00d2 2046     		mov	r0, r4
 769 00d4 2946     		mov	r1, r5
 770 00d6 FFF7FEFF 		bl	__aeabi_dmul
 771              	.LVL95:
 772 00da 8246     		mov	r10, r0
 773 00dc 8B46     		mov	fp, r1
 774              	.LVL96:
 153:Core/Src/gps.c ****     C=ee*cos(latitude1)*cos(latitude1);
 775              		.loc 1 153 5 is_stmt 1 view .LVU171
 776              		.loc 1 153 10 is_stmt 0 view .LVU172
 777 00de B0EE480A 		vmov.f32	s0, s16
 778 00e2 F0EE680A 		vmov.f32	s1, s17
 779 00e6 FFF7FEFF 		bl	cos
 780              	.LVL97:
 781 00ea 55EC104B 		vmov	r4, r5, d0
 782              		.loc 1 153 9 discriminator 1 view .LVU173
 783 00ee A2A3     		adr	r3, .L50+24
 784 00f0 D3E90023 		ldrd	r2, [r3]
 785 00f4 2046     		mov	r0, r4
 786 00f6 2946     		mov	r1, r5
 787 00f8 FFF7FEFF 		bl	__aeabi_dmul
 788              	.LVL98:
 789 00fc 0246     		mov	r2, r0
 790 00fe 0B46     		mov	r3, r1
 791              		.loc 1 153 6 discriminator 2 view .LVU174
 792 0100 2046     		mov	r0, r4
 793 0102 2946     		mov	r1, r5
 794 0104 FFF7FEFF 		bl	__aeabi_dmul
 795              	.LVL99:
 796 0108 8046     		mov	r8, r0
 797 010a 8946     		mov	r9, r1
 798              	.LVL100:
 154:Core/Src/gps.c ****     A=(longitude1-longitude0)*cos(latitude1);
 799              		.loc 1 154 5 is_stmt 1 view .LVU175
 800              		.loc 1 154 18 is_stmt 0 view .LVU176
 801 010c DDE90423 		ldrd	r2, [sp, #16]
 802 0110 3046     		mov	r0, r6
 803 0112 3946     		mov	r1, r7
 804 0114 FFF7FEFF 		bl	__aeabi_dsub
 805              	.LVL101:
 806 0118 0246     		mov	r2, r0
 807 011a 0B46     		mov	r3, r1
 808              		.loc 1 154 6 discriminator 1 view .LVU177
 809 011c 2046     		mov	r0, r4
 810 011e 2946     		mov	r1, r5
 811 0120 FFF7FEFF 		bl	__aeabi_dmul
 812              	.LVL102:
 813 0124 0446     		mov	r4, r0
 814 0126 0D46     		mov	r5, r1
 815              	.LVL103:
 155:Core/Src/gps.c **** 
 156:Core/Src/gps.c ****     M=a*((1-e2/4-3*e2*e2/64-5*e2*e2*e2/256)*latitude1-(3*e2/8+3*e2*e2/32+45*e2*e2*e2/1024)*sin(2*la
 816              		.loc 1 156 5 is_stmt 1 view .LVU178
 817              		.loc 1 156 44 is_stmt 0 view .LVU179
 818 0128 95A3     		adr	r3, .L50+32
ARM GAS  /var/folders/w9/l2kswtfn3fs2kslkvv5vg9sh0000gn/T//cc4gL9HL.s 			page 19


 819 012a D3E90023 		ldrd	r2, [r3]
 820 012e 51EC180B 		vmov	r0, r1, d8
 821 0132 FFF7FEFF 		bl	__aeabi_dmul
 822              	.LVL104:
 823 0136 0646     		mov	r6, r0
 824              	.LVL105:
 825              		.loc 1 156 44 view .LVU180
 826 0138 0F46     		mov	r7, r1
 827              		.loc 1 156 92 view .LVU181
 828 013a 53EC182B 		vmov	r2, r3, d8
 829 013e 51EC180B 		vmov	r0, r1, d8
 830 0142 FFF7FEFF 		bl	__aeabi_dadd
 831              	.LVL106:
 832 0146 41EC100B 		vmov	d0, r0, r1
 833 014a FFF7FEFF 		bl	sin
 834              	.LVL107:
 835 014e 51EC100B 		vmov	r0, r1, d0
 836              		.loc 1 156 91 discriminator 1 view .LVU182
 837 0152 8DA3     		adr	r3, .L50+40
 838 0154 D3E90023 		ldrd	r2, [r3]
 839 0158 FFF7FEFF 		bl	__aeabi_dmul
 840              	.LVL108:
 841 015c 0246     		mov	r2, r0
 842 015e 0B46     		mov	r3, r1
 843              		.loc 1 156 54 discriminator 1 view .LVU183
 844 0160 3046     		mov	r0, r6
 845 0162 3946     		mov	r1, r7
 846 0164 FFF7FEFF 		bl	__aeabi_dsub
 847              	.LVL109:
 848 0168 0646     		mov	r6, r0
 849 016a 0F46     		mov	r7, r1
 157:Core/Src/gps.c ****          +(15*e2*e2/256+45*e2*e2*e2/1024)*sin(4*latitude1)-(35*e2*e2*e2/3072)*sin(6*latitude1));
 850              		.loc 1 157 43 view .LVU184
 851 016c 0022     		movs	r2, #0
 852 016e 914B     		ldr	r3, .L50+84
 853 0170 51EC180B 		vmov	r0, r1, d8
 854 0174 FFF7FEFF 		bl	__aeabi_dmul
 855              	.LVL110:
 856 0178 41EC100B 		vmov	d0, r0, r1
 857 017c FFF7FEFF 		bl	sin
 858              	.LVL111:
 859 0180 51EC100B 		vmov	r0, r1, d0
 860              		.loc 1 157 42 discriminator 1 view .LVU185
 861 0184 82A3     		adr	r3, .L50+48
 862 0186 D3E90023 		ldrd	r2, [r3]
 863 018a FFF7FEFF 		bl	__aeabi_dmul
 864              	.LVL112:
 865 018e 0246     		mov	r2, r0
 866 0190 0B46     		mov	r3, r1
 867              		.loc 1 157 10 discriminator 1 view .LVU186
 868 0192 3046     		mov	r0, r6
 869 0194 3946     		mov	r1, r7
 870 0196 FFF7FEFF 		bl	__aeabi_dadd
 871              	.LVL113:
 872 019a 0646     		mov	r6, r0
 873 019c 0F46     		mov	r7, r1
 874              		.loc 1 157 79 discriminator 1 view .LVU187
ARM GAS  /var/folders/w9/l2kswtfn3fs2kslkvv5vg9sh0000gn/T//cc4gL9HL.s 			page 20


 875 019e 0022     		movs	r2, #0
 876 01a0 854B     		ldr	r3, .L50+88
 877 01a2 51EC180B 		vmov	r0, r1, d8
 878 01a6 FFF7FEFF 		bl	__aeabi_dmul
 879              	.LVL114:
 880 01aa 41EC100B 		vmov	d0, r0, r1
 881 01ae FFF7FEFF 		bl	sin
 882              	.LVL115:
 883 01b2 51EC100B 		vmov	r0, r1, d0
 884              		.loc 1 157 78 discriminator 2 view .LVU188
 885 01b6 78A3     		adr	r3, .L50+56
 886 01b8 D3E90023 		ldrd	r2, [r3]
 887 01bc FFF7FEFF 		bl	__aeabi_dmul
 888              	.LVL116:
 889 01c0 0246     		mov	r2, r0
 890 01c2 0B46     		mov	r3, r1
 891              		.loc 1 157 59 discriminator 2 view .LVU189
 892 01c4 3046     		mov	r0, r6
 893 01c6 3946     		mov	r1, r7
 894 01c8 FFF7FEFF 		bl	__aeabi_dsub
 895              	.LVL117:
 156:Core/Src/gps.c ****          +(15*e2*e2/256+45*e2*e2*e2/1024)*sin(4*latitude1)-(35*e2*e2*e2/3072)*sin(6*latitude1));
 896              		.loc 1 156 6 view .LVU190
 897 01cc 68A3     		adr	r3, .L50+16
 898 01ce D3E90023 		ldrd	r2, [r3]
 899 01d2 FFF7FEFF 		bl	__aeabi_dmul
 900              	.LVL118:
 901 01d6 CDE90A01 		strd	r0, [sp, #40]
 902              	.LVL119:
 158:Core/Src/gps.c ****     xval = NN*(A+(1-T+C)*A*A*A/6+(5-18*T+T*T+72*C-58*ee)*A*A*A*A*A/120);
 903              		.loc 1 158 5 is_stmt 1 view .LVU191
 904              		.loc 1 158 20 is_stmt 0 view .LVU192
 905 01da 5246     		mov	r2, r10
 906 01dc 5B46     		mov	r3, fp
 907 01de 0020     		movs	r0, #0
 908              	.LVL120:
 909              		.loc 1 158 20 view .LVU193
 910 01e0 7349     		ldr	r1, .L50+80
 911 01e2 FFF7FEFF 		bl	__aeabi_dsub
 912              	.LVL121:
 913              		.loc 1 158 22 view .LVU194
 914 01e6 4246     		mov	r2, r8
 915 01e8 4B46     		mov	r3, r9
 916 01ea FFF7FEFF 		bl	__aeabi_dadd
 917              	.LVL122:
 918              		.loc 1 158 25 view .LVU195
 919 01ee 2246     		mov	r2, r4
 920 01f0 2B46     		mov	r3, r5
 921 01f2 FFF7FEFF 		bl	__aeabi_dmul
 922              	.LVL123:
 923              		.loc 1 158 27 view .LVU196
 924 01f6 2246     		mov	r2, r4
 925 01f8 2B46     		mov	r3, r5
 926 01fa FFF7FEFF 		bl	__aeabi_dmul
 927              	.LVL124:
 928              		.loc 1 158 29 view .LVU197
 929 01fe 2246     		mov	r2, r4
ARM GAS  /var/folders/w9/l2kswtfn3fs2kslkvv5vg9sh0000gn/T//cc4gL9HL.s 			page 21


 930 0200 2B46     		mov	r3, r5
 931 0202 FFF7FEFF 		bl	__aeabi_dmul
 932              	.LVL125:
 933              		.loc 1 158 31 view .LVU198
 934 0206 0022     		movs	r2, #0
 935 0208 6B4B     		ldr	r3, .L50+88
 936 020a FFF7FEFF 		bl	__aeabi_ddiv
 937              	.LVL126:
 938              		.loc 1 158 17 view .LVU199
 939 020e 2246     		mov	r2, r4
 940 0210 2B46     		mov	r3, r5
 941 0212 FFF7FEFF 		bl	__aeabi_dadd
 942              	.LVL127:
 943 0216 CDE90C01 		strd	r0, [sp, #48]
 944              		.loc 1 158 39 view .LVU200
 945 021a 0022     		movs	r2, #0
 946 021c 674B     		ldr	r3, .L50+92
 947 021e 5046     		mov	r0, r10
 948 0220 5946     		mov	r1, fp
 949 0222 FFF7FEFF 		bl	__aeabi_dmul
 950              	.LVL128:
 951 0226 0246     		mov	r2, r0
 952 0228 0B46     		mov	r3, r1
 953              		.loc 1 158 36 view .LVU201
 954 022a 0020     		movs	r0, #0
 955 022c 6449     		ldr	r1, .L50+96
 956 022e FFF7FEFF 		bl	__aeabi_dsub
 957              	.LVL129:
 958 0232 0646     		mov	r6, r0
 959 0234 0F46     		mov	r7, r1
 960              		.loc 1 158 43 view .LVU202
 961 0236 5246     		mov	r2, r10
 962 0238 5B46     		mov	r3, fp
 963 023a 5046     		mov	r0, r10
 964 023c 5946     		mov	r1, fp
 965 023e FFF7FEFF 		bl	__aeabi_dmul
 966              	.LVL130:
 967 0242 0246     		mov	r2, r0
 968 0244 0B46     		mov	r3, r1
 969              		.loc 1 158 41 view .LVU203
 970 0246 CDE90423 		strd	r2, [sp, #16]
 971              	.LVL131:
 972              		.loc 1 158 41 view .LVU204
 973 024a 3046     		mov	r0, r6
 974 024c 3946     		mov	r1, r7
 975 024e FFF7FEFF 		bl	__aeabi_dadd
 976              	.LVL132:
 977 0252 0646     		mov	r6, r0
 978 0254 0F46     		mov	r7, r1
 979              		.loc 1 158 48 view .LVU205
 980 0256 0022     		movs	r2, #0
 981 0258 5A4B     		ldr	r3, .L50+100
 982 025a 4046     		mov	r0, r8
 983 025c 4946     		mov	r1, r9
 984 025e FFF7FEFF 		bl	__aeabi_dmul
 985              	.LVL133:
 986 0262 0246     		mov	r2, r0
ARM GAS  /var/folders/w9/l2kswtfn3fs2kslkvv5vg9sh0000gn/T//cc4gL9HL.s 			page 22


 987 0264 0B46     		mov	r3, r1
 988              		.loc 1 158 45 view .LVU206
 989 0266 3046     		mov	r0, r6
 990 0268 3946     		mov	r1, r7
 991 026a FFF7FEFF 		bl	__aeabi_dadd
 992              	.LVL134:
 993              		.loc 1 158 50 view .LVU207
 994 026e 4CA3     		adr	r3, .L50+64
 995 0270 D3E90023 		ldrd	r2, [r3]
 996 0274 FFF7FEFF 		bl	__aeabi_dsub
 997              	.LVL135:
 998              		.loc 1 158 57 view .LVU208
 999 0278 2246     		mov	r2, r4
 1000 027a 2B46     		mov	r3, r5
 1001 027c FFF7FEFF 		bl	__aeabi_dmul
 1002              	.LVL136:
 1003              		.loc 1 158 59 view .LVU209
 1004 0280 2246     		mov	r2, r4
 1005 0282 2B46     		mov	r3, r5
 1006 0284 FFF7FEFF 		bl	__aeabi_dmul
 1007              	.LVL137:
 1008              		.loc 1 158 61 view .LVU210
 1009 0288 2246     		mov	r2, r4
 1010 028a 2B46     		mov	r3, r5
 1011 028c FFF7FEFF 		bl	__aeabi_dmul
 1012              	.LVL138:
 1013              		.loc 1 158 63 view .LVU211
 1014 0290 2246     		mov	r2, r4
 1015 0292 2B46     		mov	r3, r5
 1016 0294 FFF7FEFF 		bl	__aeabi_dmul
 1017              	.LVL139:
 1018              		.loc 1 158 65 view .LVU212
 1019 0298 2246     		mov	r2, r4
 1020 029a 2B46     		mov	r3, r5
 1021 029c FFF7FEFF 		bl	__aeabi_dmul
 1022              	.LVL140:
 1023              		.loc 1 158 67 view .LVU213
 1024 02a0 0022     		movs	r2, #0
 1025 02a2 494B     		ldr	r3, .L50+104
 1026 02a4 FFF7FEFF 		bl	__aeabi_ddiv
 1027              	.LVL141:
 1028 02a8 0246     		mov	r2, r0
 1029 02aa 0B46     		mov	r3, r1
 1030              		.loc 1 158 33 view .LVU214
 1031 02ac DDE90C01 		ldrd	r0, [sp, #48]
 1032 02b0 FFF7FEFF 		bl	__aeabi_dadd
 1033              	.LVL142:
 1034              		.loc 1 158 10 view .LVU215
 1035 02b4 DDE90867 		ldrd	r6, [sp, #32]
 1036 02b8 3246     		mov	r2, r6
 1037 02ba 3B46     		mov	r3, r7
 1038 02bc FFF7FEFF 		bl	__aeabi_dmul
 1039              	.LVL143:
 1040 02c0 CDE90801 		strd	r0, [sp, #32]
 1041              	.LVL144:
 159:Core/Src/gps.c ****     yval = M+NN*tan(latitude1)*(A*A/2+(5-T+9*C+4*C*C)*A*A*A*A/24
 1042              		.loc 1 159 5 is_stmt 1 view .LVU216
ARM GAS  /var/folders/w9/l2kswtfn3fs2kslkvv5vg9sh0000gn/T//cc4gL9HL.s 			page 23


 1043              		.loc 1 159 16 is_stmt 0 discriminator 1 view .LVU217
 1044 02c4 3246     		mov	r2, r6
 1045 02c6 3B46     		mov	r3, r7
 1046 02c8 DDE90001 		ldrd	r0, [sp]
 1047              	.LVL145:
 1048              		.loc 1 159 16 discriminator 1 view .LVU218
 1049 02cc FFF7FEFF 		bl	__aeabi_dmul
 1050              	.LVL146:
 1051 02d0 CDE90001 		strd	r0, [sp]
 1052              		.loc 1 159 34 discriminator 1 view .LVU219
 1053 02d4 2246     		mov	r2, r4
 1054 02d6 2B46     		mov	r3, r5
 1055 02d8 2046     		mov	r0, r4
 1056 02da 2946     		mov	r1, r5
 1057 02dc FFF7FEFF 		bl	__aeabi_dmul
 1058              	.LVL147:
 1059              		.loc 1 159 36 discriminator 1 view .LVU220
 1060 02e0 0022     		movs	r2, #0
 1061 02e2 324B     		ldr	r3, .L50+76
 1062 02e4 FFF7FEFF 		bl	__aeabi_dmul
 1063              	.LVL148:
 1064 02e8 CDE90C01 		strd	r0, [sp, #48]
 1065              		.loc 1 159 41 discriminator 1 view .LVU221
 1066 02ec 5246     		mov	r2, r10
 1067 02ee 5B46     		mov	r3, fp
 1068 02f0 0020     		movs	r0, #0
 1069 02f2 3349     		ldr	r1, .L50+96
 1070 02f4 FFF7FEFF 		bl	__aeabi_dsub
 1071              	.LVL149:
 1072 02f8 0646     		mov	r6, r0
 1073              	.LVL150:
 1074              		.loc 1 159 41 discriminator 1 view .LVU222
 1075 02fa 0F46     		mov	r7, r1
 1076              		.loc 1 159 45 discriminator 1 view .LVU223
 1077 02fc 0022     		movs	r2, #0
 1078 02fe 334B     		ldr	r3, .L50+108
 1079 0300 4046     		mov	r0, r8
 1080 0302 4946     		mov	r1, r9
 1081 0304 FFF7FEFF 		bl	__aeabi_dmul
 1082              	.LVL151:
 1083 0308 0246     		mov	r2, r0
 1084 030a 0B46     		mov	r3, r1
 1085              		.loc 1 159 43 discriminator 1 view .LVU224
 1086 030c 3046     		mov	r0, r6
 1087 030e 3946     		mov	r1, r7
 1088 0310 FFF7FEFF 		bl	__aeabi_dadd
 1089              	.LVL152:
 1090 0314 0646     		mov	r6, r0
 1091 0316 0F46     		mov	r7, r1
 1092              		.loc 1 159 49 discriminator 1 view .LVU225
 1093 0318 0022     		movs	r2, #0
 1094 031a 264B     		ldr	r3, .L50+84
 1095 031c 4046     		mov	r0, r8
 1096 031e 4946     		mov	r1, r9
 1097 0320 FFF7FEFF 		bl	__aeabi_dmul
 1098              	.LVL153:
 1099              		.loc 1 159 51 discriminator 1 view .LVU226
ARM GAS  /var/folders/w9/l2kswtfn3fs2kslkvv5vg9sh0000gn/T//cc4gL9HL.s 			page 24


 1100 0324 4246     		mov	r2, r8
 1101 0326 4B46     		mov	r3, r9
 1102 0328 FFF7FEFF 		bl	__aeabi_dmul
 1103              	.LVL154:
 1104 032c 0246     		mov	r2, r0
 1105 032e 0B46     		mov	r3, r1
 1106              		.loc 1 159 47 discriminator 1 view .LVU227
 1107 0330 3046     		mov	r0, r6
 1108 0332 3946     		mov	r1, r7
 1109 0334 FFF7FEFF 		bl	__aeabi_dadd
 1110              	.LVL155:
 1111              		.loc 1 159 54 discriminator 1 view .LVU228
 1112 0338 2246     		mov	r2, r4
 1113 033a 2B46     		mov	r3, r5
 1114 033c FFF7FEFF 		bl	__aeabi_dmul
 1115              	.LVL156:
 1116              		.loc 1 159 56 discriminator 1 view .LVU229
 1117 0340 2246     		mov	r2, r4
 1118 0342 2B46     		mov	r3, r5
 1119 0344 FFF7FEFF 		bl	__aeabi_dmul
 1120              	.LVL157:
 1121              		.loc 1 159 58 discriminator 1 view .LVU230
 1122 0348 2246     		mov	r2, r4
 1123 034a 2B46     		mov	r3, r5
 1124 034c FFF7FEFF 		bl	__aeabi_dmul
 1125              	.LVL158:
 1126              		.loc 1 159 60 discriminator 1 view .LVU231
 1127 0350 2246     		mov	r2, r4
 1128 0352 2B46     		mov	r3, r5
 1129 0354 FFF7FEFF 		bl	__aeabi_dmul
 1130              	.LVL159:
 1131              		.loc 1 159 62 discriminator 1 view .LVU232
 1132 0358 0022     		movs	r2, #0
 1133 035a 39E0     		b	.L51
 1134              	.L52:
 1135 035c AFF30080 		.align	3
 1136              	.L50:
 1137 0360 3A9D52A2 		.word	-1571644102
 1138 0364 46DF913F 		.word	1066524486
 1139 0368 F094FEF1 		.word	-234973968
 1140 036c 906B7B3F 		.word	1065053072
 1141 0370 00000040 		.word	1073741824
 1142 0374 A6545841 		.word	1096307878
 1143 0378 FA13A615 		.word	363205626
 1144 037c 933C7B3F 		.word	1065041043
 1145 0380 520595CC 		.word	-862649006
 1146 0384 45F2EF3F 		.word	1072689733
 1147 0388 847ECA62 		.word	1657437828
 1148 038c 8399643F 		.word	1063557507
 1149 0390 72FA5635 		.word	894892658
 1150 0394 4F23C63E 		.word	1053172559
 1151 0398 69279FE2 		.word	-492886167
 1152 039c 5C5C2D3E 		.word	1043160156
 1153 03a0 1B829E4B 		.word	1268679195
 1154 03a4 E5AED83F 		.word	1071165157
 1155 03a8 00000840 		.word	1074266112
 1156 03ac 0000E03F 		.word	1071644672
ARM GAS  /var/folders/w9/l2kswtfn3fs2kslkvv5vg9sh0000gn/T//cc4gL9HL.s 			page 25


 1157 03b0 0000F03F 		.word	1072693248
 1158 03b4 00001040 		.word	1074790400
 1159 03b8 00001840 		.word	1075314688
 1160 03bc 00003240 		.word	1077018624
 1161 03c0 00001440 		.word	1075052544
 1162 03c4 00005240 		.word	1079115776
 1163 03c8 00005E40 		.word	1079902208
 1164 03cc 00002240 		.word	1075970048
 1165              	.L51:
 1166 03d0 434B     		ldr	r3, .L53+8
 1167 03d2 FFF7FEFF 		bl	__aeabi_ddiv
 1168              	.LVL160:
 1169 03d6 0246     		mov	r2, r0
 1170 03d8 0B46     		mov	r3, r1
 1171              		.loc 1 159 38 discriminator 1 view .LVU233
 1172 03da DDE90C01 		ldrd	r0, [sp, #48]
 1173 03de FFF7FEFF 		bl	__aeabi_dadd
 1174              	.LVL161:
 1175 03e2 CDE90C01 		strd	r0, [sp, #48]
 160:Core/Src/gps.c ****                                 +(61-58*T+T*T+600*C-330*ee)*A*A*A*A*A*A/720);
 1176              		.loc 1 160 40 view .LVU234
 1177 03e6 0022     		movs	r2, #0
 1178 03e8 3E4B     		ldr	r3, .L53+12
 1179 03ea 5046     		mov	r0, r10
 1180 03ec 5946     		mov	r1, fp
 1181 03ee FFF7FEFF 		bl	__aeabi_dmul
 1182              	.LVL162:
 1183 03f2 0246     		mov	r2, r0
 1184 03f4 0B46     		mov	r3, r1
 1185              		.loc 1 160 37 view .LVU235
 1186 03f6 0020     		movs	r0, #0
 1187 03f8 3B49     		ldr	r1, .L53+16
 1188 03fa FFF7FEFF 		bl	__aeabi_dsub
 1189              	.LVL163:
 1190 03fe 0246     		mov	r2, r0
 1191 0400 0B46     		mov	r3, r1
 1192              		.loc 1 160 42 view .LVU236
 1193 0402 DDE90401 		ldrd	r0, [sp, #16]
 1194 0406 FFF7FEFF 		bl	__aeabi_dadd
 1195              	.LVL164:
 1196 040a 0646     		mov	r6, r0
 1197 040c 0F46     		mov	r7, r1
 1198              		.loc 1 160 50 view .LVU237
 1199 040e 0022     		movs	r2, #0
 1200 0410 364B     		ldr	r3, .L53+20
 1201 0412 4046     		mov	r0, r8
 1202 0414 4946     		mov	r1, r9
 1203 0416 FFF7FEFF 		bl	__aeabi_dmul
 1204              	.LVL165:
 1205 041a 0246     		mov	r2, r0
 1206 041c 0B46     		mov	r3, r1
 1207              		.loc 1 160 46 view .LVU238
 1208 041e 3046     		mov	r0, r6
 1209 0420 3946     		mov	r1, r7
 1210 0422 FFF7FEFF 		bl	__aeabi_dadd
 1211              	.LVL166:
 1212              		.loc 1 160 52 view .LVU239
ARM GAS  /var/folders/w9/l2kswtfn3fs2kslkvv5vg9sh0000gn/T//cc4gL9HL.s 			page 26


 1213 0426 2CA3     		adr	r3, .L53
 1214 0428 D3E90023 		ldrd	r2, [r3]
 1215 042c FFF7FEFF 		bl	__aeabi_dsub
 1216              	.LVL167:
 1217              		.loc 1 160 60 view .LVU240
 1218 0430 2246     		mov	r2, r4
 1219 0432 2B46     		mov	r3, r5
 1220 0434 FFF7FEFF 		bl	__aeabi_dmul
 1221              	.LVL168:
 1222              		.loc 1 160 62 view .LVU241
 1223 0438 2246     		mov	r2, r4
 1224 043a 2B46     		mov	r3, r5
 1225 043c FFF7FEFF 		bl	__aeabi_dmul
 1226              	.LVL169:
 1227              		.loc 1 160 64 view .LVU242
 1228 0440 2246     		mov	r2, r4
 1229 0442 2B46     		mov	r3, r5
 1230 0444 FFF7FEFF 		bl	__aeabi_dmul
 1231              	.LVL170:
 1232              		.loc 1 160 66 view .LVU243
 1233 0448 2246     		mov	r2, r4
 1234 044a 2B46     		mov	r3, r5
 1235 044c FFF7FEFF 		bl	__aeabi_dmul
 1236              	.LVL171:
 1237              		.loc 1 160 68 view .LVU244
 1238 0450 2246     		mov	r2, r4
 1239 0452 2B46     		mov	r3, r5
 1240 0454 FFF7FEFF 		bl	__aeabi_dmul
 1241              	.LVL172:
 1242              		.loc 1 160 70 view .LVU245
 1243 0458 2246     		mov	r2, r4
 1244 045a 2B46     		mov	r3, r5
 1245 045c FFF7FEFF 		bl	__aeabi_dmul
 1246              	.LVL173:
 1247              		.loc 1 160 72 view .LVU246
 1248 0460 0022     		movs	r2, #0
 1249 0462 234B     		ldr	r3, .L53+24
 1250 0464 FFF7FEFF 		bl	__aeabi_ddiv
 1251              	.LVL174:
 1252 0468 0246     		mov	r2, r0
 1253 046a 0B46     		mov	r3, r1
 1254              		.loc 1 160 33 view .LVU247
 1255 046c DDE90C01 		ldrd	r0, [sp, #48]
 1256 0470 FFF7FEFF 		bl	__aeabi_dadd
 1257              	.LVL175:
 1258 0474 0246     		mov	r2, r0
 1259 0476 0B46     		mov	r3, r1
 159:Core/Src/gps.c ****     yval = M+NN*tan(latitude1)*(A*A/2+(5-T+9*C+4*C*C)*A*A*A*A/24
 1260              		.loc 1 159 31 view .LVU248
 1261 0478 DDE90001 		ldrd	r0, [sp]
 1262 047c FFF7FEFF 		bl	__aeabi_dmul
 1263              	.LVL176:
 159:Core/Src/gps.c ****     yval = M+NN*tan(latitude1)*(A*A/2+(5-T+9*C+4*C*C)*A*A*A*A/24
 1264              		.loc 1 159 10 view .LVU249
 1265 0480 DDE90A23 		ldrd	r2, [sp, #40]
 1266 0484 FFF7FEFF 		bl	__aeabi_dadd
 1267              	.LVL177:
ARM GAS  /var/folders/w9/l2kswtfn3fs2kslkvv5vg9sh0000gn/T//cc4gL9HL.s 			page 27


 1268 0488 0446     		mov	r4, r0
 1269              	.LVL178:
 159:Core/Src/gps.c ****     yval = M+NN*tan(latitude1)*(A*A/2+(5-T+9*C+4*C*C)*A*A*A*A/24
 1270              		.loc 1 159 10 view .LVU250
 1271 048a 0D46     		mov	r5, r1
 1272              	.LVL179:
 161:Core/Src/gps.c ****     //X0 = 1000000L*(ProjNo+1)+500000L; //6ه؛¦ه¸¦
 162:Core/Src/gps.c ****     X0 = 1000000L*ProjNo+500000L;  //3ه؛¦ه¸¦
 1273              		.loc 1 162 5 is_stmt 1 view .LVU251
 1274              		.loc 1 162 18 is_stmt 0 view .LVU252
 1275 048c 1948     		ldr	r0, .L53+28
 1276 048e 039B     		ldr	r3, [sp, #12]
 1277 0490 03FB00F0 		mul	r0, r3, r0
 1278              		.loc 1 162 8 view .LVU253
 1279 0494 00F5F420 		add	r0, r0, #499712
 1280 0498 00F59070 		add	r0, r0, #288
 1281 049c FFF7FEFF 		bl	__aeabi_i2d
 1282              	.LVL180:
 1283 04a0 0246     		mov	r2, r0
 1284 04a2 0B46     		mov	r3, r1
 1285              	.LVL181:
 163:Core/Src/gps.c ****     Y0 = 0;
 1286              		.loc 1 163 5 is_stmt 1 view .LVU254
 164:Core/Src/gps.c ****     xval = xval+X0; yval = yval+Y0;
 1287              		.loc 1 164 5 view .LVU255
 1288              		.loc 1 164 10 is_stmt 0 view .LVU256
 1289 04a4 DDE90801 		ldrd	r0, [sp, #32]
 1290 04a8 FFF7FEFF 		bl	__aeabi_dadd
 1291              	.LVL182:
 1292              		.loc 1 164 10 view .LVU257
 1293 04ac 0646     		mov	r6, r0
 1294 04ae 0F46     		mov	r7, r1
 1295              	.LVL183:
 1296              		.loc 1 164 21 is_stmt 1 view .LVU258
 1297              		.loc 1 164 26 is_stmt 0 view .LVU259
 1298 04b0 0022     		movs	r2, #0
 1299 04b2 0023     		movs	r3, #0
 1300 04b4 2046     		mov	r0, r4
 1301 04b6 2946     		mov	r1, r5
 1302 04b8 FFF7FEFF 		bl	__aeabi_dadd
 1303              	.LVL184:
 165:Core/Src/gps.c **** 
 166:Core/Src/gps.c ****     *X= xval;
 1304              		.loc 1 166 5 is_stmt 1 view .LVU260
 1305              		.loc 1 166 7 is_stmt 0 view .LVU261
 1306 04bc 069B     		ldr	r3, [sp, #24]
 1307 04be C3E90067 		strd	r6, [r3]
 167:Core/Src/gps.c ****     *Y= yval;
 1308              		.loc 1 167 5 is_stmt 1 view .LVU262
 1309              		.loc 1 167 7 is_stmt 0 view .LVU263
 1310 04c2 079B     		ldr	r3, [sp, #28]
 1311 04c4 C3E90001 		strd	r0, [r3]
 168:Core/Src/gps.c **** //    printf("%lf   %lf\r\n",xval,yval);
 169:Core/Src/gps.c ****     return 1;
 1312              		.loc 1 169 5 is_stmt 1 view .LVU264
 170:Core/Src/gps.c **** }
 1313              		.loc 1 170 1 is_stmt 0 view .LVU265
ARM GAS  /var/folders/w9/l2kswtfn3fs2kslkvv5vg9sh0000gn/T//cc4gL9HL.s 			page 28


 1314 04c8 0120     		movs	r0, #1
 1315              	.LVL185:
 1316              		.loc 1 170 1 view .LVU266
 1317 04ca 0FB0     		add	sp, sp, #60
 1318              	.LCFI13:
 1319              		.cfi_def_cfa_offset 44
 1320              		@ sp needed
 1321 04cc BDEC028B 		vldm	sp!, {d8}
 1322              	.LCFI14:
 1323              		.cfi_restore 80
 1324              		.cfi_restore 81
 1325              		.cfi_def_cfa_offset 36
 1326              	.LVL186:
 1327              		.loc 1 170 1 view .LVU267
 1328 04d0 BDE8F08F 		pop	{r4, r5, r6, r7, r8, r9, r10, fp, pc}
 1329              	.LVL187:
 1330              	.L54:
 1331              		.loc 1 170 1 view .LVU268
 1332 04d4 AFF30080 		.align	3
 1333              	.L53:
 1334 04d8 E00AF4CC 		.word	-856421664
 1335 04dc 0A8E0140 		.word	1073843722
 1336 04e0 00003840 		.word	1077411840
 1337 04e4 00004D40 		.word	1078788096
 1338 04e8 00804E40 		.word	1078886400
 1339 04ec 00C08240 		.word	1082310656
 1340 04f0 00808640 		.word	1082556416
 1341 04f4 40420F00 		.word	1000000
 1342              		.cfi_endproc
 1343              	.LFE166:
 1345              		.global	gps_Y0
 1346              		.section	.bss.gps_Y0,"aw",%nobits
 1347              		.align	3
 1350              	gps_Y0:
 1351 0000 00000000 		.space	8
 1351      00000000 
 1352              		.global	gps_X0
 1353              		.section	.bss.gps_X0,"aw",%nobits
 1354              		.align	3
 1357              	gps_X0:
 1358 0000 00000000 		.space	8
 1358      00000000 
 1359              		.global	gps_Y
 1360              		.section	.bss.gps_Y,"aw",%nobits
 1361              		.align	3
 1364              	gps_Y:
 1365 0000 00000000 		.space	8
 1365      00000000 
 1366              		.global	gps_X
 1367              		.section	.bss.gps_X,"aw",%nobits
 1368              		.align	3
 1371              	gps_X:
 1372 0000 00000000 		.space	8
 1372      00000000 
 1373              		.text
 1374              	.Letext0:
 1375              		.file 2 "Core/Inc/usart.h"
ARM GAS  /var/folders/w9/l2kswtfn3fs2kslkvv5vg9sh0000gn/T//cc4gL9HL.s 			page 29


 1376              		.file 3 "Core/Inc/gps.h"
 1377              		.file 4 "/opt/ST/STM32CubeCLT_1.21.0/GNU-tools-for-STM32/arm-none-eabi/include/math.h"
 1378              		.file 5 "/opt/ST/STM32CubeCLT_1.21.0/GNU-tools-for-STM32/arm-none-eabi/include/stdlib.h"
 1379              		.file 6 "/opt/ST/STM32CubeCLT_1.21.0/GNU-tools-for-STM32/arm-none-eabi/include/string.h"
 1380              		.file 7 "/opt/ST/STM32CubeCLT_1.21.0/GNU-tools-for-STM32/arm-none-eabi/include/stdio.h"
 1381              		.file 8 "<built-in>"
ARM GAS  /var/folders/w9/l2kswtfn3fs2kslkvv5vg9sh0000gn/T//cc4gL9HL.s 			page 30


DEFINED SYMBOLS
                            *ABS*:00000000 gps.c
/var/folders/w9/l2kswtfn3fs2kslkvv5vg9sh0000gn/T//cc4gL9HL.s:21     .rodata.ErrorLog.str1.4:00000000 $d
/var/folders/w9/l2kswtfn3fs2kslkvv5vg9sh0000gn/T//cc4gL9HL.s:25     .text.ErrorLog:00000000 $t
/var/folders/w9/l2kswtfn3fs2kslkvv5vg9sh0000gn/T//cc4gL9HL.s:31     .text.ErrorLog:00000000 ErrorLog
/var/folders/w9/l2kswtfn3fs2kslkvv5vg9sh0000gn/T//cc4gL9HL.s:59     .text.ErrorLog:00000010 $d
/var/folders/w9/l2kswtfn3fs2kslkvv5vg9sh0000gn/T//cc4gL9HL.s:64     .text.ParseGpsBuffer:00000000 $t
/var/folders/w9/l2kswtfn3fs2kslkvv5vg9sh0000gn/T//cc4gL9HL.s:70     .text.ParseGpsBuffer:00000000 ParseGpsBuffer
/var/folders/w9/l2kswtfn3fs2kslkvv5vg9sh0000gn/T//cc4gL9HL.s:155    .text.ParseGpsBuffer:0000004a $d
/var/folders/w9/l2kswtfn3fs2kslkvv5vg9sh0000gn/T//cc4gL9HL.s:162    .text.ParseGpsBuffer:00000050 $t
/var/folders/w9/l2kswtfn3fs2kslkvv5vg9sh0000gn/T//cc4gL9HL.s:308    .text.ParseGpsBuffer:000000d0 $d
/var/folders/w9/l2kswtfn3fs2kslkvv5vg9sh0000gn/T//cc4gL9HL.s:318    .text.Convert_to_degrees:00000000 $t
/var/folders/w9/l2kswtfn3fs2kslkvv5vg9sh0000gn/T//cc4gL9HL.s:324    .text.Convert_to_degrees:00000000 Convert_to_degrees
/var/folders/w9/l2kswtfn3fs2kslkvv5vg9sh0000gn/T//cc4gL9HL.s:399    .text.Convert_to_degrees:00000050 $d
/var/folders/w9/l2kswtfn3fs2kslkvv5vg9sh0000gn/T//cc4gL9HL.s:405    .rodata.PrintGpsBuffer.str1.4:00000000 $d
/var/folders/w9/l2kswtfn3fs2kslkvv5vg9sh0000gn/T//cc4gL9HL.s:433    .text.PrintGpsBuffer:00000000 $t
/var/folders/w9/l2kswtfn3fs2kslkvv5vg9sh0000gn/T//cc4gL9HL.s:439    .text.PrintGpsBuffer:00000000 PrintGpsBuffer
/var/folders/w9/l2kswtfn3fs2kslkvv5vg9sh0000gn/T//cc4gL9HL.s:589    .text.PrintGpsBuffer:000000c0 $d
/var/folders/w9/l2kswtfn3fs2kslkvv5vg9sh0000gn/T//cc4gL9HL.s:603    .text.LongLat2XY:00000000 $t
/var/folders/w9/l2kswtfn3fs2kslkvv5vg9sh0000gn/T//cc4gL9HL.s:609    .text.LongLat2XY:00000000 LongLat2XY
/var/folders/w9/l2kswtfn3fs2kslkvv5vg9sh0000gn/T//cc4gL9HL.s:1137   .text.LongLat2XY:00000360 $d
/var/folders/w9/l2kswtfn3fs2kslkvv5vg9sh0000gn/T//cc4gL9HL.s:1166   .text.LongLat2XY:000003d0 $t
/var/folders/w9/l2kswtfn3fs2kslkvv5vg9sh0000gn/T//cc4gL9HL.s:1334   .text.LongLat2XY:000004d8 $d
/var/folders/w9/l2kswtfn3fs2kslkvv5vg9sh0000gn/T//cc4gL9HL.s:1350   .bss.gps_Y0:00000000 gps_Y0
/var/folders/w9/l2kswtfn3fs2kslkvv5vg9sh0000gn/T//cc4gL9HL.s:1347   .bss.gps_Y0:00000000 $d
/var/folders/w9/l2kswtfn3fs2kslkvv5vg9sh0000gn/T//cc4gL9HL.s:1357   .bss.gps_X0:00000000 gps_X0
/var/folders/w9/l2kswtfn3fs2kslkvv5vg9sh0000gn/T//cc4gL9HL.s:1354   .bss.gps_X0:00000000 $d
/var/folders/w9/l2kswtfn3fs2kslkvv5vg9sh0000gn/T//cc4gL9HL.s:1364   .bss.gps_Y:00000000 gps_Y
/var/folders/w9/l2kswtfn3fs2kslkvv5vg9sh0000gn/T//cc4gL9HL.s:1361   .bss.gps_Y:00000000 $d
/var/folders/w9/l2kswtfn3fs2kslkvv5vg9sh0000gn/T//cc4gL9HL.s:1371   .bss.gps_X:00000000 gps_X
/var/folders/w9/l2kswtfn3fs2kslkvv5vg9sh0000gn/T//cc4gL9HL.s:1368   .bss.gps_X:00000000 $d

UNDEFINED SYMBOLS
printf
strchr
memcpy
Save_Data
atof
__aeabi_ddiv
__aeabi_d2iz
__aeabi_i2d
__aeabi_dsub
__aeabi_dmul
__aeabi_dadd
puts
sin
sqrt
tan
cos
