ARM GAS  /var/folders/w9/l2kswtfn3fs2kslkvv5vg9sh0000gn/T//cc5E8uik.s 			page 1


   1              		.cpu cortex-m4
   2              		.arch armv7e-m
   3              		.fpu fpv4-sp-d16
   4              		.eabi_attribute 27, 1
   5              		.eabi_attribute 28, 1
   6              		.eabi_attribute 20, 1
   7              		.eabi_attribute 21, 1
   8              		.eabi_attribute 23, 3
   9              		.eabi_attribute 24, 1
  10              		.eabi_attribute 25, 1
  11              		.eabi_attribute 26, 1
  12              		.eabi_attribute 30, 1
  13              		.eabi_attribute 34, 1
  14              		.eabi_attribute 18, 4
  15              		.file	"i2c.c"
  16              		.text
  17              	.Ltext0:
  18              		.cfi_sections	.debug_frame
  19              		.file 1 "Core/Src/i2c.c"
  20              		.section	.text.MX_I2C3_Init,"ax",%progbits
  21              		.align	1
  22              		.global	MX_I2C3_Init
  23              		.syntax unified
  24              		.thumb
  25              		.thumb_func
  27              	MX_I2C3_Init:
  28              	.LFB134:
   1:Core/Src/i2c.c **** /* USER CODE BEGIN Header */
   2:Core/Src/i2c.c **** /**
   3:Core/Src/i2c.c ****   ******************************************************************************
   4:Core/Src/i2c.c ****   * @file    i2c.c
   5:Core/Src/i2c.c ****   * @brief   This file provides code for the configuration
   6:Core/Src/i2c.c ****   *          of the I2C instances.
   7:Core/Src/i2c.c ****   ******************************************************************************
   8:Core/Src/i2c.c ****   * @attention
   9:Core/Src/i2c.c ****   *
  10:Core/Src/i2c.c ****   * Copyright (c) 2023 STMicroelectronics.
  11:Core/Src/i2c.c ****   * All rights reserved.
  12:Core/Src/i2c.c ****   *
  13:Core/Src/i2c.c ****   * This software is licensed under terms that can be found in the LICENSE file
  14:Core/Src/i2c.c ****   * in the root directory of this software component.
  15:Core/Src/i2c.c ****   * If no LICENSE file comes with this software, it is provided AS-IS.
  16:Core/Src/i2c.c ****   *
  17:Core/Src/i2c.c ****   ******************************************************************************
  18:Core/Src/i2c.c ****   */
  19:Core/Src/i2c.c **** /* USER CODE END Header */
  20:Core/Src/i2c.c **** /* Includes ------------------------------------------------------------------*/
  21:Core/Src/i2c.c **** #include "i2c.h"
  22:Core/Src/i2c.c **** 
  23:Core/Src/i2c.c **** /* USER CODE BEGIN 0 */
  24:Core/Src/i2c.c **** 
  25:Core/Src/i2c.c **** /* USER CODE END 0 */
  26:Core/Src/i2c.c **** 
  27:Core/Src/i2c.c **** I2C_HandleTypeDef hi2c3;
  28:Core/Src/i2c.c **** 
  29:Core/Src/i2c.c **** /* I2C3 init function */
  30:Core/Src/i2c.c **** void MX_I2C3_Init(void)
ARM GAS  /var/folders/w9/l2kswtfn3fs2kslkvv5vg9sh0000gn/T//cc5E8uik.s 			page 2


  31:Core/Src/i2c.c **** {
  29              		.loc 1 31 1 view -0
  30              		.cfi_startproc
  31              		@ args = 0, pretend = 0, frame = 0
  32              		@ frame_needed = 0, uses_anonymous_args = 0
  33 0000 08B5     		push	{r3, lr}
  34              	.LCFI0:
  35              		.cfi_def_cfa_offset 8
  36              		.cfi_offset 3, -8
  37              		.cfi_offset 14, -4
  32:Core/Src/i2c.c **** 
  33:Core/Src/i2c.c ****   /* USER CODE BEGIN I2C3_Init 0 */
  34:Core/Src/i2c.c **** 
  35:Core/Src/i2c.c ****   /* USER CODE END I2C3_Init 0 */
  36:Core/Src/i2c.c **** 
  37:Core/Src/i2c.c ****   /* USER CODE BEGIN I2C3_Init 1 */
  38:Core/Src/i2c.c **** 
  39:Core/Src/i2c.c ****   /* USER CODE END I2C3_Init 1 */
  40:Core/Src/i2c.c ****   hi2c3.Instance = I2C3;
  38              		.loc 1 40 3 view .LVU1
  39              		.loc 1 40 18 is_stmt 0 view .LVU2
  40 0002 0B48     		ldr	r0, .L5
  41 0004 0B4B     		ldr	r3, .L5+4
  42 0006 0360     		str	r3, [r0]
  41:Core/Src/i2c.c ****   hi2c3.Init.ClockSpeed = 100000;
  43              		.loc 1 41 3 is_stmt 1 view .LVU3
  44              		.loc 1 41 25 is_stmt 0 view .LVU4
  45 0008 0B4B     		ldr	r3, .L5+8
  46 000a 4360     		str	r3, [r0, #4]
  42:Core/Src/i2c.c ****   hi2c3.Init.DutyCycle = I2C_DUTYCYCLE_2;
  47              		.loc 1 42 3 is_stmt 1 view .LVU5
  48              		.loc 1 42 24 is_stmt 0 view .LVU6
  49 000c 0023     		movs	r3, #0
  50 000e 8360     		str	r3, [r0, #8]
  43:Core/Src/i2c.c ****   hi2c3.Init.OwnAddress1 = 0;
  51              		.loc 1 43 3 is_stmt 1 view .LVU7
  52              		.loc 1 43 26 is_stmt 0 view .LVU8
  53 0010 C360     		str	r3, [r0, #12]
  44:Core/Src/i2c.c ****   hi2c3.Init.AddressingMode = I2C_ADDRESSINGMODE_7BIT;
  54              		.loc 1 44 3 is_stmt 1 view .LVU9
  55              		.loc 1 44 29 is_stmt 0 view .LVU10
  56 0012 4FF48042 		mov	r2, #16384
  57 0016 0261     		str	r2, [r0, #16]
  45:Core/Src/i2c.c ****   hi2c3.Init.DualAddressMode = I2C_DUALADDRESS_DISABLE;
  58              		.loc 1 45 3 is_stmt 1 view .LVU11
  59              		.loc 1 45 30 is_stmt 0 view .LVU12
  60 0018 4361     		str	r3, [r0, #20]
  46:Core/Src/i2c.c ****   hi2c3.Init.OwnAddress2 = 0;
  61              		.loc 1 46 3 is_stmt 1 view .LVU13
  62              		.loc 1 46 26 is_stmt 0 view .LVU14
  63 001a 8361     		str	r3, [r0, #24]
  47:Core/Src/i2c.c ****   hi2c3.Init.GeneralCallMode = I2C_GENERALCALL_DISABLE;
  64              		.loc 1 47 3 is_stmt 1 view .LVU15
  65              		.loc 1 47 30 is_stmt 0 view .LVU16
  66 001c C361     		str	r3, [r0, #28]
  48:Core/Src/i2c.c ****   hi2c3.Init.NoStretchMode = I2C_NOSTRETCH_DISABLE;
  67              		.loc 1 48 3 is_stmt 1 view .LVU17
ARM GAS  /var/folders/w9/l2kswtfn3fs2kslkvv5vg9sh0000gn/T//cc5E8uik.s 			page 3


  68              		.loc 1 48 28 is_stmt 0 view .LVU18
  69 001e 0362     		str	r3, [r0, #32]
  49:Core/Src/i2c.c ****   if (HAL_I2C_Init(&hi2c3) != HAL_OK)
  70              		.loc 1 49 3 is_stmt 1 view .LVU19
  71              		.loc 1 49 7 is_stmt 0 view .LVU20
  72 0020 FFF7FEFF 		bl	HAL_I2C_Init
  73              	.LVL0:
  74              		.loc 1 49 6 discriminator 1 view .LVU21
  75 0024 00B9     		cbnz	r0, .L4
  76              	.L1:
  50:Core/Src/i2c.c ****   {
  51:Core/Src/i2c.c ****     Error_Handler();
  52:Core/Src/i2c.c ****   }
  53:Core/Src/i2c.c ****   /* USER CODE BEGIN I2C3_Init 2 */
  54:Core/Src/i2c.c **** 
  55:Core/Src/i2c.c ****   /* USER CODE END I2C3_Init 2 */
  56:Core/Src/i2c.c **** 
  57:Core/Src/i2c.c **** }
  77              		.loc 1 57 1 view .LVU22
  78 0026 08BD     		pop	{r3, pc}
  79              	.L4:
  51:Core/Src/i2c.c ****   }
  80              		.loc 1 51 5 is_stmt 1 view .LVU23
  81 0028 FFF7FEFF 		bl	Error_Handler
  82              	.LVL1:
  83              		.loc 1 57 1 is_stmt 0 view .LVU24
  84 002c FBE7     		b	.L1
  85              	.L6:
  86 002e 00BF     		.align	2
  87              	.L5:
  88 0030 00000000 		.word	hi2c3
  89 0034 005C0040 		.word	1073765376
  90 0038 A0860100 		.word	100000
  91              		.cfi_endproc
  92              	.LFE134:
  94              		.section	.text.HAL_I2C_MspInit,"ax",%progbits
  95              		.align	1
  96              		.global	HAL_I2C_MspInit
  97              		.syntax unified
  98              		.thumb
  99              		.thumb_func
 101              	HAL_I2C_MspInit:
 102              	.LVL2:
 103              	.LFB135:
  58:Core/Src/i2c.c **** 
  59:Core/Src/i2c.c **** void HAL_I2C_MspInit(I2C_HandleTypeDef* i2cHandle)
  60:Core/Src/i2c.c **** {
 104              		.loc 1 60 1 is_stmt 1 view -0
 105              		.cfi_startproc
 106              		@ args = 0, pretend = 0, frame = 32
 107              		@ frame_needed = 0, uses_anonymous_args = 0
 108              		.loc 1 60 1 is_stmt 0 view .LVU26
 109 0000 2DE9F043 		push	{r4, r5, r6, r7, r8, r9, lr}
 110              	.LCFI1:
 111              		.cfi_def_cfa_offset 28
 112              		.cfi_offset 4, -28
 113              		.cfi_offset 5, -24
ARM GAS  /var/folders/w9/l2kswtfn3fs2kslkvv5vg9sh0000gn/T//cc5E8uik.s 			page 4


 114              		.cfi_offset 6, -20
 115              		.cfi_offset 7, -16
 116              		.cfi_offset 8, -12
 117              		.cfi_offset 9, -8
 118              		.cfi_offset 14, -4
 119 0004 89B0     		sub	sp, sp, #36
 120              	.LCFI2:
 121              		.cfi_def_cfa_offset 64
  61:Core/Src/i2c.c **** 
  62:Core/Src/i2c.c ****   GPIO_InitTypeDef GPIO_InitStruct = {0};
 122              		.loc 1 62 3 is_stmt 1 view .LVU27
 123              		.loc 1 62 20 is_stmt 0 view .LVU28
 124 0006 0023     		movs	r3, #0
 125 0008 0393     		str	r3, [sp, #12]
 126 000a 0493     		str	r3, [sp, #16]
 127 000c 0593     		str	r3, [sp, #20]
 128 000e 0693     		str	r3, [sp, #24]
 129 0010 0793     		str	r3, [sp, #28]
  63:Core/Src/i2c.c ****   if(i2cHandle->Instance==I2C3)
 130              		.loc 1 63 3 is_stmt 1 view .LVU29
 131              		.loc 1 63 15 is_stmt 0 view .LVU30
 132 0012 0268     		ldr	r2, [r0]
 133              		.loc 1 63 5 view .LVU31
 134 0014 224B     		ldr	r3, .L11
 135 0016 9A42     		cmp	r2, r3
 136 0018 02D0     		beq	.L10
 137              	.LVL3:
 138              	.L7:
  64:Core/Src/i2c.c ****   {
  65:Core/Src/i2c.c ****   /* USER CODE BEGIN I2C3_MspInit 0 */
  66:Core/Src/i2c.c **** 
  67:Core/Src/i2c.c ****   /* USER CODE END I2C3_MspInit 0 */
  68:Core/Src/i2c.c **** 
  69:Core/Src/i2c.c ****     __HAL_RCC_GPIOC_CLK_ENABLE();
  70:Core/Src/i2c.c ****     __HAL_RCC_GPIOA_CLK_ENABLE();
  71:Core/Src/i2c.c ****     /**I2C3 GPIO Configuration
  72:Core/Src/i2c.c ****     PC9     ------> I2C3_SDA
  73:Core/Src/i2c.c ****     PA8     ------> I2C3_SCL
  74:Core/Src/i2c.c ****     */
  75:Core/Src/i2c.c ****     GPIO_InitStruct.Pin = GPIO_PIN_9;
  76:Core/Src/i2c.c ****     GPIO_InitStruct.Mode = GPIO_MODE_AF_OD;
  77:Core/Src/i2c.c ****     GPIO_InitStruct.Pull = GPIO_NOPULL;
  78:Core/Src/i2c.c ****     GPIO_InitStruct.Speed = GPIO_SPEED_FREQ_VERY_HIGH;
  79:Core/Src/i2c.c ****     GPIO_InitStruct.Alternate = GPIO_AF4_I2C3;
  80:Core/Src/i2c.c ****     HAL_GPIO_Init(GPIOC, &GPIO_InitStruct);
  81:Core/Src/i2c.c **** 
  82:Core/Src/i2c.c ****     GPIO_InitStruct.Pin = GPIO_PIN_8;
  83:Core/Src/i2c.c ****     GPIO_InitStruct.Mode = GPIO_MODE_AF_OD;
  84:Core/Src/i2c.c ****     GPIO_InitStruct.Pull = GPIO_NOPULL;
  85:Core/Src/i2c.c ****     GPIO_InitStruct.Speed = GPIO_SPEED_FREQ_VERY_HIGH;
  86:Core/Src/i2c.c ****     GPIO_InitStruct.Alternate = GPIO_AF4_I2C3;
  87:Core/Src/i2c.c ****     HAL_GPIO_Init(GPIOA, &GPIO_InitStruct);
  88:Core/Src/i2c.c **** 
  89:Core/Src/i2c.c ****     /* I2C3 clock enable */
  90:Core/Src/i2c.c ****     __HAL_RCC_I2C3_CLK_ENABLE();
  91:Core/Src/i2c.c ****   /* USER CODE BEGIN I2C3_MspInit 1 */
  92:Core/Src/i2c.c **** 
ARM GAS  /var/folders/w9/l2kswtfn3fs2kslkvv5vg9sh0000gn/T//cc5E8uik.s 			page 5


  93:Core/Src/i2c.c ****   /* USER CODE END I2C3_MspInit 1 */
  94:Core/Src/i2c.c ****   }
  95:Core/Src/i2c.c **** }
 139              		.loc 1 95 1 view .LVU32
 140 001a 09B0     		add	sp, sp, #36
 141              	.LCFI3:
 142              		.cfi_remember_state
 143              		.cfi_def_cfa_offset 28
 144              		@ sp needed
 145 001c BDE8F083 		pop	{r4, r5, r6, r7, r8, r9, pc}
 146              	.LVL4:
 147              	.L10:
 148              	.LCFI4:
 149              		.cfi_restore_state
  69:Core/Src/i2c.c ****     __HAL_RCC_GPIOA_CLK_ENABLE();
 150              		.loc 1 69 5 is_stmt 1 view .LVU33
 151              	.LBB2:
  69:Core/Src/i2c.c ****     __HAL_RCC_GPIOA_CLK_ENABLE();
 152              		.loc 1 69 5 view .LVU34
 153 0020 0025     		movs	r5, #0
 154 0022 0095     		str	r5, [sp]
  69:Core/Src/i2c.c ****     __HAL_RCC_GPIOA_CLK_ENABLE();
 155              		.loc 1 69 5 view .LVU35
 156 0024 1F4C     		ldr	r4, .L11+4
 157 0026 236B     		ldr	r3, [r4, #48]
 158 0028 43F00403 		orr	r3, r3, #4
 159 002c 2363     		str	r3, [r4, #48]
  69:Core/Src/i2c.c ****     __HAL_RCC_GPIOA_CLK_ENABLE();
 160              		.loc 1 69 5 view .LVU36
 161 002e 236B     		ldr	r3, [r4, #48]
 162 0030 03F00403 		and	r3, r3, #4
 163 0034 0093     		str	r3, [sp]
  69:Core/Src/i2c.c ****     __HAL_RCC_GPIOA_CLK_ENABLE();
 164              		.loc 1 69 5 view .LVU37
 165 0036 009B     		ldr	r3, [sp]
 166              	.LBE2:
  69:Core/Src/i2c.c ****     __HAL_RCC_GPIOA_CLK_ENABLE();
 167              		.loc 1 69 5 view .LVU38
  70:Core/Src/i2c.c ****     /**I2C3 GPIO Configuration
 168              		.loc 1 70 5 view .LVU39
 169              	.LBB3:
  70:Core/Src/i2c.c ****     /**I2C3 GPIO Configuration
 170              		.loc 1 70 5 view .LVU40
 171 0038 0195     		str	r5, [sp, #4]
  70:Core/Src/i2c.c ****     /**I2C3 GPIO Configuration
 172              		.loc 1 70 5 view .LVU41
 173 003a 236B     		ldr	r3, [r4, #48]
 174 003c 43F00103 		orr	r3, r3, #1
 175 0040 2363     		str	r3, [r4, #48]
  70:Core/Src/i2c.c ****     /**I2C3 GPIO Configuration
 176              		.loc 1 70 5 view .LVU42
 177 0042 236B     		ldr	r3, [r4, #48]
 178 0044 03F00103 		and	r3, r3, #1
 179 0048 0193     		str	r3, [sp, #4]
  70:Core/Src/i2c.c ****     /**I2C3 GPIO Configuration
 180              		.loc 1 70 5 view .LVU43
 181 004a 019B     		ldr	r3, [sp, #4]
ARM GAS  /var/folders/w9/l2kswtfn3fs2kslkvv5vg9sh0000gn/T//cc5E8uik.s 			page 6


 182              	.LBE3:
  70:Core/Src/i2c.c ****     /**I2C3 GPIO Configuration
 183              		.loc 1 70 5 view .LVU44
  75:Core/Src/i2c.c ****     GPIO_InitStruct.Mode = GPIO_MODE_AF_OD;
 184              		.loc 1 75 5 view .LVU45
  75:Core/Src/i2c.c ****     GPIO_InitStruct.Mode = GPIO_MODE_AF_OD;
 185              		.loc 1 75 25 is_stmt 0 view .LVU46
 186 004c 4FF40073 		mov	r3, #512
 187 0050 0393     		str	r3, [sp, #12]
  76:Core/Src/i2c.c ****     GPIO_InitStruct.Pull = GPIO_NOPULL;
 188              		.loc 1 76 5 is_stmt 1 view .LVU47
  76:Core/Src/i2c.c ****     GPIO_InitStruct.Pull = GPIO_NOPULL;
 189              		.loc 1 76 26 is_stmt 0 view .LVU48
 190 0052 4FF01209 		mov	r9, #18
 191 0056 CDF81090 		str	r9, [sp, #16]
  77:Core/Src/i2c.c ****     GPIO_InitStruct.Speed = GPIO_SPEED_FREQ_VERY_HIGH;
 192              		.loc 1 77 5 is_stmt 1 view .LVU49
  78:Core/Src/i2c.c ****     GPIO_InitStruct.Alternate = GPIO_AF4_I2C3;
 193              		.loc 1 78 5 view .LVU50
  78:Core/Src/i2c.c ****     GPIO_InitStruct.Alternate = GPIO_AF4_I2C3;
 194              		.loc 1 78 27 is_stmt 0 view .LVU51
 195 005a 4FF00308 		mov	r8, #3
 196 005e CDF81880 		str	r8, [sp, #24]
  79:Core/Src/i2c.c ****     HAL_GPIO_Init(GPIOC, &GPIO_InitStruct);
 197              		.loc 1 79 5 is_stmt 1 view .LVU52
  79:Core/Src/i2c.c ****     HAL_GPIO_Init(GPIOC, &GPIO_InitStruct);
 198              		.loc 1 79 31 is_stmt 0 view .LVU53
 199 0062 0427     		movs	r7, #4
 200 0064 0797     		str	r7, [sp, #28]
  80:Core/Src/i2c.c **** 
 201              		.loc 1 80 5 is_stmt 1 view .LVU54
 202 0066 03AE     		add	r6, sp, #12
 203 0068 3146     		mov	r1, r6
 204 006a 0F48     		ldr	r0, .L11+8
 205              	.LVL5:
  80:Core/Src/i2c.c **** 
 206              		.loc 1 80 5 is_stmt 0 view .LVU55
 207 006c FFF7FEFF 		bl	HAL_GPIO_Init
 208              	.LVL6:
  82:Core/Src/i2c.c ****     GPIO_InitStruct.Mode = GPIO_MODE_AF_OD;
 209              		.loc 1 82 5 is_stmt 1 view .LVU56
  82:Core/Src/i2c.c ****     GPIO_InitStruct.Mode = GPIO_MODE_AF_OD;
 210              		.loc 1 82 25 is_stmt 0 view .LVU57
 211 0070 4FF48073 		mov	r3, #256
 212 0074 0393     		str	r3, [sp, #12]
  83:Core/Src/i2c.c ****     GPIO_InitStruct.Pull = GPIO_NOPULL;
 213              		.loc 1 83 5 is_stmt 1 view .LVU58
  83:Core/Src/i2c.c ****     GPIO_InitStruct.Pull = GPIO_NOPULL;
 214              		.loc 1 83 26 is_stmt 0 view .LVU59
 215 0076 CDF81090 		str	r9, [sp, #16]
  84:Core/Src/i2c.c ****     GPIO_InitStruct.Speed = GPIO_SPEED_FREQ_VERY_HIGH;
 216              		.loc 1 84 5 is_stmt 1 view .LVU60
  84:Core/Src/i2c.c ****     GPIO_InitStruct.Speed = GPIO_SPEED_FREQ_VERY_HIGH;
 217              		.loc 1 84 26 is_stmt 0 view .LVU61
 218 007a 0595     		str	r5, [sp, #20]
  85:Core/Src/i2c.c ****     GPIO_InitStruct.Alternate = GPIO_AF4_I2C3;
 219              		.loc 1 85 5 is_stmt 1 view .LVU62
ARM GAS  /var/folders/w9/l2kswtfn3fs2kslkvv5vg9sh0000gn/T//cc5E8uik.s 			page 7


  85:Core/Src/i2c.c ****     GPIO_InitStruct.Alternate = GPIO_AF4_I2C3;
 220              		.loc 1 85 27 is_stmt 0 view .LVU63
 221 007c CDF81880 		str	r8, [sp, #24]
  86:Core/Src/i2c.c ****     HAL_GPIO_Init(GPIOA, &GPIO_InitStruct);
 222              		.loc 1 86 5 is_stmt 1 view .LVU64
  86:Core/Src/i2c.c ****     HAL_GPIO_Init(GPIOA, &GPIO_InitStruct);
 223              		.loc 1 86 31 is_stmt 0 view .LVU65
 224 0080 0797     		str	r7, [sp, #28]
  87:Core/Src/i2c.c **** 
 225              		.loc 1 87 5 is_stmt 1 view .LVU66
 226 0082 3146     		mov	r1, r6
 227 0084 0948     		ldr	r0, .L11+12
 228 0086 FFF7FEFF 		bl	HAL_GPIO_Init
 229              	.LVL7:
  90:Core/Src/i2c.c ****   /* USER CODE BEGIN I2C3_MspInit 1 */
 230              		.loc 1 90 5 view .LVU67
 231              	.LBB4:
  90:Core/Src/i2c.c ****   /* USER CODE BEGIN I2C3_MspInit 1 */
 232              		.loc 1 90 5 view .LVU68
 233 008a 0295     		str	r5, [sp, #8]
  90:Core/Src/i2c.c ****   /* USER CODE BEGIN I2C3_MspInit 1 */
 234              		.loc 1 90 5 view .LVU69
 235 008c 236C     		ldr	r3, [r4, #64]
 236 008e 43F40003 		orr	r3, r3, #8388608
 237 0092 2364     		str	r3, [r4, #64]
  90:Core/Src/i2c.c ****   /* USER CODE BEGIN I2C3_MspInit 1 */
 238              		.loc 1 90 5 view .LVU70
 239 0094 236C     		ldr	r3, [r4, #64]
 240 0096 03F40003 		and	r3, r3, #8388608
 241 009a 0293     		str	r3, [sp, #8]
  90:Core/Src/i2c.c ****   /* USER CODE BEGIN I2C3_MspInit 1 */
 242              		.loc 1 90 5 view .LVU71
 243 009c 029B     		ldr	r3, [sp, #8]
 244              	.LBE4:
  90:Core/Src/i2c.c ****   /* USER CODE BEGIN I2C3_MspInit 1 */
 245              		.loc 1 90 5 view .LVU72
 246              		.loc 1 95 1 is_stmt 0 view .LVU73
 247 009e BCE7     		b	.L7
 248              	.L12:
 249              		.align	2
 250              	.L11:
 251 00a0 005C0040 		.word	1073765376
 252 00a4 00380240 		.word	1073887232
 253 00a8 00080240 		.word	1073874944
 254 00ac 00000240 		.word	1073872896
 255              		.cfi_endproc
 256              	.LFE135:
 258              		.section	.text.HAL_I2C_MspDeInit,"ax",%progbits
 259              		.align	1
 260              		.global	HAL_I2C_MspDeInit
 261              		.syntax unified
 262              		.thumb
 263              		.thumb_func
 265              	HAL_I2C_MspDeInit:
 266              	.LVL8:
 267              	.LFB136:
  96:Core/Src/i2c.c **** 
ARM GAS  /var/folders/w9/l2kswtfn3fs2kslkvv5vg9sh0000gn/T//cc5E8uik.s 			page 8


  97:Core/Src/i2c.c **** void HAL_I2C_MspDeInit(I2C_HandleTypeDef* i2cHandle)
  98:Core/Src/i2c.c **** {
 268              		.loc 1 98 1 is_stmt 1 view -0
 269              		.cfi_startproc
 270              		@ args = 0, pretend = 0, frame = 0
 271              		@ frame_needed = 0, uses_anonymous_args = 0
 272              		.loc 1 98 1 is_stmt 0 view .LVU75
 273 0000 08B5     		push	{r3, lr}
 274              	.LCFI5:
 275              		.cfi_def_cfa_offset 8
 276              		.cfi_offset 3, -8
 277              		.cfi_offset 14, -4
  99:Core/Src/i2c.c **** 
 100:Core/Src/i2c.c ****   if(i2cHandle->Instance==I2C3)
 278              		.loc 1 100 3 is_stmt 1 view .LVU76
 279              		.loc 1 100 15 is_stmt 0 view .LVU77
 280 0002 0268     		ldr	r2, [r0]
 281              		.loc 1 100 5 view .LVU78
 282 0004 094B     		ldr	r3, .L17
 283 0006 9A42     		cmp	r2, r3
 284 0008 00D0     		beq	.L16
 285              	.LVL9:
 286              	.L13:
 101:Core/Src/i2c.c ****   {
 102:Core/Src/i2c.c ****   /* USER CODE BEGIN I2C3_MspDeInit 0 */
 103:Core/Src/i2c.c **** 
 104:Core/Src/i2c.c ****   /* USER CODE END I2C3_MspDeInit 0 */
 105:Core/Src/i2c.c ****     /* Peripheral clock disable */
 106:Core/Src/i2c.c ****     __HAL_RCC_I2C3_CLK_DISABLE();
 107:Core/Src/i2c.c **** 
 108:Core/Src/i2c.c ****     /**I2C3 GPIO Configuration
 109:Core/Src/i2c.c ****     PC9     ------> I2C3_SDA
 110:Core/Src/i2c.c ****     PA8     ------> I2C3_SCL
 111:Core/Src/i2c.c ****     */
 112:Core/Src/i2c.c ****     HAL_GPIO_DeInit(GPIOC, GPIO_PIN_9);
 113:Core/Src/i2c.c **** 
 114:Core/Src/i2c.c ****     HAL_GPIO_DeInit(GPIOA, GPIO_PIN_8);
 115:Core/Src/i2c.c **** 
 116:Core/Src/i2c.c ****   /* USER CODE BEGIN I2C3_MspDeInit 1 */
 117:Core/Src/i2c.c **** 
 118:Core/Src/i2c.c ****   /* USER CODE END I2C3_MspDeInit 1 */
 119:Core/Src/i2c.c ****   }
 120:Core/Src/i2c.c **** }
 287              		.loc 1 120 1 view .LVU79
 288 000a 08BD     		pop	{r3, pc}
 289              	.LVL10:
 290              	.L16:
 106:Core/Src/i2c.c **** 
 291              		.loc 1 106 5 is_stmt 1 view .LVU80
 292 000c 084A     		ldr	r2, .L17+4
 293 000e 136C     		ldr	r3, [r2, #64]
 294 0010 23F40003 		bic	r3, r3, #8388608
 295 0014 1364     		str	r3, [r2, #64]
 112:Core/Src/i2c.c **** 
 296              		.loc 1 112 5 view .LVU81
 297 0016 4FF40071 		mov	r1, #512
 298 001a 0648     		ldr	r0, .L17+8
ARM GAS  /var/folders/w9/l2kswtfn3fs2kslkvv5vg9sh0000gn/T//cc5E8uik.s 			page 9


 299              	.LVL11:
 112:Core/Src/i2c.c **** 
 300              		.loc 1 112 5 is_stmt 0 view .LVU82
 301 001c FFF7FEFF 		bl	HAL_GPIO_DeInit
 302              	.LVL12:
 114:Core/Src/i2c.c **** 
 303              		.loc 1 114 5 is_stmt 1 view .LVU83
 304 0020 4FF48071 		mov	r1, #256
 305 0024 0448     		ldr	r0, .L17+12
 306 0026 FFF7FEFF 		bl	HAL_GPIO_DeInit
 307              	.LVL13:
 308              		.loc 1 120 1 is_stmt 0 view .LVU84
 309 002a EEE7     		b	.L13
 310              	.L18:
 311              		.align	2
 312              	.L17:
 313 002c 005C0040 		.word	1073765376
 314 0030 00380240 		.word	1073887232
 315 0034 00080240 		.word	1073874944
 316 0038 00000240 		.word	1073872896
 317              		.cfi_endproc
 318              	.LFE136:
 320              		.global	hi2c3
 321              		.section	.bss.hi2c3,"aw",%nobits
 322              		.align	2
 325              	hi2c3:
 326 0000 00000000 		.space	84
 326      00000000 
 326      00000000 
 326      00000000 
 326      00000000 
 327              		.text
 328              	.Letext0:
 329              		.file 2 "/opt/ST/STM32CubeCLT_1.21.0/GNU-tools-for-STM32/arm-none-eabi/include/machine/_default_ty
 330              		.file 3 "/opt/ST/STM32CubeCLT_1.21.0/GNU-tools-for-STM32/arm-none-eabi/include/sys/_stdint.h"
 331              		.file 4 "Drivers/CMSIS/Device/ST/STM32F4xx/Include/stm32f407xx.h"
 332              		.file 5 "Drivers/STM32F4xx_HAL_Driver/Inc/stm32f4xx_hal_def.h"
 333              		.file 6 "Drivers/STM32F4xx_HAL_Driver/Inc/stm32f4xx_hal_gpio.h"
 334              		.file 7 "Drivers/STM32F4xx_HAL_Driver/Inc/stm32f4xx_hal_dma.h"
 335              		.file 8 "Drivers/STM32F4xx_HAL_Driver/Inc/stm32f4xx_hal_i2c.h"
 336              		.file 9 "Core/Inc/i2c.h"
 337              		.file 10 "Core/Inc/main.h"
ARM GAS  /var/folders/w9/l2kswtfn3fs2kslkvv5vg9sh0000gn/T//cc5E8uik.s 			page 10


DEFINED SYMBOLS
                            *ABS*:00000000 i2c.c
/var/folders/w9/l2kswtfn3fs2kslkvv5vg9sh0000gn/T//cc5E8uik.s:21     .text.MX_I2C3_Init:00000000 $t
/var/folders/w9/l2kswtfn3fs2kslkvv5vg9sh0000gn/T//cc5E8uik.s:27     .text.MX_I2C3_Init:00000000 MX_I2C3_Init
/var/folders/w9/l2kswtfn3fs2kslkvv5vg9sh0000gn/T//cc5E8uik.s:88     .text.MX_I2C3_Init:00000030 $d
/var/folders/w9/l2kswtfn3fs2kslkvv5vg9sh0000gn/T//cc5E8uik.s:325    .bss.hi2c3:00000000 hi2c3
/var/folders/w9/l2kswtfn3fs2kslkvv5vg9sh0000gn/T//cc5E8uik.s:95     .text.HAL_I2C_MspInit:00000000 $t
/var/folders/w9/l2kswtfn3fs2kslkvv5vg9sh0000gn/T//cc5E8uik.s:101    .text.HAL_I2C_MspInit:00000000 HAL_I2C_MspInit
/var/folders/w9/l2kswtfn3fs2kslkvv5vg9sh0000gn/T//cc5E8uik.s:251    .text.HAL_I2C_MspInit:000000a0 $d
/var/folders/w9/l2kswtfn3fs2kslkvv5vg9sh0000gn/T//cc5E8uik.s:259    .text.HAL_I2C_MspDeInit:00000000 $t
/var/folders/w9/l2kswtfn3fs2kslkvv5vg9sh0000gn/T//cc5E8uik.s:265    .text.HAL_I2C_MspDeInit:00000000 HAL_I2C_MspDeInit
/var/folders/w9/l2kswtfn3fs2kslkvv5vg9sh0000gn/T//cc5E8uik.s:313    .text.HAL_I2C_MspDeInit:0000002c $d
/var/folders/w9/l2kswtfn3fs2kslkvv5vg9sh0000gn/T//cc5E8uik.s:322    .bss.hi2c3:00000000 $d

UNDEFINED SYMBOLS
HAL_I2C_Init
Error_Handler
HAL_GPIO_Init
HAL_GPIO_DeInit
