ARM GAS  /var/folders/w5/30yxzty101lfkjn94y0dlkk00000gn/T//ccSlazYF.s 			page 1


   1              		.cpu cortex-m4
   2              		.arch armv7e-m
   3              		.fpu fpv4-sp-d16
   4              		.eabi_attribute 27, 1
   5              		.eabi_attribute 28, 1
   6              		.eabi_attribute 20, 1
   7              		.eabi_attribute 21, 1
   8              		.eabi_attribute 23, 3
   9              		.eabi_attribute 24, 1
  10              		.eabi_attribute 25, 1
  11              		.eabi_attribute 26, 1
  12              		.eabi_attribute 30, 1
  13              		.eabi_attribute 34, 1
  14              		.eabi_attribute 18, 4
  15              		.file	"IST.c"
  16              		.text
  17              	.Ltext0:
  18              		.cfi_sections	.debug_frame
  19              		.file 1 "Core/Src/IST.c"
  20              		.section	.text.IST_read,"ax",%progbits
  21              		.align	1
  22              		.global	IST_read
  23              		.syntax unified
  24              		.thumb
  25              		.thumb_func
  27              	IST_read:
  28              	.LFB162:
   1:Core/Src/IST.c **** //IST.c
   2:Core/Src/IST.c **** //2023.11.3
   3:Core/Src/IST.c **** //by gjx
   4:Core/Src/IST.c **** 
   5:Core/Src/IST.c **** #include "IST.h"
   6:Core/Src/IST.c **** 
   7:Core/Src/IST.c **** float IST8310data[3];
   8:Core/Src/IST.c **** 
   9:Core/Src/IST.c **** void IST_read()
  10:Core/Src/IST.c **** {
  29              		.loc 1 10 1 view -0
  30              		.cfi_startproc
  31              		@ args = 0, pretend = 0, frame = 0
  32              		@ frame_needed = 0, uses_anonymous_args = 0
  33 0000 08B5     		push	{r3, lr}
  34              	.LCFI0:
  35              		.cfi_def_cfa_offset 8
  36              		.cfi_offset 3, -8
  37              		.cfi_offset 14, -4
  11:Core/Src/IST.c **** 	ist8310_read_mag(IST8310data);
  38              		.loc 1 11 2 view .LVU1
  39 0002 0248     		ldr	r0, .L3
  40 0004 FFF7FEFF 		bl	ist8310_read_mag
  41              	.LVL0:
  12:Core/Src/IST.c **** }
  42              		.loc 1 12 1 is_stmt 0 view .LVU2
  43 0008 08BD     		pop	{r3, pc}
  44              	.L4:
  45 000a 00BF     		.align	2
  46              	.L3:
ARM GAS  /var/folders/w5/30yxzty101lfkjn94y0dlkk00000gn/T//ccSlazYF.s 			page 2


  47 000c 00000000 		.word	IST8310data
  48              		.cfi_endproc
  49              	.LFE162:
  51              		.section	.rodata.IST_print.str1.4,"aMS",%progbits,1
  52              		.align	2
  53              	.LC0:
  54 0000 583D2564 		.ascii	"X=%d,Y=%d,Z=%d\015\012\000"
  54      2C593D25 
  54      642C5A3D 
  54      25640D0A 
  54      00
  55              		.section	.text.IST_print,"ax",%progbits
  56              		.align	1
  57              		.global	IST_print
  58              		.syntax unified
  59              		.thumb
  60              		.thumb_func
  62              	IST_print:
  63              	.LFB163:
  13:Core/Src/IST.c **** 
  14:Core/Src/IST.c **** void IST_print()
  15:Core/Src/IST.c **** {
  64              		.loc 1 15 1 is_stmt 1 view -0
  65              		.cfi_startproc
  66              		@ args = 0, pretend = 0, frame = 0
  67              		@ frame_needed = 0, uses_anonymous_args = 0
  68 0000 08B5     		push	{r3, lr}
  69              	.LCFI1:
  70              		.cfi_def_cfa_offset 8
  71              		.cfi_offset 3, -8
  72              		.cfi_offset 14, -4
  16:Core/Src/IST.c **** 	usart_printf("X=%d,Y=%d,Z=%d\r\n",(int)(IST8310data[0]*10),(int)(IST8310data[1]*10),(int)(IST8310d
  73              		.loc 1 16 2 view .LVU4
  74              		.loc 1 16 53 is_stmt 0 view .LVU5
  75 0002 0F4B     		ldr	r3, .L7
  76 0004 D3ED007A 		vldr.32	s15, [r3]
  77              		.loc 1 16 56 view .LVU6
  78 0008 B2EE046A 		vmov.f32	s12, #1.0e+1
  79 000c 67EE867A 		vmul.f32	s15, s15, s12
  80              		.loc 1 16 78 view .LVU7
  81 0010 93ED017A 		vldr.32	s14, [r3, #4]
  82              		.loc 1 16 81 view .LVU8
  83 0014 27EE067A 		vmul.f32	s14, s14, s12
  84              		.loc 1 16 103 view .LVU9
  85 0018 D3ED026A 		vldr.32	s13, [r3, #8]
  86              		.loc 1 16 106 view .LVU10
  87 001c 66EE866A 		vmul.f32	s13, s13, s12
  88              		.loc 1 16 2 view .LVU11
  89 0020 FDEEE66A 		vcvt.s32.f32	s13, s13
  90 0024 16EE903A 		vmov	r3, s13	@ int
  91 0028 BDEEC77A 		vcvt.s32.f32	s14, s14
  92 002c 17EE102A 		vmov	r2, s14	@ int
  93 0030 FDEEE77A 		vcvt.s32.f32	s15, s15
  94 0034 17EE901A 		vmov	r1, s15	@ int
  95 0038 0248     		ldr	r0, .L7+4
  96 003a FFF7FEFF 		bl	usart_printf
  97              	.LVL1:
ARM GAS  /var/folders/w5/30yxzty101lfkjn94y0dlkk00000gn/T//ccSlazYF.s 			page 3


  17:Core/Src/IST.c **** }	
  98              		.loc 1 17 1 view .LVU12
  99 003e 08BD     		pop	{r3, pc}
 100              	.L8:
 101              		.align	2
 102              	.L7:
 103 0040 00000000 		.word	IST8310data
 104 0044 00000000 		.word	.LC0
 105              		.cfi_endproc
 106              	.LFE163:
 108              		.section	.rodata.IST_Vofa_print.str1.4,"aMS",%progbits,1
 109              		.align	2
 110              	.LC1:
 111 0000 25642C25 		.ascii	"%d,%d,%d\012\000"
 111      642C2564 
 111      0A00
 112              		.section	.text.IST_Vofa_print,"ax",%progbits
 113              		.align	1
 114              		.global	IST_Vofa_print
 115              		.syntax unified
 116              		.thumb
 117              		.thumb_func
 119              	IST_Vofa_print:
 120              	.LFB164:
  18:Core/Src/IST.c **** 
  19:Core/Src/IST.c **** void IST_Vofa_print()
  20:Core/Src/IST.c **** {
 121              		.loc 1 20 1 is_stmt 1 view -0
 122              		.cfi_startproc
 123              		@ args = 0, pretend = 0, frame = 0
 124              		@ frame_needed = 0, uses_anonymous_args = 0
 125 0000 08B5     		push	{r3, lr}
 126              	.LCFI2:
 127              		.cfi_def_cfa_offset 8
 128              		.cfi_offset 3, -8
 129              		.cfi_offset 14, -4
  21:Core/Src/IST.c **** 	usart_printf("%d,%d,%d\n",(int)(IST8310data[0]*10),(int)(IST8310data[1]*10),(int)(IST8310data[2]*1
 130              		.loc 1 21 2 view .LVU14
 131              		.loc 1 21 45 is_stmt 0 view .LVU15
 132 0002 0F4B     		ldr	r3, .L11
 133 0004 D3ED007A 		vldr.32	s15, [r3]
 134              		.loc 1 21 48 view .LVU16
 135 0008 B2EE046A 		vmov.f32	s12, #1.0e+1
 136 000c 67EE867A 		vmul.f32	s15, s15, s12
 137              		.loc 1 21 70 view .LVU17
 138 0010 93ED017A 		vldr.32	s14, [r3, #4]
 139              		.loc 1 21 73 view .LVU18
 140 0014 27EE067A 		vmul.f32	s14, s14, s12
 141              		.loc 1 21 95 view .LVU19
 142 0018 D3ED026A 		vldr.32	s13, [r3, #8]
 143              		.loc 1 21 98 view .LVU20
 144 001c 66EE866A 		vmul.f32	s13, s13, s12
 145              		.loc 1 21 2 view .LVU21
 146 0020 FDEEE66A 		vcvt.s32.f32	s13, s13
 147 0024 16EE903A 		vmov	r3, s13	@ int
 148 0028 BDEEC77A 		vcvt.s32.f32	s14, s14
 149 002c 17EE102A 		vmov	r2, s14	@ int
ARM GAS  /var/folders/w5/30yxzty101lfkjn94y0dlkk00000gn/T//ccSlazYF.s 			page 4


 150 0030 FDEEE77A 		vcvt.s32.f32	s15, s15
 151 0034 17EE901A 		vmov	r1, s15	@ int
 152 0038 0248     		ldr	r0, .L11+4
 153 003a FFF7FEFF 		bl	usart_printf
 154              	.LVL2:
  22:Core/Src/IST.c **** }	
 155              		.loc 1 22 1 view .LVU22
 156 003e 08BD     		pop	{r3, pc}
 157              	.L12:
 158              		.align	2
 159              	.L11:
 160 0040 00000000 		.word	IST8310data
 161 0044 00000000 		.word	.LC1
 162              		.cfi_endproc
 163              	.LFE164:
 165              		.global	IST8310data
 166              		.section	.bss.IST8310data,"aw",%nobits
 167              		.align	2
 170              	IST8310data:
 171 0000 00000000 		.space	12
 171      00000000 
 171      00000000 
 172              		.text
 173              	.Letext0:
 174              		.file 2 "Core/Inc/user_usart.h"
 175              		.file 3 "Core/Inc/ist8310driver.h"
 176              		.file 4 "Core/Inc/main.h"
 177              		.file 5 "Core/Inc/struct_typedef.h"
ARM GAS  /var/folders/w5/30yxzty101lfkjn94y0dlkk00000gn/T//ccSlazYF.s 			page 5


DEFINED SYMBOLS
                            *ABS*:00000000 IST.c
/var/folders/w5/30yxzty101lfkjn94y0dlkk00000gn/T//ccSlazYF.s:21     .text.IST_read:00000000 $t
/var/folders/w5/30yxzty101lfkjn94y0dlkk00000gn/T//ccSlazYF.s:27     .text.IST_read:00000000 IST_read
/var/folders/w5/30yxzty101lfkjn94y0dlkk00000gn/T//ccSlazYF.s:47     .text.IST_read:0000000c $d
/var/folders/w5/30yxzty101lfkjn94y0dlkk00000gn/T//ccSlazYF.s:170    .bss.IST8310data:00000000 IST8310data
/var/folders/w5/30yxzty101lfkjn94y0dlkk00000gn/T//ccSlazYF.s:52     .rodata.IST_print.str1.4:00000000 $d
/var/folders/w5/30yxzty101lfkjn94y0dlkk00000gn/T//ccSlazYF.s:56     .text.IST_print:00000000 $t
/var/folders/w5/30yxzty101lfkjn94y0dlkk00000gn/T//ccSlazYF.s:62     .text.IST_print:00000000 IST_print
/var/folders/w5/30yxzty101lfkjn94y0dlkk00000gn/T//ccSlazYF.s:103    .text.IST_print:00000040 $d
/var/folders/w5/30yxzty101lfkjn94y0dlkk00000gn/T//ccSlazYF.s:109    .rodata.IST_Vofa_print.str1.4:00000000 $d
/var/folders/w5/30yxzty101lfkjn94y0dlkk00000gn/T//ccSlazYF.s:113    .text.IST_Vofa_print:00000000 $t
/var/folders/w5/30yxzty101lfkjn94y0dlkk00000gn/T//ccSlazYF.s:119    .text.IST_Vofa_print:00000000 IST_Vofa_print
/var/folders/w5/30yxzty101lfkjn94y0dlkk00000gn/T//ccSlazYF.s:160    .text.IST_Vofa_print:00000040 $d
/var/folders/w5/30yxzty101lfkjn94y0dlkk00000gn/T//ccSlazYF.s:167    .bss.IST8310data:00000000 $d

UNDEFINED SYMBOLS
ist8310_read_mag
usart_printf
