ARM GAS  /var/folders/w9/l2kswtfn3fs2kslkvv5vg9sh0000gn/T//ccOcb5HY.s 			page 1


   1              		.cpu cortex-m4
   2              		.arch armv7e-m
   3              		.fpu fpv4-sp-d16
   4              		.eabi_attribute 27, 1
   5              		.eabi_attribute 28, 1
   6              		.eabi_attribute 20, 1
   7              		.eabi_attribute 21, 1
   8              		.eabi_attribute 23, 3
   9              		.eabi_attribute 24, 1
  10              		.eabi_attribute 25, 1
  11              		.eabi_attribute 26, 1
  12              		.eabi_attribute 30, 1
  13              		.eabi_attribute 34, 1
  14              		.eabi_attribute 18, 4
  15              		.file	"ist8310driver.c"
  16              		.text
  17              	.Ltext0:
  18              		.cfi_sections	.debug_frame
  19              		.file 1 "Core/Src/ist8310driver.c"
  20              		.section	.text.ist8310_init,"ax",%progbits
  21              		.align	1
  22              		.global	ist8310_init
  23              		.syntax unified
  24              		.thumb
  25              		.thumb_func
  27              	ist8310_init:
  28              	.LFB162:
   1:Core/Src/ist8310driver.c **** 
   2:Core/Src/ist8310driver.c ****   /**
   3:Core/Src/ist8310driver.c ****   ****************************(C) COPYRIGHT 2019 DJI****************************
   4:Core/Src/ist8310driver.c ****   * @file       IST8310driver.c/h
   5:Core/Src/ist8310driver.c ****   * @brief      ist8310 is a 3-axis digital magnetometer, the file includes initialization function
   6:Core/Src/ist8310driver.c ****   *             read magnetic field strength data function.
   7:Core/Src/ist8310driver.c ****   *             IST8310ďż˝ďż˝Ň»ďż˝ďż˝ďż˝ďż˝ďż˝ďż˝ďż˝ďż˝ďż˝Ö´ďż˝ďż˝ďż˝ďż˝ĆŁďż˝ďż˝ďż˝ďż˝ÄĽďż˝ďż˝ďż˝ďż
   8:Core/Src/ist8310driver.c ****   * @note       IST8310 only support I2C. IST8310Ö»Ö§ďż˝ďż˝I2Cďż˝ďż˝
   9:Core/Src/ist8310driver.c ****   * @history
  10:Core/Src/ist8310driver.c ****   *  Version    Date            Author          Modification
  11:Core/Src/ist8310driver.c ****   *  V1.0.0     Dec-26-2018     RM              1. done
  12:Core/Src/ist8310driver.c ****   *
  13:Core/Src/ist8310driver.c ****   @verbatim
  14:Core/Src/ist8310driver.c ****   ==============================================================================
  15:Core/Src/ist8310driver.c **** 
  16:Core/Src/ist8310driver.c ****   ==============================================================================
  17:Core/Src/ist8310driver.c ****   @endverbatim
  18:Core/Src/ist8310driver.c ****   ****************************(C) COPYRIGHT 2019 DJI****************************
  19:Core/Src/ist8310driver.c ****   */
  20:Core/Src/ist8310driver.c **** 
  21:Core/Src/ist8310driver.c **** #include "ist8310driver.h"
  22:Core/Src/ist8310driver.c **** 
  23:Core/Src/ist8310driver.c **** 
  24:Core/Src/ist8310driver.c **** #define MAG_SEN 0.3f //raw int16 data change to uT unit. Ô­ĘĽďż˝ďż˝ďż˝ďż˝ďż˝ďż˝ďż˝Ý±ďż˝ďż˝ ďż˝ďż˝Î»
  25:Core/Src/ist8310driver.c **** 
  26:Core/Src/ist8310driver.c **** #define IST8310_WHO_AM_I 0x00       //ist8310 "who am I " 
  27:Core/Src/ist8310driver.c **** #define IST8310_WHO_AM_I_VALUE 0x10 //device ID
  28:Core/Src/ist8310driver.c **** 
  29:Core/Src/ist8310driver.c **** #define IST8310_WRITE_REG_NUM 4 
  30:Core/Src/ist8310driver.c **** 
ARM GAS  /var/folders/w9/l2kswtfn3fs2kslkvv5vg9sh0000gn/T//ccOcb5HY.s 			page 2


  31:Core/Src/ist8310driver.c **** //the first column:the registers of IST8310. ďż˝ďż˝Ň»ďż˝ďż˝:IST8310ďż˝ÄĽÄ´ďż˝ďż˝ďż˝
  32:Core/Src/ist8310driver.c **** //the second column: the value to be writed to the registers.ďż˝Ú¶ďż˝ďż˝ďż˝:ďż˝ďż˝ŇŞĐ´ďż˝ďż˝ÄĽÄ´ďż˝
  33:Core/Src/ist8310driver.c **** //the third column: return error value.ďż˝ďż˝ďż˝ďż˝ďż˝ďż˝:ďż˝ďż˝ďż˝ŘµÄ´ďż˝ďż˝ďż˝ďż˝ďż˝
  34:Core/Src/ist8310driver.c **** static const uint8_t ist8310_write_reg_data_error[IST8310_WRITE_REG_NUM][3] ={
  35:Core/Src/ist8310driver.c ****         {0x0B, 0x08, 0x01},     //enalbe interrupt  and low pin polarity.ďż˝ďż˝ďż˝ďż˝ďż˝Đ¶ĎŁďż˝ďż˝ď
  36:Core/Src/ist8310driver.c ****         {0x41, 0x09, 0x02},     //average 2 times.Ć˝ďż˝ďż˝ďż˝ďż˝ďż˝ďż˝ďż˝ďż˝ďż˝ďż˝
  37:Core/Src/ist8310driver.c ****         {0x42, 0xC0, 0x03},     //must be 0xC0. ďż˝ďż˝ďż˝ďż˝ďż˝ďż˝0xC0
  38:Core/Src/ist8310driver.c ****         {0x0A, 0x0B, 0x04}};    //200Hz output rate.200Hzďż˝ďż˝ďż˝Ćµďż˝ďż˝
  39:Core/Src/ist8310driver.c **** 
  40:Core/Src/ist8310driver.c **** 
  41:Core/Src/ist8310driver.c **** 
  42:Core/Src/ist8310driver.c **** /**
  43:Core/Src/ist8310driver.c ****   * @brief          initialize ist8310
  44:Core/Src/ist8310driver.c ****   * @param[in]      none
  45:Core/Src/ist8310driver.c ****   * @retval         error value
  46:Core/Src/ist8310driver.c ****   */
  47:Core/Src/ist8310driver.c **** /**
  48:Core/Src/ist8310driver.c ****   * @brief          ďż˝ďż˝ĘĽďż˝ďż˝IST8310
  49:Core/Src/ist8310driver.c ****   * @param[in]      none
  50:Core/Src/ist8310driver.c ****   * @retval         error value
  51:Core/Src/ist8310driver.c ****   */
  52:Core/Src/ist8310driver.c **** uint8_t ist8310_init(void)
  53:Core/Src/ist8310driver.c **** {
  29              		.loc 1 53 1 view -0
  30              		.cfi_startproc
  31              		@ args = 0, pretend = 0, frame = 0
  32              		@ frame_needed = 0, uses_anonymous_args = 0
  33 0000 70B5     		push	{r4, r5, r6, lr}
  34              	.LCFI0:
  35              		.cfi_def_cfa_offset 16
  36              		.cfi_offset 4, -16
  37              		.cfi_offset 5, -12
  38              		.cfi_offset 6, -8
  39              		.cfi_offset 14, -4
  54:Core/Src/ist8310driver.c ****     static const uint8_t wait_time = 150;
  40              		.loc 1 54 5 view .LVU1
  55:Core/Src/ist8310driver.c ****     static const uint8_t sleepTime = 50;
  41              		.loc 1 55 5 view .LVU2
  56:Core/Src/ist8310driver.c ****     uint8_t res = 0;
  42              		.loc 1 56 5 view .LVU3
  43              	.LVL0:
  57:Core/Src/ist8310driver.c ****     uint8_t writeNum = 0;
  44              		.loc 1 57 5 view .LVU4
  58:Core/Src/ist8310driver.c **** 
  59:Core/Src/ist8310driver.c ****     ist8310_GPIO_init();
  45              		.loc 1 59 5 view .LVU5
  46 0002 FFF7FEFF 		bl	ist8310_GPIO_init
  47              	.LVL1:
  60:Core/Src/ist8310driver.c ****     ist8310_com_init();
  48              		.loc 1 60 5 view .LVU6
  49 0006 FFF7FEFF 		bl	ist8310_com_init
  50              	.LVL2:
  61:Core/Src/ist8310driver.c **** 
  62:Core/Src/ist8310driver.c ****     ist8310_RST_L();
  51              		.loc 1 62 5 view .LVU7
  52 000a FFF7FEFF 		bl	ist8310_RST_L
  53              	.LVL3:
ARM GAS  /var/folders/w9/l2kswtfn3fs2kslkvv5vg9sh0000gn/T//ccOcb5HY.s 			page 3


  63:Core/Src/ist8310driver.c ****     ist8310_delay_ms(sleepTime);
  54              		.loc 1 63 5 view .LVU8
  55 000e 3220     		movs	r0, #50
  56 0010 FFF7FEFF 		bl	ist8310_delay_ms
  57              	.LVL4:
  64:Core/Src/ist8310driver.c ****     ist8310_RST_H();
  58              		.loc 1 64 5 view .LVU9
  59 0014 FFF7FEFF 		bl	ist8310_RST_H
  60              	.LVL5:
  65:Core/Src/ist8310driver.c ****     ist8310_delay_ms(sleepTime);
  61              		.loc 1 65 5 view .LVU10
  62 0018 3220     		movs	r0, #50
  63 001a FFF7FEFF 		bl	ist8310_delay_ms
  64              	.LVL6:
  66:Core/Src/ist8310driver.c **** 
  67:Core/Src/ist8310driver.c ****     res = ist8310_IIC_read_single_reg(IST8310_WHO_AM_I);
  65              		.loc 1 67 5 view .LVU11
  66              		.loc 1 67 11 is_stmt 0 view .LVU12
  67 001e 0020     		movs	r0, #0
  68 0020 FFF7FEFF 		bl	ist8310_IIC_read_single_reg
  69              	.LVL7:
  68:Core/Src/ist8310driver.c ****     if (res != IST8310_WHO_AM_I_VALUE)
  70              		.loc 1 68 5 is_stmt 1 view .LVU13
  71              		.loc 1 68 8 is_stmt 0 view .LVU14
  72 0024 1028     		cmp	r0, #16
  73 0026 23D1     		bne	.L6
  69:Core/Src/ist8310driver.c ****     {
  70:Core/Src/ist8310driver.c ****         return IST8310_NO_SENSOR;
  71:Core/Src/ist8310driver.c ****     }
  72:Core/Src/ist8310driver.c **** 
  73:Core/Src/ist8310driver.c ****     //set mpu6500 sonsor config and check
  74:Core/Src/ist8310driver.c ****     for (writeNum = 0; writeNum < IST8310_WRITE_REG_NUM; writeNum++)
  74              		.loc 1 74 19 view .LVU15
  75 0028 0024     		movs	r4, #0
  76              	.LVL8:
  77              	.L3:
  78              		.loc 1 74 33 is_stmt 1 discriminator 1 view .LVU16
  79 002a 032C     		cmp	r4, #3
  80 002c 1ED8     		bhi	.L8
  75:Core/Src/ist8310driver.c ****     {
  76:Core/Src/ist8310driver.c ****         ist8310_IIC_write_single_reg(ist8310_write_reg_data_error[writeNum][0], ist8310_write_reg_d
  81              		.loc 1 76 9 view .LVU17
  82              		.loc 1 76 76 is_stmt 0 view .LVU18
  83 002e 114A     		ldr	r2, .L10
  84 0030 04EB4403 		add	r3, r4, r4, lsl #1
  85 0034 D118     		adds	r1, r2, r3
  86 0036 D55C     		ldrb	r5, [r2, r3]	@ zero_extendqisi2
  87              		.loc 1 76 119 view .LVU19
  88 0038 4E78     		ldrb	r6, [r1, #1]	@ zero_extendqisi2
  89              		.loc 1 76 9 view .LVU20
  90 003a 3146     		mov	r1, r6
  91 003c 2846     		mov	r0, r5
  92 003e FFF7FEFF 		bl	ist8310_IIC_write_single_reg
  93              	.LVL9:
  77:Core/Src/ist8310driver.c ****         ist8310_delay_us(wait_time);
  94              		.loc 1 77 9 is_stmt 1 view .LVU21
  95 0042 9620     		movs	r0, #150
ARM GAS  /var/folders/w9/l2kswtfn3fs2kslkvv5vg9sh0000gn/T//ccOcb5HY.s 			page 4


  96 0044 FFF7FEFF 		bl	ist8310_delay_us
  97              	.LVL10:
  78:Core/Src/ist8310driver.c ****         res = ist8310_IIC_read_single_reg(ist8310_write_reg_data_error[writeNum][0]);
  98              		.loc 1 78 9 view .LVU22
  99              		.loc 1 78 15 is_stmt 0 view .LVU23
 100 0048 2846     		mov	r0, r5
 101 004a FFF7FEFF 		bl	ist8310_IIC_read_single_reg
 102              	.LVL11:
 103 004e 0546     		mov	r5, r0
 104              	.LVL12:
  79:Core/Src/ist8310driver.c ****         ist8310_delay_us(wait_time);
 105              		.loc 1 79 9 is_stmt 1 view .LVU24
 106 0050 9620     		movs	r0, #150
 107 0052 FFF7FEFF 		bl	ist8310_delay_us
 108              	.LVL13:
  80:Core/Src/ist8310driver.c ****         if (res != ist8310_write_reg_data_error[writeNum][1])
 109              		.loc 1 80 9 view .LVU25
 110              		.loc 1 80 12 is_stmt 0 view .LVU26
 111 0056 AE42     		cmp	r6, r5
 112 0058 02D1     		bne	.L9
  74:Core/Src/ist8310driver.c ****     {
 113              		.loc 1 74 66 is_stmt 1 discriminator 2 view .LVU27
 114 005a 0134     		adds	r4, r4, #1
 115              	.LVL14:
  74:Core/Src/ist8310driver.c ****     {
 116              		.loc 1 74 66 is_stmt 0 discriminator 2 view .LVU28
 117 005c E4B2     		uxtb	r4, r4
 118              	.LVL15:
  74:Core/Src/ist8310driver.c ****     {
 119              		.loc 1 74 66 discriminator 2 view .LVU29
 120 005e E4E7     		b	.L3
 121              	.LVL16:
 122              	.L9:
  81:Core/Src/ist8310driver.c ****         {
  82:Core/Src/ist8310driver.c ****             return ist8310_write_reg_data_error[writeNum][2];
 123              		.loc 1 82 13 is_stmt 1 view .LVU30
 124              		.loc 1 82 58 is_stmt 0 view .LVU31
 125 0060 04EB4404 		add	r4, r4, r4, lsl #1
 126              	.LVL17:
 127              		.loc 1 82 58 view .LVU32
 128 0064 034B     		ldr	r3, .L10
 129 0066 2344     		add	r3, r3, r4
 130 0068 9878     		ldrb	r0, [r3, #2]	@ zero_extendqisi2
 131 006a 00E0     		b	.L2
 132              	.LVL18:
 133              	.L8:
  83:Core/Src/ist8310driver.c ****         }
  84:Core/Src/ist8310driver.c ****     }
  85:Core/Src/ist8310driver.c ****     return IST8310_NO_ERROR;
 134              		.loc 1 85 12 view .LVU33
 135 006c 0020     		movs	r0, #0
 136              	.LVL19:
 137              	.L2:
  86:Core/Src/ist8310driver.c **** }
 138              		.loc 1 86 1 view .LVU34
 139 006e 70BD     		pop	{r4, r5, r6, pc}
 140              	.LVL20:
ARM GAS  /var/folders/w9/l2kswtfn3fs2kslkvv5vg9sh0000gn/T//ccOcb5HY.s 			page 5


 141              	.L6:
  70:Core/Src/ist8310driver.c ****     }
 142              		.loc 1 70 16 view .LVU35
 143 0070 4020     		movs	r0, #64
 144              	.LVL21:
  70:Core/Src/ist8310driver.c ****     }
 145              		.loc 1 70 16 view .LVU36
 146 0072 FCE7     		b	.L2
 147              	.L11:
 148              		.align	2
 149              	.L10:
 150 0074 00000000 		.word	ist8310_write_reg_data_error
 151              		.cfi_endproc
 152              	.LFE162:
 154              		.section	.text.ist8310_read_over,"ax",%progbits
 155              		.align	1
 156              		.global	ist8310_read_over
 157              		.syntax unified
 158              		.thumb
 159              		.thumb_func
 161              	ist8310_read_over:
 162              	.LVL22:
 163              	.LFB163:
  87:Core/Src/ist8310driver.c **** 
  88:Core/Src/ist8310driver.c **** /**
  89:Core/Src/ist8310driver.c ****   * @brief          if you have read the data from STAT1 to DATAZL usaully by I2C DMA , you can use
  90:Core/Src/ist8310driver.c ****   * @param[in]      status_buf:the data point from the STAT1(0x02) register of IST8310 to the DATAZ
  91:Core/Src/ist8310driver.c ****   * @param[out]     ist8310_real_data:ist8310 data struct 
  92:Core/Src/ist8310driver.c ****   * @retval         none
  93:Core/Src/ist8310driver.c ****   */
  94:Core/Src/ist8310driver.c **** /**
  95:Core/Src/ist8310driver.c ****   * @brief          ďż˝ďż˝ďż˝ďż˝Ńľďż˝Í¨ďż˝ďż˝I2Cďż˝ďż˝DMAďż˝ďż˝Ę˝ďż˝ďż˝Čˇďż˝ďż˝ďż˝Ë´ďż˝STAT1ďż˝ďż˝D
  96:Core/Src/ist8310driver.c ****   * @param[in]      status_buf:ďż˝ďż˝ďż˝ďż˝Ö¸ďż˝ďż˝,ďż˝ďż˝STAT1(0x02) ďż˝Ä´ďż˝ďż˝ďż˝ďż˝ďż˝ DATAZL(0
  97:Core/Src/ist8310driver.c ****   * @param[out]     ist8310_real_data:ist8310ďż˝ďż˝ďż˝ďż˝ďż˝Ý˝áąą
  98:Core/Src/ist8310driver.c ****   * @retval         none
  99:Core/Src/ist8310driver.c ****   */
 100:Core/Src/ist8310driver.c **** void ist8310_read_over(uint8_t *status_buf, ist8310_real_data_t *ist8310_real_data)
 101:Core/Src/ist8310driver.c **** {
 164              		.loc 1 101 1 is_stmt 1 view -0
 165              		.cfi_startproc
 166              		@ args = 0, pretend = 0, frame = 0
 167              		@ frame_needed = 0, uses_anonymous_args = 0
 168              		@ link register save eliminated.
 102:Core/Src/ist8310driver.c **** 
 103:Core/Src/ist8310driver.c ****     if (status_buf[0] & 0x01)
 169              		.loc 1 103 5 view .LVU38
 170              		.loc 1 103 19 is_stmt 0 view .LVU39
 171 0000 0378     		ldrb	r3, [r0]	@ zero_extendqisi2
 172              		.loc 1 103 8 view .LVU40
 173 0002 13F0010F 		tst	r3, #1
 174 0006 2DD0     		beq	.L13
 175              	.LBB2:
 104:Core/Src/ist8310driver.c ****     {
 105:Core/Src/ist8310driver.c ****         int16_t temp_ist8310_data = 0;
 176              		.loc 1 105 9 is_stmt 1 view .LVU41
 177              	.LVL23:
 106:Core/Src/ist8310driver.c ****         ist8310_real_data->status |= 1 << IST8310_DATA_READY_BIT;
ARM GAS  /var/folders/w9/l2kswtfn3fs2kslkvv5vg9sh0000gn/T//ccOcb5HY.s 			page 6


 178              		.loc 1 106 9 view .LVU42
 179              		.loc 1 106 26 is_stmt 0 view .LVU43
 180 0008 0B78     		ldrb	r3, [r1]	@ zero_extendqisi2
 181              		.loc 1 106 35 view .LVU44
 182 000a 43F00403 		orr	r3, r3, #4
 183 000e 0B70     		strb	r3, [r1]
 107:Core/Src/ist8310driver.c **** 
 108:Core/Src/ist8310driver.c ****         temp_ist8310_data = (int16_t)((status_buf[2] << 8) | status_buf[1]);
 184              		.loc 1 108 9 is_stmt 1 view .LVU45
 185              		.loc 1 108 50 is_stmt 0 view .LVU46
 186 0010 8378     		ldrb	r3, [r0, #2]	@ zero_extendqisi2
 187              		.loc 1 108 29 view .LVU47
 188 0012 1B02     		lsls	r3, r3, #8
 189 0014 1BB2     		sxth	r3, r3
 190              		.loc 1 108 72 view .LVU48
 191 0016 4278     		ldrb	r2, [r0, #1]	@ zero_extendqisi2
 192              		.loc 1 108 27 view .LVU49
 193 0018 1343     		orrs	r3, r3, r2
 194 001a 07EE903A 		vmov	s15, r3	@ int
 195              	.LVL24:
 109:Core/Src/ist8310driver.c ****         ist8310_real_data->mag[0] = MAG_SEN * temp_ist8310_data;
 196              		.loc 1 109 9 is_stmt 1 view .LVU50
 197              		.loc 1 109 45 is_stmt 0 view .LVU51
 198 001e F8EEE77A 		vcvt.f32.s32	s15, s15
 199              	.LVL25:
 200              		.loc 1 109 45 view .LVU52
 201 0022 9FED137A 		vldr.32	s14, .L15
 202 0026 67EE877A 		vmul.f32	s15, s15, s14
 203              		.loc 1 109 35 view .LVU53
 204 002a C1ED017A 		vstr.32	s15, [r1, #4]
 110:Core/Src/ist8310driver.c ****         temp_ist8310_data = (int16_t)((status_buf[4] << 8) | status_buf[3]);
 205              		.loc 1 110 9 is_stmt 1 view .LVU54
 206              		.loc 1 110 50 is_stmt 0 view .LVU55
 207 002e 0379     		ldrb	r3, [r0, #4]	@ zero_extendqisi2
 208              	.LVL26:
 209              		.loc 1 110 29 view .LVU56
 210 0030 1B02     		lsls	r3, r3, #8
 211 0032 1BB2     		sxth	r3, r3
 212              		.loc 1 110 72 view .LVU57
 213 0034 C278     		ldrb	r2, [r0, #3]	@ zero_extendqisi2
 214              		.loc 1 110 27 view .LVU58
 215 0036 1343     		orrs	r3, r3, r2
 216 0038 07EE903A 		vmov	s15, r3	@ int
 217              	.LVL27:
 111:Core/Src/ist8310driver.c ****         ist8310_real_data->mag[1] = MAG_SEN * temp_ist8310_data;
 218              		.loc 1 111 9 is_stmt 1 view .LVU59
 219              		.loc 1 111 45 is_stmt 0 view .LVU60
 220 003c F8EEE77A 		vcvt.f32.s32	s15, s15
 221              	.LVL28:
 222              		.loc 1 111 45 view .LVU61
 223 0040 67EE877A 		vmul.f32	s15, s15, s14
 224              		.loc 1 111 35 view .LVU62
 225 0044 C1ED027A 		vstr.32	s15, [r1, #8]
 112:Core/Src/ist8310driver.c ****         temp_ist8310_data = (int16_t)((status_buf[6] << 8) | status_buf[5]);
 226              		.loc 1 112 9 is_stmt 1 view .LVU63
 227              		.loc 1 112 50 is_stmt 0 view .LVU64
 228 0048 8379     		ldrb	r3, [r0, #6]	@ zero_extendqisi2
ARM GAS  /var/folders/w9/l2kswtfn3fs2kslkvv5vg9sh0000gn/T//ccOcb5HY.s 			page 7


 229              	.LVL29:
 230              		.loc 1 112 29 view .LVU65
 231 004a 1B02     		lsls	r3, r3, #8
 232 004c 1BB2     		sxth	r3, r3
 233              		.loc 1 112 72 view .LVU66
 234 004e 4279     		ldrb	r2, [r0, #5]	@ zero_extendqisi2
 235              		.loc 1 112 27 view .LVU67
 236 0050 1343     		orrs	r3, r3, r2
 237 0052 07EE903A 		vmov	s15, r3	@ int
 238              	.LVL30:
 113:Core/Src/ist8310driver.c ****         ist8310_real_data->mag[2] = MAG_SEN * temp_ist8310_data;
 239              		.loc 1 113 9 is_stmt 1 view .LVU68
 240              		.loc 1 113 45 is_stmt 0 view .LVU69
 241 0056 F8EEE77A 		vcvt.f32.s32	s15, s15
 242              	.LVL31:
 243              		.loc 1 113 45 view .LVU70
 244 005a 67EE877A 		vmul.f32	s15, s15, s14
 245              		.loc 1 113 35 view .LVU71
 246 005e C1ED037A 		vstr.32	s15, [r1, #12]
 247              	.LBE2:
 248 0062 7047     		bx	lr
 249              	.LVL32:
 250              	.L13:
 114:Core/Src/ist8310driver.c ****     }
 115:Core/Src/ist8310driver.c ****     else
 116:Core/Src/ist8310driver.c ****     {
 117:Core/Src/ist8310driver.c ****         ist8310_real_data->status &= ~(1 << IST8310_DATA_READY_BIT);
 251              		.loc 1 117 9 is_stmt 1 view .LVU72
 252              		.loc 1 117 26 is_stmt 0 view .LVU73
 253 0064 0B78     		ldrb	r3, [r1]	@ zero_extendqisi2
 254              		.loc 1 117 35 view .LVU74
 255 0066 23F00403 		bic	r3, r3, #4
 256 006a 0B70     		strb	r3, [r1]
 118:Core/Src/ist8310driver.c ****     }
 119:Core/Src/ist8310driver.c **** }
 257              		.loc 1 119 1 view .LVU75
 258 006c 7047     		bx	lr
 259              	.L16:
 260 006e 00BF     		.align	2
 261              	.L15:
 262 0070 9A99993E 		.word	1050253722
 263              		.cfi_endproc
 264              	.LFE163:
 266              		.section	.text.ist8310_read_mag,"ax",%progbits
 267              		.align	1
 268              		.global	ist8310_read_mag
 269              		.syntax unified
 270              		.thumb
 271              		.thumb_func
 273              	ist8310_read_mag:
 274              	.LVL33:
 275              	.LFB164:
 120:Core/Src/ist8310driver.c **** 
 121:Core/Src/ist8310driver.c **** /**
 122:Core/Src/ist8310driver.c ****   * @brief          read mag magnetic field strength data of IST8310 by I2C
 123:Core/Src/ist8310driver.c ****   * @param[out]     mag variable
 124:Core/Src/ist8310driver.c ****   * @retval         none
ARM GAS  /var/folders/w9/l2kswtfn3fs2kslkvv5vg9sh0000gn/T//ccOcb5HY.s 			page 8


 125:Core/Src/ist8310driver.c ****   */
 126:Core/Src/ist8310driver.c **** /**
 127:Core/Src/ist8310driver.c ****   * @brief          Í¨ďż˝ďż˝ďż˝ďż˝Čˇďż˝Ĺłďż˝ďż˝ďż˝ďż˝ďż˝
 128:Core/Src/ist8310driver.c ****   * @param[out]     ďż˝Ĺłďż˝ďż˝ďż˝ďż˝ďż˝
 129:Core/Src/ist8310driver.c ****   * @retval         none
 130:Core/Src/ist8310driver.c ****   */
 131:Core/Src/ist8310driver.c **** void ist8310_read_mag(fp32 mag[3])
 132:Core/Src/ist8310driver.c **** {
 276              		.loc 1 132 1 is_stmt 1 view -0
 277              		.cfi_startproc
 278              		@ args = 0, pretend = 0, frame = 8
 279              		@ frame_needed = 0, uses_anonymous_args = 0
 280              		.loc 1 132 1 is_stmt 0 view .LVU77
 281 0000 10B5     		push	{r4, lr}
 282              	.LCFI1:
 283              		.cfi_def_cfa_offset 8
 284              		.cfi_offset 4, -8
 285              		.cfi_offset 14, -4
 286 0002 82B0     		sub	sp, sp, #8
 287              	.LCFI2:
 288              		.cfi_def_cfa_offset 16
 289 0004 0446     		mov	r4, r0
 133:Core/Src/ist8310driver.c ****     uint8_t buf[6];
 290              		.loc 1 133 5 is_stmt 1 view .LVU78
 134:Core/Src/ist8310driver.c ****     int16_t temp_ist8310_data = 0;
 291              		.loc 1 134 5 view .LVU79
 292              	.LVL34:
 135:Core/Src/ist8310driver.c ****     //read the "DATAXL" register (0x03)
 136:Core/Src/ist8310driver.c ****     ist8310_IIC_read_muli_reg(0x03, buf, 6);
 293              		.loc 1 136 5 view .LVU80
 294 0006 0622     		movs	r2, #6
 295 0008 6946     		mov	r1, sp
 296 000a 0320     		movs	r0, #3
 297              	.LVL35:
 298              		.loc 1 136 5 is_stmt 0 view .LVU81
 299 000c FFF7FEFF 		bl	ist8310_IIC_read_muli_reg
 300              	.LVL36:
 137:Core/Src/ist8310driver.c **** 
 138:Core/Src/ist8310driver.c ****     temp_ist8310_data = (int16_t)((buf[1] << 8) | buf[0]);
 301              		.loc 1 138 5 is_stmt 1 view .LVU82
 302              		.loc 1 138 39 is_stmt 0 view .LVU83
 303 0010 9DF80130 		ldrb	r3, [sp, #1]	@ zero_extendqisi2
 304              		.loc 1 138 25 view .LVU84
 305 0014 1B02     		lsls	r3, r3, #8
 306 0016 1BB2     		sxth	r3, r3
 307              		.loc 1 138 54 view .LVU85
 308 0018 9DF80020 		ldrb	r2, [sp]	@ zero_extendqisi2
 309              		.loc 1 138 23 view .LVU86
 310 001c 1343     		orrs	r3, r3, r2
 311 001e 07EE903A 		vmov	s15, r3	@ int
 312              	.LVL37:
 139:Core/Src/ist8310driver.c ****     mag[0] = MAG_SEN * temp_ist8310_data;
 313              		.loc 1 139 5 is_stmt 1 view .LVU87
 314              		.loc 1 139 22 is_stmt 0 view .LVU88
 315 0022 F8EEE77A 		vcvt.f32.s32	s15, s15
 316              	.LVL38:
 317              		.loc 1 139 22 view .LVU89
ARM GAS  /var/folders/w9/l2kswtfn3fs2kslkvv5vg9sh0000gn/T//ccOcb5HY.s 			page 9


 318 0026 9FED137A 		vldr.32	s14, .L19
 319 002a 67EE877A 		vmul.f32	s15, s15, s14
 320              		.loc 1 139 12 view .LVU90
 321 002e C4ED007A 		vstr.32	s15, [r4]
 140:Core/Src/ist8310driver.c ****     temp_ist8310_data = (int16_t)((buf[3] << 8) | buf[2]);
 322              		.loc 1 140 5 is_stmt 1 view .LVU91
 323              		.loc 1 140 39 is_stmt 0 view .LVU92
 324 0032 9DF80330 		ldrb	r3, [sp, #3]	@ zero_extendqisi2
 325              	.LVL39:
 326              		.loc 1 140 25 view .LVU93
 327 0036 1B02     		lsls	r3, r3, #8
 328 0038 1BB2     		sxth	r3, r3
 329              		.loc 1 140 54 view .LVU94
 330 003a 9DF80220 		ldrb	r2, [sp, #2]	@ zero_extendqisi2
 331              		.loc 1 140 23 view .LVU95
 332 003e 1343     		orrs	r3, r3, r2
 333 0040 07EE903A 		vmov	s15, r3	@ int
 334              	.LVL40:
 141:Core/Src/ist8310driver.c ****     mag[1] = MAG_SEN * temp_ist8310_data;
 335              		.loc 1 141 5 is_stmt 1 view .LVU96
 336              		.loc 1 141 22 is_stmt 0 view .LVU97
 337 0044 F8EEE77A 		vcvt.f32.s32	s15, s15
 338              	.LVL41:
 339              		.loc 1 141 22 view .LVU98
 340 0048 67EE877A 		vmul.f32	s15, s15, s14
 341              		.loc 1 141 12 view .LVU99
 342 004c C4ED017A 		vstr.32	s15, [r4, #4]
 142:Core/Src/ist8310driver.c ****     temp_ist8310_data = (int16_t)((buf[5] << 8) | buf[4]);
 343              		.loc 1 142 5 is_stmt 1 view .LVU100
 344              		.loc 1 142 39 is_stmt 0 view .LVU101
 345 0050 9DF80530 		ldrb	r3, [sp, #5]	@ zero_extendqisi2
 346              	.LVL42:
 347              		.loc 1 142 25 view .LVU102
 348 0054 1B02     		lsls	r3, r3, #8
 349 0056 1BB2     		sxth	r3, r3
 350              		.loc 1 142 54 view .LVU103
 351 0058 9DF80420 		ldrb	r2, [sp, #4]	@ zero_extendqisi2
 352              	.LVL43:
 353              		.loc 1 142 23 view .LVU104
 354 005c 1343     		orrs	r3, r3, r2
 355 005e 07EE903A 		vmov	s15, r3	@ int
 356              	.LVL44:
 143:Core/Src/ist8310driver.c ****     mag[2] = MAG_SEN * temp_ist8310_data;
 357              		.loc 1 143 5 is_stmt 1 view .LVU105
 358              		.loc 1 143 22 is_stmt 0 view .LVU106
 359 0062 F8EEE77A 		vcvt.f32.s32	s15, s15
 360              	.LVL45:
 361              		.loc 1 143 22 view .LVU107
 362 0066 67EE877A 		vmul.f32	s15, s15, s14
 363              		.loc 1 143 12 view .LVU108
 364 006a C4ED027A 		vstr.32	s15, [r4, #8]
 144:Core/Src/ist8310driver.c **** }
 365              		.loc 1 144 1 view .LVU109
 366 006e 02B0     		add	sp, sp, #8
 367              	.LCFI3:
 368              		.cfi_def_cfa_offset 8
 369              		@ sp needed
ARM GAS  /var/folders/w9/l2kswtfn3fs2kslkvv5vg9sh0000gn/T//ccOcb5HY.s 			page 10


 370 0070 10BD     		pop	{r4, pc}
 371              	.LVL46:
 372              	.L20:
 373              		.loc 1 144 1 view .LVU110
 374 0072 00BF     		.align	2
 375              	.L19:
 376 0074 9A99993E 		.word	1050253722
 377              		.cfi_endproc
 378              	.LFE164:
 380              		.section	.rodata.ist8310_write_reg_data_error,"a"
 381              		.align	2
 384              	ist8310_write_reg_data_error:
 385 0000 0B0801   		.ascii	"\013\010\001"
 386 0003 410902   		.ascii	"A\011\002"
 387 0006 42C003   		.ascii	"B\300\003"
 388 0009 0A0B04   		.ascii	"\012\013\004"
 389              		.text
 390              	.Letext0:
 391              		.file 2 "/opt/ST/STM32CubeCLT_1.21.0/GNU-tools-for-STM32/arm-none-eabi/include/machine/_default_ty
 392              		.file 3 "/opt/ST/STM32CubeCLT_1.21.0/GNU-tools-for-STM32/arm-none-eabi/include/sys/_stdint.h"
 393              		.file 4 "Core/Inc/struct_typedef.h"
 394              		.file 5 "Core/Inc/ist8310driver.h"
 395              		.file 6 "Core/Inc/ist8310driver_middleWare.h"
ARM GAS  /var/folders/w9/l2kswtfn3fs2kslkvv5vg9sh0000gn/T//ccOcb5HY.s 			page 11


DEFINED SYMBOLS
                            *ABS*:00000000 ist8310driver.c
/var/folders/w9/l2kswtfn3fs2kslkvv5vg9sh0000gn/T//ccOcb5HY.s:21     .text.ist8310_init:00000000 $t
/var/folders/w9/l2kswtfn3fs2kslkvv5vg9sh0000gn/T//ccOcb5HY.s:27     .text.ist8310_init:00000000 ist8310_init
/var/folders/w9/l2kswtfn3fs2kslkvv5vg9sh0000gn/T//ccOcb5HY.s:150    .text.ist8310_init:00000074 $d
/var/folders/w9/l2kswtfn3fs2kslkvv5vg9sh0000gn/T//ccOcb5HY.s:384    .rodata.ist8310_write_reg_data_error:00000000 ist8310_write_reg_data_error
/var/folders/w9/l2kswtfn3fs2kslkvv5vg9sh0000gn/T//ccOcb5HY.s:155    .text.ist8310_read_over:00000000 $t
/var/folders/w9/l2kswtfn3fs2kslkvv5vg9sh0000gn/T//ccOcb5HY.s:161    .text.ist8310_read_over:00000000 ist8310_read_over
/var/folders/w9/l2kswtfn3fs2kslkvv5vg9sh0000gn/T//ccOcb5HY.s:262    .text.ist8310_read_over:00000070 $d
/var/folders/w9/l2kswtfn3fs2kslkvv5vg9sh0000gn/T//ccOcb5HY.s:267    .text.ist8310_read_mag:00000000 $t
/var/folders/w9/l2kswtfn3fs2kslkvv5vg9sh0000gn/T//ccOcb5HY.s:273    .text.ist8310_read_mag:00000000 ist8310_read_mag
/var/folders/w9/l2kswtfn3fs2kslkvv5vg9sh0000gn/T//ccOcb5HY.s:376    .text.ist8310_read_mag:00000074 $d
/var/folders/w9/l2kswtfn3fs2kslkvv5vg9sh0000gn/T//ccOcb5HY.s:381    .rodata.ist8310_write_reg_data_error:00000000 $d

UNDEFINED SYMBOLS
ist8310_GPIO_init
ist8310_com_init
ist8310_RST_L
ist8310_delay_ms
ist8310_RST_H
ist8310_IIC_read_single_reg
ist8310_IIC_write_single_reg
ist8310_delay_us
ist8310_IIC_read_muli_reg
