ARM GAS  /var/folders/w9/l2kswtfn3fs2kslkvv5vg9sh0000gn/T//cc5EbqZa.s 			page 1


   1              		.cpu cortex-m4
   2              		.arch armv7e-m
   3              		.fpu fpv4-sp-d16
   4              		.eabi_attribute 27, 1
   5              		.eabi_attribute 28, 1
   6              		.eabi_attribute 20, 1
   7              		.eabi_attribute 21, 1
   8              		.eabi_attribute 23, 3
   9              		.eabi_attribute 24, 1
  10              		.eabi_attribute 25, 1
  11              		.eabi_attribute 26, 1
  12              		.eabi_attribute 30, 1
  13              		.eabi_attribute 34, 1
  14              		.eabi_attribute 18, 4
  15              		.file	"Joystick.c"
  16              		.text
  17              	.Ltext0:
  18              		.cfi_sections	.debug_frame
  19              		.file 1 "Core/Src/Joystick.c"
  20              		.section	.text.Joystick_motor_start,"ax",%progbits
  21              		.align	1
  22              		.global	Joystick_motor_start
  23              		.syntax unified
  24              		.thumb
  25              		.thumb_func
  27              	Joystick_motor_start:
  28              	.LFB162:
   1:Core/Src/Joystick.c **** #include "Joystick.h"
   2:Core/Src/Joystick.c **** #include "pid.h"
   3:Core/Src/Joystick.c **** 
   4:Core/Src/Joystick.c **** #define max_count 3
   5:Core/Src/Joystick.c **** float MAX_rotate_Speed = 1;
   6:Core/Src/Joystick.c **** float Max_speed[max_count] = {0.5, 1, 2, 3, 4, 5};
   7:Core/Src/Joystick.c **** int speed_count = 0;
   8:Core/Src/Joystick.c **** 
   9:Core/Src/Joystick.c **** extern int control_mode;
  10:Core/Src/Joystick.c **** extern float Vcx;
  11:Core/Src/Joystick.c **** extern float Wc;
  12:Core/Src/Joystick.c **** extern int motor_ready;
  13:Core/Src/Joystick.c **** extern int motor_shutdown;
  14:Core/Src/Joystick.c **** extern int free_flag;
  15:Core/Src/Joystick.c **** extern PID_TypeDef motor_pid[4];
  16:Core/Src/Joystick.c **** 
  17:Core/Src/Joystick.c **** float MAX_Speed = 0;
  18:Core/Src/Joystick.c **** int flagg = 0;
  19:Core/Src/Joystick.c ****  
  20:Core/Src/Joystick.c **** void Joystick_motor_start(void)
  21:Core/Src/Joystick.c **** {
  29              		.loc 1 21 1 view -0
  30              		.cfi_startproc
  31              		@ args = 0, pretend = 0, frame = 0
  32              		@ frame_needed = 0, uses_anonymous_args = 0
  33 0000 10B5     		push	{r4, lr}
  34              	.LCFI0:
  35              		.cfi_def_cfa_offset 8
  36              		.cfi_offset 4, -8
  37              		.cfi_offset 14, -4
ARM GAS  /var/folders/w9/l2kswtfn3fs2kslkvv5vg9sh0000gn/T//cc5EbqZa.s 			page 2


  22:Core/Src/Joystick.c ****     // µŻĆµĄŗµś»ÕÉ”µīēõĖŗ R2’╝łķö«ńĀü 9’╝ē
  23:Core/Src/Joystick.c ****     if (PS2_KEY == 9)
  38              		.loc 1 23 5 view .LVU1
  39              		.loc 1 23 17 is_stmt 0 view .LVU2
  40 0002 3E4B     		ldr	r3, .L18
  41 0004 1B68     		ldr	r3, [r3]
  42              		.loc 1 23 8 view .LVU3
  43 0006 092B     		cmp	r3, #9
  44 0008 16D0     		beq	.L12
  45              	.L2:
  24:Core/Src/Joystick.c ****     {
  25:Core/Src/Joystick.c ****         control_mode = 1; // ÕłćµŹóÕł░õĖ▓ÕÅŻµÄ¦ÕłČµ©ĪÕ╝Å
  26:Core/Src/Joystick.c ****         led_blue_blink();
  27:Core/Src/Joystick.c ****     }
  28:Core/Src/Joystick.c **** 
  29:Core/Src/Joystick.c ****     if (PS2_KEY == 10)
  46              		.loc 1 29 5 is_stmt 1 view .LVU4
  47              		.loc 1 29 17 is_stmt 0 view .LVU5
  48 000a 3C4B     		ldr	r3, .L18
  49 000c 1B68     		ldr	r3, [r3]
  50              		.loc 1 29 8 view .LVU6
  51 000e 0A2B     		cmp	r3, #10
  52 0010 18D0     		beq	.L13
  53              	.L3:
  30:Core/Src/Joystick.c ****     {
  31:Core/Src/Joystick.c ****         control_mode = 0; // ÕłćµŹóÕł░µēŗµ¤äµÄ¦ÕłČµ©ĪÕ╝Å
  32:Core/Src/Joystick.c ****         led_red_blink();
  33:Core/Src/Joystick.c ****     }
  34:Core/Src/Joystick.c **** 
  35:Core/Src/Joystick.c ****     // ÕżäńÉåYµīēķÆ«’╝īńöĄµ£║õĮ┐ĶāĮ
  36:Core/Src/Joystick.c ****     if(PS2_KEY == 13 && PS2_LY == 128 && PS2_RX == 127)  //Y’┐Į’┐Į’┐Į’┐Į’┐Į’┐ĮęŻ’┐Į’┐Į ’┐Į╠Ą’┐Į’┐Į’
  54              		.loc 1 36 5 is_stmt 1 view .LVU7
  55              		.loc 1 36 16 is_stmt 0 view .LVU8
  56 0012 3A4B     		ldr	r3, .L18
  57 0014 1B68     		ldr	r3, [r3]
  58              		.loc 1 36 7 view .LVU9
  59 0016 0D2B     		cmp	r3, #13
  60 0018 1AD0     		beq	.L14
  61              	.L4:
  37:Core/Src/Joystick.c **** 	{
  38:Core/Src/Joystick.c **** 
  39:Core/Src/Joystick.c **** 		motor_shutdown = 0; //ńöĄµ£║õĮ┐ĶāĮ
  40:Core/Src/Joystick.c ****         led_green_start();
  41:Core/Src/Joystick.c ****         motor_ready = 1;
  42:Core/Src/Joystick.c ****         free_flag = 0;
  43:Core/Src/Joystick.c **** 	}
  44:Core/Src/Joystick.c **** 
  45:Core/Src/Joystick.c ****     // ÕżäńÉåXµīēķÆ«Õģ│ķŚŁ
  46:Core/Src/Joystick.c ****     if (PS2_KEY == 16 || 
  62              		.loc 1 46 5 is_stmt 1 view .LVU10
  63              		.loc 1 46 17 is_stmt 0 view .LVU11
  64 001a 384B     		ldr	r3, .L18
  65 001c 1B68     		ldr	r3, [r3]
  66              		.loc 1 46 8 view .LVU12
  67 001e 102B     		cmp	r3, #16
  68 0020 35D0     		beq	.L5
  47:Core/Src/Joystick.c ****         ((PS2_LY == 255) && (PS2_LX == 255) && (PS2_RX == 255) && (PS2_RY == 255)) || 
ARM GAS  /var/folders/w9/l2kswtfn3fs2kslkvv5vg9sh0000gn/T//cc5EbqZa.s 			page 3


  69              		.loc 1 47 18 view .LVU13
  70 0022 374B     		ldr	r3, .L18+4
  71 0024 1B68     		ldr	r3, [r3]
  46:Core/Src/Joystick.c ****         ((PS2_LY == 255) && (PS2_LX == 255) && (PS2_RX == 255) && (PS2_RY == 255)) || 
  72              		.loc 1 46 23 discriminator 1 view .LVU14
  73 0026 FF2B     		cmp	r3, #255
  74 0028 25D0     		beq	.L15
  75              	.L6:
  76              		.loc 1 47 84 discriminator 5 view .LVU15
  77 002a 802B     		cmp	r3, #128
  78 002c 3CD0     		beq	.L16
  79              	.L7:
  48:Core/Src/Joystick.c ****         ((PS2_LY == 128) && (PS2_LX == 128) && (PS2_RX == 128) && (PS2_RY == 128))) // XµīēķÆ«Õģ│ķŚ
  49:Core/Src/Joystick.c ****     {
  50:Core/Src/Joystick.c ****         control_mode = 0;
  51:Core/Src/Joystick.c ****         motor_shutdown = 1; //Ķ«ŠńĮ«ńöĄµ£║õĖŹõĮ┐ĶāĮ
  52:Core/Src/Joystick.c ****         motor_ready = 0;   // ńöĄµ£║õĖŹÕćåÕżćÕźĮĶŠōÕģź
  53:Core/Src/Joystick.c ****         free_flag = 1;     // Ķ┐øÕģźĶć¬ńö▒µ╗æĶĪīµ©ĪÕ╝Å
  54:Core/Src/Joystick.c ****         led_red_start();
  55:Core/Src/Joystick.c ****     }
  56:Core/Src/Joystick.c **** 
  57:Core/Src/Joystick.c ****     if (PS2_KEY == 14) // BµīēķÆ« ŌĆö õĖżķśČµ«ĄÕÅŚµÄ¦ÕłČÕŖ©
  80              		.loc 1 57 5 is_stmt 1 view .LVU16
  81              		.loc 1 57 17 is_stmt 0 view .LVU17
  82 002e 334B     		ldr	r3, .L18
  83 0030 1B68     		ldr	r3, [r3]
  84              		.loc 1 57 8 view .LVU18
  85 0032 0E2B     		cmp	r3, #14
  86 0034 45D0     		beq	.L17
  87              	.L1:
  58:Core/Src/Joystick.c ****     {
  59:Core/Src/Joystick.c ****         control_mode = 0;
  60:Core/Src/Joystick.c ****         motor_shutdown = 0;  // õ┐ØµīüńöĄµ£║õĮ┐ĶāĮ’╝łÕłČÕŖ©ķśČµ«Ąķ£ĆĶ”üõĖŗÕÅæńöĄµĄü’╝ē
  61:Core/Src/Joystick.c ****         motor_ready = 0;     // õĖŹµÄźÕÅŚÕż¢ķā©ĶŠōÕģź
  62:Core/Src/Joystick.c ****         free_flag = 0;       // ÕģłĶ┐øÕģźÕłČÕŖ©ķśČµ«Ą
  63:Core/Src/Joystick.c **** 
  64:Core/Src/Joystick.c ****         // Õ╝║ÕłČķĆ¤Õ║”µīćõ╗żÕĮÆķøČ
  65:Core/Src/Joystick.c ****         Vcx = 0;
  66:Core/Src/Joystick.c ****         Wc = 0;
  67:Core/Src/Joystick.c **** 
  68:Core/Src/Joystick.c ****         // µĖģķøČ PID ń¦»ÕłåÕÖ©’╝łµČłķÖżµ«ŗńĢÖķ®▒ÕŖ©ÕŖø’╝īķś▓µŁóÕÅŹĶĮ¼’╝ē
  69:Core/Src/Joystick.c ****         for (int i = 0; i < 4; i++) {
  70:Core/Src/Joystick.c ****             motor_pid[i].iout = 0;
  71:Core/Src/Joystick.c ****             motor_pid[i].output = 0;
  72:Core/Src/Joystick.c ****             motor_pid[i].calculate_output = 0;
  73:Core/Src/Joystick.c ****         }
  74:Core/Src/Joystick.c **** 
  75:Core/Src/Joystick.c ****         // ķØ×ķś╗ÕĪ× LED µīćńż║’╝łńø┤µÄźĶ«ŠńĮ«ķó£Ķē▓’╝īõĖŹĶ░āńö© blink’╝ē
  76:Core/Src/Joystick.c ****         led_pink_start();
  77:Core/Src/Joystick.c ****     }
  78:Core/Src/Joystick.c **** }
  88              		.loc 1 78 1 view .LVU19
  89 0036 10BD     		pop	{r4, pc}
  90              	.L12:
  25:Core/Src/Joystick.c ****         led_blue_blink();
  91              		.loc 1 25 9 is_stmt 1 view .LVU20
  25:Core/Src/Joystick.c ****         led_blue_blink();
ARM GAS  /var/folders/w9/l2kswtfn3fs2kslkvv5vg9sh0000gn/T//cc5EbqZa.s 			page 4


  92              		.loc 1 25 22 is_stmt 0 view .LVU21
  93 0038 324B     		ldr	r3, .L18+8
  94 003a 0122     		movs	r2, #1
  95 003c 1A60     		str	r2, [r3]
  26:Core/Src/Joystick.c ****     }
  96              		.loc 1 26 9 is_stmt 1 view .LVU22
  97 003e FFF7FEFF 		bl	led_blue_blink
  98              	.LVL0:
  99 0042 E2E7     		b	.L2
 100              	.L13:
  31:Core/Src/Joystick.c ****         led_red_blink();
 101              		.loc 1 31 9 view .LVU23
  31:Core/Src/Joystick.c ****         led_red_blink();
 102              		.loc 1 31 22 is_stmt 0 view .LVU24
 103 0044 2F4B     		ldr	r3, .L18+8
 104 0046 0022     		movs	r2, #0
 105 0048 1A60     		str	r2, [r3]
  32:Core/Src/Joystick.c ****     }
 106              		.loc 1 32 9 is_stmt 1 view .LVU25
 107 004a FFF7FEFF 		bl	led_red_blink
 108              	.LVL1:
 109 004e E0E7     		b	.L3
 110              	.L14:
  36:Core/Src/Joystick.c **** 	{
 111              		.loc 1 36 32 is_stmt 0 discriminator 1 view .LVU26
 112 0050 2B4B     		ldr	r3, .L18+4
 113 0052 1B68     		ldr	r3, [r3]
  36:Core/Src/Joystick.c **** 	{
 114              		.loc 1 36 22 discriminator 1 view .LVU27
 115 0054 802B     		cmp	r3, #128
 116 0056 E0D1     		bne	.L4
  36:Core/Src/Joystick.c **** 	{
 117              		.loc 1 36 49 discriminator 2 view .LVU28
 118 0058 2B4B     		ldr	r3, .L18+12
 119 005a 1B68     		ldr	r3, [r3]
  36:Core/Src/Joystick.c **** 	{
 120              		.loc 1 36 39 discriminator 2 view .LVU29
 121 005c 7F2B     		cmp	r3, #127
 122 005e DCD1     		bne	.L4
  39:Core/Src/Joystick.c ****         led_green_start();
 123              		.loc 1 39 3 is_stmt 1 view .LVU30
  39:Core/Src/Joystick.c ****         led_green_start();
 124              		.loc 1 39 18 is_stmt 0 view .LVU31
 125 0060 0024     		movs	r4, #0
 126 0062 2A4B     		ldr	r3, .L18+16
 127 0064 1C60     		str	r4, [r3]
  40:Core/Src/Joystick.c ****         motor_ready = 1;
 128              		.loc 1 40 9 is_stmt 1 view .LVU32
 129 0066 FFF7FEFF 		bl	led_green_start
 130              	.LVL2:
  41:Core/Src/Joystick.c ****         free_flag = 0;
 131              		.loc 1 41 9 view .LVU33
  41:Core/Src/Joystick.c ****         free_flag = 0;
 132              		.loc 1 41 21 is_stmt 0 view .LVU34
 133 006a 294B     		ldr	r3, .L18+20
 134 006c 0122     		movs	r2, #1
 135 006e 1A60     		str	r2, [r3]
ARM GAS  /var/folders/w9/l2kswtfn3fs2kslkvv5vg9sh0000gn/T//cc5EbqZa.s 			page 5


  42:Core/Src/Joystick.c **** 	}
 136              		.loc 1 42 9 is_stmt 1 view .LVU35
  42:Core/Src/Joystick.c **** 	}
 137              		.loc 1 42 19 is_stmt 0 view .LVU36
 138 0070 284B     		ldr	r3, .L18+24
 139 0072 1C60     		str	r4, [r3]
 140 0074 D1E7     		b	.L4
 141              	.L15:
  47:Core/Src/Joystick.c ****         ((PS2_LY == 128) && (PS2_LX == 128) && (PS2_RX == 128) && (PS2_RY == 128))) // XµīēķÆ«Õģ│ķŚ
 142              		.loc 1 47 37 view .LVU37
 143 0076 284A     		ldr	r2, .L18+28
 144 0078 1268     		ldr	r2, [r2]
  47:Core/Src/Joystick.c ****         ((PS2_LY == 128) && (PS2_LX == 128) && (PS2_RX == 128) && (PS2_RY == 128))) // XµīēķÆ«Õģ│ķŚ
 145              		.loc 1 47 26 view .LVU38
 146 007a FF2A     		cmp	r2, #255
 147 007c D5D1     		bne	.L6
  47:Core/Src/Joystick.c ****         ((PS2_LY == 128) && (PS2_LX == 128) && (PS2_RX == 128) && (PS2_RY == 128))) // XµīēķÆ«Õģ│ķŚ
 148              		.loc 1 47 56 discriminator 1 view .LVU39
 149 007e 224A     		ldr	r2, .L18+12
 150 0080 1268     		ldr	r2, [r2]
  47:Core/Src/Joystick.c ****         ((PS2_LY == 128) && (PS2_LX == 128) && (PS2_RX == 128) && (PS2_RY == 128))) // XµīēķÆ«Õģ│ķŚ
 151              		.loc 1 47 45 discriminator 1 view .LVU40
 152 0082 FF2A     		cmp	r2, #255
 153 0084 D1D1     		bne	.L6
  47:Core/Src/Joystick.c ****         ((PS2_LY == 128) && (PS2_LX == 128) && (PS2_RX == 128) && (PS2_RY == 128))) // XµīēķÆ«Õģ│ķŚ
 154              		.loc 1 47 75 discriminator 3 view .LVU41
 155 0086 254A     		ldr	r2, .L18+32
 156 0088 1268     		ldr	r2, [r2]
  47:Core/Src/Joystick.c ****         ((PS2_LY == 128) && (PS2_LX == 128) && (PS2_RX == 128) && (PS2_RY == 128))) // XµīēķÆ«Õģ│ķŚ
 157              		.loc 1 47 64 discriminator 3 view .LVU42
 158 008a FF2A     		cmp	r2, #255
 159 008c CDD1     		bne	.L6
 160              	.L5:
  50:Core/Src/Joystick.c ****         motor_shutdown = 1; //Ķ«ŠńĮ«ńöĄµ£║õĖŹõĮ┐ĶāĮ
 161              		.loc 1 50 9 is_stmt 1 view .LVU43
  50:Core/Src/Joystick.c ****         motor_shutdown = 1; //Ķ«ŠńĮ«ńöĄµ£║õĖŹõĮ┐ĶāĮ
 162              		.loc 1 50 22 is_stmt 0 view .LVU44
 163 008e 0022     		movs	r2, #0
 164 0090 1C4B     		ldr	r3, .L18+8
 165 0092 1A60     		str	r2, [r3]
  51:Core/Src/Joystick.c ****         motor_ready = 0;   // ńöĄµ£║õĖŹÕćåÕżćÕźĮĶŠōÕģź
 166              		.loc 1 51 9 is_stmt 1 view .LVU45
  51:Core/Src/Joystick.c ****         motor_ready = 0;   // ńöĄµ£║õĖŹÕćåÕżćÕźĮĶŠōÕģź
 167              		.loc 1 51 24 is_stmt 0 view .LVU46
 168 0094 0123     		movs	r3, #1
 169 0096 1D49     		ldr	r1, .L18+16
 170 0098 0B60     		str	r3, [r1]
  52:Core/Src/Joystick.c ****         free_flag = 1;     // Ķ┐øÕģźĶć¬ńö▒µ╗æĶĪīµ©ĪÕ╝Å
 171              		.loc 1 52 9 is_stmt 1 view .LVU47
  52:Core/Src/Joystick.c ****         free_flag = 1;     // Ķ┐øÕģźĶć¬ńö▒µ╗æĶĪīµ©ĪÕ╝Å
 172              		.loc 1 52 21 is_stmt 0 view .LVU48
 173 009a 1D49     		ldr	r1, .L18+20
 174 009c 0A60     		str	r2, [r1]
  53:Core/Src/Joystick.c ****         led_red_start();
 175              		.loc 1 53 9 is_stmt 1 view .LVU49
  53:Core/Src/Joystick.c ****         led_red_start();
 176              		.loc 1 53 19 is_stmt 0 view .LVU50
ARM GAS  /var/folders/w9/l2kswtfn3fs2kslkvv5vg9sh0000gn/T//cc5EbqZa.s 			page 6


 177 009e 1D4A     		ldr	r2, .L18+24
 178 00a0 1360     		str	r3, [r2]
  54:Core/Src/Joystick.c ****     }
 179              		.loc 1 54 9 is_stmt 1 view .LVU51
 180 00a2 FFF7FEFF 		bl	led_red_start
 181              	.LVL3:
 182 00a6 C2E7     		b	.L7
 183              	.L16:
  48:Core/Src/Joystick.c ****     {
 184              		.loc 1 48 37 is_stmt 0 view .LVU52
 185 00a8 1B4B     		ldr	r3, .L18+28
 186 00aa 1B68     		ldr	r3, [r3]
  48:Core/Src/Joystick.c ****     {
 187              		.loc 1 48 26 view .LVU53
 188 00ac 802B     		cmp	r3, #128
 189 00ae BED1     		bne	.L7
  48:Core/Src/Joystick.c ****     {
 190              		.loc 1 48 56 discriminator 1 view .LVU54
 191 00b0 154B     		ldr	r3, .L18+12
 192 00b2 1B68     		ldr	r3, [r3]
  48:Core/Src/Joystick.c ****     {
 193              		.loc 1 48 45 discriminator 1 view .LVU55
 194 00b4 802B     		cmp	r3, #128
 195 00b6 BAD1     		bne	.L7
  48:Core/Src/Joystick.c ****     {
 196              		.loc 1 48 75 discriminator 2 view .LVU56
 197 00b8 184B     		ldr	r3, .L18+32
 198 00ba 1B68     		ldr	r3, [r3]
  48:Core/Src/Joystick.c ****     {
 199              		.loc 1 48 64 discriminator 2 view .LVU57
 200 00bc 802B     		cmp	r3, #128
 201 00be B6D1     		bne	.L7
 202 00c0 E5E7     		b	.L5
 203              	.L17:
  59:Core/Src/Joystick.c ****         motor_shutdown = 0;  // õ┐ØµīüńöĄµ£║õĮ┐ĶāĮ’╝łÕłČÕŖ©ķśČµ«Ąķ£ĆĶ”üõĖŗÕÅæńöĄµĄü’╝ē
 204              		.loc 1 59 9 is_stmt 1 view .LVU58
  59:Core/Src/Joystick.c ****         motor_shutdown = 0;  // õ┐ØµīüńöĄµ£║õĮ┐ĶāĮ’╝łÕłČÕŖ©ķśČµ«Ąķ£ĆĶ”üõĖŗÕÅæńöĄµĄü’╝ē
 205              		.loc 1 59 22 is_stmt 0 view .LVU59
 206 00c2 0023     		movs	r3, #0
 207 00c4 0F4A     		ldr	r2, .L18+8
 208 00c6 1360     		str	r3, [r2]
  60:Core/Src/Joystick.c ****         motor_ready = 0;     // õĖŹµÄźÕÅŚÕż¢ķā©ĶŠōÕģź
 209              		.loc 1 60 9 is_stmt 1 view .LVU60
  60:Core/Src/Joystick.c ****         motor_ready = 0;     // õĖŹµÄźÕÅŚÕż¢ķā©ĶŠōÕģź
 210              		.loc 1 60 24 is_stmt 0 view .LVU61
 211 00c8 104A     		ldr	r2, .L18+16
 212 00ca 1360     		str	r3, [r2]
  61:Core/Src/Joystick.c ****         free_flag = 0;       // ÕģłĶ┐øÕģźÕłČÕŖ©ķśČµ«Ą
 213              		.loc 1 61 9 is_stmt 1 view .LVU62
  61:Core/Src/Joystick.c ****         free_flag = 0;       // ÕģłĶ┐øÕģźÕłČÕŖ©ķśČµ«Ą
 214              		.loc 1 61 21 is_stmt 0 view .LVU63
 215 00cc 104A     		ldr	r2, .L18+20
 216 00ce 1360     		str	r3, [r2]
  62:Core/Src/Joystick.c **** 
 217              		.loc 1 62 9 is_stmt 1 view .LVU64
  62:Core/Src/Joystick.c **** 
 218              		.loc 1 62 19 is_stmt 0 view .LVU65
ARM GAS  /var/folders/w9/l2kswtfn3fs2kslkvv5vg9sh0000gn/T//cc5EbqZa.s 			page 7


 219 00d0 104A     		ldr	r2, .L18+24
 220 00d2 1360     		str	r3, [r2]
  65:Core/Src/Joystick.c ****         Wc = 0;
 221              		.loc 1 65 9 is_stmt 1 view .LVU66
  65:Core/Src/Joystick.c ****         Wc = 0;
 222              		.loc 1 65 13 is_stmt 0 view .LVU67
 223 00d4 0022     		movs	r2, #0
 224 00d6 1249     		ldr	r1, .L18+36
 225 00d8 0A60     		str	r2, [r1]	@ float
  66:Core/Src/Joystick.c **** 
 226              		.loc 1 66 9 is_stmt 1 view .LVU68
  66:Core/Src/Joystick.c **** 
 227              		.loc 1 66 12 is_stmt 0 view .LVU69
 228 00da 1249     		ldr	r1, .L18+40
 229 00dc 0A60     		str	r2, [r1]	@ float
  69:Core/Src/Joystick.c ****             motor_pid[i].iout = 0;
 230              		.loc 1 69 9 is_stmt 1 view .LVU70
 231              	.LBB2:
  69:Core/Src/Joystick.c ****             motor_pid[i].iout = 0;
 232              		.loc 1 69 14 view .LVU71
 233              	.LVL4:
  69:Core/Src/Joystick.c ****             motor_pid[i].iout = 0;
 234              		.loc 1 69 9 is_stmt 0 view .LVU72
 235 00de 08E0     		b	.L9
 236              	.LVL5:
 237              	.L10:
  70:Core/Src/Joystick.c ****             motor_pid[i].output = 0;
 238              		.loc 1 70 13 is_stmt 1 view .LVU73
  70:Core/Src/Joystick.c ****             motor_pid[i].output = 0;
 239              		.loc 1 70 31 is_stmt 0 view .LVU74
 240 00e0 114A     		ldr	r2, .L18+44
 241 00e2 6821     		movs	r1, #104
 242 00e4 01FB0322 		mla	r2, r1, r3, r2
 243 00e8 0021     		movs	r1, #0
 244 00ea 9162     		str	r1, [r2, #40]	@ float
  71:Core/Src/Joystick.c ****             motor_pid[i].calculate_output = 0;
 245              		.loc 1 71 13 is_stmt 1 view .LVU75
  71:Core/Src/Joystick.c ****             motor_pid[i].calculate_output = 0;
 246              		.loc 1 71 33 is_stmt 0 view .LVU76
 247 00ec 1163     		str	r1, [r2, #48]	@ float
  72:Core/Src/Joystick.c ****         }
 248              		.loc 1 72 13 is_stmt 1 view .LVU77
  72:Core/Src/Joystick.c ****         }
 249              		.loc 1 72 43 is_stmt 0 view .LVU78
 250 00ee 9163     		str	r1, [r2, #56]	@ float
  69:Core/Src/Joystick.c ****             motor_pid[i].iout = 0;
 251              		.loc 1 69 33 is_stmt 1 discriminator 3 view .LVU79
 252 00f0 0133     		adds	r3, r3, #1
 253              	.LVL6:
 254              	.L9:
  69:Core/Src/Joystick.c ****             motor_pid[i].iout = 0;
 255              		.loc 1 69 27 discriminator 1 view .LVU80
 256 00f2 032B     		cmp	r3, #3
 257 00f4 F4DD     		ble	.L10
 258              	.LBE2:
  76:Core/Src/Joystick.c ****     }
 259              		.loc 1 76 9 view .LVU81
ARM GAS  /var/folders/w9/l2kswtfn3fs2kslkvv5vg9sh0000gn/T//cc5EbqZa.s 			page 8


 260 00f6 FFF7FEFF 		bl	led_pink_start
 261              	.LVL7:
 262              		.loc 1 78 1 is_stmt 0 view .LVU82
 263 00fa 9CE7     		b	.L1
 264              	.L19:
 265              		.align	2
 266              	.L18:
 267 00fc 00000000 		.word	PS2_KEY
 268 0100 00000000 		.word	PS2_LY
 269 0104 00000000 		.word	control_mode
 270 0108 00000000 		.word	PS2_RX
 271 010c 00000000 		.word	motor_shutdown
 272 0110 00000000 		.word	motor_ready
 273 0114 00000000 		.word	free_flag
 274 0118 00000000 		.word	PS2_LX
 275 011c 00000000 		.word	PS2_RY
 276 0120 00000000 		.word	Vcx
 277 0124 00000000 		.word	Wc
 278 0128 00000000 		.word	motor_pid
 279              		.cfi_endproc
 280              	.LFE162:
 282              		.section	.text.Joystick_v_set,"ax",%progbits
 283              		.align	1
 284              		.global	Joystick_v_set
 285              		.syntax unified
 286              		.thumb
 287              		.thumb_func
 289              	Joystick_v_set:
 290              	.LFB163:
  79:Core/Src/Joystick.c **** 
  80:Core/Src/Joystick.c **** void Joystick_v_set(void)
  81:Core/Src/Joystick.c **** {
 291              		.loc 1 81 1 is_stmt 1 view -0
 292              		.cfi_startproc
 293              		@ args = 0, pretend = 0, frame = 0
 294              		@ frame_needed = 0, uses_anonymous_args = 0
 295              		@ link register save eliminated.
  82:Core/Src/Joystick.c ****     if (PS2_KEY == 5)
 296              		.loc 1 82 5 view .LVU84
 297              		.loc 1 82 17 is_stmt 0 view .LVU85
 298 0000 184B     		ldr	r3, .L29
 299 0002 1B68     		ldr	r3, [r3]
 300              		.loc 1 82 8 view .LVU86
 301 0004 052B     		cmp	r3, #5
 302 0006 0ED0     		beq	.L26
 303              	.L21:
  83:Core/Src/Joystick.c ****     {
  84:Core/Src/Joystick.c ****         if (!flagg)
  85:Core/Src/Joystick.c ****         {
  86:Core/Src/Joystick.c ****             if (speed_count < max_count - 1)
  87:Core/Src/Joystick.c ****             {
  88:Core/Src/Joystick.c ****                 speed_count += 1;
  89:Core/Src/Joystick.c ****             }
  90:Core/Src/Joystick.c ****             flagg = 1;
  91:Core/Src/Joystick.c ****         }
  92:Core/Src/Joystick.c ****     }
  93:Core/Src/Joystick.c **** 
ARM GAS  /var/folders/w9/l2kswtfn3fs2kslkvv5vg9sh0000gn/T//cc5EbqZa.s 			page 9


  94:Core/Src/Joystick.c ****     if (PS2_KEY == 7)
 304              		.loc 1 94 5 is_stmt 1 view .LVU87
 305              		.loc 1 94 8 is_stmt 0 view .LVU88
 306 0008 072B     		cmp	r3, #7
 307 000a 1CD0     		beq	.L27
 308              	.L23:
  95:Core/Src/Joystick.c ****     {
  96:Core/Src/Joystick.c ****         if (!flagg)
  97:Core/Src/Joystick.c ****         {
  98:Core/Src/Joystick.c ****             if (speed_count > 0)
  99:Core/Src/Joystick.c ****             {
 100:Core/Src/Joystick.c ****                 speed_count -= 1;
 101:Core/Src/Joystick.c ****             }
 102:Core/Src/Joystick.c ****             flagg = 1;
 103:Core/Src/Joystick.c ****         }
 104:Core/Src/Joystick.c ****     }
 105:Core/Src/Joystick.c **** 
 106:Core/Src/Joystick.c ****     if (PS2_KEY == 0)
 309              		.loc 1 106 5 is_stmt 1 view .LVU89
 310              		.loc 1 106 8 is_stmt 0 view .LVU90
 311 000c 13B9     		cbnz	r3, .L25
 107:Core/Src/Joystick.c ****     {
 108:Core/Src/Joystick.c ****         flagg = 0;
 312              		.loc 1 108 9 is_stmt 1 view .LVU91
 313              		.loc 1 108 15 is_stmt 0 view .LVU92
 314 000e 164B     		ldr	r3, .L29+4
 315 0010 0022     		movs	r2, #0
 316 0012 1A60     		str	r2, [r3]
 317              	.L25:
 109:Core/Src/Joystick.c ****     }
 110:Core/Src/Joystick.c **** 
 111:Core/Src/Joystick.c ****     MAX_Speed = Max_speed[speed_count];
 318              		.loc 1 111 5 is_stmt 1 view .LVU93
 319              		.loc 1 111 26 is_stmt 0 view .LVU94
 320 0014 154B     		ldr	r3, .L29+8
 321 0016 1A68     		ldr	r2, [r3]
 322 0018 154B     		ldr	r3, .L29+12
 323 001a 03EB8203 		add	r3, r3, r2, lsl #2
 324 001e 1A68     		ldr	r2, [r3]	@ float
 325              		.loc 1 111 15 view .LVU95
 326 0020 144B     		ldr	r3, .L29+16
 327 0022 1A60     		str	r2, [r3]	@ float
 112:Core/Src/Joystick.c **** }
 328              		.loc 1 112 1 view .LVU96
 329 0024 7047     		bx	lr
 330              	.L26:
  84:Core/Src/Joystick.c ****         {
 331              		.loc 1 84 9 is_stmt 1 view .LVU97
  84:Core/Src/Joystick.c ****         {
 332              		.loc 1 84 13 is_stmt 0 view .LVU98
 333 0026 104A     		ldr	r2, .L29+4
 334 0028 1268     		ldr	r2, [r2]
  84:Core/Src/Joystick.c ****         {
 335              		.loc 1 84 12 view .LVU99
 336 002a 002A     		cmp	r2, #0
 337 002c ECD1     		bne	.L21
  86:Core/Src/Joystick.c ****             {
ARM GAS  /var/folders/w9/l2kswtfn3fs2kslkvv5vg9sh0000gn/T//cc5EbqZa.s 			page 10


 338              		.loc 1 86 13 is_stmt 1 view .LVU100
  86:Core/Src/Joystick.c ****             {
 339              		.loc 1 86 29 is_stmt 0 view .LVU101
 340 002e 0F4A     		ldr	r2, .L29+8
 341 0030 1268     		ldr	r2, [r2]
  86:Core/Src/Joystick.c ****             {
 342              		.loc 1 86 16 view .LVU102
 343 0032 012A     		cmp	r2, #1
 344 0034 03DD     		ble	.L28
 345              	.L22:
  90:Core/Src/Joystick.c ****         }
 346              		.loc 1 90 13 is_stmt 1 view .LVU103
  90:Core/Src/Joystick.c ****         }
 347              		.loc 1 90 19 is_stmt 0 view .LVU104
 348 0036 0C4A     		ldr	r2, .L29+4
 349 0038 0121     		movs	r1, #1
 350 003a 1160     		str	r1, [r2]
 351 003c E4E7     		b	.L21
 352              	.L28:
  88:Core/Src/Joystick.c ****             }
 353              		.loc 1 88 17 is_stmt 1 view .LVU105
  88:Core/Src/Joystick.c ****             }
 354              		.loc 1 88 29 is_stmt 0 view .LVU106
 355 003e 0132     		adds	r2, r2, #1
 356 0040 0A49     		ldr	r1, .L29+8
 357 0042 0A60     		str	r2, [r1]
 358 0044 F7E7     		b	.L22
 359              	.L27:
  96:Core/Src/Joystick.c ****         {
 360              		.loc 1 96 9 is_stmt 1 view .LVU107
  96:Core/Src/Joystick.c ****         {
 361              		.loc 1 96 13 is_stmt 0 view .LVU108
 362 0046 084A     		ldr	r2, .L29+4
 363 0048 1268     		ldr	r2, [r2]
  96:Core/Src/Joystick.c ****         {
 364              		.loc 1 96 12 view .LVU109
 365 004a 002A     		cmp	r2, #0
 366 004c DED1     		bne	.L23
  98:Core/Src/Joystick.c ****             {
 367              		.loc 1 98 13 is_stmt 1 view .LVU110
  98:Core/Src/Joystick.c ****             {
 368              		.loc 1 98 29 is_stmt 0 view .LVU111
 369 004e 074A     		ldr	r2, .L29+8
 370 0050 1268     		ldr	r2, [r2]
  98:Core/Src/Joystick.c ****             {
 371              		.loc 1 98 16 view .LVU112
 372 0052 002A     		cmp	r2, #0
 373 0054 02DD     		ble	.L24
 100:Core/Src/Joystick.c ****             }
 374              		.loc 1 100 17 is_stmt 1 view .LVU113
 100:Core/Src/Joystick.c ****             }
 375              		.loc 1 100 29 is_stmt 0 view .LVU114
 376 0056 013A     		subs	r2, r2, #1
 377 0058 0449     		ldr	r1, .L29+8
 378 005a 0A60     		str	r2, [r1]
 379              	.L24:
 102:Core/Src/Joystick.c ****         }
ARM GAS  /var/folders/w9/l2kswtfn3fs2kslkvv5vg9sh0000gn/T//cc5EbqZa.s 			page 11


 380              		.loc 1 102 13 is_stmt 1 view .LVU115
 102:Core/Src/Joystick.c ****         }
 381              		.loc 1 102 19 is_stmt 0 view .LVU116
 382 005c 024A     		ldr	r2, .L29+4
 383 005e 0121     		movs	r1, #1
 384 0060 1160     		str	r1, [r2]
 385 0062 D3E7     		b	.L23
 386              	.L30:
 387              		.align	2
 388              	.L29:
 389 0064 00000000 		.word	PS2_KEY
 390 0068 00000000 		.word	flagg
 391 006c 00000000 		.word	speed_count
 392 0070 00000000 		.word	Max_speed
 393 0074 00000000 		.word	MAX_Speed
 394              		.cfi_endproc
 395              	.LFE163:
 397              		.section	.text.Joystick_motor_control,"ax",%progbits
 398              		.align	1
 399              		.global	Joystick_motor_control
 400              		.syntax unified
 401              		.thumb
 402              		.thumb_func
 404              	Joystick_motor_control:
 405              	.LFB164:
 113:Core/Src/Joystick.c **** 
 114:Core/Src/Joystick.c **** void Joystick_motor_control(void)
 115:Core/Src/Joystick.c **** {
 406              		.loc 1 115 1 is_stmt 1 view -0
 407              		.cfi_startproc
 408              		@ args = 0, pretend = 0, frame = 0
 409              		@ frame_needed = 0, uses_anonymous_args = 0
 410 0000 08B5     		push	{r3, lr}
 411              	.LCFI1:
 412              		.cfi_def_cfa_offset 8
 413              		.cfi_offset 3, -8
 414              		.cfi_offset 14, -4
 116:Core/Src/Joystick.c ****     PS2_Receive(); // µÄźµöČµēŗµ¤äµĢ░µŹ«
 415              		.loc 1 116 5 view .LVU118
 416 0002 FFF7FEFF 		bl	PS2_Receive
 417              	.LVL8:
 117:Core/Src/Joystick.c ****     Joystick_v_set();
 418              		.loc 1 117 5 view .LVU119
 419 0006 FFF7FEFF 		bl	Joystick_v_set
 420              	.LVL9:
 118:Core/Src/Joystick.c ****     Joystick_motor_start();
 421              		.loc 1 118 5 view .LVU120
 422 000a FFF7FEFF 		bl	Joystick_motor_start
 423              	.LVL10:
 119:Core/Src/Joystick.c **** 
 120:Core/Src/Joystick.c ****     // ÕÅ¬µ£ēÕ£©µēŗµ¤äµÄ¦ÕłČµ©ĪÕ╝ÅõĖömotor_shutdown == 0õĖŗ’╝īµēŹõ╗Äµēŗµ¤äµø┤µ¢░ Vcx ÕÆī Wc
 121:Core/Src/Joystick.c ****     if (control_mode == 0)
 424              		.loc 1 121 5 view .LVU121
 425              		.loc 1 121 22 is_stmt 0 view .LVU122
 426 000e 4B4B     		ldr	r3, .L51
 427 0010 1B68     		ldr	r3, [r3]
 428              		.loc 1 121 8 view .LVU123
ARM GAS  /var/folders/w9/l2kswtfn3fs2kslkvv5vg9sh0000gn/T//cc5EbqZa.s 			page 12


 429 0012 2BB9     		cbnz	r3, .L31
 122:Core/Src/Joystick.c ****     {
 123:Core/Src/Joystick.c ****         if (motor_ready == 1 && motor_shutdown == 0 )
 430              		.loc 1 123 9 is_stmt 1 view .LVU124
 431              		.loc 1 123 25 is_stmt 0 view .LVU125
 432 0014 4A4B     		ldr	r3, .L51+4
 433 0016 1B68     		ldr	r3, [r3]
 434              		.loc 1 123 12 view .LVU126
 435 0018 012B     		cmp	r3, #1
 436 001a 02D0     		beq	.L49
 437              	.L33:
 124:Core/Src/Joystick.c ****         {
 125:Core/Src/Joystick.c ****             // µø┤µ¢░ Vcx
 126:Core/Src/Joystick.c ****             if (PS2_LY <= 128)
 127:Core/Src/Joystick.c ****             {
 128:Core/Src/Joystick.c ****                 Vcx = (float)(MAX_Speed - 0) / (float)(0 - 128) * (PS2_LY - 128);
 129:Core/Src/Joystick.c ****             }
 130:Core/Src/Joystick.c ****             else
 131:Core/Src/Joystick.c ****             {
 132:Core/Src/Joystick.c ****                 Vcx = (float)(MAX_Speed - 0) / (float)(0 - 127) * (PS2_LY - 128);
 133:Core/Src/Joystick.c ****             }
 134:Core/Src/Joystick.c **** 
 135:Core/Src/Joystick.c ****             if (Vcx > MAX_Speed)
 136:Core/Src/Joystick.c ****                 Vcx = MAX_Speed;
 137:Core/Src/Joystick.c ****             if (Vcx < -MAX_Speed)
 138:Core/Src/Joystick.c ****                 Vcx = -MAX_Speed;
 139:Core/Src/Joystick.c ****         }
 140:Core/Src/Joystick.c **** 
 141:Core/Src/Joystick.c ****         if (motor_ready == 1 && motor_shutdown == 0)
 438              		.loc 1 141 9 is_stmt 1 view .LVU127
 439              		.loc 1 141 12 is_stmt 0 view .LVU128
 440 001c 012B     		cmp	r3, #1
 441 001e 46D0     		beq	.L50
 442              	.L31:
 142:Core/Src/Joystick.c ****         {
 143:Core/Src/Joystick.c ****             // µø┤µ¢░ Wc
 144:Core/Src/Joystick.c ****             if (PS2_RX <= 127)
 145:Core/Src/Joystick.c ****             {
 146:Core/Src/Joystick.c ****                 Wc = (float)(MAX_rotate_Speed - 0) / (float)(0 - 127) * (PS2_RX - 127);
 147:Core/Src/Joystick.c ****             }
 148:Core/Src/Joystick.c ****             else if (PS2_RX > 127)
 149:Core/Src/Joystick.c ****             {
 150:Core/Src/Joystick.c ****                 Wc = (float)(MAX_rotate_Speed - 0) / (float)(0 - 128) * (PS2_RX - 127);
 151:Core/Src/Joystick.c ****             }
 152:Core/Src/Joystick.c **** 
 153:Core/Src/Joystick.c ****             if (Wc > MAX_rotate_Speed)
 154:Core/Src/Joystick.c ****                 Wc = MAX_rotate_Speed;
 155:Core/Src/Joystick.c ****             if (Wc < -MAX_rotate_Speed)
 156:Core/Src/Joystick.c ****                 Wc = -MAX_rotate_Speed;  
 157:Core/Src/Joystick.c ****         }
 158:Core/Src/Joystick.c ****     }
 159:Core/Src/Joystick.c **** 
 160:Core/Src/Joystick.c **** }
 443              		.loc 1 160 1 view .LVU129
 444 0020 08BD     		pop	{r3, pc}
 445              	.L49:
 123:Core/Src/Joystick.c ****         {
ARM GAS  /var/folders/w9/l2kswtfn3fs2kslkvv5vg9sh0000gn/T//cc5EbqZa.s 			page 13


 446              		.loc 1 123 48 discriminator 1 view .LVU130
 447 0022 484A     		ldr	r2, .L51+8
 448 0024 1268     		ldr	r2, [r2]
 123:Core/Src/Joystick.c ****         {
 449              		.loc 1 123 30 discriminator 1 view .LVU131
 450 0026 002A     		cmp	r2, #0
 451 0028 F8D1     		bne	.L33
 126:Core/Src/Joystick.c ****             {
 452              		.loc 1 126 13 is_stmt 1 view .LVU132
 126:Core/Src/Joystick.c ****             {
 453              		.loc 1 126 24 is_stmt 0 view .LVU133
 454 002a 474A     		ldr	r2, .L51+12
 455 002c 1268     		ldr	r2, [r2]
 126:Core/Src/Joystick.c ****             {
 456              		.loc 1 126 16 view .LVU134
 457 002e 802A     		cmp	r2, #128
 458 0030 2BDC     		bgt	.L34
 128:Core/Src/Joystick.c ****             }
 459              		.loc 1 128 17 is_stmt 1 view .LVU135
 128:Core/Src/Joystick.c ****             }
 460              		.loc 1 128 46 is_stmt 0 view .LVU136
 461 0032 4649     		ldr	r1, .L51+16
 462 0034 91ED007A 		vldr.32	s14, [r1]
 463 0038 DFED457A 		vldr.32	s15, .L51+20
 464 003c 27EE277A 		vmul.f32	s14, s14, s15
 128:Core/Src/Joystick.c ****             }
 465              		.loc 1 128 75 view .LVU137
 466 0040 803A     		subs	r2, r2, #128
 467 0042 07EE902A 		vmov	s15, r2	@ int
 128:Core/Src/Joystick.c ****             }
 468              		.loc 1 128 65 view .LVU138
 469 0046 F8EEE77A 		vcvt.f32.s32	s15, s15
 470 004a 67EE877A 		vmul.f32	s15, s15, s14
 128:Core/Src/Joystick.c ****             }
 471              		.loc 1 128 21 view .LVU139
 472 004e 414A     		ldr	r2, .L51+24
 473 0050 C2ED007A 		vstr.32	s15, [r2]
 474              	.L35:
 135:Core/Src/Joystick.c ****                 Vcx = MAX_Speed;
 475              		.loc 1 135 13 is_stmt 1 view .LVU140
 135:Core/Src/Joystick.c ****                 Vcx = MAX_Speed;
 476              		.loc 1 135 21 is_stmt 0 view .LVU141
 477 0054 3F4A     		ldr	r2, .L51+24
 478 0056 92ED007A 		vldr.32	s14, [r2]
 479 005a 3C4A     		ldr	r2, .L51+16
 480 005c D2ED007A 		vldr.32	s15, [r2]
 135:Core/Src/Joystick.c ****                 Vcx = MAX_Speed;
 481              		.loc 1 135 16 view .LVU142
 482 0060 B4EEE77A 		vcmpe.f32	s14, s15
 483 0064 F1EE10FA 		vmrs	APSR_nzcv, FPSCR
 484 0068 02DD     		ble	.L36
 136:Core/Src/Joystick.c ****             if (Vcx < -MAX_Speed)
 485              		.loc 1 136 17 is_stmt 1 view .LVU143
 136:Core/Src/Joystick.c ****             if (Vcx < -MAX_Speed)
 486              		.loc 1 136 21 is_stmt 0 view .LVU144
 487 006a 3A4A     		ldr	r2, .L51+24
 488 006c C2ED007A 		vstr.32	s15, [r2]
ARM GAS  /var/folders/w9/l2kswtfn3fs2kslkvv5vg9sh0000gn/T//cc5EbqZa.s 			page 14


 489              	.L36:
 137:Core/Src/Joystick.c ****                 Vcx = -MAX_Speed;
 490              		.loc 1 137 13 is_stmt 1 view .LVU145
 137:Core/Src/Joystick.c ****                 Vcx = -MAX_Speed;
 491              		.loc 1 137 23 is_stmt 0 view .LVU146
 492 0070 F1EE677A 		vneg.f32	s15, s15
 137:Core/Src/Joystick.c ****                 Vcx = -MAX_Speed;
 493              		.loc 1 137 21 view .LVU147
 494 0074 374A     		ldr	r2, .L51+24
 495 0076 92ED007A 		vldr.32	s14, [r2]
 137:Core/Src/Joystick.c ****                 Vcx = -MAX_Speed;
 496              		.loc 1 137 16 view .LVU148
 497 007a F4EEC77A 		vcmpe.f32	s15, s14
 498 007e F1EE10FA 		vmrs	APSR_nzcv, FPSCR
 499 0082 CBDD     		ble	.L33
 138:Core/Src/Joystick.c ****         }
 500              		.loc 1 138 17 is_stmt 1 view .LVU149
 138:Core/Src/Joystick.c ****         }
 501              		.loc 1 138 21 is_stmt 0 view .LVU150
 502 0084 C2ED007A 		vstr.32	s15, [r2]
 503 0088 C8E7     		b	.L33
 504              	.L34:
 132:Core/Src/Joystick.c ****             }
 505              		.loc 1 132 17 is_stmt 1 view .LVU151
 132:Core/Src/Joystick.c ****             }
 506              		.loc 1 132 46 is_stmt 0 view .LVU152
 507 008a 3049     		ldr	r1, .L51+16
 508 008c D1ED006A 		vldr.32	s13, [r1]
 509 0090 DFED317A 		vldr.32	s15, .L51+28
 510 0094 86EEA77A 		vdiv.f32	s14, s13, s15
 132:Core/Src/Joystick.c ****             }
 511              		.loc 1 132 75 view .LVU153
 512 0098 803A     		subs	r2, r2, #128
 513 009a 07EE902A 		vmov	s15, r2	@ int
 132:Core/Src/Joystick.c ****             }
 514              		.loc 1 132 65 view .LVU154
 515 009e F8EEE77A 		vcvt.f32.s32	s15, s15
 516 00a2 67EE877A 		vmul.f32	s15, s15, s14
 132:Core/Src/Joystick.c ****             }
 517              		.loc 1 132 21 view .LVU155
 518 00a6 2B4A     		ldr	r2, .L51+24
 519 00a8 C2ED007A 		vstr.32	s15, [r2]
 520 00ac D2E7     		b	.L35
 521              	.L50:
 141:Core/Src/Joystick.c ****         {
 522              		.loc 1 141 48 discriminator 1 view .LVU156
 523 00ae 254B     		ldr	r3, .L51+8
 524 00b0 1B68     		ldr	r3, [r3]
 141:Core/Src/Joystick.c ****         {
 525              		.loc 1 141 30 discriminator 1 view .LVU157
 526 00b2 002B     		cmp	r3, #0
 527 00b4 B4D1     		bne	.L31
 144:Core/Src/Joystick.c ****             {
 528              		.loc 1 144 13 is_stmt 1 view .LVU158
 144:Core/Src/Joystick.c ****             {
 529              		.loc 1 144 24 is_stmt 0 view .LVU159
 530 00b6 294B     		ldr	r3, .L51+32
ARM GAS  /var/folders/w9/l2kswtfn3fs2kslkvv5vg9sh0000gn/T//cc5EbqZa.s 			page 15


 531 00b8 1B68     		ldr	r3, [r3]
 144:Core/Src/Joystick.c ****             {
 532              		.loc 1 144 16 view .LVU160
 533 00ba 7F2B     		cmp	r3, #127
 534 00bc 2BDC     		bgt	.L39
 146:Core/Src/Joystick.c ****             }
 535              		.loc 1 146 17 is_stmt 1 view .LVU161
 146:Core/Src/Joystick.c ****             }
 536              		.loc 1 146 52 is_stmt 0 view .LVU162
 537 00be 284A     		ldr	r2, .L51+36
 538 00c0 D2ED006A 		vldr.32	s13, [r2]
 539 00c4 DFED247A 		vldr.32	s15, .L51+28
 540 00c8 86EEA77A 		vdiv.f32	s14, s13, s15
 146:Core/Src/Joystick.c ****             }
 541              		.loc 1 146 81 view .LVU163
 542 00cc 7F3B     		subs	r3, r3, #127
 543 00ce 07EE903A 		vmov	s15, r3	@ int
 146:Core/Src/Joystick.c ****             }
 544              		.loc 1 146 71 view .LVU164
 545 00d2 F8EEE77A 		vcvt.f32.s32	s15, s15
 546 00d6 67EE877A 		vmul.f32	s15, s15, s14
 146:Core/Src/Joystick.c ****             }
 547              		.loc 1 146 20 view .LVU165
 548 00da 224B     		ldr	r3, .L51+40
 549 00dc C3ED007A 		vstr.32	s15, [r3]
 550              	.L40:
 153:Core/Src/Joystick.c ****                 Wc = MAX_rotate_Speed;
 551              		.loc 1 153 13 is_stmt 1 view .LVU166
 153:Core/Src/Joystick.c ****                 Wc = MAX_rotate_Speed;
 552              		.loc 1 153 20 is_stmt 0 view .LVU167
 553 00e0 204B     		ldr	r3, .L51+40
 554 00e2 93ED007A 		vldr.32	s14, [r3]
 555 00e6 1E4B     		ldr	r3, .L51+36
 556 00e8 D3ED007A 		vldr.32	s15, [r3]
 153:Core/Src/Joystick.c ****                 Wc = MAX_rotate_Speed;
 557              		.loc 1 153 16 view .LVU168
 558 00ec B4EEE77A 		vcmpe.f32	s14, s15
 559 00f0 F1EE10FA 		vmrs	APSR_nzcv, FPSCR
 560 00f4 02DD     		ble	.L41
 154:Core/Src/Joystick.c ****             if (Wc < -MAX_rotate_Speed)
 561              		.loc 1 154 17 is_stmt 1 view .LVU169
 154:Core/Src/Joystick.c ****             if (Wc < -MAX_rotate_Speed)
 562              		.loc 1 154 20 is_stmt 0 view .LVU170
 563 00f6 1B4B     		ldr	r3, .L51+40
 564 00f8 C3ED007A 		vstr.32	s15, [r3]
 565              	.L41:
 155:Core/Src/Joystick.c ****                 Wc = -MAX_rotate_Speed;  
 566              		.loc 1 155 13 is_stmt 1 view .LVU171
 155:Core/Src/Joystick.c ****                 Wc = -MAX_rotate_Speed;  
 567              		.loc 1 155 22 is_stmt 0 view .LVU172
 568 00fc F1EE677A 		vneg.f32	s15, s15
 155:Core/Src/Joystick.c ****                 Wc = -MAX_rotate_Speed;  
 569              		.loc 1 155 20 view .LVU173
 570 0100 184B     		ldr	r3, .L51+40
 571 0102 93ED007A 		vldr.32	s14, [r3]
 155:Core/Src/Joystick.c ****                 Wc = -MAX_rotate_Speed;  
 572              		.loc 1 155 16 view .LVU174
ARM GAS  /var/folders/w9/l2kswtfn3fs2kslkvv5vg9sh0000gn/T//cc5EbqZa.s 			page 16


 573 0106 F4EEC77A 		vcmpe.f32	s15, s14
 574 010a F1EE10FA 		vmrs	APSR_nzcv, FPSCR
 575 010e 87DD     		ble	.L31
 156:Core/Src/Joystick.c ****         }
 576              		.loc 1 156 17 is_stmt 1 view .LVU175
 156:Core/Src/Joystick.c ****         }
 577              		.loc 1 156 20 is_stmt 0 view .LVU176
 578 0110 C3ED007A 		vstr.32	s15, [r3]
 579              		.loc 1 160 1 view .LVU177
 580 0114 84E7     		b	.L31
 581              	.L39:
 148:Core/Src/Joystick.c ****             {
 582              		.loc 1 148 18 is_stmt 1 view .LVU178
 150:Core/Src/Joystick.c ****             }
 583              		.loc 1 150 17 view .LVU179
 150:Core/Src/Joystick.c ****             }
 584              		.loc 1 150 52 is_stmt 0 view .LVU180
 585 0116 124A     		ldr	r2, .L51+36
 586 0118 92ED007A 		vldr.32	s14, [r2]
 587 011c DFED0C7A 		vldr.32	s15, .L51+20
 588 0120 27EE277A 		vmul.f32	s14, s14, s15
 150:Core/Src/Joystick.c ****             }
 589              		.loc 1 150 81 view .LVU181
 590 0124 7F3B     		subs	r3, r3, #127
 591 0126 07EE903A 		vmov	s15, r3	@ int
 150:Core/Src/Joystick.c ****             }
 592              		.loc 1 150 71 view .LVU182
 593 012a F8EEE77A 		vcvt.f32.s32	s15, s15
 594 012e 67EE877A 		vmul.f32	s15, s15, s14
 150:Core/Src/Joystick.c ****             }
 595              		.loc 1 150 20 view .LVU183
 596 0132 0C4B     		ldr	r3, .L51+40
 597 0134 C3ED007A 		vstr.32	s15, [r3]
 598 0138 D2E7     		b	.L40
 599              	.L52:
 600 013a 00BF     		.align	2
 601              	.L51:
 602 013c 00000000 		.word	control_mode
 603 0140 00000000 		.word	motor_ready
 604 0144 00000000 		.word	motor_shutdown
 605 0148 00000000 		.word	PS2_LY
 606 014c 00000000 		.word	MAX_Speed
 607 0150 000000BC 		.word	-1140850688
 608 0154 00000000 		.word	Vcx
 609 0158 0000FEC2 		.word	-1023541248
 610 015c 00000000 		.word	PS2_RX
 611 0160 00000000 		.word	MAX_rotate_Speed
 612 0164 00000000 		.word	Wc
 613              		.cfi_endproc
 614              	.LFE164:
 616              		.global	flagg
 617              		.section	.bss.flagg,"aw",%nobits
 618              		.align	2
 621              	flagg:
 622 0000 00000000 		.space	4
 623              		.global	MAX_Speed
 624              		.section	.bss.MAX_Speed,"aw",%nobits
ARM GAS  /var/folders/w9/l2kswtfn3fs2kslkvv5vg9sh0000gn/T//cc5EbqZa.s 			page 17


 625              		.align	2
 628              	MAX_Speed:
 629 0000 00000000 		.space	4
 630              		.global	speed_count
 631              		.section	.bss.speed_count,"aw",%nobits
 632              		.align	2
 635              	speed_count:
 636 0000 00000000 		.space	4
 637              		.global	Max_speed
 638              		.section	.data.Max_speed,"aw"
 639              		.align	2
 642              	Max_speed:
 643 0000 0000003F 		.word	1056964608
 644 0004 0000803F 		.word	1065353216
 645 0008 00000040 		.word	1073741824
 646              		.global	MAX_rotate_Speed
 647              		.section	.data.MAX_rotate_Speed,"aw"
 648              		.align	2
 651              	MAX_rotate_Speed:
 652 0000 0000803F 		.word	1065353216
 653              		.text
 654              	.Letext0:
 655              		.file 2 "/opt/ST/STM32CubeCLT_1.21.0/GNU-tools-for-STM32/arm-none-eabi/include/machine/_default_ty
 656              		.file 3 "/opt/ST/STM32CubeCLT_1.21.0/GNU-tools-for-STM32/arm-none-eabi/include/sys/_stdint.h"
 657              		.file 4 "Core/Inc/ps2.h"
 658              		.file 5 "Core/Inc/pid.h"
 659              		.file 6 "Core/Inc/Motor_Speed_pid.h"
 660              		.file 7 "Core/Inc/Joystick.h"
 661              		.file 8 "Core/Inc/led.h"
ARM GAS  /var/folders/w9/l2kswtfn3fs2kslkvv5vg9sh0000gn/T//cc5EbqZa.s 			page 18


DEFINED SYMBOLS
                            *ABS*:00000000 Joystick.c
/var/folders/w9/l2kswtfn3fs2kslkvv5vg9sh0000gn/T//cc5EbqZa.s:21     .text.Joystick_motor_start:00000000 $t
/var/folders/w9/l2kswtfn3fs2kslkvv5vg9sh0000gn/T//cc5EbqZa.s:27     .text.Joystick_motor_start:00000000 Joystick_motor_start
/var/folders/w9/l2kswtfn3fs2kslkvv5vg9sh0000gn/T//cc5EbqZa.s:267    .text.Joystick_motor_start:000000fc $d
/var/folders/w9/l2kswtfn3fs2kslkvv5vg9sh0000gn/T//cc5EbqZa.s:283    .text.Joystick_v_set:00000000 $t
/var/folders/w9/l2kswtfn3fs2kslkvv5vg9sh0000gn/T//cc5EbqZa.s:289    .text.Joystick_v_set:00000000 Joystick_v_set
/var/folders/w9/l2kswtfn3fs2kslkvv5vg9sh0000gn/T//cc5EbqZa.s:389    .text.Joystick_v_set:00000064 $d
/var/folders/w9/l2kswtfn3fs2kslkvv5vg9sh0000gn/T//cc5EbqZa.s:621    .bss.flagg:00000000 flagg
/var/folders/w9/l2kswtfn3fs2kslkvv5vg9sh0000gn/T//cc5EbqZa.s:635    .bss.speed_count:00000000 speed_count
/var/folders/w9/l2kswtfn3fs2kslkvv5vg9sh0000gn/T//cc5EbqZa.s:642    .data.Max_speed:00000000 Max_speed
/var/folders/w9/l2kswtfn3fs2kslkvv5vg9sh0000gn/T//cc5EbqZa.s:628    .bss.MAX_Speed:00000000 MAX_Speed
/var/folders/w9/l2kswtfn3fs2kslkvv5vg9sh0000gn/T//cc5EbqZa.s:398    .text.Joystick_motor_control:00000000 $t
/var/folders/w9/l2kswtfn3fs2kslkvv5vg9sh0000gn/T//cc5EbqZa.s:404    .text.Joystick_motor_control:00000000 Joystick_motor_control
/var/folders/w9/l2kswtfn3fs2kslkvv5vg9sh0000gn/T//cc5EbqZa.s:602    .text.Joystick_motor_control:0000013c $d
/var/folders/w9/l2kswtfn3fs2kslkvv5vg9sh0000gn/T//cc5EbqZa.s:651    .data.MAX_rotate_Speed:00000000 MAX_rotate_Speed
/var/folders/w9/l2kswtfn3fs2kslkvv5vg9sh0000gn/T//cc5EbqZa.s:618    .bss.flagg:00000000 $d
/var/folders/w9/l2kswtfn3fs2kslkvv5vg9sh0000gn/T//cc5EbqZa.s:625    .bss.MAX_Speed:00000000 $d
/var/folders/w9/l2kswtfn3fs2kslkvv5vg9sh0000gn/T//cc5EbqZa.s:632    .bss.speed_count:00000000 $d
/var/folders/w9/l2kswtfn3fs2kslkvv5vg9sh0000gn/T//cc5EbqZa.s:639    .data.Max_speed:00000000 $d
/var/folders/w9/l2kswtfn3fs2kslkvv5vg9sh0000gn/T//cc5EbqZa.s:648    .data.MAX_rotate_Speed:00000000 $d

UNDEFINED SYMBOLS
led_blue_blink
led_red_blink
led_green_start
led_red_start
led_pink_start
PS2_KEY
PS2_LY
control_mode
PS2_RX
motor_shutdown
motor_ready
free_flag
PS2_LX
PS2_RY
Vcx
Wc
motor_pid
PS2_Receive
