ARM GAS  /var/folders/w9/l2kswtfn3fs2kslkvv5vg9sh0000gn/T//cc3TAxYS.s 			page 1


   1              		.cpu cortex-m4
   2              		.arch armv7e-m
   3              		.fpu fpv4-sp-d16
   4              		.eabi_attribute 27, 1
   5              		.eabi_attribute 28, 1
   6              		.eabi_attribute 20, 1
   7              		.eabi_attribute 21, 1
   8              		.eabi_attribute 23, 3
   9              		.eabi_attribute 24, 1
  10              		.eabi_attribute 25, 1
  11              		.eabi_attribute 26, 1
  12              		.eabi_attribute 30, 1
  13              		.eabi_attribute 34, 1
  14              		.eabi_attribute 18, 4
  15              		.file	"user_delay.c"
  16              		.text
  17              	.Ltext0:
  18              		.cfi_sections	.debug_frame
  19              		.file 1 "Core/Src/user_delay.c"
  20              		.section	.text.HAL_Delay_us,"ax",%progbits
  21              		.align	1
  22              		.global	HAL_Delay_us
  23              		.syntax unified
  24              		.thumb
  25              		.thumb_func
  27              	HAL_Delay_us:
  28              	.LVL0:
  29              	.LFB162:
   1:Core/Src/user_delay.c **** //user_delay.c
   2:Core/Src/user_delay.c **** //2023.10.20
   3:Core/Src/user_delay.c **** //by gjx
   4:Core/Src/user_delay.c **** 
   5:Core/Src/user_delay.c **** #include "user_delay.h"
   6:Core/Src/user_delay.c **** 
   7:Core/Src/user_delay.c **** void HAL_Delay_us(uint32_t us)
   8:Core/Src/user_delay.c **** {       
  30              		.loc 1 8 1 view -0
  31              		.cfi_startproc
  32              		@ args = 0, pretend = 0, frame = 0
  33              		@ frame_needed = 0, uses_anonymous_args = 0
  34              		.loc 1 8 1 is_stmt 0 view .LVU1
  35 0000 10B5     		push	{r4, lr}
  36              	.LCFI0:
  37              		.cfi_def_cfa_offset 8
  38              		.cfi_offset 4, -8
  39              		.cfi_offset 14, -4
  40 0002 0446     		mov	r4, r0
   9:Core/Src/user_delay.c ****     HAL_SYSTICK_Config(HAL_RCC_GetHCLKFreq()/1000000);
  41              		.loc 1 9 5 is_stmt 1 view .LVU2
  42              		.loc 1 9 24 is_stmt 0 view .LVU3
  43 0004 FFF7FEFF 		bl	HAL_RCC_GetHCLKFreq
  44              	.LVL1:
  45              		.loc 1 9 45 discriminator 1 view .LVU4
  46 0008 084A     		ldr	r2, .L3
  47 000a A2FB0020 		umull	r2, r0, r2, r0
  48              		.loc 1 9 5 discriminator 1 view .LVU5
  49 000e 800C     		lsrs	r0, r0, #18
ARM GAS  /var/folders/w9/l2kswtfn3fs2kslkvv5vg9sh0000gn/T//cc3TAxYS.s 			page 2


  50 0010 FFF7FEFF 		bl	HAL_SYSTICK_Config
  51              	.LVL2:
  10:Core/Src/user_delay.c ****     HAL_Delay(us-1);
  52              		.loc 1 10 5 is_stmt 1 view .LVU6
  53 0014 601E     		subs	r0, r4, #1
  54 0016 FFF7FEFF 		bl	HAL_Delay
  55              	.LVL3:
  11:Core/Src/user_delay.c ****     HAL_SYSTICK_Config(HAL_RCC_GetHCLKFreq()/1000);
  56              		.loc 1 11 5 view .LVU7
  57              		.loc 1 11 24 is_stmt 0 view .LVU8
  58 001a FFF7FEFF 		bl	HAL_RCC_GetHCLKFreq
  59              	.LVL4:
  60              		.loc 1 11 45 discriminator 1 view .LVU9
  61 001e 044B     		ldr	r3, .L3+4
  62 0020 A3FB0030 		umull	r3, r0, r3, r0
  63              		.loc 1 11 5 discriminator 1 view .LVU10
  64 0024 8009     		lsrs	r0, r0, #6
  65 0026 FFF7FEFF 		bl	HAL_SYSTICK_Config
  66              	.LVL5:
  12:Core/Src/user_delay.c **** }
  67              		.loc 1 12 1 view .LVU11
  68 002a 10BD     		pop	{r4, pc}
  69              	.LVL6:
  70              	.L4:
  71              		.loc 1 12 1 view .LVU12
  72              		.align	2
  73              	.L3:
  74 002c 83DE1B43 		.word	1125899907
  75 0030 D34D6210 		.word	274877907
  76              		.cfi_endproc
  77              	.LFE162:
  79              		.text
  80              	.Letext0:
  81              		.file 2 "/opt/ST/STM32CubeCLT_1.21.0/GNU-tools-for-STM32/arm-none-eabi/include/machine/_default_ty
  82              		.file 3 "/opt/ST/STM32CubeCLT_1.21.0/GNU-tools-for-STM32/arm-none-eabi/include/sys/_stdint.h"
  83              		.file 4 "Drivers/STM32F4xx_HAL_Driver/Inc/stm32f4xx_hal.h"
  84              		.file 5 "Drivers/STM32F4xx_HAL_Driver/Inc/stm32f4xx_hal_cortex.h"
  85              		.file 6 "Drivers/STM32F4xx_HAL_Driver/Inc/stm32f4xx_hal_rcc.h"
ARM GAS  /var/folders/w9/l2kswtfn3fs2kslkvv5vg9sh0000gn/T//cc3TAxYS.s 			page 3


DEFINED SYMBOLS
                            *ABS*:00000000 user_delay.c
/var/folders/w9/l2kswtfn3fs2kslkvv5vg9sh0000gn/T//cc3TAxYS.s:21     .text.HAL_Delay_us:00000000 $t
/var/folders/w9/l2kswtfn3fs2kslkvv5vg9sh0000gn/T//cc3TAxYS.s:27     .text.HAL_Delay_us:00000000 HAL_Delay_us
/var/folders/w9/l2kswtfn3fs2kslkvv5vg9sh0000gn/T//cc3TAxYS.s:74     .text.HAL_Delay_us:0000002c $d

UNDEFINED SYMBOLS
HAL_RCC_GetHCLKFreq
HAL_SYSTICK_Config
HAL_Delay
